2025-01-13 18:25:55,186 - INFO - Log file created at log/optimizer/stl10_lr0.001_sgd_wm1_20250113-182555.log
2025-01-13 18:25:55,237 - INFO - Using device cuda:3
2025-01-13 18:26:12,333 - INFO - Epoch 0 - Train Loss: 2.3284, Accuracy: 0.1094, Precision: 0.1092, Recall: 0.1094, F1-Score: 0.1082
2025-01-13 18:26:14,670 - INFO - Epoch 0 - Eval Loss: 2.3229, Accuracy: 0.1000, Precision: 0.0100, Recall: 0.1000, F1-Score: 0.0182
2025-01-13 18:26:18,977 - INFO - Epoch 1 - Train Loss: 2.2396, Accuracy: 0.1646, Precision: 0.1644, Recall: 0.1646, F1-Score: 0.1593
2025-01-13 18:26:21,379 - INFO - Epoch 1 - Eval Loss: 2.3549, Accuracy: 0.1036, Precision: 0.0369, Recall: 0.1036, F1-Score: 0.0310
2025-01-13 18:26:25,694 - INFO - Epoch 2 - Train Loss: 2.1815, Accuracy: 0.1824, Precision: 0.1802, Recall: 0.1824, F1-Score: 0.1706
2025-01-13 18:26:27,990 - INFO - Epoch 2 - Eval Loss: 2.4694, Accuracy: 0.1077, Precision: 0.1190, Recall: 0.1078, F1-Score: 0.0515
2025-01-13 18:26:32,362 - INFO - Epoch 3 - Train Loss: 2.0881, Accuracy: 0.2290, Precision: 0.2270, Recall: 0.2290, F1-Score: 0.2160
2025-01-13 18:26:34,673 - INFO - Epoch 3 - Eval Loss: 2.2159, Accuracy: 0.1872, Precision: 0.2486, Recall: 0.1872, F1-Score: 0.1244
2025-01-13 18:26:39,003 - INFO - Epoch 4 - Train Loss: 2.0087, Accuracy: 0.2386, Precision: 0.2280, Recall: 0.2386, F1-Score: 0.2224
2025-01-13 18:26:41,478 - INFO - Epoch 4 - Eval Loss: 1.9468, Accuracy: 0.2514, Precision: 0.2677, Recall: 0.2514, F1-Score: 0.2199
2025-01-13 18:26:45,877 - INFO - Epoch 5 - Train Loss: 1.9147, Accuracy: 0.2758, Precision: 0.2622, Recall: 0.2758, F1-Score: 0.2565
2025-01-13 18:26:48,339 - INFO - Epoch 5 - Eval Loss: 1.8326, Accuracy: 0.2931, Precision: 0.2877, Recall: 0.2931, F1-Score: 0.2691
2025-01-13 18:26:52,689 - INFO - Epoch 6 - Train Loss: 1.8574, Accuracy: 0.2934, Precision: 0.2800, Recall: 0.2934, F1-Score: 0.2757
2025-01-13 18:26:54,910 - INFO - Epoch 6 - Eval Loss: 1.7677, Accuracy: 0.3201, Precision: 0.3088, Recall: 0.3201, F1-Score: 0.2998
2025-01-13 18:26:59,254 - INFO - Epoch 7 - Train Loss: 1.7957, Accuracy: 0.3066, Precision: 0.2928, Recall: 0.3066, F1-Score: 0.2862
2025-01-13 18:27:01,585 - INFO - Epoch 7 - Eval Loss: 1.7191, Accuracy: 0.3352, Precision: 0.3270, Recall: 0.3352, F1-Score: 0.3151
2025-01-13 18:27:05,876 - INFO - Epoch 8 - Train Loss: 1.7419, Accuracy: 0.3174, Precision: 0.3091, Recall: 0.3174, F1-Score: 0.3008
2025-01-13 18:27:08,297 - INFO - Epoch 8 - Eval Loss: 1.6856, Accuracy: 0.3469, Precision: 0.3391, Recall: 0.3469, F1-Score: 0.3302
2025-01-13 18:27:12,609 - INFO - Epoch 9 - Train Loss: 1.7023, Accuracy: 0.3364, Precision: 0.3249, Recall: 0.3364, F1-Score: 0.3198
2025-01-13 18:27:14,971 - INFO - Epoch 9 - Eval Loss: 1.6553, Accuracy: 0.3521, Precision: 0.3472, Recall: 0.3521, F1-Score: 0.3358
2025-01-13 18:27:19,289 - INFO - Epoch 10 - Train Loss: 1.6742, Accuracy: 0.3458, Precision: 0.3385, Recall: 0.3458, F1-Score: 0.3284
2025-01-13 18:27:21,606 - INFO - Epoch 10 - Eval Loss: 1.6271, Accuracy: 0.3580, Precision: 0.3528, Recall: 0.3580, F1-Score: 0.3404
2025-01-13 18:27:26,016 - INFO - Epoch 11 - Train Loss: 1.6530, Accuracy: 0.3524, Precision: 0.3483, Recall: 0.3524, F1-Score: 0.3396
2025-01-13 18:27:28,358 - INFO - Epoch 11 - Eval Loss: 1.6108, Accuracy: 0.3641, Precision: 0.3586, Recall: 0.3641, F1-Score: 0.3512
2025-01-13 18:27:32,705 - INFO - Epoch 12 - Train Loss: 1.6343, Accuracy: 0.3552, Precision: 0.3537, Recall: 0.3552, F1-Score: 0.3436
2025-01-13 18:27:35,082 - INFO - Epoch 12 - Eval Loss: 1.5865, Accuracy: 0.3700, Precision: 0.3654, Recall: 0.3700, F1-Score: 0.3564
2025-01-13 18:27:39,364 - INFO - Epoch 13 - Train Loss: 1.6096, Accuracy: 0.3684, Precision: 0.3620, Recall: 0.3684, F1-Score: 0.3566
2025-01-13 18:27:41,559 - INFO - Epoch 13 - Eval Loss: 1.5708, Accuracy: 0.3812, Precision: 0.3755, Recall: 0.3812, F1-Score: 0.3685
2025-01-13 18:27:45,870 - INFO - Epoch 14 - Train Loss: 1.5896, Accuracy: 0.3832, Precision: 0.3802, Recall: 0.3832, F1-Score: 0.3732
2025-01-13 18:27:48,157 - INFO - Epoch 14 - Eval Loss: 1.5575, Accuracy: 0.3862, Precision: 0.3804, Recall: 0.3862, F1-Score: 0.3749
2025-01-13 18:27:52,418 - INFO - Epoch 15 - Train Loss: 1.5854, Accuracy: 0.3756, Precision: 0.3697, Recall: 0.3756, F1-Score: 0.3661
2025-01-13 18:27:54,801 - INFO - Epoch 15 - Eval Loss: 1.5454, Accuracy: 0.3886, Precision: 0.3854, Recall: 0.3886, F1-Score: 0.3786
2025-01-13 18:27:59,129 - INFO - Epoch 16 - Train Loss: 1.5551, Accuracy: 0.3904, Precision: 0.3864, Recall: 0.3904, F1-Score: 0.3825
2025-01-13 18:28:01,522 - INFO - Epoch 16 - Eval Loss: 1.5332, Accuracy: 0.3955, Precision: 0.3895, Recall: 0.3955, F1-Score: 0.3829
2025-01-13 18:28:05,917 - INFO - Epoch 17 - Train Loss: 1.5482, Accuracy: 0.3888, Precision: 0.3818, Recall: 0.3888, F1-Score: 0.3764
2025-01-13 18:28:08,205 - INFO - Epoch 17 - Eval Loss: 1.5175, Accuracy: 0.4001, Precision: 0.3962, Recall: 0.4001, F1-Score: 0.3866
2025-01-13 18:28:12,588 - INFO - Epoch 18 - Train Loss: 1.5369, Accuracy: 0.3962, Precision: 0.3878, Recall: 0.3962, F1-Score: 0.3857
2025-01-13 18:28:14,837 - INFO - Epoch 18 - Eval Loss: 1.5043, Accuracy: 0.4106, Precision: 0.4030, Recall: 0.4106, F1-Score: 0.3993
2025-01-13 18:28:19,090 - INFO - Epoch 19 - Train Loss: 1.5320, Accuracy: 0.3998, Precision: 0.3946, Recall: 0.3998, F1-Score: 0.3919
2025-01-13 18:28:21,463 - INFO - Epoch 19 - Eval Loss: 1.4934, Accuracy: 0.4180, Precision: 0.4109, Recall: 0.4180, F1-Score: 0.4049
2025-01-13 18:28:25,741 - INFO - Epoch 20 - Train Loss: 1.5160, Accuracy: 0.4122, Precision: 0.4052, Recall: 0.4122, F1-Score: 0.4021
2025-01-13 18:28:27,996 - INFO - Epoch 20 - Eval Loss: 1.4847, Accuracy: 0.4210, Precision: 0.4155, Recall: 0.4210, F1-Score: 0.4105
2025-01-13 18:28:32,345 - INFO - Epoch 21 - Train Loss: 1.5039, Accuracy: 0.4154, Precision: 0.4095, Recall: 0.4154, F1-Score: 0.4082
2025-01-13 18:28:34,783 - INFO - Epoch 21 - Eval Loss: 1.4777, Accuracy: 0.4259, Precision: 0.4195, Recall: 0.4259, F1-Score: 0.4158
2025-01-13 18:28:39,028 - INFO - Epoch 22 - Train Loss: 1.5015, Accuracy: 0.4182, Precision: 0.4104, Recall: 0.4182, F1-Score: 0.4102
2025-01-13 18:28:41,346 - INFO - Epoch 22 - Eval Loss: 1.4678, Accuracy: 0.4281, Precision: 0.4205, Recall: 0.4281, F1-Score: 0.4168
2025-01-13 18:28:45,678 - INFO - Epoch 23 - Train Loss: 1.4802, Accuracy: 0.4374, Precision: 0.4307, Recall: 0.4374, F1-Score: 0.4283
2025-01-13 18:28:47,997 - INFO - Epoch 23 - Eval Loss: 1.4576, Accuracy: 0.4363, Precision: 0.4314, Recall: 0.4362, F1-Score: 0.4245
2025-01-13 18:28:52,292 - INFO - Epoch 24 - Train Loss: 1.4706, Accuracy: 0.4276, Precision: 0.4189, Recall: 0.4276, F1-Score: 0.4181
2025-01-13 18:28:54,626 - INFO - Epoch 24 - Eval Loss: 1.4495, Accuracy: 0.4407, Precision: 0.4347, Recall: 0.4407, F1-Score: 0.4298
2025-01-13 18:28:58,994 - INFO - Epoch 25 - Train Loss: 1.4661, Accuracy: 0.4316, Precision: 0.4241, Recall: 0.4316, F1-Score: 0.4229
2025-01-13 18:29:01,498 - INFO - Epoch 25 - Eval Loss: 1.4372, Accuracy: 0.4459, Precision: 0.4393, Recall: 0.4459, F1-Score: 0.4362
2025-01-13 18:29:05,839 - INFO - Epoch 26 - Train Loss: 1.4479, Accuracy: 0.4496, Precision: 0.4421, Recall: 0.4496, F1-Score: 0.4419
2025-01-13 18:29:08,132 - INFO - Epoch 26 - Eval Loss: 1.4302, Accuracy: 0.4454, Precision: 0.4397, Recall: 0.4454, F1-Score: 0.4339
2025-01-13 18:29:12,537 - INFO - Epoch 27 - Train Loss: 1.4344, Accuracy: 0.4452, Precision: 0.4388, Recall: 0.4452, F1-Score: 0.4360
2025-01-13 18:29:14,849 - INFO - Epoch 27 - Eval Loss: 1.4249, Accuracy: 0.4491, Precision: 0.4444, Recall: 0.4491, F1-Score: 0.4349
2025-01-13 18:29:19,256 - INFO - Epoch 28 - Train Loss: 1.4359, Accuracy: 0.4530, Precision: 0.4467, Recall: 0.4530, F1-Score: 0.4442
2025-01-13 18:29:21,759 - INFO - Epoch 28 - Eval Loss: 1.4128, Accuracy: 0.4567, Precision: 0.4528, Recall: 0.4567, F1-Score: 0.4486
2025-01-13 18:29:26,031 - INFO - Epoch 29 - Train Loss: 1.4190, Accuracy: 0.4576, Precision: 0.4498, Recall: 0.4576, F1-Score: 0.4498
2025-01-13 18:29:28,238 - INFO - Epoch 29 - Eval Loss: 1.4059, Accuracy: 0.4597, Precision: 0.4522, Recall: 0.4597, F1-Score: 0.4492
2025-01-13 18:29:32,609 - INFO - Epoch 30 - Train Loss: 1.4056, Accuracy: 0.4598, Precision: 0.4523, Recall: 0.4598, F1-Score: 0.4506
2025-01-13 18:29:34,966 - INFO - Epoch 30 - Eval Loss: 1.3975, Accuracy: 0.4610, Precision: 0.4564, Recall: 0.4610, F1-Score: 0.4474
2025-01-13 18:29:39,343 - INFO - Epoch 31 - Train Loss: 1.4084, Accuracy: 0.4582, Precision: 0.4530, Recall: 0.4582, F1-Score: 0.4492
2025-01-13 18:29:41,578 - INFO - Epoch 31 - Eval Loss: 1.3949, Accuracy: 0.4625, Precision: 0.4586, Recall: 0.4625, F1-Score: 0.4512
2025-01-13 18:29:45,958 - INFO - Epoch 32 - Train Loss: 1.3924, Accuracy: 0.4690, Precision: 0.4635, Recall: 0.4690, F1-Score: 0.4601
2025-01-13 18:29:48,317 - INFO - Epoch 32 - Eval Loss: 1.3848, Accuracy: 0.4685, Precision: 0.4629, Recall: 0.4685, F1-Score: 0.4588
2025-01-13 18:29:52,702 - INFO - Epoch 33 - Train Loss: 1.3887, Accuracy: 0.4692, Precision: 0.4615, Recall: 0.4692, F1-Score: 0.4607
2025-01-13 18:29:55,216 - INFO - Epoch 33 - Eval Loss: 1.3770, Accuracy: 0.4761, Precision: 0.4706, Recall: 0.4761, F1-Score: 0.4652
2025-01-13 18:29:59,496 - INFO - Epoch 34 - Train Loss: 1.3647, Accuracy: 0.4806, Precision: 0.4731, Recall: 0.4806, F1-Score: 0.4707
2025-01-13 18:30:01,806 - INFO - Epoch 34 - Eval Loss: 1.3708, Accuracy: 0.4766, Precision: 0.4709, Recall: 0.4766, F1-Score: 0.4651
2025-01-13 18:30:06,156 - INFO - Epoch 35 - Train Loss: 1.3603, Accuracy: 0.4850, Precision: 0.4761, Recall: 0.4850, F1-Score: 0.4751
2025-01-13 18:30:08,616 - INFO - Epoch 35 - Eval Loss: 1.3642, Accuracy: 0.4796, Precision: 0.4735, Recall: 0.4796, F1-Score: 0.4701
2025-01-13 18:30:12,883 - INFO - Epoch 36 - Train Loss: 1.3524, Accuracy: 0.4922, Precision: 0.4833, Recall: 0.4922, F1-Score: 0.4835
2025-01-13 18:30:15,149 - INFO - Epoch 36 - Eval Loss: 1.3595, Accuracy: 0.4793, Precision: 0.4721, Recall: 0.4792, F1-Score: 0.4686
2025-01-13 18:30:19,465 - INFO - Epoch 37 - Train Loss: 1.3410, Accuracy: 0.4854, Precision: 0.4755, Recall: 0.4854, F1-Score: 0.4754
2025-01-13 18:30:21,706 - INFO - Epoch 37 - Eval Loss: 1.3530, Accuracy: 0.4855, Precision: 0.4803, Recall: 0.4855, F1-Score: 0.4762
2025-01-13 18:30:25,996 - INFO - Epoch 38 - Train Loss: 1.3459, Accuracy: 0.4864, Precision: 0.4780, Recall: 0.4864, F1-Score: 0.4785
2025-01-13 18:30:28,243 - INFO - Epoch 38 - Eval Loss: 1.3461, Accuracy: 0.4846, Precision: 0.4793, Recall: 0.4846, F1-Score: 0.4777
2025-01-13 18:30:32,551 - INFO - Epoch 39 - Train Loss: 1.3390, Accuracy: 0.4966, Precision: 0.4896, Recall: 0.4966, F1-Score: 0.4904
2025-01-13 18:30:34,808 - INFO - Epoch 39 - Eval Loss: 1.3370, Accuracy: 0.4893, Precision: 0.4830, Recall: 0.4893, F1-Score: 0.4798
2025-01-13 18:30:39,105 - INFO - Epoch 40 - Train Loss: 1.3149, Accuracy: 0.4974, Precision: 0.4876, Recall: 0.4974, F1-Score: 0.4874
2025-01-13 18:30:41,357 - INFO - Epoch 40 - Eval Loss: 1.3357, Accuracy: 0.4908, Precision: 0.4845, Recall: 0.4907, F1-Score: 0.4793
2025-01-13 18:30:45,672 - INFO - Epoch 41 - Train Loss: 1.2967, Accuracy: 0.5134, Precision: 0.5082, Recall: 0.5134, F1-Score: 0.5073
2025-01-13 18:30:47,985 - INFO - Epoch 41 - Eval Loss: 1.3230, Accuracy: 0.4945, Precision: 0.4874, Recall: 0.4945, F1-Score: 0.4846
2025-01-13 18:30:52,279 - INFO - Epoch 42 - Train Loss: 1.2985, Accuracy: 0.5066, Precision: 0.5013, Recall: 0.5066, F1-Score: 0.5002
2025-01-13 18:30:54,641 - INFO - Epoch 42 - Eval Loss: 1.3195, Accuracy: 0.5002, Precision: 0.4942, Recall: 0.5002, F1-Score: 0.4929
2025-01-13 18:30:58,936 - INFO - Epoch 43 - Train Loss: 1.2871, Accuracy: 0.5132, Precision: 0.5068, Recall: 0.5132, F1-Score: 0.5069
2025-01-13 18:31:01,264 - INFO - Epoch 43 - Eval Loss: 1.3087, Accuracy: 0.5028, Precision: 0.4972, Recall: 0.5028, F1-Score: 0.4937
2025-01-13 18:31:05,598 - INFO - Epoch 44 - Train Loss: 1.2987, Accuracy: 0.5036, Precision: 0.4963, Recall: 0.5036, F1-Score: 0.4973
2025-01-13 18:31:07,950 - INFO - Epoch 44 - Eval Loss: 1.3091, Accuracy: 0.5024, Precision: 0.4958, Recall: 0.5024, F1-Score: 0.4932
2025-01-13 18:31:12,391 - INFO - Epoch 45 - Train Loss: 1.2669, Accuracy: 0.5206, Precision: 0.5149, Recall: 0.5206, F1-Score: 0.5151
2025-01-13 18:31:14,709 - INFO - Epoch 45 - Eval Loss: 1.2989, Accuracy: 0.5049, Precision: 0.5023, Recall: 0.5049, F1-Score: 0.4985
2025-01-13 18:31:19,156 - INFO - Epoch 46 - Train Loss: 1.2640, Accuracy: 0.5188, Precision: 0.5142, Recall: 0.5188, F1-Score: 0.5141
2025-01-13 18:31:21,545 - INFO - Epoch 46 - Eval Loss: 1.2913, Accuracy: 0.5086, Precision: 0.5046, Recall: 0.5086, F1-Score: 0.5010
2025-01-13 18:31:25,650 - INFO - Epoch 47 - Train Loss: 1.2576, Accuracy: 0.5184, Precision: 0.5102, Recall: 0.5184, F1-Score: 0.5113
2025-01-13 18:31:27,953 - INFO - Epoch 47 - Eval Loss: 1.2847, Accuracy: 0.5101, Precision: 0.5039, Recall: 0.5101, F1-Score: 0.5010
2025-01-13 18:31:32,318 - INFO - Epoch 48 - Train Loss: 1.2506, Accuracy: 0.5258, Precision: 0.5187, Recall: 0.5258, F1-Score: 0.5190
2025-01-13 18:31:34,705 - INFO - Epoch 48 - Eval Loss: 1.2781, Accuracy: 0.5161, Precision: 0.5107, Recall: 0.5161, F1-Score: 0.5076
2025-01-13 18:31:39,085 - INFO - Epoch 49 - Train Loss: 1.2266, Accuracy: 0.5328, Precision: 0.5286, Recall: 0.5328, F1-Score: 0.5279
2025-01-13 18:31:41,425 - INFO - Epoch 49 - Eval Loss: 1.2727, Accuracy: 0.5180, Precision: 0.5144, Recall: 0.5180, F1-Score: 0.5133
2025-01-13 18:31:45,696 - INFO - Epoch 50 - Train Loss: 1.2245, Accuracy: 0.5410, Precision: 0.5353, Recall: 0.5410, F1-Score: 0.5360
2025-01-13 18:31:47,936 - INFO - Epoch 50 - Eval Loss: 1.2729, Accuracy: 0.5129, Precision: 0.5065, Recall: 0.5129, F1-Score: 0.5066
2025-01-13 18:31:52,324 - INFO - Epoch 51 - Train Loss: 1.2339, Accuracy: 0.5346, Precision: 0.5293, Recall: 0.5346, F1-Score: 0.5301
2025-01-13 18:31:54,581 - INFO - Epoch 51 - Eval Loss: 1.2678, Accuracy: 0.5156, Precision: 0.5142, Recall: 0.5156, F1-Score: 0.5100
2025-01-13 18:31:58,942 - INFO - Epoch 52 - Train Loss: 1.2079, Accuracy: 0.5392, Precision: 0.5342, Recall: 0.5392, F1-Score: 0.5343
2025-01-13 18:32:01,304 - INFO - Epoch 52 - Eval Loss: 1.2543, Accuracy: 0.5221, Precision: 0.5193, Recall: 0.5221, F1-Score: 0.5173
2025-01-13 18:32:05,694 - INFO - Epoch 53 - Train Loss: 1.2018, Accuracy: 0.5494, Precision: 0.5451, Recall: 0.5494, F1-Score: 0.5454
2025-01-13 18:32:08,064 - INFO - Epoch 53 - Eval Loss: 1.2534, Accuracy: 0.5238, Precision: 0.5228, Recall: 0.5238, F1-Score: 0.5189
2025-01-13 18:32:12,338 - INFO - Epoch 54 - Train Loss: 1.2017, Accuracy: 0.5428, Precision: 0.5391, Recall: 0.5428, F1-Score: 0.5393
2025-01-13 18:32:14,578 - INFO - Epoch 54 - Eval Loss: 1.2475, Accuracy: 0.5275, Precision: 0.5260, Recall: 0.5275, F1-Score: 0.5239
2025-01-13 18:32:18,957 - INFO - Epoch 55 - Train Loss: 1.1860, Accuracy: 0.5534, Precision: 0.5482, Recall: 0.5534, F1-Score: 0.5490
2025-01-13 18:32:21,454 - INFO - Epoch 55 - Eval Loss: 1.2408, Accuracy: 0.5279, Precision: 0.5223, Recall: 0.5279, F1-Score: 0.5208
2025-01-13 18:32:25,793 - INFO - Epoch 56 - Train Loss: 1.1818, Accuracy: 0.5562, Precision: 0.5484, Recall: 0.5562, F1-Score: 0.5499
2025-01-13 18:32:28,151 - INFO - Epoch 56 - Eval Loss: 1.2356, Accuracy: 0.5308, Precision: 0.5265, Recall: 0.5308, F1-Score: 0.5251
2025-01-13 18:32:32,485 - INFO - Epoch 57 - Train Loss: 1.1727, Accuracy: 0.5552, Precision: 0.5503, Recall: 0.5552, F1-Score: 0.5509
2025-01-13 18:32:34,914 - INFO - Epoch 57 - Eval Loss: 1.2406, Accuracy: 0.5302, Precision: 0.5252, Recall: 0.5302, F1-Score: 0.5249
2025-01-13 18:32:39,223 - INFO - Epoch 58 - Train Loss: 1.1667, Accuracy: 0.5586, Precision: 0.5540, Recall: 0.5586, F1-Score: 0.5550
2025-01-13 18:32:41,612 - INFO - Epoch 58 - Eval Loss: 1.2271, Accuracy: 0.5384, Precision: 0.5363, Recall: 0.5384, F1-Score: 0.5351
2025-01-13 18:32:45,940 - INFO - Epoch 59 - Train Loss: 1.1749, Accuracy: 0.5618, Precision: 0.5576, Recall: 0.5618, F1-Score: 0.5580
2025-01-13 18:32:48,385 - INFO - Epoch 59 - Eval Loss: 1.2183, Accuracy: 0.5390, Precision: 0.5359, Recall: 0.5390, F1-Score: 0.5341
2025-01-13 18:32:52,822 - INFO - Epoch 60 - Train Loss: 1.1459, Accuracy: 0.5750, Precision: 0.5700, Recall: 0.5750, F1-Score: 0.5710
2025-01-13 18:32:55,164 - INFO - Epoch 60 - Eval Loss: 1.2173, Accuracy: 0.5445, Precision: 0.5430, Recall: 0.5445, F1-Score: 0.5396
2025-01-13 18:32:59,500 - INFO - Epoch 61 - Train Loss: 1.1303, Accuracy: 0.5748, Precision: 0.5695, Recall: 0.5748, F1-Score: 0.5707
2025-01-13 18:33:01,770 - INFO - Epoch 61 - Eval Loss: 1.2068, Accuracy: 0.5423, Precision: 0.5405, Recall: 0.5423, F1-Score: 0.5385
2025-01-13 18:33:06,061 - INFO - Epoch 62 - Train Loss: 1.1456, Accuracy: 0.5728, Precision: 0.5682, Recall: 0.5728, F1-Score: 0.5694
2025-01-13 18:33:08,574 - INFO - Epoch 62 - Eval Loss: 1.2041, Accuracy: 0.5459, Precision: 0.5404, Recall: 0.5459, F1-Score: 0.5409
2025-01-13 18:33:12,848 - INFO - Epoch 63 - Train Loss: 1.1181, Accuracy: 0.5858, Precision: 0.5827, Recall: 0.5858, F1-Score: 0.5828
2025-01-13 18:33:15,222 - INFO - Epoch 63 - Eval Loss: 1.2002, Accuracy: 0.5481, Precision: 0.5475, Recall: 0.5481, F1-Score: 0.5440
2025-01-13 18:33:19,533 - INFO - Epoch 64 - Train Loss: 1.1057, Accuracy: 0.5900, Precision: 0.5877, Recall: 0.5900, F1-Score: 0.5874
2025-01-13 18:33:21,875 - INFO - Epoch 64 - Eval Loss: 1.1958, Accuracy: 0.5467, Precision: 0.5426, Recall: 0.5468, F1-Score: 0.5398
2025-01-13 18:33:26,295 - INFO - Epoch 65 - Train Loss: 1.1121, Accuracy: 0.5818, Precision: 0.5771, Recall: 0.5818, F1-Score: 0.5782
2025-01-13 18:33:28,626 - INFO - Epoch 65 - Eval Loss: 1.1875, Accuracy: 0.5531, Precision: 0.5504, Recall: 0.5531, F1-Score: 0.5493
2025-01-13 18:33:32,931 - INFO - Epoch 66 - Train Loss: 1.1035, Accuracy: 0.5842, Precision: 0.5808, Recall: 0.5842, F1-Score: 0.5813
2025-01-13 18:33:35,238 - INFO - Epoch 66 - Eval Loss: 1.1938, Accuracy: 0.5515, Precision: 0.5465, Recall: 0.5515, F1-Score: 0.5469
2025-01-13 18:33:39,368 - INFO - Epoch 67 - Train Loss: 1.1052, Accuracy: 0.5910, Precision: 0.5866, Recall: 0.5910, F1-Score: 0.5875
2025-01-13 18:33:41,748 - INFO - Epoch 67 - Eval Loss: 1.1814, Accuracy: 0.5600, Precision: 0.5572, Recall: 0.5600, F1-Score: 0.5548
2025-01-13 18:33:46,134 - INFO - Epoch 68 - Train Loss: 1.0839, Accuracy: 0.5910, Precision: 0.5865, Recall: 0.5910, F1-Score: 0.5872
2025-01-13 18:33:48,525 - INFO - Epoch 68 - Eval Loss: 1.1748, Accuracy: 0.5576, Precision: 0.5538, Recall: 0.5576, F1-Score: 0.5533
2025-01-13 18:33:52,793 - INFO - Epoch 69 - Train Loss: 1.0739, Accuracy: 0.5962, Precision: 0.5924, Recall: 0.5962, F1-Score: 0.5930
2025-01-13 18:33:55,113 - INFO - Epoch 69 - Eval Loss: 1.1725, Accuracy: 0.5624, Precision: 0.5615, Recall: 0.5624, F1-Score: 0.5574
2025-01-13 18:33:59,406 - INFO - Epoch 70 - Train Loss: 1.0691, Accuracy: 0.5964, Precision: 0.5930, Recall: 0.5964, F1-Score: 0.5928
2025-01-13 18:34:01,767 - INFO - Epoch 70 - Eval Loss: 1.1631, Accuracy: 0.5703, Precision: 0.5684, Recall: 0.5703, F1-Score: 0.5669
2025-01-13 18:34:06,011 - INFO - Epoch 71 - Train Loss: 1.0663, Accuracy: 0.6012, Precision: 0.5976, Recall: 0.6012, F1-Score: 0.5981
2025-01-13 18:34:08,444 - INFO - Epoch 71 - Eval Loss: 1.1617, Accuracy: 0.5681, Precision: 0.5652, Recall: 0.5681, F1-Score: 0.5650
2025-01-13 18:34:12,741 - INFO - Epoch 72 - Train Loss: 1.0678, Accuracy: 0.6024, Precision: 0.6005, Recall: 0.6024, F1-Score: 0.6007
2025-01-13 18:34:15,205 - INFO - Epoch 72 - Eval Loss: 1.1633, Accuracy: 0.5657, Precision: 0.5650, Recall: 0.5658, F1-Score: 0.5624
2025-01-13 18:34:19,462 - INFO - Epoch 73 - Train Loss: 1.0587, Accuracy: 0.6120, Precision: 0.6075, Recall: 0.6120, F1-Score: 0.6086
2025-01-13 18:34:21,737 - INFO - Epoch 73 - Eval Loss: 1.1500, Accuracy: 0.5711, Precision: 0.5685, Recall: 0.5711, F1-Score: 0.5679
2025-01-13 18:34:26,040 - INFO - Epoch 74 - Train Loss: 1.0453, Accuracy: 0.6090, Precision: 0.6049, Recall: 0.6090, F1-Score: 0.6052
2025-01-13 18:34:28,429 - INFO - Epoch 74 - Eval Loss: 1.1488, Accuracy: 0.5720, Precision: 0.5703, Recall: 0.5720, F1-Score: 0.5693
2025-01-13 18:34:32,724 - INFO - Epoch 75 - Train Loss: 1.0488, Accuracy: 0.6098, Precision: 0.6076, Recall: 0.6098, F1-Score: 0.6070
2025-01-13 18:34:35,151 - INFO - Epoch 75 - Eval Loss: 1.1509, Accuracy: 0.5729, Precision: 0.5688, Recall: 0.5729, F1-Score: 0.5676
2025-01-13 18:34:39,478 - INFO - Epoch 76 - Train Loss: 1.0319, Accuracy: 0.6106, Precision: 0.6068, Recall: 0.6106, F1-Score: 0.6076
2025-01-13 18:34:41,727 - INFO - Epoch 76 - Eval Loss: 1.1484, Accuracy: 0.5774, Precision: 0.5768, Recall: 0.5774, F1-Score: 0.5730
2025-01-13 18:34:46,184 - INFO - Epoch 77 - Train Loss: 1.0142, Accuracy: 0.6200, Precision: 0.6171, Recall: 0.6200, F1-Score: 0.6178
2025-01-13 18:34:48,650 - INFO - Epoch 77 - Eval Loss: 1.1479, Accuracy: 0.5759, Precision: 0.5760, Recall: 0.5759, F1-Score: 0.5723
2025-01-13 18:34:53,056 - INFO - Epoch 78 - Train Loss: 1.0248, Accuracy: 0.6194, Precision: 0.6166, Recall: 0.6194, F1-Score: 0.6172
2025-01-13 18:34:55,258 - INFO - Epoch 78 - Eval Loss: 1.1410, Accuracy: 0.5807, Precision: 0.5778, Recall: 0.5808, F1-Score: 0.5757
2025-01-13 18:34:59,498 - INFO - Epoch 79 - Train Loss: 1.0080, Accuracy: 0.6302, Precision: 0.6269, Recall: 0.6302, F1-Score: 0.6273
2025-01-13 18:35:01,752 - INFO - Epoch 79 - Eval Loss: 1.1328, Accuracy: 0.5797, Precision: 0.5789, Recall: 0.5797, F1-Score: 0.5767
2025-01-13 18:35:06,133 - INFO - Epoch 80 - Train Loss: 0.9972, Accuracy: 0.6320, Precision: 0.6283, Recall: 0.6320, F1-Score: 0.6289
2025-01-13 18:35:08,398 - INFO - Epoch 80 - Eval Loss: 1.1219, Accuracy: 0.5839, Precision: 0.5835, Recall: 0.5839, F1-Score: 0.5817
2025-01-13 18:35:12,670 - INFO - Epoch 81 - Train Loss: 0.9974, Accuracy: 0.6220, Precision: 0.6191, Recall: 0.6220, F1-Score: 0.6196
2025-01-13 18:35:15,145 - INFO - Epoch 81 - Eval Loss: 1.1284, Accuracy: 0.5829, Precision: 0.5821, Recall: 0.5829, F1-Score: 0.5796
2025-01-13 18:35:19,554 - INFO - Epoch 82 - Train Loss: 0.9956, Accuracy: 0.6268, Precision: 0.6229, Recall: 0.6268, F1-Score: 0.6236
2025-01-13 18:35:21,831 - INFO - Epoch 82 - Eval Loss: 1.1114, Accuracy: 0.5926, Precision: 0.5900, Recall: 0.5926, F1-Score: 0.5890
2025-01-13 18:35:26,095 - INFO - Epoch 83 - Train Loss: 0.9844, Accuracy: 0.6366, Precision: 0.6350, Recall: 0.6366, F1-Score: 0.6347
2025-01-13 18:35:28,469 - INFO - Epoch 83 - Eval Loss: 1.1219, Accuracy: 0.5841, Precision: 0.5847, Recall: 0.5841, F1-Score: 0.5808
2025-01-13 18:35:32,737 - INFO - Epoch 84 - Train Loss: 0.9772, Accuracy: 0.6330, Precision: 0.6295, Recall: 0.6330, F1-Score: 0.6304
2025-01-13 18:35:35,110 - INFO - Epoch 84 - Eval Loss: 1.1228, Accuracy: 0.5847, Precision: 0.5822, Recall: 0.5847, F1-Score: 0.5798
2025-01-13 18:35:39,513 - INFO - Epoch 85 - Train Loss: 0.9770, Accuracy: 0.6322, Precision: 0.6288, Recall: 0.6322, F1-Score: 0.6298
2025-01-13 18:35:41,928 - INFO - Epoch 85 - Eval Loss: 1.1241, Accuracy: 0.5855, Precision: 0.5896, Recall: 0.5855, F1-Score: 0.5843
2025-01-13 18:35:46,222 - INFO - Epoch 86 - Train Loss: 0.9730, Accuracy: 0.6412, Precision: 0.6392, Recall: 0.6412, F1-Score: 0.6395
2025-01-13 18:35:48,496 - INFO - Epoch 86 - Eval Loss: 1.1055, Accuracy: 0.5982, Precision: 0.5978, Recall: 0.5982, F1-Score: 0.5965
2025-01-13 18:35:52,828 - INFO - Epoch 87 - Train Loss: 0.9684, Accuracy: 0.6448, Precision: 0.6417, Recall: 0.6448, F1-Score: 0.6420
2025-01-13 18:35:55,143 - INFO - Epoch 87 - Eval Loss: 1.1042, Accuracy: 0.5970, Precision: 0.5955, Recall: 0.5970, F1-Score: 0.5927
2025-01-13 18:35:59,622 - INFO - Epoch 88 - Train Loss: 0.9613, Accuracy: 0.6388, Precision: 0.6356, Recall: 0.6388, F1-Score: 0.6361
2025-01-13 18:36:01,850 - INFO - Epoch 88 - Eval Loss: 1.1055, Accuracy: 0.5948, Precision: 0.5955, Recall: 0.5948, F1-Score: 0.5932
2025-01-13 18:36:06,067 - INFO - Epoch 89 - Train Loss: 0.9465, Accuracy: 0.6474, Precision: 0.6447, Recall: 0.6474, F1-Score: 0.6451
2025-01-13 18:36:08,408 - INFO - Epoch 89 - Eval Loss: 1.0951, Accuracy: 0.6025, Precision: 0.6015, Recall: 0.6025, F1-Score: 0.6000
2025-01-13 18:36:12,665 - INFO - Epoch 90 - Train Loss: 0.9472, Accuracy: 0.6558, Precision: 0.6531, Recall: 0.6558, F1-Score: 0.6533
2025-01-13 18:36:14,962 - INFO - Epoch 90 - Eval Loss: 1.0930, Accuracy: 0.6044, Precision: 0.6047, Recall: 0.6044, F1-Score: 0.6034
2025-01-13 18:36:19,336 - INFO - Epoch 91 - Train Loss: 0.9374, Accuracy: 0.6510, Precision: 0.6492, Recall: 0.6510, F1-Score: 0.6493
2025-01-13 18:36:21,642 - INFO - Epoch 91 - Eval Loss: 1.0888, Accuracy: 0.6058, Precision: 0.6037, Recall: 0.6057, F1-Score: 0.6032
2025-01-13 18:36:26,021 - INFO - Epoch 92 - Train Loss: 0.9274, Accuracy: 0.6620, Precision: 0.6596, Recall: 0.6620, F1-Score: 0.6601
2025-01-13 18:36:28,345 - INFO - Epoch 92 - Eval Loss: 1.0897, Accuracy: 0.6038, Precision: 0.6029, Recall: 0.6038, F1-Score: 0.6004
2025-01-13 18:36:32,718 - INFO - Epoch 93 - Train Loss: 0.9202, Accuracy: 0.6602, Precision: 0.6573, Recall: 0.6602, F1-Score: 0.6576
2025-01-13 18:36:35,050 - INFO - Epoch 93 - Eval Loss: 1.0865, Accuracy: 0.6036, Precision: 0.6027, Recall: 0.6036, F1-Score: 0.6003
2025-01-13 18:36:39,449 - INFO - Epoch 94 - Train Loss: 0.9216, Accuracy: 0.6632, Precision: 0.6616, Recall: 0.6632, F1-Score: 0.6617
2025-01-13 18:36:41,799 - INFO - Epoch 94 - Eval Loss: 1.0854, Accuracy: 0.6066, Precision: 0.6062, Recall: 0.6066, F1-Score: 0.6050
2025-01-13 18:36:46,057 - INFO - Epoch 95 - Train Loss: 0.9118, Accuracy: 0.6632, Precision: 0.6613, Recall: 0.6632, F1-Score: 0.6617
2025-01-13 18:36:48,378 - INFO - Epoch 95 - Eval Loss: 1.0857, Accuracy: 0.6059, Precision: 0.6051, Recall: 0.6059, F1-Score: 0.6034
2025-01-13 18:36:52,647 - INFO - Epoch 96 - Train Loss: 0.9116, Accuracy: 0.6626, Precision: 0.6605, Recall: 0.6626, F1-Score: 0.6605
2025-01-13 18:36:54,878 - INFO - Epoch 96 - Eval Loss: 1.0864, Accuracy: 0.6044, Precision: 0.6077, Recall: 0.6044, F1-Score: 0.6018
2025-01-13 18:36:59,045 - INFO - Epoch 97 - Train Loss: 0.9117, Accuracy: 0.6698, Precision: 0.6673, Recall: 0.6698, F1-Score: 0.6681
2025-01-13 18:37:01,452 - INFO - Epoch 97 - Eval Loss: 1.0772, Accuracy: 0.6106, Precision: 0.6093, Recall: 0.6106, F1-Score: 0.6073
2025-01-13 18:37:05,839 - INFO - Epoch 98 - Train Loss: 0.9042, Accuracy: 0.6668, Precision: 0.6650, Recall: 0.6668, F1-Score: 0.6654
2025-01-13 18:37:08,254 - INFO - Epoch 98 - Eval Loss: 1.0890, Accuracy: 0.6070, Precision: 0.6046, Recall: 0.6070, F1-Score: 0.6027
2025-01-13 18:37:12,468 - INFO - Epoch 99 - Train Loss: 0.8949, Accuracy: 0.6708, Precision: 0.6683, Recall: 0.6708, F1-Score: 0.6691
2025-01-13 18:37:14,704 - INFO - Epoch 99 - Eval Loss: 1.0755, Accuracy: 0.6151, Precision: 0.6164, Recall: 0.6151, F1-Score: 0.6138
2025-01-13 18:37:14,704 - INFO - Training finished
