2025-01-13 18:01:17,551 - INFO - Log file created at log/optimizer/stl10_lr0.001_adam_wm1_20250113-180117.log
2025-01-13 18:01:17,596 - INFO - Using device cuda:3
2025-01-13 18:01:35,171 - INFO - Epoch 0 - Train Loss: 2.0523, Accuracy: 0.2264, Precision: 0.2177, Recall: 0.2264, F1-Score: 0.2178
2025-01-13 18:01:37,847 - INFO - Epoch 0 - Eval Loss: 3.1704, Accuracy: 0.1000, Precision: 0.0100, Recall: 0.1000, F1-Score: 0.0182
2025-01-13 18:01:42,295 - INFO - Epoch 1 - Train Loss: 1.5719, Accuracy: 0.3966, Precision: 0.3904, Recall: 0.3966, F1-Score: 0.3875
2025-01-13 18:01:44,784 - INFO - Epoch 1 - Eval Loss: 3.3832, Accuracy: 0.1000, Precision: 0.0100, Recall: 0.1000, F1-Score: 0.0182
2025-01-13 18:01:49,190 - INFO - Epoch 2 - Train Loss: 1.3770, Accuracy: 0.4776, Precision: 0.4717, Recall: 0.4776, F1-Score: 0.4715
2025-01-13 18:01:51,624 - INFO - Epoch 2 - Eval Loss: 3.3479, Accuracy: 0.1025, Precision: 0.2339, Recall: 0.1025, F1-Score: 0.0236
2025-01-13 18:01:56,084 - INFO - Epoch 3 - Train Loss: 1.2316, Accuracy: 0.5436, Precision: 0.5393, Recall: 0.5436, F1-Score: 0.5404
2025-01-13 18:01:58,387 - INFO - Epoch 3 - Eval Loss: 1.9102, Accuracy: 0.3116, Precision: 0.5312, Recall: 0.3116, F1-Score: 0.2909
2025-01-13 18:02:02,744 - INFO - Epoch 4 - Train Loss: 1.1518, Accuracy: 0.5712, Precision: 0.5673, Recall: 0.5712, F1-Score: 0.5673
2025-01-13 18:02:05,266 - INFO - Epoch 4 - Eval Loss: 1.2111, Accuracy: 0.5526, Precision: 0.5649, Recall: 0.5526, F1-Score: 0.5505
2025-01-13 18:02:09,658 - INFO - Epoch 5 - Train Loss: 1.0572, Accuracy: 0.6108, Precision: 0.6060, Recall: 0.6108, F1-Score: 0.6072
2025-01-13 18:02:12,165 - INFO - Epoch 5 - Eval Loss: 1.2314, Accuracy: 0.5663, Precision: 0.5788, Recall: 0.5663, F1-Score: 0.5572
2025-01-13 18:02:16,710 - INFO - Epoch 6 - Train Loss: 0.9905, Accuracy: 0.6346, Precision: 0.6326, Recall: 0.6346, F1-Score: 0.6330
2025-01-13 18:02:19,224 - INFO - Epoch 6 - Eval Loss: 1.1381, Accuracy: 0.6008, Precision: 0.5996, Recall: 0.6007, F1-Score: 0.5871
2025-01-13 18:02:23,671 - INFO - Epoch 7 - Train Loss: 0.8909, Accuracy: 0.6828, Precision: 0.6798, Recall: 0.6828, F1-Score: 0.6796
2025-01-13 18:02:26,028 - INFO - Epoch 7 - Eval Loss: 1.0398, Accuracy: 0.6269, Precision: 0.6380, Recall: 0.6269, F1-Score: 0.6244
2025-01-13 18:02:30,404 - INFO - Epoch 8 - Train Loss: 0.8478, Accuracy: 0.6952, Precision: 0.6937, Recall: 0.6952, F1-Score: 0.6939
2025-01-13 18:02:32,954 - INFO - Epoch 8 - Eval Loss: 1.1061, Accuracy: 0.6131, Precision: 0.6232, Recall: 0.6131, F1-Score: 0.5988
2025-01-13 18:02:37,477 - INFO - Epoch 9 - Train Loss: 0.7752, Accuracy: 0.7122, Precision: 0.7111, Recall: 0.7122, F1-Score: 0.7115
2025-01-13 18:02:39,880 - INFO - Epoch 9 - Eval Loss: 1.0298, Accuracy: 0.6316, Precision: 0.6387, Recall: 0.6316, F1-Score: 0.6264
2025-01-13 18:02:44,222 - INFO - Epoch 10 - Train Loss: 0.7498, Accuracy: 0.7226, Precision: 0.7223, Recall: 0.7226, F1-Score: 0.7223
2025-01-13 18:02:46,708 - INFO - Epoch 10 - Eval Loss: 1.0838, Accuracy: 0.6339, Precision: 0.6577, Recall: 0.6339, F1-Score: 0.6275
2025-01-13 18:02:51,077 - INFO - Epoch 11 - Train Loss: 0.6874, Accuracy: 0.7522, Precision: 0.7518, Recall: 0.7522, F1-Score: 0.7515
2025-01-13 18:02:53,590 - INFO - Epoch 11 - Eval Loss: 1.1538, Accuracy: 0.6134, Precision: 0.6576, Recall: 0.6134, F1-Score: 0.6084
2025-01-13 18:02:58,150 - INFO - Epoch 12 - Train Loss: 0.6272, Accuracy: 0.7686, Precision: 0.7674, Recall: 0.7686, F1-Score: 0.7673
2025-01-13 18:03:00,585 - INFO - Epoch 12 - Eval Loss: 1.0118, Accuracy: 0.6536, Precision: 0.6612, Recall: 0.6536, F1-Score: 0.6511
2025-01-13 18:03:05,115 - INFO - Epoch 13 - Train Loss: 0.5890, Accuracy: 0.7842, Precision: 0.7846, Recall: 0.7842, F1-Score: 0.7841
2025-01-13 18:03:07,539 - INFO - Epoch 13 - Eval Loss: 1.1360, Accuracy: 0.6341, Precision: 0.6371, Recall: 0.6341, F1-Score: 0.6267
2025-01-13 18:03:12,146 - INFO - Epoch 14 - Train Loss: 0.5191, Accuracy: 0.8162, Precision: 0.8157, Recall: 0.8162, F1-Score: 0.8158
2025-01-13 18:03:14,510 - INFO - Epoch 14 - Eval Loss: 1.1267, Accuracy: 0.6426, Precision: 0.6661, Recall: 0.6426, F1-Score: 0.6331
2025-01-13 18:03:18,832 - INFO - Epoch 15 - Train Loss: 0.4672, Accuracy: 0.8340, Precision: 0.8336, Recall: 0.8340, F1-Score: 0.8337
2025-01-13 18:03:21,200 - INFO - Epoch 15 - Eval Loss: 1.0658, Accuracy: 0.6601, Precision: 0.6649, Recall: 0.6601, F1-Score: 0.6564
2025-01-13 18:03:25,759 - INFO - Epoch 16 - Train Loss: 0.4541, Accuracy: 0.8376, Precision: 0.8378, Recall: 0.8376, F1-Score: 0.8377
2025-01-13 18:03:28,139 - INFO - Epoch 16 - Eval Loss: 1.1798, Accuracy: 0.6509, Precision: 0.6531, Recall: 0.6509, F1-Score: 0.6428
2025-01-13 18:03:32,436 - INFO - Epoch 17 - Train Loss: 0.3950, Accuracy: 0.8602, Precision: 0.8601, Recall: 0.8602, F1-Score: 0.8601
2025-01-13 18:03:34,759 - INFO - Epoch 17 - Eval Loss: 1.0913, Accuracy: 0.6714, Precision: 0.6849, Recall: 0.6714, F1-Score: 0.6737
2025-01-13 18:03:39,197 - INFO - Epoch 18 - Train Loss: 0.3587, Accuracy: 0.8770, Precision: 0.8766, Recall: 0.8770, F1-Score: 0.8767
2025-01-13 18:03:41,555 - INFO - Epoch 18 - Eval Loss: 1.1001, Accuracy: 0.6723, Precision: 0.6731, Recall: 0.6723, F1-Score: 0.6689
2025-01-13 18:03:45,976 - INFO - Epoch 19 - Train Loss: 0.3207, Accuracy: 0.8860, Precision: 0.8860, Recall: 0.8860, F1-Score: 0.8859
2025-01-13 18:03:48,464 - INFO - Epoch 19 - Eval Loss: 1.1625, Accuracy: 0.6610, Precision: 0.6596, Recall: 0.6610, F1-Score: 0.6567
2025-01-13 18:03:52,989 - INFO - Epoch 20 - Train Loss: 0.2902, Accuracy: 0.8948, Precision: 0.8950, Recall: 0.8948, F1-Score: 0.8948
2025-01-13 18:03:55,424 - INFO - Epoch 20 - Eval Loss: 1.2604, Accuracy: 0.6462, Precision: 0.6444, Recall: 0.6462, F1-Score: 0.6383
2025-01-13 18:03:59,916 - INFO - Epoch 21 - Train Loss: 0.2837, Accuracy: 0.9030, Precision: 0.9030, Recall: 0.9030, F1-Score: 0.9029
2025-01-13 18:04:02,221 - INFO - Epoch 21 - Eval Loss: 1.2405, Accuracy: 0.6625, Precision: 0.6831, Recall: 0.6625, F1-Score: 0.6622
2025-01-13 18:04:06,720 - INFO - Epoch 22 - Train Loss: 0.2548, Accuracy: 0.9076, Precision: 0.9078, Recall: 0.9076, F1-Score: 0.9076
2025-01-13 18:04:09,173 - INFO - Epoch 22 - Eval Loss: 1.2693, Accuracy: 0.6594, Precision: 0.6786, Recall: 0.6594, F1-Score: 0.6619
2025-01-13 18:04:13,698 - INFO - Epoch 23 - Train Loss: 0.2301, Accuracy: 0.9238, Precision: 0.9239, Recall: 0.9238, F1-Score: 0.9238
2025-01-13 18:04:16,172 - INFO - Epoch 23 - Eval Loss: 1.2535, Accuracy: 0.6615, Precision: 0.6741, Recall: 0.6615, F1-Score: 0.6612
2025-01-13 18:04:20,600 - INFO - Epoch 24 - Train Loss: 0.2202, Accuracy: 0.9268, Precision: 0.9270, Recall: 0.9268, F1-Score: 0.9269
2025-01-13 18:04:23,065 - INFO - Epoch 24 - Eval Loss: 1.1772, Accuracy: 0.6790, Precision: 0.6853, Recall: 0.6790, F1-Score: 0.6800
2025-01-13 18:04:27,497 - INFO - Epoch 25 - Train Loss: 0.1952, Accuracy: 0.9348, Precision: 0.9350, Recall: 0.9348, F1-Score: 0.9348
2025-01-13 18:04:29,955 - INFO - Epoch 25 - Eval Loss: 1.2548, Accuracy: 0.6764, Precision: 0.6878, Recall: 0.6764, F1-Score: 0.6766
2025-01-13 18:04:34,414 - INFO - Epoch 26 - Train Loss: 0.1755, Accuracy: 0.9396, Precision: 0.9396, Recall: 0.9396, F1-Score: 0.9396
2025-01-13 18:04:36,733 - INFO - Epoch 26 - Eval Loss: 1.3086, Accuracy: 0.6715, Precision: 0.6856, Recall: 0.6715, F1-Score: 0.6709
2025-01-13 18:04:41,314 - INFO - Epoch 27 - Train Loss: 0.1740, Accuracy: 0.9368, Precision: 0.9369, Recall: 0.9368, F1-Score: 0.9368
2025-01-13 18:04:43,757 - INFO - Epoch 27 - Eval Loss: 1.2498, Accuracy: 0.6775, Precision: 0.6888, Recall: 0.6775, F1-Score: 0.6801
2025-01-13 18:04:48,144 - INFO - Epoch 28 - Train Loss: 0.1649, Accuracy: 0.9440, Precision: 0.9440, Recall: 0.9440, F1-Score: 0.9440
2025-01-13 18:04:50,611 - INFO - Epoch 28 - Eval Loss: 1.1939, Accuracy: 0.6859, Precision: 0.6869, Recall: 0.6859, F1-Score: 0.6849
2025-01-13 18:04:55,053 - INFO - Epoch 29 - Train Loss: 0.1496, Accuracy: 0.9490, Precision: 0.9491, Recall: 0.9490, F1-Score: 0.9490
2025-01-13 18:04:57,401 - INFO - Epoch 29 - Eval Loss: 1.3026, Accuracy: 0.6831, Precision: 0.6907, Recall: 0.6831, F1-Score: 0.6800
2025-01-13 18:05:01,887 - INFO - Epoch 30 - Train Loss: 0.1390, Accuracy: 0.9514, Precision: 0.9514, Recall: 0.9514, F1-Score: 0.9514
2025-01-13 18:05:04,142 - INFO - Epoch 30 - Eval Loss: 1.3047, Accuracy: 0.6815, Precision: 0.6911, Recall: 0.6815, F1-Score: 0.6808
2025-01-13 18:05:08,575 - INFO - Epoch 31 - Train Loss: 0.1586, Accuracy: 0.9488, Precision: 0.9487, Recall: 0.9488, F1-Score: 0.9487
2025-01-13 18:05:11,019 - INFO - Epoch 31 - Eval Loss: 1.2232, Accuracy: 0.6817, Precision: 0.6951, Recall: 0.6817, F1-Score: 0.6853
2025-01-13 18:05:15,388 - INFO - Epoch 32 - Train Loss: 0.1284, Accuracy: 0.9586, Precision: 0.9587, Recall: 0.9586, F1-Score: 0.9586
2025-01-13 18:05:17,713 - INFO - Epoch 32 - Eval Loss: 1.3374, Accuracy: 0.6853, Precision: 0.7130, Recall: 0.6853, F1-Score: 0.6870
2025-01-13 18:05:22,221 - INFO - Epoch 33 - Train Loss: 0.1267, Accuracy: 0.9552, Precision: 0.9553, Recall: 0.9552, F1-Score: 0.9552
2025-01-13 18:05:24,840 - INFO - Epoch 33 - Eval Loss: 1.3072, Accuracy: 0.6813, Precision: 0.6879, Recall: 0.6813, F1-Score: 0.6827
2025-01-13 18:05:29,267 - INFO - Epoch 34 - Train Loss: 0.1168, Accuracy: 0.9598, Precision: 0.9598, Recall: 0.9598, F1-Score: 0.9598
2025-01-13 18:05:31,730 - INFO - Epoch 34 - Eval Loss: 1.3348, Accuracy: 0.6787, Precision: 0.6844, Recall: 0.6788, F1-Score: 0.6734
2025-01-13 18:05:36,141 - INFO - Epoch 35 - Train Loss: 0.1058, Accuracy: 0.9628, Precision: 0.9629, Recall: 0.9628, F1-Score: 0.9628
2025-01-13 18:05:38,546 - INFO - Epoch 35 - Eval Loss: 1.3288, Accuracy: 0.6877, Precision: 0.6973, Recall: 0.6877, F1-Score: 0.6864
2025-01-13 18:05:43,017 - INFO - Epoch 36 - Train Loss: 0.1079, Accuracy: 0.9620, Precision: 0.9621, Recall: 0.9620, F1-Score: 0.9620
2025-01-13 18:05:45,352 - INFO - Epoch 36 - Eval Loss: 1.3344, Accuracy: 0.6834, Precision: 0.6974, Recall: 0.6834, F1-Score: 0.6869
2025-01-13 18:05:49,772 - INFO - Epoch 37 - Train Loss: 0.0998, Accuracy: 0.9638, Precision: 0.9639, Recall: 0.9638, F1-Score: 0.9638
2025-01-13 18:05:52,223 - INFO - Epoch 37 - Eval Loss: 1.3169, Accuracy: 0.6897, Precision: 0.6935, Recall: 0.6898, F1-Score: 0.6880
2025-01-13 18:05:56,731 - INFO - Epoch 38 - Train Loss: 0.0927, Accuracy: 0.9704, Precision: 0.9704, Recall: 0.9704, F1-Score: 0.9704
2025-01-13 18:05:59,095 - INFO - Epoch 38 - Eval Loss: 1.3742, Accuracy: 0.6857, Precision: 0.7060, Recall: 0.6857, F1-Score: 0.6880
2025-01-13 18:06:03,460 - INFO - Epoch 39 - Train Loss: 0.0812, Accuracy: 0.9750, Precision: 0.9750, Recall: 0.9750, F1-Score: 0.9750
2025-01-13 18:06:06,084 - INFO - Epoch 39 - Eval Loss: 1.3456, Accuracy: 0.6959, Precision: 0.7000, Recall: 0.6959, F1-Score: 0.6960
2025-01-13 18:06:10,534 - INFO - Epoch 40 - Train Loss: 0.0745, Accuracy: 0.9758, Precision: 0.9758, Recall: 0.9758, F1-Score: 0.9758
2025-01-13 18:06:12,973 - INFO - Epoch 40 - Eval Loss: 1.4295, Accuracy: 0.6845, Precision: 0.6937, Recall: 0.6845, F1-Score: 0.6827
2025-01-13 18:06:17,462 - INFO - Epoch 41 - Train Loss: 0.0823, Accuracy: 0.9722, Precision: 0.9722, Recall: 0.9722, F1-Score: 0.9722
2025-01-13 18:06:19,822 - INFO - Epoch 41 - Eval Loss: 1.3503, Accuracy: 0.6873, Precision: 0.6873, Recall: 0.6872, F1-Score: 0.6843
2025-01-13 18:06:24,337 - INFO - Epoch 42 - Train Loss: 0.0838, Accuracy: 0.9748, Precision: 0.9749, Recall: 0.9748, F1-Score: 0.9748
2025-01-13 18:06:26,704 - INFO - Epoch 42 - Eval Loss: 1.4019, Accuracy: 0.6896, Precision: 0.6966, Recall: 0.6896, F1-Score: 0.6901
2025-01-13 18:06:31,264 - INFO - Epoch 43 - Train Loss: 0.0820, Accuracy: 0.9702, Precision: 0.9702, Recall: 0.9702, F1-Score: 0.9702
2025-01-13 18:06:33,670 - INFO - Epoch 43 - Eval Loss: 1.3533, Accuracy: 0.6855, Precision: 0.6910, Recall: 0.6855, F1-Score: 0.6856
2025-01-13 18:06:38,041 - INFO - Epoch 44 - Train Loss: 0.0782, Accuracy: 0.9732, Precision: 0.9733, Recall: 0.9732, F1-Score: 0.9732
2025-01-13 18:06:40,418 - INFO - Epoch 44 - Eval Loss: 1.3548, Accuracy: 0.6885, Precision: 0.6936, Recall: 0.6885, F1-Score: 0.6856
2025-01-13 18:06:44,864 - INFO - Epoch 45 - Train Loss: 0.0718, Accuracy: 0.9758, Precision: 0.9759, Recall: 0.9758, F1-Score: 0.9758
2025-01-13 18:06:47,325 - INFO - Epoch 45 - Eval Loss: 1.4459, Accuracy: 0.6876, Precision: 0.7016, Recall: 0.6876, F1-Score: 0.6879
2025-01-13 18:06:51,706 - INFO - Epoch 46 - Train Loss: 0.0588, Accuracy: 0.9804, Precision: 0.9805, Recall: 0.9804, F1-Score: 0.9804
2025-01-13 18:06:54,226 - INFO - Epoch 46 - Eval Loss: 1.4184, Accuracy: 0.6913, Precision: 0.7077, Recall: 0.6912, F1-Score: 0.6944
2025-01-13 18:06:58,697 - INFO - Epoch 47 - Train Loss: 0.0684, Accuracy: 0.9754, Precision: 0.9755, Recall: 0.9754, F1-Score: 0.9754
2025-01-13 18:07:01,128 - INFO - Epoch 47 - Eval Loss: 1.4205, Accuracy: 0.6935, Precision: 0.7069, Recall: 0.6935, F1-Score: 0.6961
2025-01-13 18:07:05,603 - INFO - Epoch 48 - Train Loss: 0.0774, Accuracy: 0.9738, Precision: 0.9738, Recall: 0.9738, F1-Score: 0.9738
2025-01-13 18:07:07,874 - INFO - Epoch 48 - Eval Loss: 1.3500, Accuracy: 0.6906, Precision: 0.7009, Recall: 0.6906, F1-Score: 0.6937
2025-01-13 18:07:12,383 - INFO - Epoch 49 - Train Loss: 0.0685, Accuracy: 0.9774, Precision: 0.9774, Recall: 0.9774, F1-Score: 0.9774
2025-01-13 18:07:14,785 - INFO - Epoch 49 - Eval Loss: 1.3906, Accuracy: 0.6899, Precision: 0.7084, Recall: 0.6899, F1-Score: 0.6932
2025-01-13 18:07:19,100 - INFO - Epoch 50 - Train Loss: 0.0737, Accuracy: 0.9750, Precision: 0.9750, Recall: 0.9750, F1-Score: 0.9750
2025-01-13 18:07:21,370 - INFO - Epoch 50 - Eval Loss: 1.4065, Accuracy: 0.6943, Precision: 0.7085, Recall: 0.6943, F1-Score: 0.6971
2025-01-13 18:07:25,757 - INFO - Epoch 51 - Train Loss: 0.0645, Accuracy: 0.9770, Precision: 0.9771, Recall: 0.9770, F1-Score: 0.9770
2025-01-13 18:07:28,078 - INFO - Epoch 51 - Eval Loss: 1.3228, Accuracy: 0.6989, Precision: 0.6995, Recall: 0.6989, F1-Score: 0.6964
2025-01-13 18:07:32,548 - INFO - Epoch 52 - Train Loss: 0.0639, Accuracy: 0.9786, Precision: 0.9786, Recall: 0.9786, F1-Score: 0.9786
2025-01-13 18:07:34,901 - INFO - Epoch 52 - Eval Loss: 1.5621, Accuracy: 0.6781, Precision: 0.7075, Recall: 0.6781, F1-Score: 0.6824
2025-01-13 18:07:39,250 - INFO - Epoch 53 - Train Loss: 0.0481, Accuracy: 0.9830, Precision: 0.9831, Recall: 0.9830, F1-Score: 0.9830
2025-01-13 18:07:41,630 - INFO - Epoch 53 - Eval Loss: 1.4133, Accuracy: 0.6961, Precision: 0.7006, Recall: 0.6961, F1-Score: 0.6934
2025-01-13 18:07:46,107 - INFO - Epoch 54 - Train Loss: 0.0437, Accuracy: 0.9860, Precision: 0.9860, Recall: 0.9860, F1-Score: 0.9860
2025-01-13 18:07:48,338 - INFO - Epoch 54 - Eval Loss: 1.5106, Accuracy: 0.6929, Precision: 0.7055, Recall: 0.6929, F1-Score: 0.6930
2025-01-13 18:07:52,680 - INFO - Epoch 55 - Train Loss: 0.0457, Accuracy: 0.9864, Precision: 0.9864, Recall: 0.9864, F1-Score: 0.9864
2025-01-13 18:07:55,045 - INFO - Epoch 55 - Eval Loss: 1.3849, Accuracy: 0.7090, Precision: 0.7126, Recall: 0.7090, F1-Score: 0.7082
2025-01-13 18:07:59,391 - INFO - Epoch 56 - Train Loss: 0.0532, Accuracy: 0.9834, Precision: 0.9834, Recall: 0.9834, F1-Score: 0.9834
2025-01-13 18:08:01,746 - INFO - Epoch 56 - Eval Loss: 1.4810, Accuracy: 0.6874, Precision: 0.6947, Recall: 0.6874, F1-Score: 0.6874
2025-01-13 18:08:06,204 - INFO - Epoch 57 - Train Loss: 0.0705, Accuracy: 0.9758, Precision: 0.9759, Recall: 0.9758, F1-Score: 0.9758
2025-01-13 18:08:08,465 - INFO - Epoch 57 - Eval Loss: 1.5558, Accuracy: 0.6783, Precision: 0.6900, Recall: 0.6783, F1-Score: 0.6741
2025-01-13 18:08:12,909 - INFO - Epoch 58 - Train Loss: 0.0632, Accuracy: 0.9796, Precision: 0.9797, Recall: 0.9796, F1-Score: 0.9796
2025-01-13 18:08:15,253 - INFO - Epoch 58 - Eval Loss: 1.3473, Accuracy: 0.7010, Precision: 0.7118, Recall: 0.7010, F1-Score: 0.7029
2025-01-13 18:08:19,780 - INFO - Epoch 59 - Train Loss: 0.0632, Accuracy: 0.9782, Precision: 0.9783, Recall: 0.9782, F1-Score: 0.9782
2025-01-13 18:08:22,092 - INFO - Epoch 59 - Eval Loss: 1.4342, Accuracy: 0.6894, Precision: 0.7005, Recall: 0.6894, F1-Score: 0.6866
2025-01-13 18:08:26,563 - INFO - Epoch 60 - Train Loss: 0.0557, Accuracy: 0.9826, Precision: 0.9826, Recall: 0.9826, F1-Score: 0.9826
2025-01-13 18:08:28,862 - INFO - Epoch 60 - Eval Loss: 1.3614, Accuracy: 0.6944, Precision: 0.7107, Recall: 0.6944, F1-Score: 0.6991
2025-01-13 18:08:33,442 - INFO - Epoch 61 - Train Loss: 0.0508, Accuracy: 0.9808, Precision: 0.9808, Recall: 0.9808, F1-Score: 0.9808
2025-01-13 18:08:35,675 - INFO - Epoch 61 - Eval Loss: 1.4221, Accuracy: 0.7023, Precision: 0.7138, Recall: 0.7023, F1-Score: 0.7041
2025-01-13 18:08:40,079 - INFO - Epoch 62 - Train Loss: 0.0437, Accuracy: 0.9856, Precision: 0.9856, Recall: 0.9856, F1-Score: 0.9856
2025-01-13 18:08:42,301 - INFO - Epoch 62 - Eval Loss: 1.5480, Accuracy: 0.6946, Precision: 0.7013, Recall: 0.6946, F1-Score: 0.6918
2025-01-13 18:08:46,785 - INFO - Epoch 63 - Train Loss: 0.0442, Accuracy: 0.9848, Precision: 0.9848, Recall: 0.9848, F1-Score: 0.9848
2025-01-13 18:08:49,144 - INFO - Epoch 63 - Eval Loss: 1.4693, Accuracy: 0.6967, Precision: 0.6998, Recall: 0.6967, F1-Score: 0.6968
2025-01-13 18:08:53,530 - INFO - Epoch 64 - Train Loss: 0.0495, Accuracy: 0.9842, Precision: 0.9842, Recall: 0.9842, F1-Score: 0.9842
2025-01-13 18:08:55,743 - INFO - Epoch 64 - Eval Loss: 1.5229, Accuracy: 0.6903, Precision: 0.7105, Recall: 0.6903, F1-Score: 0.6945
2025-01-13 18:09:00,076 - INFO - Epoch 65 - Train Loss: 0.0426, Accuracy: 0.9874, Precision: 0.9875, Recall: 0.9874, F1-Score: 0.9874
2025-01-13 18:09:02,370 - INFO - Epoch 65 - Eval Loss: 1.5452, Accuracy: 0.6821, Precision: 0.6889, Recall: 0.6821, F1-Score: 0.6765
2025-01-13 18:09:06,901 - INFO - Epoch 66 - Train Loss: 0.0504, Accuracy: 0.9842, Precision: 0.9842, Recall: 0.9842, F1-Score: 0.9842
2025-01-13 18:09:09,277 - INFO - Epoch 66 - Eval Loss: 1.6780, Accuracy: 0.6811, Precision: 0.7043, Recall: 0.6811, F1-Score: 0.6792
2025-01-13 18:09:13,812 - INFO - Epoch 67 - Train Loss: 0.0422, Accuracy: 0.9876, Precision: 0.9876, Recall: 0.9876, F1-Score: 0.9876
2025-01-13 18:09:16,250 - INFO - Epoch 67 - Eval Loss: 1.3954, Accuracy: 0.7054, Precision: 0.7123, Recall: 0.7054, F1-Score: 0.7071
2025-01-13 18:09:20,846 - INFO - Epoch 68 - Train Loss: 0.0376, Accuracy: 0.9878, Precision: 0.9878, Recall: 0.9878, F1-Score: 0.9878
2025-01-13 18:09:23,155 - INFO - Epoch 68 - Eval Loss: 1.4649, Accuracy: 0.7010, Precision: 0.7120, Recall: 0.7010, F1-Score: 0.6999
2025-01-13 18:09:27,584 - INFO - Epoch 69 - Train Loss: 0.0363, Accuracy: 0.9894, Precision: 0.9894, Recall: 0.9894, F1-Score: 0.9894
2025-01-13 18:09:29,934 - INFO - Epoch 69 - Eval Loss: 1.4179, Accuracy: 0.7034, Precision: 0.7154, Recall: 0.7034, F1-Score: 0.7052
2025-01-13 18:09:34,371 - INFO - Epoch 70 - Train Loss: 0.0286, Accuracy: 0.9912, Precision: 0.9912, Recall: 0.9912, F1-Score: 0.9912
2025-01-13 18:09:36,594 - INFO - Epoch 70 - Eval Loss: 1.5298, Accuracy: 0.7015, Precision: 0.7176, Recall: 0.7015, F1-Score: 0.7014
2025-01-13 18:09:41,123 - INFO - Epoch 71 - Train Loss: 0.0272, Accuracy: 0.9914, Precision: 0.9914, Recall: 0.9914, F1-Score: 0.9914
2025-01-13 18:09:43,456 - INFO - Epoch 71 - Eval Loss: 1.4150, Accuracy: 0.7066, Precision: 0.7035, Recall: 0.7066, F1-Score: 0.7040
2025-01-13 18:09:47,899 - INFO - Epoch 72 - Train Loss: 0.0231, Accuracy: 0.9922, Precision: 0.9922, Recall: 0.9922, F1-Score: 0.9922
2025-01-13 18:09:50,141 - INFO - Epoch 72 - Eval Loss: 1.4528, Accuracy: 0.7105, Precision: 0.7136, Recall: 0.7105, F1-Score: 0.7109
2025-01-13 18:09:54,766 - INFO - Epoch 73 - Train Loss: 0.0293, Accuracy: 0.9902, Precision: 0.9902, Recall: 0.9902, F1-Score: 0.9902
2025-01-13 18:09:57,069 - INFO - Epoch 73 - Eval Loss: 1.4578, Accuracy: 0.7067, Precision: 0.7149, Recall: 0.7068, F1-Score: 0.7072
2025-01-13 18:10:01,558 - INFO - Epoch 74 - Train Loss: 0.0373, Accuracy: 0.9886, Precision: 0.9886, Recall: 0.9886, F1-Score: 0.9886
2025-01-13 18:10:04,036 - INFO - Epoch 74 - Eval Loss: 1.4861, Accuracy: 0.7004, Precision: 0.7083, Recall: 0.7004, F1-Score: 0.7001
2025-01-13 18:10:08,656 - INFO - Epoch 75 - Train Loss: 0.0391, Accuracy: 0.9880, Precision: 0.9880, Recall: 0.9880, F1-Score: 0.9880
2025-01-13 18:10:10,920 - INFO - Epoch 75 - Eval Loss: 1.4412, Accuracy: 0.6989, Precision: 0.7028, Recall: 0.6989, F1-Score: 0.6966
2025-01-13 18:10:15,398 - INFO - Epoch 76 - Train Loss: 0.0427, Accuracy: 0.9856, Precision: 0.9856, Recall: 0.9856, F1-Score: 0.9856
2025-01-13 18:10:17,692 - INFO - Epoch 76 - Eval Loss: 1.3900, Accuracy: 0.7033, Precision: 0.7094, Recall: 0.7033, F1-Score: 0.7046
2025-01-13 18:10:22,046 - INFO - Epoch 77 - Train Loss: 0.0423, Accuracy: 0.9852, Precision: 0.9852, Recall: 0.9852, F1-Score: 0.9852
2025-01-13 18:10:24,302 - INFO - Epoch 77 - Eval Loss: 1.4500, Accuracy: 0.7069, Precision: 0.7149, Recall: 0.7069, F1-Score: 0.7085
2025-01-13 18:10:28,863 - INFO - Epoch 78 - Train Loss: 0.0424, Accuracy: 0.9860, Precision: 0.9860, Recall: 0.9860, F1-Score: 0.9860
2025-01-13 18:10:31,129 - INFO - Epoch 78 - Eval Loss: 1.6731, Accuracy: 0.6894, Precision: 0.7107, Recall: 0.6894, F1-Score: 0.6910
2025-01-13 18:10:35,589 - INFO - Epoch 79 - Train Loss: 0.0492, Accuracy: 0.9814, Precision: 0.9814, Recall: 0.9814, F1-Score: 0.9814
2025-01-13 18:10:37,941 - INFO - Epoch 79 - Eval Loss: 1.4856, Accuracy: 0.6953, Precision: 0.7039, Recall: 0.6952, F1-Score: 0.6932
2025-01-13 18:10:42,485 - INFO - Epoch 80 - Train Loss: 0.0442, Accuracy: 0.9840, Precision: 0.9840, Recall: 0.9840, F1-Score: 0.9840
2025-01-13 18:10:44,813 - INFO - Epoch 80 - Eval Loss: 1.3970, Accuracy: 0.7050, Precision: 0.7116, Recall: 0.7050, F1-Score: 0.7066
2025-01-13 18:10:49,256 - INFO - Epoch 81 - Train Loss: 0.0430, Accuracy: 0.9874, Precision: 0.9874, Recall: 0.9874, F1-Score: 0.9874
2025-01-13 18:10:51,558 - INFO - Epoch 81 - Eval Loss: 1.4675, Accuracy: 0.6935, Precision: 0.6935, Recall: 0.6935, F1-Score: 0.6908
2025-01-13 18:10:55,981 - INFO - Epoch 82 - Train Loss: 0.0397, Accuracy: 0.9870, Precision: 0.9870, Recall: 0.9870, F1-Score: 0.9870
2025-01-13 18:10:58,329 - INFO - Epoch 82 - Eval Loss: 1.6291, Accuracy: 0.6779, Precision: 0.6951, Recall: 0.6779, F1-Score: 0.6753
2025-01-13 18:11:02,743 - INFO - Epoch 83 - Train Loss: 0.0433, Accuracy: 0.9842, Precision: 0.9842, Recall: 0.9842, F1-Score: 0.9842
2025-01-13 18:11:05,100 - INFO - Epoch 83 - Eval Loss: 1.5132, Accuracy: 0.6943, Precision: 0.7054, Recall: 0.6943, F1-Score: 0.6970
2025-01-13 18:11:09,653 - INFO - Epoch 84 - Train Loss: 0.0400, Accuracy: 0.9864, Precision: 0.9865, Recall: 0.9864, F1-Score: 0.9864
2025-01-13 18:11:11,857 - INFO - Epoch 84 - Eval Loss: 1.4881, Accuracy: 0.7024, Precision: 0.7089, Recall: 0.7024, F1-Score: 0.7016
2025-01-13 18:11:16,241 - INFO - Epoch 85 - Train Loss: 0.0359, Accuracy: 0.9892, Precision: 0.9892, Recall: 0.9892, F1-Score: 0.9892
2025-01-13 18:11:18,491 - INFO - Epoch 85 - Eval Loss: 1.4234, Accuracy: 0.7105, Precision: 0.7137, Recall: 0.7105, F1-Score: 0.7114
2025-01-13 18:11:22,856 - INFO - Epoch 86 - Train Loss: 0.0394, Accuracy: 0.9874, Precision: 0.9874, Recall: 0.9874, F1-Score: 0.9874
2025-01-13 18:11:25,220 - INFO - Epoch 86 - Eval Loss: 1.5228, Accuracy: 0.6927, Precision: 0.7137, Recall: 0.6927, F1-Score: 0.6952
2025-01-13 18:11:29,635 - INFO - Epoch 87 - Train Loss: 0.0346, Accuracy: 0.9890, Precision: 0.9890, Recall: 0.9890, F1-Score: 0.9890
2025-01-13 18:11:32,022 - INFO - Epoch 87 - Eval Loss: 1.3859, Accuracy: 0.7104, Precision: 0.7186, Recall: 0.7104, F1-Score: 0.7128
2025-01-13 18:11:36,358 - INFO - Epoch 88 - Train Loss: 0.0345, Accuracy: 0.9862, Precision: 0.9862, Recall: 0.9862, F1-Score: 0.9862
2025-01-13 18:11:38,677 - INFO - Epoch 88 - Eval Loss: 1.5051, Accuracy: 0.7055, Precision: 0.7100, Recall: 0.7055, F1-Score: 0.7036
2025-01-13 18:11:43,086 - INFO - Epoch 89 - Train Loss: 0.0371, Accuracy: 0.9864, Precision: 0.9864, Recall: 0.9864, F1-Score: 0.9864
2025-01-13 18:11:45,396 - INFO - Epoch 89 - Eval Loss: 1.4139, Accuracy: 0.7129, Precision: 0.7149, Recall: 0.7129, F1-Score: 0.7127
2025-01-13 18:11:49,972 - INFO - Epoch 90 - Train Loss: 0.0385, Accuracy: 0.9882, Precision: 0.9883, Recall: 0.9882, F1-Score: 0.9882
2025-01-13 18:11:52,345 - INFO - Epoch 90 - Eval Loss: 1.6746, Accuracy: 0.6785, Precision: 0.6903, Recall: 0.6785, F1-Score: 0.6694
2025-01-13 18:11:56,739 - INFO - Epoch 91 - Train Loss: 0.0422, Accuracy: 0.9856, Precision: 0.9856, Recall: 0.9856, F1-Score: 0.9856
2025-01-13 18:11:59,074 - INFO - Epoch 91 - Eval Loss: 1.5555, Accuracy: 0.6905, Precision: 0.7171, Recall: 0.6905, F1-Score: 0.6956
2025-01-13 18:12:03,477 - INFO - Epoch 92 - Train Loss: 0.0459, Accuracy: 0.9832, Precision: 0.9832, Recall: 0.9832, F1-Score: 0.9832
2025-01-13 18:12:05,948 - INFO - Epoch 92 - Eval Loss: 1.5107, Accuracy: 0.7005, Precision: 0.7127, Recall: 0.7005, F1-Score: 0.7020
2025-01-13 18:12:10,394 - INFO - Epoch 93 - Train Loss: 0.0386, Accuracy: 0.9866, Precision: 0.9866, Recall: 0.9866, F1-Score: 0.9866
2025-01-13 18:12:12,639 - INFO - Epoch 93 - Eval Loss: 1.4578, Accuracy: 0.6963, Precision: 0.7118, Recall: 0.6963, F1-Score: 0.7004
2025-01-13 18:12:17,094 - INFO - Epoch 94 - Train Loss: 0.0368, Accuracy: 0.9874, Precision: 0.9874, Recall: 0.9874, F1-Score: 0.9874
2025-01-13 18:12:19,452 - INFO - Epoch 94 - Eval Loss: 1.5046, Accuracy: 0.7013, Precision: 0.7106, Recall: 0.7012, F1-Score: 0.7023
2025-01-13 18:12:23,921 - INFO - Epoch 95 - Train Loss: 0.0443, Accuracy: 0.9852, Precision: 0.9852, Recall: 0.9852, F1-Score: 0.9852
2025-01-13 18:12:26,372 - INFO - Epoch 95 - Eval Loss: 1.4831, Accuracy: 0.7000, Precision: 0.7143, Recall: 0.7000, F1-Score: 0.7008
2025-01-13 18:12:30,925 - INFO - Epoch 96 - Train Loss: 0.0331, Accuracy: 0.9892, Precision: 0.9892, Recall: 0.9892, F1-Score: 0.9892
2025-01-13 18:12:33,273 - INFO - Epoch 96 - Eval Loss: 1.4558, Accuracy: 0.6960, Precision: 0.7015, Recall: 0.6960, F1-Score: 0.6967
2025-01-13 18:12:37,688 - INFO - Epoch 97 - Train Loss: 0.0494, Accuracy: 0.9844, Precision: 0.9844, Recall: 0.9844, F1-Score: 0.9844
2025-01-13 18:12:39,910 - INFO - Epoch 97 - Eval Loss: 1.5546, Accuracy: 0.6965, Precision: 0.7049, Recall: 0.6965, F1-Score: 0.6946
2025-01-13 18:12:44,366 - INFO - Epoch 98 - Train Loss: 0.0379, Accuracy: 0.9864, Precision: 0.9864, Recall: 0.9864, F1-Score: 0.9864
2025-01-13 18:12:46,608 - INFO - Epoch 98 - Eval Loss: 1.4726, Accuracy: 0.6983, Precision: 0.7006, Recall: 0.6983, F1-Score: 0.6971
2025-01-13 18:12:50,953 - INFO - Epoch 99 - Train Loss: 0.0299, Accuracy: 0.9886, Precision: 0.9886, Recall: 0.9886, F1-Score: 0.9886
2025-01-13 18:12:53,225 - INFO - Epoch 99 - Eval Loss: 1.5738, Accuracy: 0.6921, Precision: 0.6985, Recall: 0.6921, F1-Score: 0.6878
2025-01-13 18:12:53,226 - INFO - Training finished
