2025-01-13 17:11:34,372 - INFO - Log file created at log/lr/cifar10_lr0.001_adam_wm1_20250113-171134.log
2025-01-13 17:11:34,542 - INFO - Using device cuda:1
2025-01-13 17:11:45,171 - INFO - Epoch 0 - Train Loss: 1.7651, Accuracy: 0.3589, Precision: 0.3536, Recall: 0.3589, F1-Score: 0.3546
2025-01-13 17:11:46,272 - INFO - Epoch 0 - Eval Loss: 1.4437, Accuracy: 0.4790, Precision: 0.4892, Recall: 0.4790, F1-Score: 0.4603
2025-01-13 17:11:52,904 - INFO - Epoch 1 - Train Loss: 1.3817, Accuracy: 0.4992, Precision: 0.4935, Recall: 0.4992, F1-Score: 0.4954
2025-01-13 17:11:53,944 - INFO - Epoch 1 - Eval Loss: 1.2176, Accuracy: 0.5571, Precision: 0.5574, Recall: 0.5571, F1-Score: 0.5440
2025-01-13 17:12:00,543 - INFO - Epoch 2 - Train Loss: 1.2021, Accuracy: 0.5703, Precision: 0.5667, Recall: 0.5703, F1-Score: 0.5683
2025-01-13 17:12:01,551 - INFO - Epoch 2 - Eval Loss: 1.0866, Accuracy: 0.6077, Precision: 0.6234, Recall: 0.6077, F1-Score: 0.6040
2025-01-13 17:12:08,133 - INFO - Epoch 3 - Train Loss: 1.0862, Accuracy: 0.6116, Precision: 0.6086, Recall: 0.6116, F1-Score: 0.6099
2025-01-13 17:12:09,106 - INFO - Epoch 3 - Eval Loss: 0.9343, Accuracy: 0.6701, Precision: 0.6684, Recall: 0.6701, F1-Score: 0.6677
2025-01-13 17:12:15,777 - INFO - Epoch 4 - Train Loss: 0.9947, Accuracy: 0.6477, Precision: 0.6461, Recall: 0.6477, F1-Score: 0.6468
2025-01-13 17:12:16,738 - INFO - Epoch 4 - Eval Loss: 0.9077, Accuracy: 0.6848, Precision: 0.6892, Recall: 0.6848, F1-Score: 0.6816
2025-01-13 17:12:23,395 - INFO - Epoch 5 - Train Loss: 0.9194, Accuracy: 0.6754, Precision: 0.6738, Recall: 0.6754, F1-Score: 0.6745
2025-01-13 17:12:24,374 - INFO - Epoch 5 - Eval Loss: 0.7985, Accuracy: 0.7187, Precision: 0.7193, Recall: 0.7187, F1-Score: 0.7158
2025-01-13 17:12:31,086 - INFO - Epoch 6 - Train Loss: 0.8469, Accuracy: 0.7006, Precision: 0.6988, Recall: 0.7006, F1-Score: 0.6995
2025-01-13 17:12:32,078 - INFO - Epoch 6 - Eval Loss: 0.7739, Accuracy: 0.7301, Precision: 0.7287, Recall: 0.7301, F1-Score: 0.7226
2025-01-13 17:12:38,807 - INFO - Epoch 7 - Train Loss: 0.8015, Accuracy: 0.7171, Precision: 0.7164, Recall: 0.7171, F1-Score: 0.7166
2025-01-13 17:12:39,842 - INFO - Epoch 7 - Eval Loss: 0.7395, Accuracy: 0.7416, Precision: 0.7478, Recall: 0.7416, F1-Score: 0.7375
2025-01-13 17:12:46,560 - INFO - Epoch 8 - Train Loss: 0.7493, Accuracy: 0.7383, Precision: 0.7374, Recall: 0.7383, F1-Score: 0.7377
2025-01-13 17:12:47,545 - INFO - Epoch 8 - Eval Loss: 0.6889, Accuracy: 0.7592, Precision: 0.7610, Recall: 0.7592, F1-Score: 0.7591
2025-01-13 17:12:54,117 - INFO - Epoch 9 - Train Loss: 0.7046, Accuracy: 0.7517, Precision: 0.7511, Recall: 0.7517, F1-Score: 0.7513
2025-01-13 17:12:55,138 - INFO - Epoch 9 - Eval Loss: 0.6756, Accuracy: 0.7635, Precision: 0.7675, Recall: 0.7635, F1-Score: 0.7618
2025-01-13 17:13:01,866 - INFO - Epoch 10 - Train Loss: 0.6826, Accuracy: 0.7597, Precision: 0.7591, Recall: 0.7597, F1-Score: 0.7593
2025-01-13 17:13:02,938 - INFO - Epoch 10 - Eval Loss: 0.6411, Accuracy: 0.7790, Precision: 0.7823, Recall: 0.7790, F1-Score: 0.7783
2025-01-13 17:13:09,732 - INFO - Epoch 11 - Train Loss: 0.6545, Accuracy: 0.7685, Precision: 0.7680, Recall: 0.7685, F1-Score: 0.7681
2025-01-13 17:13:10,789 - INFO - Epoch 11 - Eval Loss: 0.6263, Accuracy: 0.7847, Precision: 0.7855, Recall: 0.7847, F1-Score: 0.7823
2025-01-13 17:13:17,515 - INFO - Epoch 12 - Train Loss: 0.6291, Accuracy: 0.7799, Precision: 0.7793, Recall: 0.7799, F1-Score: 0.7795
2025-01-13 17:13:18,444 - INFO - Epoch 12 - Eval Loss: 0.6020, Accuracy: 0.7929, Precision: 0.7929, Recall: 0.7929, F1-Score: 0.7913
2025-01-13 17:13:25,107 - INFO - Epoch 13 - Train Loss: 0.6057, Accuracy: 0.7885, Precision: 0.7881, Recall: 0.7885, F1-Score: 0.7882
2025-01-13 17:13:26,089 - INFO - Epoch 13 - Eval Loss: 0.5884, Accuracy: 0.7957, Precision: 0.7988, Recall: 0.7957, F1-Score: 0.7955
2025-01-13 17:13:32,783 - INFO - Epoch 14 - Train Loss: 0.5867, Accuracy: 0.7943, Precision: 0.7940, Recall: 0.7943, F1-Score: 0.7941
2025-01-13 17:13:33,730 - INFO - Epoch 14 - Eval Loss: 0.5694, Accuracy: 0.8016, Precision: 0.8039, Recall: 0.8016, F1-Score: 0.8017
2025-01-13 17:13:40,385 - INFO - Epoch 15 - Train Loss: 0.5698, Accuracy: 0.8004, Precision: 0.8001, Recall: 0.8004, F1-Score: 0.8001
2025-01-13 17:13:41,335 - INFO - Epoch 15 - Eval Loss: 0.5647, Accuracy: 0.8037, Precision: 0.8043, Recall: 0.8037, F1-Score: 0.8022
2025-01-13 17:13:48,028 - INFO - Epoch 16 - Train Loss: 0.5578, Accuracy: 0.8044, Precision: 0.8040, Recall: 0.8044, F1-Score: 0.8041
2025-01-13 17:13:49,063 - INFO - Epoch 16 - Eval Loss: 0.5521, Accuracy: 0.8119, Precision: 0.8154, Recall: 0.8119, F1-Score: 0.8120
2025-01-13 17:13:55,774 - INFO - Epoch 17 - Train Loss: 0.5430, Accuracy: 0.8096, Precision: 0.8092, Recall: 0.8096, F1-Score: 0.8093
2025-01-13 17:13:56,770 - INFO - Epoch 17 - Eval Loss: 0.5554, Accuracy: 0.8102, Precision: 0.8102, Recall: 0.8102, F1-Score: 0.8087
2025-01-13 17:14:03,451 - INFO - Epoch 18 - Train Loss: 0.5277, Accuracy: 0.8151, Precision: 0.8147, Recall: 0.8151, F1-Score: 0.8149
2025-01-13 17:14:04,437 - INFO - Epoch 18 - Eval Loss: 0.5327, Accuracy: 0.8173, Precision: 0.8184, Recall: 0.8173, F1-Score: 0.8158
2025-01-13 17:14:11,134 - INFO - Epoch 19 - Train Loss: 0.5121, Accuracy: 0.8194, Precision: 0.8190, Recall: 0.8194, F1-Score: 0.8191
2025-01-13 17:14:12,093 - INFO - Epoch 19 - Eval Loss: 0.5447, Accuracy: 0.8146, Precision: 0.8186, Recall: 0.8146, F1-Score: 0.8133
2025-01-13 17:14:18,772 - INFO - Epoch 20 - Train Loss: 0.4992, Accuracy: 0.8258, Precision: 0.8257, Recall: 0.8258, F1-Score: 0.8257
2025-01-13 17:14:19,741 - INFO - Epoch 20 - Eval Loss: 0.5341, Accuracy: 0.8178, Precision: 0.8190, Recall: 0.8178, F1-Score: 0.8170
2025-01-13 17:14:26,678 - INFO - Epoch 21 - Train Loss: 0.4895, Accuracy: 0.8294, Precision: 0.8290, Recall: 0.8294, F1-Score: 0.8292
2025-01-13 17:14:27,645 - INFO - Epoch 21 - Eval Loss: 0.5209, Accuracy: 0.8239, Precision: 0.8256, Recall: 0.8239, F1-Score: 0.8239
2025-01-13 17:14:34,298 - INFO - Epoch 22 - Train Loss: 0.4769, Accuracy: 0.8328, Precision: 0.8327, Recall: 0.8328, F1-Score: 0.8327
2025-01-13 17:14:35,296 - INFO - Epoch 22 - Eval Loss: 0.5023, Accuracy: 0.8292, Precision: 0.8289, Recall: 0.8292, F1-Score: 0.8287
2025-01-13 17:14:42,047 - INFO - Epoch 23 - Train Loss: 0.4719, Accuracy: 0.8354, Precision: 0.8350, Recall: 0.8354, F1-Score: 0.8351
2025-01-13 17:14:42,977 - INFO - Epoch 23 - Eval Loss: 0.5002, Accuracy: 0.8311, Precision: 0.8325, Recall: 0.8311, F1-Score: 0.8309
2025-01-13 17:14:49,668 - INFO - Epoch 24 - Train Loss: 0.4560, Accuracy: 0.8399, Precision: 0.8397, Recall: 0.8399, F1-Score: 0.8398
2025-01-13 17:14:50,631 - INFO - Epoch 24 - Eval Loss: 0.4844, Accuracy: 0.8368, Precision: 0.8371, Recall: 0.8368, F1-Score: 0.8366
2025-01-13 17:14:57,375 - INFO - Epoch 25 - Train Loss: 0.4465, Accuracy: 0.8447, Precision: 0.8446, Recall: 0.8447, F1-Score: 0.8446
2025-01-13 17:14:58,549 - INFO - Epoch 25 - Eval Loss: 0.4915, Accuracy: 0.8336, Precision: 0.8347, Recall: 0.8336, F1-Score: 0.8331
2025-01-13 17:15:05,302 - INFO - Epoch 26 - Train Loss: 0.4380, Accuracy: 0.8470, Precision: 0.8469, Recall: 0.8470, F1-Score: 0.8469
2025-01-13 17:15:06,269 - INFO - Epoch 26 - Eval Loss: 0.5063, Accuracy: 0.8270, Precision: 0.8319, Recall: 0.8270, F1-Score: 0.8271
2025-01-13 17:15:12,978 - INFO - Epoch 27 - Train Loss: 0.4307, Accuracy: 0.8500, Precision: 0.8498, Recall: 0.8500, F1-Score: 0.8499
2025-01-13 17:15:13,985 - INFO - Epoch 27 - Eval Loss: 0.4944, Accuracy: 0.8310, Precision: 0.8305, Recall: 0.8310, F1-Score: 0.8292
2025-01-13 17:15:20,705 - INFO - Epoch 28 - Train Loss: 0.4241, Accuracy: 0.8531, Precision: 0.8530, Recall: 0.8531, F1-Score: 0.8530
2025-01-13 17:15:21,702 - INFO - Epoch 28 - Eval Loss: 0.4712, Accuracy: 0.8386, Precision: 0.8405, Recall: 0.8386, F1-Score: 0.8388
2025-01-13 17:15:28,596 - INFO - Epoch 29 - Train Loss: 0.4190, Accuracy: 0.8531, Precision: 0.8530, Recall: 0.8531, F1-Score: 0.8530
2025-01-13 17:15:29,655 - INFO - Epoch 29 - Eval Loss: 0.4757, Accuracy: 0.8413, Precision: 0.8439, Recall: 0.8413, F1-Score: 0.8410
2025-01-13 17:15:36,475 - INFO - Epoch 30 - Train Loss: 0.4125, Accuracy: 0.8560, Precision: 0.8560, Recall: 0.8560, F1-Score: 0.8559
2025-01-13 17:15:37,413 - INFO - Epoch 30 - Eval Loss: 0.4649, Accuracy: 0.8380, Precision: 0.8378, Recall: 0.8380, F1-Score: 0.8373
2025-01-13 17:15:44,173 - INFO - Epoch 31 - Train Loss: 0.3975, Accuracy: 0.8612, Precision: 0.8611, Recall: 0.8612, F1-Score: 0.8611
2025-01-13 17:15:45,178 - INFO - Epoch 31 - Eval Loss: 0.4563, Accuracy: 0.8462, Precision: 0.8479, Recall: 0.8462, F1-Score: 0.8464
2025-01-13 17:15:51,976 - INFO - Epoch 32 - Train Loss: 0.3951, Accuracy: 0.8631, Precision: 0.8631, Recall: 0.8631, F1-Score: 0.8631
2025-01-13 17:15:52,921 - INFO - Epoch 32 - Eval Loss: 0.4878, Accuracy: 0.8343, Precision: 0.8372, Recall: 0.8343, F1-Score: 0.8334
2025-01-13 17:15:59,659 - INFO - Epoch 33 - Train Loss: 0.3891, Accuracy: 0.8635, Precision: 0.8634, Recall: 0.8635, F1-Score: 0.8634
2025-01-13 17:16:00,634 - INFO - Epoch 33 - Eval Loss: 0.4674, Accuracy: 0.8458, Precision: 0.8492, Recall: 0.8458, F1-Score: 0.8455
2025-01-13 17:16:07,330 - INFO - Epoch 34 - Train Loss: 0.3834, Accuracy: 0.8652, Precision: 0.8650, Recall: 0.8652, F1-Score: 0.8651
2025-01-13 17:16:08,448 - INFO - Epoch 34 - Eval Loss: 0.4501, Accuracy: 0.8493, Precision: 0.8533, Recall: 0.8493, F1-Score: 0.8492
2025-01-13 17:16:15,161 - INFO - Epoch 35 - Train Loss: 0.3749, Accuracy: 0.8685, Precision: 0.8685, Recall: 0.8685, F1-Score: 0.8685
2025-01-13 17:16:16,187 - INFO - Epoch 35 - Eval Loss: 0.4771, Accuracy: 0.8409, Precision: 0.8393, Recall: 0.8409, F1-Score: 0.8393
2025-01-13 17:16:22,997 - INFO - Epoch 36 - Train Loss: 0.3709, Accuracy: 0.8700, Precision: 0.8700, Recall: 0.8700, F1-Score: 0.8700
2025-01-13 17:16:23,949 - INFO - Epoch 36 - Eval Loss: 0.4622, Accuracy: 0.8516, Precision: 0.8527, Recall: 0.8516, F1-Score: 0.8511
2025-01-13 17:16:30,573 - INFO - Epoch 37 - Train Loss: 0.3628, Accuracy: 0.8723, Precision: 0.8721, Recall: 0.8723, F1-Score: 0.8721
2025-01-13 17:16:31,562 - INFO - Epoch 37 - Eval Loss: 0.4361, Accuracy: 0.8574, Precision: 0.8583, Recall: 0.8574, F1-Score: 0.8573
2025-01-13 17:16:38,280 - INFO - Epoch 38 - Train Loss: 0.3545, Accuracy: 0.8753, Precision: 0.8753, Recall: 0.8753, F1-Score: 0.8753
2025-01-13 17:16:39,442 - INFO - Epoch 38 - Eval Loss: 0.4489, Accuracy: 0.8526, Precision: 0.8519, Recall: 0.8526, F1-Score: 0.8515
2025-01-13 17:16:46,072 - INFO - Epoch 39 - Train Loss: 0.3508, Accuracy: 0.8770, Precision: 0.8769, Recall: 0.8770, F1-Score: 0.8769
2025-01-13 17:16:47,046 - INFO - Epoch 39 - Eval Loss: 0.4531, Accuracy: 0.8532, Precision: 0.8553, Recall: 0.8532, F1-Score: 0.8529
2025-01-13 17:16:53,693 - INFO - Epoch 40 - Train Loss: 0.3463, Accuracy: 0.8803, Precision: 0.8802, Recall: 0.8803, F1-Score: 0.8803
2025-01-13 17:16:54,617 - INFO - Epoch 40 - Eval Loss: 0.4402, Accuracy: 0.8558, Precision: 0.8563, Recall: 0.8558, F1-Score: 0.8553
2025-01-13 17:17:01,249 - INFO - Epoch 41 - Train Loss: 0.3415, Accuracy: 0.8799, Precision: 0.8800, Recall: 0.8799, F1-Score: 0.8799
2025-01-13 17:17:02,214 - INFO - Epoch 41 - Eval Loss: 0.4489, Accuracy: 0.8504, Precision: 0.8527, Recall: 0.8504, F1-Score: 0.8497
2025-01-13 17:17:08,869 - INFO - Epoch 42 - Train Loss: 0.3422, Accuracy: 0.8797, Precision: 0.8796, Recall: 0.8797, F1-Score: 0.8796
2025-01-13 17:17:09,901 - INFO - Epoch 42 - Eval Loss: 0.4277, Accuracy: 0.8585, Precision: 0.8597, Recall: 0.8585, F1-Score: 0.8584
2025-01-13 17:17:16,728 - INFO - Epoch 43 - Train Loss: 0.3320, Accuracy: 0.8834, Precision: 0.8833, Recall: 0.8834, F1-Score: 0.8833
2025-01-13 17:17:17,910 - INFO - Epoch 43 - Eval Loss: 0.4473, Accuracy: 0.8492, Precision: 0.8516, Recall: 0.8492, F1-Score: 0.8494
2025-01-13 17:17:24,665 - INFO - Epoch 44 - Train Loss: 0.3318, Accuracy: 0.8827, Precision: 0.8828, Recall: 0.8827, F1-Score: 0.8827
2025-01-13 17:17:25,612 - INFO - Epoch 44 - Eval Loss: 0.4471, Accuracy: 0.8516, Precision: 0.8534, Recall: 0.8516, F1-Score: 0.8514
2025-01-13 17:17:32,283 - INFO - Epoch 45 - Train Loss: 0.3217, Accuracy: 0.8886, Precision: 0.8885, Recall: 0.8886, F1-Score: 0.8885
2025-01-13 17:17:33,278 - INFO - Epoch 45 - Eval Loss: 0.4398, Accuracy: 0.8570, Precision: 0.8598, Recall: 0.8570, F1-Score: 0.8578
2025-01-13 17:17:40,113 - INFO - Epoch 46 - Train Loss: 0.3187, Accuracy: 0.8894, Precision: 0.8893, Recall: 0.8894, F1-Score: 0.8894
2025-01-13 17:17:41,078 - INFO - Epoch 46 - Eval Loss: 0.4367, Accuracy: 0.8616, Precision: 0.8630, Recall: 0.8616, F1-Score: 0.8613
2025-01-13 17:17:47,824 - INFO - Epoch 47 - Train Loss: 0.3204, Accuracy: 0.8884, Precision: 0.8884, Recall: 0.8884, F1-Score: 0.8884
2025-01-13 17:17:48,793 - INFO - Epoch 47 - Eval Loss: 0.4543, Accuracy: 0.8551, Precision: 0.8591, Recall: 0.8551, F1-Score: 0.8550
2025-01-13 17:17:55,635 - INFO - Epoch 48 - Train Loss: 0.3111, Accuracy: 0.8918, Precision: 0.8919, Recall: 0.8918, F1-Score: 0.8918
2025-01-13 17:17:56,586 - INFO - Epoch 48 - Eval Loss: 0.4312, Accuracy: 0.8609, Precision: 0.8611, Recall: 0.8609, F1-Score: 0.8600
2025-01-13 17:18:03,272 - INFO - Epoch 49 - Train Loss: 0.3090, Accuracy: 0.8930, Precision: 0.8929, Recall: 0.8930, F1-Score: 0.8929
2025-01-13 17:18:04,229 - INFO - Epoch 49 - Eval Loss: 0.4292, Accuracy: 0.8599, Precision: 0.8636, Recall: 0.8599, F1-Score: 0.8608
2025-01-13 17:18:10,885 - INFO - Epoch 50 - Train Loss: 0.3018, Accuracy: 0.8928, Precision: 0.8927, Recall: 0.8928, F1-Score: 0.8927
2025-01-13 17:18:11,877 - INFO - Epoch 50 - Eval Loss: 0.4258, Accuracy: 0.8619, Precision: 0.8618, Recall: 0.8619, F1-Score: 0.8615
2025-01-13 17:18:18,563 - INFO - Epoch 51 - Train Loss: 0.3000, Accuracy: 0.8945, Precision: 0.8945, Recall: 0.8945, F1-Score: 0.8945
2025-01-13 17:18:19,489 - INFO - Epoch 51 - Eval Loss: 0.4282, Accuracy: 0.8599, Precision: 0.8634, Recall: 0.8599, F1-Score: 0.8607
2025-01-13 17:18:26,234 - INFO - Epoch 52 - Train Loss: 0.2990, Accuracy: 0.8956, Precision: 0.8954, Recall: 0.8956, F1-Score: 0.8955
2025-01-13 17:18:27,351 - INFO - Epoch 52 - Eval Loss: 0.4318, Accuracy: 0.8622, Precision: 0.8656, Recall: 0.8622, F1-Score: 0.8626
2025-01-13 17:18:34,070 - INFO - Epoch 53 - Train Loss: 0.2987, Accuracy: 0.8948, Precision: 0.8948, Recall: 0.8948, F1-Score: 0.8948
2025-01-13 17:18:35,031 - INFO - Epoch 53 - Eval Loss: 0.4144, Accuracy: 0.8639, Precision: 0.8646, Recall: 0.8639, F1-Score: 0.8634
2025-01-13 17:18:41,707 - INFO - Epoch 54 - Train Loss: 0.2855, Accuracy: 0.8994, Precision: 0.8994, Recall: 0.8994, F1-Score: 0.8994
2025-01-13 17:18:42,702 - INFO - Epoch 54 - Eval Loss: 0.4493, Accuracy: 0.8567, Precision: 0.8611, Recall: 0.8567, F1-Score: 0.8564
2025-01-13 17:18:49,363 - INFO - Epoch 55 - Train Loss: 0.2855, Accuracy: 0.9002, Precision: 0.9001, Recall: 0.9002, F1-Score: 0.9001
2025-01-13 17:18:50,357 - INFO - Epoch 55 - Eval Loss: 0.4354, Accuracy: 0.8586, Precision: 0.8601, Recall: 0.8586, F1-Score: 0.8582
2025-01-13 17:18:57,075 - INFO - Epoch 56 - Train Loss: 0.2822, Accuracy: 0.9011, Precision: 0.9010, Recall: 0.9011, F1-Score: 0.9010
2025-01-13 17:18:58,044 - INFO - Epoch 56 - Eval Loss: 0.4200, Accuracy: 0.8631, Precision: 0.8646, Recall: 0.8631, F1-Score: 0.8634
2025-01-13 17:19:04,934 - INFO - Epoch 57 - Train Loss: 0.2786, Accuracy: 0.9017, Precision: 0.9017, Recall: 0.9017, F1-Score: 0.9016
2025-01-13 17:19:05,955 - INFO - Epoch 57 - Eval Loss: 0.4221, Accuracy: 0.8637, Precision: 0.8649, Recall: 0.8637, F1-Score: 0.8627
2025-01-13 17:19:12,811 - INFO - Epoch 58 - Train Loss: 0.2765, Accuracy: 0.9043, Precision: 0.9042, Recall: 0.9043, F1-Score: 0.9042
2025-01-13 17:19:13,787 - INFO - Epoch 58 - Eval Loss: 0.4219, Accuracy: 0.8641, Precision: 0.8644, Recall: 0.8641, F1-Score: 0.8633
2025-01-13 17:19:20,433 - INFO - Epoch 59 - Train Loss: 0.2754, Accuracy: 0.9032, Precision: 0.9031, Recall: 0.9032, F1-Score: 0.9031
2025-01-13 17:19:21,397 - INFO - Epoch 59 - Eval Loss: 0.4164, Accuracy: 0.8665, Precision: 0.8686, Recall: 0.8665, F1-Score: 0.8666
2025-01-13 17:19:28,128 - INFO - Epoch 60 - Train Loss: 0.2677, Accuracy: 0.9058, Precision: 0.9057, Recall: 0.9058, F1-Score: 0.9058
2025-01-13 17:19:29,106 - INFO - Epoch 60 - Eval Loss: 0.4323, Accuracy: 0.8666, Precision: 0.8676, Recall: 0.8666, F1-Score: 0.8662
2025-01-13 17:19:35,849 - INFO - Epoch 61 - Train Loss: 0.2665, Accuracy: 0.9056, Precision: 0.9055, Recall: 0.9056, F1-Score: 0.9056
2025-01-13 17:19:36,899 - INFO - Epoch 61 - Eval Loss: 0.4269, Accuracy: 0.8649, Precision: 0.8653, Recall: 0.8649, F1-Score: 0.8643
2025-01-13 17:19:43,570 - INFO - Epoch 62 - Train Loss: 0.2676, Accuracy: 0.9056, Precision: 0.9056, Recall: 0.9056, F1-Score: 0.9055
2025-01-13 17:19:44,504 - INFO - Epoch 62 - Eval Loss: 0.4044, Accuracy: 0.8700, Precision: 0.8715, Recall: 0.8700, F1-Score: 0.8704
2025-01-13 17:19:51,219 - INFO - Epoch 63 - Train Loss: 0.2584, Accuracy: 0.9087, Precision: 0.9088, Recall: 0.9087, F1-Score: 0.9087
2025-01-13 17:19:52,189 - INFO - Epoch 63 - Eval Loss: 0.4402, Accuracy: 0.8641, Precision: 0.8654, Recall: 0.8641, F1-Score: 0.8633
2025-01-13 17:19:58,872 - INFO - Epoch 64 - Train Loss: 0.2599, Accuracy: 0.9081, Precision: 0.9082, Recall: 0.9081, F1-Score: 0.9081
2025-01-13 17:19:59,814 - INFO - Epoch 64 - Eval Loss: 0.4215, Accuracy: 0.8701, Precision: 0.8702, Recall: 0.8701, F1-Score: 0.8698
2025-01-13 17:20:06,551 - INFO - Epoch 65 - Train Loss: 0.2541, Accuracy: 0.9098, Precision: 0.9098, Recall: 0.9098, F1-Score: 0.9098
2025-01-13 17:20:07,553 - INFO - Epoch 65 - Eval Loss: 0.4046, Accuracy: 0.8705, Precision: 0.8707, Recall: 0.8705, F1-Score: 0.8702
2025-01-13 17:20:14,468 - INFO - Epoch 66 - Train Loss: 0.2478, Accuracy: 0.9135, Precision: 0.9134, Recall: 0.9135, F1-Score: 0.9134
2025-01-13 17:20:15,434 - INFO - Epoch 66 - Eval Loss: 0.4302, Accuracy: 0.8639, Precision: 0.8677, Recall: 0.8639, F1-Score: 0.8650
2025-01-13 17:20:22,189 - INFO - Epoch 67 - Train Loss: 0.2503, Accuracy: 0.9115, Precision: 0.9115, Recall: 0.9115, F1-Score: 0.9115
2025-01-13 17:20:23,153 - INFO - Epoch 67 - Eval Loss: 0.4114, Accuracy: 0.8709, Precision: 0.8718, Recall: 0.8709, F1-Score: 0.8702
2025-01-13 17:20:29,889 - INFO - Epoch 68 - Train Loss: 0.2432, Accuracy: 0.9150, Precision: 0.9150, Recall: 0.9150, F1-Score: 0.9150
2025-01-13 17:20:30,819 - INFO - Epoch 68 - Eval Loss: 0.4481, Accuracy: 0.8623, Precision: 0.8636, Recall: 0.8623, F1-Score: 0.8609
2025-01-13 17:20:37,512 - INFO - Epoch 69 - Train Loss: 0.2375, Accuracy: 0.9155, Precision: 0.9155, Recall: 0.9155, F1-Score: 0.9155
2025-01-13 17:20:38,445 - INFO - Epoch 69 - Eval Loss: 0.4280, Accuracy: 0.8658, Precision: 0.8684, Recall: 0.8658, F1-Score: 0.8662
2025-01-13 17:20:45,142 - INFO - Epoch 70 - Train Loss: 0.2404, Accuracy: 0.9167, Precision: 0.9168, Recall: 0.9167, F1-Score: 0.9167
2025-01-13 17:20:46,133 - INFO - Epoch 70 - Eval Loss: 0.4173, Accuracy: 0.8690, Precision: 0.8737, Recall: 0.8690, F1-Score: 0.8702
2025-01-13 17:20:52,969 - INFO - Epoch 71 - Train Loss: 0.2400, Accuracy: 0.9163, Precision: 0.9163, Recall: 0.9163, F1-Score: 0.9163
2025-01-13 17:20:53,934 - INFO - Epoch 71 - Eval Loss: 0.4392, Accuracy: 0.8653, Precision: 0.8695, Recall: 0.8653, F1-Score: 0.8652
2025-01-13 17:21:00,732 - INFO - Epoch 72 - Train Loss: 0.2351, Accuracy: 0.9168, Precision: 0.9168, Recall: 0.9168, F1-Score: 0.9168
2025-01-13 17:21:01,711 - INFO - Epoch 72 - Eval Loss: 0.4219, Accuracy: 0.8695, Precision: 0.8696, Recall: 0.8695, F1-Score: 0.8688
2025-01-13 17:21:08,379 - INFO - Epoch 73 - Train Loss: 0.2324, Accuracy: 0.9166, Precision: 0.9165, Recall: 0.9166, F1-Score: 0.9165
2025-01-13 17:21:09,351 - INFO - Epoch 73 - Eval Loss: 0.3975, Accuracy: 0.8753, Precision: 0.8756, Recall: 0.8753, F1-Score: 0.8750
2025-01-13 17:21:16,043 - INFO - Epoch 74 - Train Loss: 0.2316, Accuracy: 0.9171, Precision: 0.9171, Recall: 0.9171, F1-Score: 0.9171
2025-01-13 17:21:17,088 - INFO - Epoch 74 - Eval Loss: 0.4055, Accuracy: 0.8707, Precision: 0.8710, Recall: 0.8707, F1-Score: 0.8706
2025-01-13 17:21:23,882 - INFO - Epoch 75 - Train Loss: 0.2369, Accuracy: 0.9164, Precision: 0.9164, Recall: 0.9164, F1-Score: 0.9164
2025-01-13 17:21:24,945 - INFO - Epoch 75 - Eval Loss: 0.4168, Accuracy: 0.8703, Precision: 0.8705, Recall: 0.8703, F1-Score: 0.8693
2025-01-13 17:21:31,686 - INFO - Epoch 76 - Train Loss: 0.2243, Accuracy: 0.9203, Precision: 0.9203, Recall: 0.9203, F1-Score: 0.9203
2025-01-13 17:21:32,697 - INFO - Epoch 76 - Eval Loss: 0.3982, Accuracy: 0.8791, Precision: 0.8800, Recall: 0.8791, F1-Score: 0.8791
2025-01-13 17:21:39,499 - INFO - Epoch 77 - Train Loss: 0.2250, Accuracy: 0.9200, Precision: 0.9200, Recall: 0.9200, F1-Score: 0.9200
2025-01-13 17:21:40,433 - INFO - Epoch 77 - Eval Loss: 0.4144, Accuracy: 0.8738, Precision: 0.8735, Recall: 0.8738, F1-Score: 0.8729
2025-01-13 17:21:47,153 - INFO - Epoch 78 - Train Loss: 0.2231, Accuracy: 0.9207, Precision: 0.9208, Recall: 0.9207, F1-Score: 0.9207
2025-01-13 17:21:48,176 - INFO - Epoch 78 - Eval Loss: 0.4450, Accuracy: 0.8649, Precision: 0.8675, Recall: 0.8649, F1-Score: 0.8649
2025-01-13 17:21:54,995 - INFO - Epoch 79 - Train Loss: 0.2197, Accuracy: 0.9231, Precision: 0.9231, Recall: 0.9231, F1-Score: 0.9231
2025-01-13 17:21:56,105 - INFO - Epoch 79 - Eval Loss: 0.4106, Accuracy: 0.8741, Precision: 0.8741, Recall: 0.8741, F1-Score: 0.8738
2025-01-13 17:22:02,797 - INFO - Epoch 80 - Train Loss: 0.2125, Accuracy: 0.9248, Precision: 0.9247, Recall: 0.9248, F1-Score: 0.9247
2025-01-13 17:22:03,786 - INFO - Epoch 80 - Eval Loss: 0.3964, Accuracy: 0.8771, Precision: 0.8782, Recall: 0.8771, F1-Score: 0.8775
2025-01-13 17:22:10,548 - INFO - Epoch 81 - Train Loss: 0.2160, Accuracy: 0.9245, Precision: 0.9245, Recall: 0.9245, F1-Score: 0.9245
2025-01-13 17:22:11,522 - INFO - Epoch 81 - Eval Loss: 0.4047, Accuracy: 0.8707, Precision: 0.8710, Recall: 0.8707, F1-Score: 0.8707
2025-01-13 17:22:18,231 - INFO - Epoch 82 - Train Loss: 0.2162, Accuracy: 0.9229, Precision: 0.9229, Recall: 0.9229, F1-Score: 0.9229
2025-01-13 17:22:19,179 - INFO - Epoch 82 - Eval Loss: 0.4282, Accuracy: 0.8689, Precision: 0.8687, Recall: 0.8689, F1-Score: 0.8683
2025-01-13 17:22:25,953 - INFO - Epoch 83 - Train Loss: 0.2106, Accuracy: 0.9252, Precision: 0.9253, Recall: 0.9252, F1-Score: 0.9252
2025-01-13 17:22:26,935 - INFO - Epoch 83 - Eval Loss: 0.4294, Accuracy: 0.8690, Precision: 0.8699, Recall: 0.8690, F1-Score: 0.8682
2025-01-13 17:22:33,912 - INFO - Epoch 84 - Train Loss: 0.2051, Accuracy: 0.9267, Precision: 0.9266, Recall: 0.9267, F1-Score: 0.9266
2025-01-13 17:22:34,853 - INFO - Epoch 84 - Eval Loss: 0.4141, Accuracy: 0.8738, Precision: 0.8757, Recall: 0.8738, F1-Score: 0.8742
2025-01-13 17:22:41,573 - INFO - Epoch 85 - Train Loss: 0.2072, Accuracy: 0.9264, Precision: 0.9265, Recall: 0.9264, F1-Score: 0.9264
2025-01-13 17:22:42,590 - INFO - Epoch 85 - Eval Loss: 0.4219, Accuracy: 0.8712, Precision: 0.8712, Recall: 0.8712, F1-Score: 0.8705
2025-01-13 17:22:49,331 - INFO - Epoch 86 - Train Loss: 0.2069, Accuracy: 0.9271, Precision: 0.9271, Recall: 0.9271, F1-Score: 0.9271
2025-01-13 17:22:50,282 - INFO - Epoch 86 - Eval Loss: 0.4229, Accuracy: 0.8714, Precision: 0.8729, Recall: 0.8714, F1-Score: 0.8711
2025-01-13 17:22:56,997 - INFO - Epoch 87 - Train Loss: 0.2046, Accuracy: 0.9276, Precision: 0.9276, Recall: 0.9276, F1-Score: 0.9276
2025-01-13 17:22:57,970 - INFO - Epoch 87 - Eval Loss: 0.4101, Accuracy: 0.8736, Precision: 0.8762, Recall: 0.8736, F1-Score: 0.8737
2025-01-13 17:23:04,679 - INFO - Epoch 88 - Train Loss: 0.2009, Accuracy: 0.9296, Precision: 0.9296, Recall: 0.9296, F1-Score: 0.9296
2025-01-13 17:23:05,668 - INFO - Epoch 88 - Eval Loss: 0.4198, Accuracy: 0.8732, Precision: 0.8745, Recall: 0.8732, F1-Score: 0.8727
2025-01-13 17:23:12,398 - INFO - Epoch 89 - Train Loss: 0.2005, Accuracy: 0.9297, Precision: 0.9297, Recall: 0.9297, F1-Score: 0.9297
2025-01-13 17:23:13,311 - INFO - Epoch 89 - Eval Loss: 0.4251, Accuracy: 0.8743, Precision: 0.8753, Recall: 0.8743, F1-Score: 0.8741
2025-01-13 17:23:20,134 - INFO - Epoch 90 - Train Loss: 0.2010, Accuracy: 0.9294, Precision: 0.9294, Recall: 0.9294, F1-Score: 0.9294
2025-01-13 17:23:21,227 - INFO - Epoch 90 - Eval Loss: 0.4207, Accuracy: 0.8748, Precision: 0.8751, Recall: 0.8748, F1-Score: 0.8746
2025-01-13 17:23:28,020 - INFO - Epoch 91 - Train Loss: 0.1933, Accuracy: 0.9321, Precision: 0.9321, Recall: 0.9321, F1-Score: 0.9321
2025-01-13 17:23:29,176 - INFO - Epoch 91 - Eval Loss: 0.4214, Accuracy: 0.8709, Precision: 0.8734, Recall: 0.8709, F1-Score: 0.8707
2025-01-13 17:23:35,912 - INFO - Epoch 92 - Train Loss: 0.1980, Accuracy: 0.9320, Precision: 0.9319, Recall: 0.9320, F1-Score: 0.9320
2025-01-13 17:23:36,843 - INFO - Epoch 92 - Eval Loss: 0.4381, Accuracy: 0.8675, Precision: 0.8775, Recall: 0.8675, F1-Score: 0.8694
2025-01-13 17:23:44,040 - INFO - Epoch 93 - Train Loss: 0.1902, Accuracy: 0.9319, Precision: 0.9320, Recall: 0.9319, F1-Score: 0.9319
2025-01-13 17:23:45,109 - INFO - Epoch 93 - Eval Loss: 0.4143, Accuracy: 0.8748, Precision: 0.8753, Recall: 0.8748, F1-Score: 0.8743
2025-01-13 17:23:51,810 - INFO - Epoch 94 - Train Loss: 0.1911, Accuracy: 0.9324, Precision: 0.9323, Recall: 0.9324, F1-Score: 0.9323
2025-01-13 17:23:52,742 - INFO - Epoch 94 - Eval Loss: 0.4330, Accuracy: 0.8675, Precision: 0.8685, Recall: 0.8675, F1-Score: 0.8671
2025-01-13 17:23:59,354 - INFO - Epoch 95 - Train Loss: 0.1891, Accuracy: 0.9334, Precision: 0.9334, Recall: 0.9334, F1-Score: 0.9334
2025-01-13 17:24:00,589 - INFO - Epoch 95 - Eval Loss: 0.4070, Accuracy: 0.8797, Precision: 0.8805, Recall: 0.8797, F1-Score: 0.8793
2025-01-13 17:24:07,462 - INFO - Epoch 96 - Train Loss: 0.1896, Accuracy: 0.9328, Precision: 0.9327, Recall: 0.9328, F1-Score: 0.9327
2025-01-13 17:24:08,700 - INFO - Epoch 96 - Eval Loss: 0.4209, Accuracy: 0.8771, Precision: 0.8788, Recall: 0.8771, F1-Score: 0.8764
2025-01-13 17:24:15,614 - INFO - Epoch 97 - Train Loss: 0.1850, Accuracy: 0.9348, Precision: 0.9347, Recall: 0.9348, F1-Score: 0.9347
2025-01-13 17:24:16,547 - INFO - Epoch 97 - Eval Loss: 0.4341, Accuracy: 0.8707, Precision: 0.8725, Recall: 0.8707, F1-Score: 0.8701
2025-01-13 17:24:23,259 - INFO - Epoch 98 - Train Loss: 0.1904, Accuracy: 0.9316, Precision: 0.9316, Recall: 0.9316, F1-Score: 0.9316
2025-01-13 17:24:24,316 - INFO - Epoch 98 - Eval Loss: 0.4213, Accuracy: 0.8717, Precision: 0.8750, Recall: 0.8717, F1-Score: 0.8725
2025-01-13 17:24:30,963 - INFO - Epoch 99 - Train Loss: 0.1807, Accuracy: 0.9361, Precision: 0.9361, Recall: 0.9361, F1-Score: 0.9361
2025-01-13 17:24:31,984 - INFO - Epoch 99 - Eval Loss: 0.4129, Accuracy: 0.8774, Precision: 0.8779, Recall: 0.8774, F1-Score: 0.8770
2025-01-13 17:24:31,984 - INFO - Training finished
