2025-01-13 17:59:36,180 - INFO - Log file created at log/lr/cifar10_lr0.01_adam_wm1_20250113-175936.log
2025-01-13 17:59:36,234 - INFO - Using device cuda:1
2025-01-13 17:59:47,490 - INFO - Epoch 0 - Train Loss: 1.8360, Accuracy: 0.3529, Precision: 0.3468, Recall: 0.3529, F1-Score: 0.3476
2025-01-13 17:59:48,609 - INFO - Epoch 0 - Eval Loss: 1.4376, Accuracy: 0.4765, Precision: 0.4829, Recall: 0.4765, F1-Score: 0.4569
2025-01-13 17:59:55,311 - INFO - Epoch 1 - Train Loss: 1.3270, Accuracy: 0.5216, Precision: 0.5165, Recall: 0.5216, F1-Score: 0.5183
2025-01-13 17:59:56,432 - INFO - Epoch 1 - Eval Loss: 1.2214, Accuracy: 0.5629, Precision: 0.5919, Recall: 0.5629, F1-Score: 0.5527
2025-01-13 18:00:03,108 - INFO - Epoch 2 - Train Loss: 1.0900, Accuracy: 0.6097, Precision: 0.6069, Recall: 0.6097, F1-Score: 0.6080
2025-01-13 18:00:04,253 - INFO - Epoch 2 - Eval Loss: 1.0921, Accuracy: 0.6197, Precision: 0.6647, Recall: 0.6197, F1-Score: 0.6185
2025-01-13 18:00:10,963 - INFO - Epoch 3 - Train Loss: 0.9562, Accuracy: 0.6605, Precision: 0.6587, Recall: 0.6605, F1-Score: 0.6594
2025-01-13 18:00:12,063 - INFO - Epoch 3 - Eval Loss: 0.9115, Accuracy: 0.6778, Precision: 0.6921, Recall: 0.6778, F1-Score: 0.6740
2025-01-13 18:00:18,862 - INFO - Epoch 4 - Train Loss: 0.8901, Accuracy: 0.6865, Precision: 0.6852, Recall: 0.6865, F1-Score: 0.6857
2025-01-13 18:00:19,962 - INFO - Epoch 4 - Eval Loss: 0.8575, Accuracy: 0.7020, Precision: 0.7070, Recall: 0.7020, F1-Score: 0.6987
2025-01-13 18:00:26,783 - INFO - Epoch 5 - Train Loss: 0.8333, Accuracy: 0.7073, Precision: 0.7068, Recall: 0.7073, F1-Score: 0.7068
2025-01-13 18:00:27,902 - INFO - Epoch 5 - Eval Loss: 0.8286, Accuracy: 0.7152, Precision: 0.7288, Recall: 0.7152, F1-Score: 0.7160
2025-01-13 18:00:34,576 - INFO - Epoch 6 - Train Loss: 0.7960, Accuracy: 0.7207, Precision: 0.7197, Recall: 0.7207, F1-Score: 0.7200
2025-01-13 18:00:35,658 - INFO - Epoch 6 - Eval Loss: 0.7981, Accuracy: 0.7205, Precision: 0.7394, Recall: 0.7205, F1-Score: 0.7195
2025-01-13 18:00:42,404 - INFO - Epoch 7 - Train Loss: 0.7680, Accuracy: 0.7336, Precision: 0.7327, Recall: 0.7336, F1-Score: 0.7330
2025-01-13 18:00:43,456 - INFO - Epoch 7 - Eval Loss: 0.7852, Accuracy: 0.7283, Precision: 0.7470, Recall: 0.7283, F1-Score: 0.7282
2025-01-13 18:00:50,192 - INFO - Epoch 8 - Train Loss: 0.7443, Accuracy: 0.7414, Precision: 0.7407, Recall: 0.7414, F1-Score: 0.7410
2025-01-13 18:00:51,224 - INFO - Epoch 8 - Eval Loss: 0.7224, Accuracy: 0.7526, Precision: 0.7567, Recall: 0.7526, F1-Score: 0.7513
2025-01-13 18:00:57,844 - INFO - Epoch 9 - Train Loss: 0.7250, Accuracy: 0.7481, Precision: 0.7476, Recall: 0.7481, F1-Score: 0.7477
2025-01-13 18:00:58,924 - INFO - Epoch 9 - Eval Loss: 0.7546, Accuracy: 0.7455, Precision: 0.7609, Recall: 0.7455, F1-Score: 0.7433
2025-01-13 18:01:05,566 - INFO - Epoch 10 - Train Loss: 0.7079, Accuracy: 0.7555, Precision: 0.7552, Recall: 0.7555, F1-Score: 0.7552
2025-01-13 18:01:06,588 - INFO - Epoch 10 - Eval Loss: 0.7843, Accuracy: 0.7444, Precision: 0.7513, Recall: 0.7444, F1-Score: 0.7375
2025-01-13 18:01:13,212 - INFO - Epoch 11 - Train Loss: 0.6800, Accuracy: 0.7663, Precision: 0.7662, Recall: 0.7663, F1-Score: 0.7661
2025-01-13 18:01:14,330 - INFO - Epoch 11 - Eval Loss: 0.7825, Accuracy: 0.7367, Precision: 0.7564, Recall: 0.7367, F1-Score: 0.7331
2025-01-13 18:01:21,134 - INFO - Epoch 12 - Train Loss: 0.6816, Accuracy: 0.7645, Precision: 0.7637, Recall: 0.7645, F1-Score: 0.7639
2025-01-13 18:01:22,307 - INFO - Epoch 12 - Eval Loss: 0.6885, Accuracy: 0.7647, Precision: 0.7748, Recall: 0.7647, F1-Score: 0.7664
2025-01-13 18:01:29,250 - INFO - Epoch 13 - Train Loss: 0.6696, Accuracy: 0.7682, Precision: 0.7682, Recall: 0.7682, F1-Score: 0.7681
2025-01-13 18:01:30,474 - INFO - Epoch 13 - Eval Loss: 0.7264, Accuracy: 0.7531, Precision: 0.7771, Recall: 0.7531, F1-Score: 0.7523
2025-01-13 18:01:37,294 - INFO - Epoch 14 - Train Loss: 0.6499, Accuracy: 0.7770, Precision: 0.7764, Recall: 0.7770, F1-Score: 0.7766
2025-01-13 18:01:38,338 - INFO - Epoch 14 - Eval Loss: 0.7299, Accuracy: 0.7574, Precision: 0.7692, Recall: 0.7574, F1-Score: 0.7559
2025-01-13 18:01:45,129 - INFO - Epoch 15 - Train Loss: 0.6412, Accuracy: 0.7792, Precision: 0.7788, Recall: 0.7792, F1-Score: 0.7789
2025-01-13 18:01:46,258 - INFO - Epoch 15 - Eval Loss: 0.6784, Accuracy: 0.7736, Precision: 0.7808, Recall: 0.7736, F1-Score: 0.7729
2025-01-13 18:01:52,933 - INFO - Epoch 16 - Train Loss: 0.6350, Accuracy: 0.7824, Precision: 0.7823, Recall: 0.7824, F1-Score: 0.7822
2025-01-13 18:01:53,929 - INFO - Epoch 16 - Eval Loss: 0.6588, Accuracy: 0.7786, Precision: 0.7884, Recall: 0.7786, F1-Score: 0.7767
2025-01-13 18:02:00,642 - INFO - Epoch 17 - Train Loss: 0.6219, Accuracy: 0.7867, Precision: 0.7864, Recall: 0.7867, F1-Score: 0.7865
2025-01-13 18:02:01,714 - INFO - Epoch 17 - Eval Loss: 0.6577, Accuracy: 0.7762, Precision: 0.7787, Recall: 0.7762, F1-Score: 0.7696
2025-01-13 18:02:08,396 - INFO - Epoch 18 - Train Loss: 0.6115, Accuracy: 0.7904, Precision: 0.7902, Recall: 0.7904, F1-Score: 0.7902
2025-01-13 18:02:09,367 - INFO - Epoch 18 - Eval Loss: 0.7050, Accuracy: 0.7629, Precision: 0.7835, Recall: 0.7629, F1-Score: 0.7633
2025-01-13 18:02:16,058 - INFO - Epoch 19 - Train Loss: 0.6120, Accuracy: 0.7900, Precision: 0.7898, Recall: 0.7900, F1-Score: 0.7898
2025-01-13 18:02:17,092 - INFO - Epoch 19 - Eval Loss: 0.7607, Accuracy: 0.7462, Precision: 0.7678, Recall: 0.7462, F1-Score: 0.7436
2025-01-13 18:02:23,781 - INFO - Epoch 20 - Train Loss: 0.5943, Accuracy: 0.7956, Precision: 0.7953, Recall: 0.7956, F1-Score: 0.7954
2025-01-13 18:02:24,954 - INFO - Epoch 20 - Eval Loss: 0.6880, Accuracy: 0.7689, Precision: 0.7913, Recall: 0.7689, F1-Score: 0.7719
2025-01-13 18:02:31,584 - INFO - Epoch 21 - Train Loss: 0.5969, Accuracy: 0.7947, Precision: 0.7944, Recall: 0.7947, F1-Score: 0.7945
2025-01-13 18:02:32,640 - INFO - Epoch 21 - Eval Loss: 0.6496, Accuracy: 0.7777, Precision: 0.7920, Recall: 0.7777, F1-Score: 0.7755
2025-01-13 18:02:39,321 - INFO - Epoch 22 - Train Loss: 0.5930, Accuracy: 0.7946, Precision: 0.7942, Recall: 0.7946, F1-Score: 0.7943
2025-01-13 18:02:40,362 - INFO - Epoch 22 - Eval Loss: 0.6628, Accuracy: 0.7814, Precision: 0.7999, Recall: 0.7814, F1-Score: 0.7782
2025-01-13 18:02:47,033 - INFO - Epoch 23 - Train Loss: 0.5729, Accuracy: 0.8036, Precision: 0.8031, Recall: 0.8036, F1-Score: 0.8032
2025-01-13 18:02:48,150 - INFO - Epoch 23 - Eval Loss: 0.5879, Accuracy: 0.8007, Precision: 0.8043, Recall: 0.8007, F1-Score: 0.8005
2025-01-13 18:02:54,918 - INFO - Epoch 24 - Train Loss: 0.5653, Accuracy: 0.8069, Precision: 0.8063, Recall: 0.8069, F1-Score: 0.8066
2025-01-13 18:02:56,054 - INFO - Epoch 24 - Eval Loss: 0.8036, Accuracy: 0.7389, Precision: 0.7706, Recall: 0.7389, F1-Score: 0.7330
2025-01-13 18:03:02,751 - INFO - Epoch 25 - Train Loss: 0.5705, Accuracy: 0.8026, Precision: 0.8021, Recall: 0.8026, F1-Score: 0.8023
2025-01-13 18:03:03,858 - INFO - Epoch 25 - Eval Loss: 0.6130, Accuracy: 0.7891, Precision: 0.8057, Recall: 0.7891, F1-Score: 0.7898
2025-01-13 18:03:10,646 - INFO - Epoch 26 - Train Loss: 0.5531, Accuracy: 0.8099, Precision: 0.8092, Recall: 0.8099, F1-Score: 0.8095
2025-01-13 18:03:11,728 - INFO - Epoch 26 - Eval Loss: 0.7147, Accuracy: 0.7607, Precision: 0.7763, Recall: 0.7607, F1-Score: 0.7584
2025-01-13 18:03:18,591 - INFO - Epoch 27 - Train Loss: 0.5562, Accuracy: 0.8098, Precision: 0.8095, Recall: 0.8098, F1-Score: 0.8096
2025-01-13 18:03:19,654 - INFO - Epoch 27 - Eval Loss: 0.6665, Accuracy: 0.7765, Precision: 0.7887, Recall: 0.7765, F1-Score: 0.7726
2025-01-13 18:03:26,426 - INFO - Epoch 28 - Train Loss: 0.5498, Accuracy: 0.8103, Precision: 0.8099, Recall: 0.8103, F1-Score: 0.8100
2025-01-13 18:03:27,486 - INFO - Epoch 28 - Eval Loss: 0.6848, Accuracy: 0.7628, Precision: 0.7954, Recall: 0.7628, F1-Score: 0.7654
2025-01-13 18:03:34,194 - INFO - Epoch 29 - Train Loss: 0.5417, Accuracy: 0.8140, Precision: 0.8134, Recall: 0.8140, F1-Score: 0.8137
2025-01-13 18:03:35,341 - INFO - Epoch 29 - Eval Loss: 0.5931, Accuracy: 0.7978, Precision: 0.8101, Recall: 0.7978, F1-Score: 0.7938
2025-01-13 18:03:42,043 - INFO - Epoch 30 - Train Loss: 0.5371, Accuracy: 0.8136, Precision: 0.8130, Recall: 0.8136, F1-Score: 0.8132
2025-01-13 18:03:43,147 - INFO - Epoch 30 - Eval Loss: 0.5928, Accuracy: 0.7979, Precision: 0.8141, Recall: 0.7979, F1-Score: 0.7954
2025-01-13 18:03:49,820 - INFO - Epoch 31 - Train Loss: 0.5292, Accuracy: 0.8178, Precision: 0.8174, Recall: 0.8178, F1-Score: 0.8175
2025-01-13 18:03:50,902 - INFO - Epoch 31 - Eval Loss: 0.5579, Accuracy: 0.8090, Precision: 0.8102, Recall: 0.8090, F1-Score: 0.8050
2025-01-13 18:03:57,664 - INFO - Epoch 32 - Train Loss: 0.5297, Accuracy: 0.8172, Precision: 0.8167, Recall: 0.8172, F1-Score: 0.8169
2025-01-13 18:03:58,773 - INFO - Epoch 32 - Eval Loss: 0.6074, Accuracy: 0.7960, Precision: 0.8129, Recall: 0.7960, F1-Score: 0.7945
2025-01-13 18:04:05,517 - INFO - Epoch 33 - Train Loss: 0.5241, Accuracy: 0.8215, Precision: 0.8209, Recall: 0.8215, F1-Score: 0.8211
2025-01-13 18:04:06,593 - INFO - Epoch 33 - Eval Loss: 0.6191, Accuracy: 0.7878, Precision: 0.8087, Recall: 0.7878, F1-Score: 0.7925
2025-01-13 18:04:13,263 - INFO - Epoch 34 - Train Loss: 0.5180, Accuracy: 0.8214, Precision: 0.8211, Recall: 0.8214, F1-Score: 0.8211
2025-01-13 18:04:14,335 - INFO - Epoch 34 - Eval Loss: 0.6603, Accuracy: 0.7875, Precision: 0.8045, Recall: 0.7875, F1-Score: 0.7865
2025-01-13 18:04:21,023 - INFO - Epoch 35 - Train Loss: 0.5203, Accuracy: 0.8197, Precision: 0.8193, Recall: 0.8197, F1-Score: 0.8194
2025-01-13 18:04:22,132 - INFO - Epoch 35 - Eval Loss: 0.6297, Accuracy: 0.7879, Precision: 0.8169, Recall: 0.7879, F1-Score: 0.7931
2025-01-13 18:04:28,861 - INFO - Epoch 36 - Train Loss: 0.5095, Accuracy: 0.8248, Precision: 0.8243, Recall: 0.8248, F1-Score: 0.8245
2025-01-13 18:04:29,994 - INFO - Epoch 36 - Eval Loss: 0.5906, Accuracy: 0.8056, Precision: 0.8129, Recall: 0.8056, F1-Score: 0.8052
2025-01-13 18:04:36,743 - INFO - Epoch 37 - Train Loss: 0.5086, Accuracy: 0.8247, Precision: 0.8244, Recall: 0.8247, F1-Score: 0.8245
2025-01-13 18:04:37,858 - INFO - Epoch 37 - Eval Loss: 0.6520, Accuracy: 0.7761, Precision: 0.7997, Recall: 0.7761, F1-Score: 0.7792
2025-01-13 18:04:44,588 - INFO - Epoch 38 - Train Loss: 0.5068, Accuracy: 0.8265, Precision: 0.8261, Recall: 0.8265, F1-Score: 0.8262
2025-01-13 18:04:45,625 - INFO - Epoch 38 - Eval Loss: 0.5770, Accuracy: 0.8110, Precision: 0.8156, Recall: 0.8110, F1-Score: 0.8078
2025-01-13 18:04:52,342 - INFO - Epoch 39 - Train Loss: 0.4983, Accuracy: 0.8302, Precision: 0.8299, Recall: 0.8302, F1-Score: 0.8300
2025-01-13 18:04:53,415 - INFO - Epoch 39 - Eval Loss: 0.5601, Accuracy: 0.8094, Precision: 0.8177, Recall: 0.8094, F1-Score: 0.8084
2025-01-13 18:05:00,144 - INFO - Epoch 40 - Train Loss: 0.5059, Accuracy: 0.8248, Precision: 0.8245, Recall: 0.8248, F1-Score: 0.8246
2025-01-13 18:05:01,186 - INFO - Epoch 40 - Eval Loss: 0.6556, Accuracy: 0.7866, Precision: 0.8081, Recall: 0.7866, F1-Score: 0.7831
2025-01-13 18:05:07,939 - INFO - Epoch 41 - Train Loss: 0.4983, Accuracy: 0.8287, Precision: 0.8283, Recall: 0.8287, F1-Score: 0.8284
2025-01-13 18:05:09,026 - INFO - Epoch 41 - Eval Loss: 0.5741, Accuracy: 0.8007, Precision: 0.8149, Recall: 0.8007, F1-Score: 0.7947
2025-01-13 18:05:15,735 - INFO - Epoch 42 - Train Loss: 0.4950, Accuracy: 0.8296, Precision: 0.8293, Recall: 0.8296, F1-Score: 0.8294
2025-01-13 18:05:16,825 - INFO - Epoch 42 - Eval Loss: 0.5523, Accuracy: 0.8122, Precision: 0.8187, Recall: 0.8122, F1-Score: 0.8106
2025-01-13 18:05:23,504 - INFO - Epoch 43 - Train Loss: 0.4820, Accuracy: 0.8337, Precision: 0.8335, Recall: 0.8337, F1-Score: 0.8335
2025-01-13 18:05:24,536 - INFO - Epoch 43 - Eval Loss: 0.5394, Accuracy: 0.8153, Precision: 0.8194, Recall: 0.8153, F1-Score: 0.8132
2025-01-13 18:05:31,188 - INFO - Epoch 44 - Train Loss: 0.4888, Accuracy: 0.8316, Precision: 0.8314, Recall: 0.8316, F1-Score: 0.8314
2025-01-13 18:05:32,447 - INFO - Epoch 44 - Eval Loss: 0.6421, Accuracy: 0.7911, Precision: 0.8050, Recall: 0.7911, F1-Score: 0.7794
2025-01-13 18:05:39,171 - INFO - Epoch 45 - Train Loss: 0.4849, Accuracy: 0.8324, Precision: 0.8318, Recall: 0.8324, F1-Score: 0.8320
2025-01-13 18:05:40,272 - INFO - Epoch 45 - Eval Loss: 0.5759, Accuracy: 0.8047, Precision: 0.8290, Recall: 0.8047, F1-Score: 0.8071
2025-01-13 18:05:47,077 - INFO - Epoch 46 - Train Loss: 0.4819, Accuracy: 0.8337, Precision: 0.8333, Recall: 0.8337, F1-Score: 0.8334
2025-01-13 18:05:48,170 - INFO - Epoch 46 - Eval Loss: 0.5683, Accuracy: 0.8060, Precision: 0.8142, Recall: 0.8060, F1-Score: 0.8062
2025-01-13 18:05:54,834 - INFO - Epoch 47 - Train Loss: 0.4904, Accuracy: 0.8301, Precision: 0.8295, Recall: 0.8301, F1-Score: 0.8297
2025-01-13 18:05:56,021 - INFO - Epoch 47 - Eval Loss: 0.6205, Accuracy: 0.7944, Precision: 0.8187, Recall: 0.7944, F1-Score: 0.7900
2025-01-13 18:06:02,710 - INFO - Epoch 48 - Train Loss: 0.4719, Accuracy: 0.8363, Precision: 0.8361, Recall: 0.8363, F1-Score: 0.8361
2025-01-13 18:06:03,769 - INFO - Epoch 48 - Eval Loss: 0.5962, Accuracy: 0.8026, Precision: 0.8180, Recall: 0.8026, F1-Score: 0.8019
2025-01-13 18:06:10,452 - INFO - Epoch 49 - Train Loss: 0.4764, Accuracy: 0.8377, Precision: 0.8376, Recall: 0.8377, F1-Score: 0.8376
2025-01-13 18:06:11,615 - INFO - Epoch 49 - Eval Loss: 0.5288, Accuracy: 0.8266, Precision: 0.8265, Recall: 0.8266, F1-Score: 0.8235
2025-01-13 18:06:18,318 - INFO - Epoch 50 - Train Loss: 0.4773, Accuracy: 0.8353, Precision: 0.8349, Recall: 0.8353, F1-Score: 0.8350
2025-01-13 18:06:19,400 - INFO - Epoch 50 - Eval Loss: 0.5921, Accuracy: 0.7963, Precision: 0.8168, Recall: 0.7963, F1-Score: 0.7972
2025-01-13 18:06:26,088 - INFO - Epoch 51 - Train Loss: 0.4666, Accuracy: 0.8378, Precision: 0.8375, Recall: 0.8378, F1-Score: 0.8376
2025-01-13 18:06:27,190 - INFO - Epoch 51 - Eval Loss: 0.6052, Accuracy: 0.7922, Precision: 0.8165, Recall: 0.7922, F1-Score: 0.7961
2025-01-13 18:06:33,796 - INFO - Epoch 52 - Train Loss: 0.4716, Accuracy: 0.8350, Precision: 0.8347, Recall: 0.8350, F1-Score: 0.8348
2025-01-13 18:06:34,878 - INFO - Epoch 52 - Eval Loss: 0.5064, Accuracy: 0.8252, Precision: 0.8282, Recall: 0.8252, F1-Score: 0.8240
2025-01-13 18:06:41,606 - INFO - Epoch 53 - Train Loss: 0.4647, Accuracy: 0.8384, Precision: 0.8382, Recall: 0.8384, F1-Score: 0.8383
2025-01-13 18:06:42,659 - INFO - Epoch 53 - Eval Loss: 0.5501, Accuracy: 0.8118, Precision: 0.8306, Recall: 0.8118, F1-Score: 0.8163
2025-01-13 18:06:49,345 - INFO - Epoch 54 - Train Loss: 0.4680, Accuracy: 0.8369, Precision: 0.8367, Recall: 0.8369, F1-Score: 0.8367
2025-01-13 18:06:50,468 - INFO - Epoch 54 - Eval Loss: 0.4982, Accuracy: 0.8281, Precision: 0.8299, Recall: 0.8281, F1-Score: 0.8266
2025-01-13 18:06:57,165 - INFO - Epoch 55 - Train Loss: 0.4628, Accuracy: 0.8401, Precision: 0.8397, Recall: 0.8401, F1-Score: 0.8398
2025-01-13 18:06:58,228 - INFO - Epoch 55 - Eval Loss: 0.5483, Accuracy: 0.8164, Precision: 0.8215, Recall: 0.8164, F1-Score: 0.8148
2025-01-13 18:07:04,858 - INFO - Epoch 56 - Train Loss: 0.4637, Accuracy: 0.8395, Precision: 0.8391, Recall: 0.8395, F1-Score: 0.8393
2025-01-13 18:07:06,038 - INFO - Epoch 56 - Eval Loss: 0.5330, Accuracy: 0.8179, Precision: 0.8235, Recall: 0.8179, F1-Score: 0.8155
2025-01-13 18:07:12,703 - INFO - Epoch 57 - Train Loss: 0.4592, Accuracy: 0.8399, Precision: 0.8396, Recall: 0.8399, F1-Score: 0.8397
2025-01-13 18:07:13,895 - INFO - Epoch 57 - Eval Loss: 0.5830, Accuracy: 0.7949, Precision: 0.8256, Recall: 0.7949, F1-Score: 0.7995
2025-01-13 18:07:20,637 - INFO - Epoch 58 - Train Loss: 0.4604, Accuracy: 0.8418, Precision: 0.8415, Recall: 0.8418, F1-Score: 0.8416
2025-01-13 18:07:21,839 - INFO - Epoch 58 - Eval Loss: 0.5040, Accuracy: 0.8268, Precision: 0.8331, Recall: 0.8268, F1-Score: 0.8268
2025-01-13 18:07:28,566 - INFO - Epoch 59 - Train Loss: 0.4557, Accuracy: 0.8423, Precision: 0.8422, Recall: 0.8423, F1-Score: 0.8422
2025-01-13 18:07:29,688 - INFO - Epoch 59 - Eval Loss: 0.5505, Accuracy: 0.8216, Precision: 0.8240, Recall: 0.8216, F1-Score: 0.8192
2025-01-13 18:07:36,254 - INFO - Epoch 60 - Train Loss: 0.4564, Accuracy: 0.8421, Precision: 0.8418, Recall: 0.8421, F1-Score: 0.8418
2025-01-13 18:07:37,337 - INFO - Epoch 60 - Eval Loss: 0.5132, Accuracy: 0.8276, Precision: 0.8294, Recall: 0.8276, F1-Score: 0.8246
2025-01-13 18:07:43,984 - INFO - Epoch 61 - Train Loss: 0.4529, Accuracy: 0.8438, Precision: 0.8436, Recall: 0.8438, F1-Score: 0.8436
2025-01-13 18:07:45,066 - INFO - Epoch 61 - Eval Loss: 0.5251, Accuracy: 0.8234, Precision: 0.8345, Recall: 0.8234, F1-Score: 0.8246
2025-01-13 18:07:51,615 - INFO - Epoch 62 - Train Loss: 0.4456, Accuracy: 0.8456, Precision: 0.8453, Recall: 0.8456, F1-Score: 0.8454
2025-01-13 18:07:52,754 - INFO - Epoch 62 - Eval Loss: 0.5811, Accuracy: 0.8056, Precision: 0.8220, Recall: 0.8056, F1-Score: 0.8058
2025-01-13 18:07:59,434 - INFO - Epoch 63 - Train Loss: 0.4485, Accuracy: 0.8466, Precision: 0.8464, Recall: 0.8466, F1-Score: 0.8464
2025-01-13 18:08:00,574 - INFO - Epoch 63 - Eval Loss: 0.5022, Accuracy: 0.8282, Precision: 0.8322, Recall: 0.8282, F1-Score: 0.8271
2025-01-13 18:08:07,249 - INFO - Epoch 64 - Train Loss: 0.4514, Accuracy: 0.8435, Precision: 0.8433, Recall: 0.8435, F1-Score: 0.8434
2025-01-13 18:08:08,362 - INFO - Epoch 64 - Eval Loss: 0.5375, Accuracy: 0.8252, Precision: 0.8293, Recall: 0.8252, F1-Score: 0.8237
2025-01-13 18:08:15,029 - INFO - Epoch 65 - Train Loss: 0.4463, Accuracy: 0.8465, Precision: 0.8463, Recall: 0.8465, F1-Score: 0.8464
2025-01-13 18:08:16,197 - INFO - Epoch 65 - Eval Loss: 0.5300, Accuracy: 0.8245, Precision: 0.8313, Recall: 0.8245, F1-Score: 0.8234
2025-01-13 18:08:22,897 - INFO - Epoch 66 - Train Loss: 0.4444, Accuracy: 0.8475, Precision: 0.8473, Recall: 0.8475, F1-Score: 0.8473
2025-01-13 18:08:24,031 - INFO - Epoch 66 - Eval Loss: 0.5531, Accuracy: 0.8132, Precision: 0.8174, Recall: 0.8132, F1-Score: 0.8112
2025-01-13 18:08:30,678 - INFO - Epoch 67 - Train Loss: 0.4487, Accuracy: 0.8454, Precision: 0.8452, Recall: 0.8454, F1-Score: 0.8453
2025-01-13 18:08:31,800 - INFO - Epoch 67 - Eval Loss: 0.5434, Accuracy: 0.8148, Precision: 0.8312, Recall: 0.8148, F1-Score: 0.8140
2025-01-13 18:08:38,489 - INFO - Epoch 68 - Train Loss: 0.4392, Accuracy: 0.8473, Precision: 0.8470, Recall: 0.8473, F1-Score: 0.8471
2025-01-13 18:08:39,639 - INFO - Epoch 68 - Eval Loss: 0.5928, Accuracy: 0.7995, Precision: 0.8225, Recall: 0.7995, F1-Score: 0.7970
2025-01-13 18:08:46,317 - INFO - Epoch 69 - Train Loss: 0.4447, Accuracy: 0.8458, Precision: 0.8454, Recall: 0.8458, F1-Score: 0.8455
2025-01-13 18:08:47,485 - INFO - Epoch 69 - Eval Loss: 0.5882, Accuracy: 0.8053, Precision: 0.8222, Recall: 0.8053, F1-Score: 0.8046
2025-01-13 18:08:54,182 - INFO - Epoch 70 - Train Loss: 0.4364, Accuracy: 0.8490, Precision: 0.8489, Recall: 0.8490, F1-Score: 0.8489
2025-01-13 18:08:55,291 - INFO - Epoch 70 - Eval Loss: 0.5590, Accuracy: 0.8095, Precision: 0.8305, Recall: 0.8095, F1-Score: 0.8098
2025-01-13 18:09:01,887 - INFO - Epoch 71 - Train Loss: 0.4411, Accuracy: 0.8479, Precision: 0.8476, Recall: 0.8479, F1-Score: 0.8477
2025-01-13 18:09:02,995 - INFO - Epoch 71 - Eval Loss: 0.5879, Accuracy: 0.8098, Precision: 0.8273, Recall: 0.8098, F1-Score: 0.8092
2025-01-13 18:09:09,685 - INFO - Epoch 72 - Train Loss: 0.4353, Accuracy: 0.8491, Precision: 0.8489, Recall: 0.8491, F1-Score: 0.8489
2025-01-13 18:09:10,809 - INFO - Epoch 72 - Eval Loss: 0.5371, Accuracy: 0.8183, Precision: 0.8315, Recall: 0.8183, F1-Score: 0.8193
2025-01-13 18:09:17,416 - INFO - Epoch 73 - Train Loss: 0.4309, Accuracy: 0.8486, Precision: 0.8484, Recall: 0.8486, F1-Score: 0.8484
2025-01-13 18:09:18,464 - INFO - Epoch 73 - Eval Loss: 0.5598, Accuracy: 0.8085, Precision: 0.8240, Recall: 0.8085, F1-Score: 0.8095
2025-01-13 18:09:25,089 - INFO - Epoch 74 - Train Loss: 0.4331, Accuracy: 0.8519, Precision: 0.8517, Recall: 0.8519, F1-Score: 0.8517
2025-01-13 18:09:26,201 - INFO - Epoch 74 - Eval Loss: 0.4795, Accuracy: 0.8373, Precision: 0.8386, Recall: 0.8373, F1-Score: 0.8363
2025-01-13 18:09:32,856 - INFO - Epoch 75 - Train Loss: 0.4379, Accuracy: 0.8480, Precision: 0.8478, Recall: 0.8480, F1-Score: 0.8479
2025-01-13 18:09:33,984 - INFO - Epoch 75 - Eval Loss: 0.5068, Accuracy: 0.8280, Precision: 0.8310, Recall: 0.8280, F1-Score: 0.8256
2025-01-13 18:09:40,629 - INFO - Epoch 76 - Train Loss: 0.4296, Accuracy: 0.8521, Precision: 0.8519, Recall: 0.8521, F1-Score: 0.8519
2025-01-13 18:09:41,758 - INFO - Epoch 76 - Eval Loss: 0.5319, Accuracy: 0.8212, Precision: 0.8294, Recall: 0.8212, F1-Score: 0.8210
2025-01-13 18:09:48,455 - INFO - Epoch 77 - Train Loss: 0.4303, Accuracy: 0.8496, Precision: 0.8494, Recall: 0.8496, F1-Score: 0.8495
2025-01-13 18:09:49,568 - INFO - Epoch 77 - Eval Loss: 0.5408, Accuracy: 0.8148, Precision: 0.8278, Recall: 0.8148, F1-Score: 0.8140
2025-01-13 18:09:56,236 - INFO - Epoch 78 - Train Loss: 0.4295, Accuracy: 0.8528, Precision: 0.8528, Recall: 0.8528, F1-Score: 0.8527
2025-01-13 18:09:57,321 - INFO - Epoch 78 - Eval Loss: 0.5328, Accuracy: 0.8173, Precision: 0.8328, Recall: 0.8173, F1-Score: 0.8148
2025-01-13 18:10:03,994 - INFO - Epoch 79 - Train Loss: 0.4286, Accuracy: 0.8518, Precision: 0.8515, Recall: 0.8518, F1-Score: 0.8516
2025-01-13 18:10:05,059 - INFO - Epoch 79 - Eval Loss: 0.5283, Accuracy: 0.8238, Precision: 0.8329, Recall: 0.8238, F1-Score: 0.8226
2025-01-13 18:10:11,733 - INFO - Epoch 80 - Train Loss: 0.4285, Accuracy: 0.8513, Precision: 0.8511, Recall: 0.8513, F1-Score: 0.8511
2025-01-13 18:10:12,927 - INFO - Epoch 80 - Eval Loss: 0.5403, Accuracy: 0.8175, Precision: 0.8302, Recall: 0.8175, F1-Score: 0.8166
2025-01-13 18:10:19,646 - INFO - Epoch 81 - Train Loss: 0.4320, Accuracy: 0.8511, Precision: 0.8509, Recall: 0.8511, F1-Score: 0.8509
2025-01-13 18:10:20,742 - INFO - Epoch 81 - Eval Loss: 0.4856, Accuracy: 0.8362, Precision: 0.8382, Recall: 0.8362, F1-Score: 0.8349
2025-01-13 18:10:27,430 - INFO - Epoch 82 - Train Loss: 0.4250, Accuracy: 0.8538, Precision: 0.8536, Recall: 0.8538, F1-Score: 0.8537
2025-01-13 18:10:28,572 - INFO - Epoch 82 - Eval Loss: 0.5201, Accuracy: 0.8224, Precision: 0.8304, Recall: 0.8224, F1-Score: 0.8205
2025-01-13 18:10:35,229 - INFO - Epoch 83 - Train Loss: 0.4231, Accuracy: 0.8541, Precision: 0.8538, Recall: 0.8541, F1-Score: 0.8539
2025-01-13 18:10:36,382 - INFO - Epoch 83 - Eval Loss: 0.5054, Accuracy: 0.8299, Precision: 0.8329, Recall: 0.8299, F1-Score: 0.8269
2025-01-13 18:10:43,082 - INFO - Epoch 84 - Train Loss: 0.4246, Accuracy: 0.8541, Precision: 0.8539, Recall: 0.8541, F1-Score: 0.8539
2025-01-13 18:10:44,143 - INFO - Epoch 84 - Eval Loss: 0.5103, Accuracy: 0.8276, Precision: 0.8372, Recall: 0.8276, F1-Score: 0.8273
2025-01-13 18:10:50,779 - INFO - Epoch 85 - Train Loss: 0.4229, Accuracy: 0.8534, Precision: 0.8532, Recall: 0.8534, F1-Score: 0.8532
2025-01-13 18:10:51,991 - INFO - Epoch 85 - Eval Loss: 0.4974, Accuracy: 0.8324, Precision: 0.8336, Recall: 0.8324, F1-Score: 0.8293
2025-01-13 18:10:58,724 - INFO - Epoch 86 - Train Loss: 0.4252, Accuracy: 0.8526, Precision: 0.8524, Recall: 0.8526, F1-Score: 0.8524
2025-01-13 18:10:59,848 - INFO - Epoch 86 - Eval Loss: 0.5336, Accuracy: 0.8236, Precision: 0.8328, Recall: 0.8236, F1-Score: 0.8235
2025-01-13 18:11:06,469 - INFO - Epoch 87 - Train Loss: 0.4257, Accuracy: 0.8525, Precision: 0.8523, Recall: 0.8525, F1-Score: 0.8523
2025-01-13 18:11:07,652 - INFO - Epoch 87 - Eval Loss: 0.5253, Accuracy: 0.8216, Precision: 0.8349, Recall: 0.8216, F1-Score: 0.8199
2025-01-13 18:11:14,344 - INFO - Epoch 88 - Train Loss: 0.4201, Accuracy: 0.8548, Precision: 0.8545, Recall: 0.8548, F1-Score: 0.8546
2025-01-13 18:11:15,505 - INFO - Epoch 88 - Eval Loss: 0.5548, Accuracy: 0.8186, Precision: 0.8303, Recall: 0.8186, F1-Score: 0.8189
2025-01-13 18:11:22,190 - INFO - Epoch 89 - Train Loss: 0.4233, Accuracy: 0.8537, Precision: 0.8536, Recall: 0.8537, F1-Score: 0.8536
2025-01-13 18:11:23,359 - INFO - Epoch 89 - Eval Loss: 0.7708, Accuracy: 0.7708, Precision: 0.8021, Recall: 0.7708, F1-Score: 0.7596
2025-01-13 18:11:30,006 - INFO - Epoch 90 - Train Loss: 0.4237, Accuracy: 0.8528, Precision: 0.8524, Recall: 0.8528, F1-Score: 0.8526
2025-01-13 18:11:31,089 - INFO - Epoch 90 - Eval Loss: 0.5045, Accuracy: 0.8290, Precision: 0.8355, Recall: 0.8290, F1-Score: 0.8271
2025-01-13 18:11:37,738 - INFO - Epoch 91 - Train Loss: 0.4254, Accuracy: 0.8533, Precision: 0.8531, Recall: 0.8533, F1-Score: 0.8531
2025-01-13 18:11:38,867 - INFO - Epoch 91 - Eval Loss: 0.5816, Accuracy: 0.8120, Precision: 0.8221, Recall: 0.8120, F1-Score: 0.8109
2025-01-13 18:11:45,543 - INFO - Epoch 92 - Train Loss: 0.4146, Accuracy: 0.8567, Precision: 0.8565, Recall: 0.8567, F1-Score: 0.8565
2025-01-13 18:11:46,643 - INFO - Epoch 92 - Eval Loss: 0.5109, Accuracy: 0.8297, Precision: 0.8334, Recall: 0.8297, F1-Score: 0.8290
2025-01-13 18:11:53,341 - INFO - Epoch 93 - Train Loss: 0.4249, Accuracy: 0.8525, Precision: 0.8522, Recall: 0.8525, F1-Score: 0.8523
2025-01-13 18:11:54,417 - INFO - Epoch 93 - Eval Loss: 0.4807, Accuracy: 0.8343, Precision: 0.8427, Recall: 0.8343, F1-Score: 0.8355
2025-01-13 18:12:01,034 - INFO - Epoch 94 - Train Loss: 0.4166, Accuracy: 0.8552, Precision: 0.8549, Recall: 0.8552, F1-Score: 0.8550
2025-01-13 18:12:02,209 - INFO - Epoch 94 - Eval Loss: 0.5738, Accuracy: 0.8109, Precision: 0.8254, Recall: 0.8109, F1-Score: 0.8088
2025-01-13 18:12:08,871 - INFO - Epoch 95 - Train Loss: 0.4147, Accuracy: 0.8574, Precision: 0.8572, Recall: 0.8574, F1-Score: 0.8572
2025-01-13 18:12:09,940 - INFO - Epoch 95 - Eval Loss: 0.5319, Accuracy: 0.8212, Precision: 0.8343, Recall: 0.8212, F1-Score: 0.8215
2025-01-13 18:12:16,698 - INFO - Epoch 96 - Train Loss: 0.4178, Accuracy: 0.8526, Precision: 0.8524, Recall: 0.8526, F1-Score: 0.8524
2025-01-13 18:12:17,858 - INFO - Epoch 96 - Eval Loss: 0.5724, Accuracy: 0.8079, Precision: 0.8301, Recall: 0.8079, F1-Score: 0.8112
2025-01-13 18:12:24,629 - INFO - Epoch 97 - Train Loss: 0.4145, Accuracy: 0.8563, Precision: 0.8560, Recall: 0.8563, F1-Score: 0.8561
2025-01-13 18:12:25,963 - INFO - Epoch 97 - Eval Loss: 0.5891, Accuracy: 0.8017, Precision: 0.8226, Recall: 0.8017, F1-Score: 0.7980
2025-01-13 18:12:33,135 - INFO - Epoch 98 - Train Loss: 0.4147, Accuracy: 0.8580, Precision: 0.8577, Recall: 0.8580, F1-Score: 0.8578
2025-01-13 18:12:34,469 - INFO - Epoch 98 - Eval Loss: 0.4577, Accuracy: 0.8466, Precision: 0.8488, Recall: 0.8466, F1-Score: 0.8467
2025-01-13 18:12:41,455 - INFO - Epoch 99 - Train Loss: 0.4125, Accuracy: 0.8576, Precision: 0.8575, Recall: 0.8576, F1-Score: 0.8575
2025-01-13 18:12:42,685 - INFO - Epoch 99 - Eval Loss: 0.5346, Accuracy: 0.8233, Precision: 0.8347, Recall: 0.8233, F1-Score: 0.8216
2025-01-13 18:12:42,685 - INFO - Training finished
