2025-01-13 17:35:43,703 - INFO - Log file created at log/lr/cifar10_lr0.003_adam_wm1_20250113-173543.log
2025-01-13 17:35:43,752 - INFO - Using device cuda:1
2025-01-13 17:35:54,825 - INFO - Epoch 0 - Train Loss: 1.7742, Accuracy: 0.3660, Precision: 0.3604, Recall: 0.3660, F1-Score: 0.3606
2025-01-13 17:35:55,792 - INFO - Epoch 0 - Eval Loss: 1.3589, Accuracy: 0.4999, Precision: 0.5169, Recall: 0.4999, F1-Score: 0.4896
2025-01-13 17:36:02,516 - INFO - Epoch 1 - Train Loss: 1.3678, Accuracy: 0.5062, Precision: 0.5010, Recall: 0.5062, F1-Score: 0.5031
2025-01-13 17:36:03,461 - INFO - Epoch 1 - Eval Loss: 1.2118, Accuracy: 0.5661, Precision: 0.5823, Recall: 0.5661, F1-Score: 0.5568
2025-01-13 17:36:10,302 - INFO - Epoch 2 - Train Loss: 1.1143, Accuracy: 0.5984, Precision: 0.5953, Recall: 0.5984, F1-Score: 0.5966
2025-01-13 17:36:11,265 - INFO - Epoch 2 - Eval Loss: 0.9411, Accuracy: 0.6610, Precision: 0.6695, Recall: 0.6610, F1-Score: 0.6591
2025-01-13 17:36:18,055 - INFO - Epoch 3 - Train Loss: 0.9628, Accuracy: 0.6552, Precision: 0.6536, Recall: 0.6552, F1-Score: 0.6543
2025-01-13 17:36:18,950 - INFO - Epoch 3 - Eval Loss: 0.8870, Accuracy: 0.6841, Precision: 0.6859, Recall: 0.6841, F1-Score: 0.6806
2025-01-13 17:36:25,670 - INFO - Epoch 4 - Train Loss: 0.8810, Accuracy: 0.6877, Precision: 0.6860, Recall: 0.6877, F1-Score: 0.6867
2025-01-13 17:36:26,532 - INFO - Epoch 4 - Eval Loss: 0.7844, Accuracy: 0.7188, Precision: 0.7203, Recall: 0.7188, F1-Score: 0.7150
2025-01-13 17:36:33,127 - INFO - Epoch 5 - Train Loss: 0.8127, Accuracy: 0.7131, Precision: 0.7119, Recall: 0.7131, F1-Score: 0.7124
2025-01-13 17:36:34,061 - INFO - Epoch 5 - Eval Loss: 0.7554, Accuracy: 0.7316, Precision: 0.7375, Recall: 0.7316, F1-Score: 0.7299
2025-01-13 17:36:40,745 - INFO - Epoch 6 - Train Loss: 0.7572, Accuracy: 0.7338, Precision: 0.7327, Recall: 0.7338, F1-Score: 0.7331
2025-01-13 17:36:41,666 - INFO - Epoch 6 - Eval Loss: 0.7218, Accuracy: 0.7509, Precision: 0.7648, Recall: 0.7509, F1-Score: 0.7531
2025-01-13 17:36:48,267 - INFO - Epoch 7 - Train Loss: 0.7114, Accuracy: 0.7505, Precision: 0.7499, Recall: 0.7505, F1-Score: 0.7501
2025-01-13 17:36:49,182 - INFO - Epoch 7 - Eval Loss: 0.6834, Accuracy: 0.7656, Precision: 0.7717, Recall: 0.7656, F1-Score: 0.7655
2025-01-13 17:36:55,812 - INFO - Epoch 8 - Train Loss: 0.6803, Accuracy: 0.7605, Precision: 0.7602, Recall: 0.7605, F1-Score: 0.7602
2025-01-13 17:36:56,623 - INFO - Epoch 8 - Eval Loss: 0.6448, Accuracy: 0.7836, Precision: 0.7855, Recall: 0.7836, F1-Score: 0.7806
2025-01-13 17:37:03,243 - INFO - Epoch 9 - Train Loss: 0.6544, Accuracy: 0.7716, Precision: 0.7709, Recall: 0.7716, F1-Score: 0.7711
2025-01-13 17:37:04,082 - INFO - Epoch 9 - Eval Loss: 0.6192, Accuracy: 0.7885, Precision: 0.7948, Recall: 0.7885, F1-Score: 0.7876
2025-01-13 17:37:10,660 - INFO - Epoch 10 - Train Loss: 0.6300, Accuracy: 0.7799, Precision: 0.7795, Recall: 0.7799, F1-Score: 0.7795
2025-01-13 17:37:11,534 - INFO - Epoch 10 - Eval Loss: 0.5929, Accuracy: 0.8002, Precision: 0.7985, Recall: 0.8002, F1-Score: 0.7983
2025-01-13 17:37:18,103 - INFO - Epoch 11 - Train Loss: 0.6068, Accuracy: 0.7894, Precision: 0.7892, Recall: 0.7894, F1-Score: 0.7892
2025-01-13 17:37:19,022 - INFO - Epoch 11 - Eval Loss: 0.5734, Accuracy: 0.7998, Precision: 0.7993, Recall: 0.7998, F1-Score: 0.7979
2025-01-13 17:37:25,658 - INFO - Epoch 12 - Train Loss: 0.5871, Accuracy: 0.7966, Precision: 0.7963, Recall: 0.7966, F1-Score: 0.7964
2025-01-13 17:37:26,557 - INFO - Epoch 12 - Eval Loss: 0.6020, Accuracy: 0.7957, Precision: 0.8026, Recall: 0.7957, F1-Score: 0.7967
2025-01-13 17:37:33,260 - INFO - Epoch 13 - Train Loss: 0.5745, Accuracy: 0.8001, Precision: 0.7997, Recall: 0.8001, F1-Score: 0.7998
2025-01-13 17:37:34,251 - INFO - Epoch 13 - Eval Loss: 0.5573, Accuracy: 0.8096, Precision: 0.8101, Recall: 0.8096, F1-Score: 0.8083
2025-01-13 17:37:40,982 - INFO - Epoch 14 - Train Loss: 0.5545, Accuracy: 0.8076, Precision: 0.8073, Recall: 0.8076, F1-Score: 0.8074
2025-01-13 17:37:42,007 - INFO - Epoch 14 - Eval Loss: 0.5918, Accuracy: 0.7948, Precision: 0.8057, Recall: 0.7948, F1-Score: 0.7946
2025-01-13 17:37:48,920 - INFO - Epoch 15 - Train Loss: 0.5452, Accuracy: 0.8136, Precision: 0.8133, Recall: 0.8136, F1-Score: 0.8133
2025-01-13 17:37:50,021 - INFO - Epoch 15 - Eval Loss: 0.5591, Accuracy: 0.8080, Precision: 0.8191, Recall: 0.8080, F1-Score: 0.8112
2025-01-13 17:37:56,634 - INFO - Epoch 16 - Train Loss: 0.5361, Accuracy: 0.8140, Precision: 0.8135, Recall: 0.8140, F1-Score: 0.8136
2025-01-13 17:37:57,507 - INFO - Epoch 16 - Eval Loss: 0.5811, Accuracy: 0.8042, Precision: 0.8135, Recall: 0.8042, F1-Score: 0.8036
2025-01-13 17:38:04,192 - INFO - Epoch 17 - Train Loss: 0.5207, Accuracy: 0.8191, Precision: 0.8189, Recall: 0.8191, F1-Score: 0.8189
2025-01-13 17:38:05,137 - INFO - Epoch 17 - Eval Loss: 0.5311, Accuracy: 0.8185, Precision: 0.8235, Recall: 0.8185, F1-Score: 0.8163
2025-01-13 17:38:11,813 - INFO - Epoch 18 - Train Loss: 0.5098, Accuracy: 0.8218, Precision: 0.8216, Recall: 0.8218, F1-Score: 0.8216
2025-01-13 17:38:12,698 - INFO - Epoch 18 - Eval Loss: 0.5620, Accuracy: 0.8068, Precision: 0.8102, Recall: 0.8068, F1-Score: 0.8050
2025-01-13 17:38:19,431 - INFO - Epoch 19 - Train Loss: 0.5029, Accuracy: 0.8259, Precision: 0.8255, Recall: 0.8259, F1-Score: 0.8256
2025-01-13 17:38:20,395 - INFO - Epoch 19 - Eval Loss: 0.5222, Accuracy: 0.8246, Precision: 0.8271, Recall: 0.8246, F1-Score: 0.8230
2025-01-13 17:38:27,106 - INFO - Epoch 20 - Train Loss: 0.4907, Accuracy: 0.8304, Precision: 0.8301, Recall: 0.8304, F1-Score: 0.8302
2025-01-13 17:38:27,939 - INFO - Epoch 20 - Eval Loss: 0.6055, Accuracy: 0.7989, Precision: 0.8126, Recall: 0.7989, F1-Score: 0.7978
2025-01-13 17:38:34,561 - INFO - Epoch 21 - Train Loss: 0.4784, Accuracy: 0.8345, Precision: 0.8344, Recall: 0.8345, F1-Score: 0.8344
2025-01-13 17:38:35,433 - INFO - Epoch 21 - Eval Loss: 0.4945, Accuracy: 0.8326, Precision: 0.8329, Recall: 0.8326, F1-Score: 0.8323
2025-01-13 17:38:42,138 - INFO - Epoch 22 - Train Loss: 0.4753, Accuracy: 0.8362, Precision: 0.8361, Recall: 0.8362, F1-Score: 0.8361
2025-01-13 17:38:43,022 - INFO - Epoch 22 - Eval Loss: 0.4766, Accuracy: 0.8405, Precision: 0.8445, Recall: 0.8405, F1-Score: 0.8390
2025-01-13 17:38:49,670 - INFO - Epoch 23 - Train Loss: 0.4630, Accuracy: 0.8400, Precision: 0.8399, Recall: 0.8400, F1-Score: 0.8398
2025-01-13 17:38:50,593 - INFO - Epoch 23 - Eval Loss: 0.5242, Accuracy: 0.8254, Precision: 0.8310, Recall: 0.8254, F1-Score: 0.8251
2025-01-13 17:38:57,264 - INFO - Epoch 24 - Train Loss: 0.4589, Accuracy: 0.8426, Precision: 0.8424, Recall: 0.8426, F1-Score: 0.8425
2025-01-13 17:38:58,145 - INFO - Epoch 24 - Eval Loss: 0.5287, Accuracy: 0.8269, Precision: 0.8325, Recall: 0.8269, F1-Score: 0.8256
2025-01-13 17:39:04,839 - INFO - Epoch 25 - Train Loss: 0.4524, Accuracy: 0.8437, Precision: 0.8436, Recall: 0.8437, F1-Score: 0.8436
2025-01-13 17:39:05,785 - INFO - Epoch 25 - Eval Loss: 0.5162, Accuracy: 0.8286, Precision: 0.8351, Recall: 0.8286, F1-Score: 0.8271
2025-01-13 17:39:12,600 - INFO - Epoch 26 - Train Loss: 0.4491, Accuracy: 0.8449, Precision: 0.8449, Recall: 0.8449, F1-Score: 0.8449
2025-01-13 17:39:13,578 - INFO - Epoch 26 - Eval Loss: 0.4803, Accuracy: 0.8387, Precision: 0.8406, Recall: 0.8387, F1-Score: 0.8375
2025-01-13 17:39:20,124 - INFO - Epoch 27 - Train Loss: 0.4389, Accuracy: 0.8483, Precision: 0.8481, Recall: 0.8483, F1-Score: 0.8481
2025-01-13 17:39:21,197 - INFO - Epoch 27 - Eval Loss: 0.4900, Accuracy: 0.8378, Precision: 0.8409, Recall: 0.8378, F1-Score: 0.8374
2025-01-13 17:39:27,864 - INFO - Epoch 28 - Train Loss: 0.4341, Accuracy: 0.8504, Precision: 0.8501, Recall: 0.8504, F1-Score: 0.8502
2025-01-13 17:39:28,686 - INFO - Epoch 28 - Eval Loss: 0.4902, Accuracy: 0.8398, Precision: 0.8439, Recall: 0.8398, F1-Score: 0.8400
2025-01-13 17:39:35,307 - INFO - Epoch 29 - Train Loss: 0.4344, Accuracy: 0.8499, Precision: 0.8496, Recall: 0.8499, F1-Score: 0.8496
2025-01-13 17:39:36,223 - INFO - Epoch 29 - Eval Loss: 0.4558, Accuracy: 0.8460, Precision: 0.8464, Recall: 0.8460, F1-Score: 0.8446
2025-01-13 17:39:42,907 - INFO - Epoch 30 - Train Loss: 0.4193, Accuracy: 0.8535, Precision: 0.8533, Recall: 0.8535, F1-Score: 0.8533
2025-01-13 17:39:43,832 - INFO - Epoch 30 - Eval Loss: 0.4779, Accuracy: 0.8401, Precision: 0.8456, Recall: 0.8401, F1-Score: 0.8405
2025-01-13 17:39:50,484 - INFO - Epoch 31 - Train Loss: 0.4211, Accuracy: 0.8545, Precision: 0.8543, Recall: 0.8545, F1-Score: 0.8544
2025-01-13 17:39:51,403 - INFO - Epoch 31 - Eval Loss: 0.5177, Accuracy: 0.8323, Precision: 0.8382, Recall: 0.8323, F1-Score: 0.8316
2025-01-13 17:39:57,979 - INFO - Epoch 32 - Train Loss: 0.4056, Accuracy: 0.8597, Precision: 0.8598, Recall: 0.8597, F1-Score: 0.8596
2025-01-13 17:39:58,868 - INFO - Epoch 32 - Eval Loss: 0.4416, Accuracy: 0.8546, Precision: 0.8553, Recall: 0.8546, F1-Score: 0.8537
2025-01-13 17:40:05,489 - INFO - Epoch 33 - Train Loss: 0.4151, Accuracy: 0.8575, Precision: 0.8574, Recall: 0.8575, F1-Score: 0.8574
2025-01-13 17:40:06,465 - INFO - Epoch 33 - Eval Loss: 0.4581, Accuracy: 0.8464, Precision: 0.8485, Recall: 0.8464, F1-Score: 0.8462
2025-01-13 17:40:13,104 - INFO - Epoch 34 - Train Loss: 0.4037, Accuracy: 0.8601, Precision: 0.8600, Recall: 0.8601, F1-Score: 0.8600
2025-01-13 17:40:14,013 - INFO - Epoch 34 - Eval Loss: 0.4559, Accuracy: 0.8494, Precision: 0.8527, Recall: 0.8494, F1-Score: 0.8495
2025-01-13 17:40:20,587 - INFO - Epoch 35 - Train Loss: 0.3998, Accuracy: 0.8621, Precision: 0.8619, Recall: 0.8621, F1-Score: 0.8619
2025-01-13 17:40:21,573 - INFO - Epoch 35 - Eval Loss: 0.5075, Accuracy: 0.8328, Precision: 0.8442, Recall: 0.8328, F1-Score: 0.8312
2025-01-13 17:40:28,251 - INFO - Epoch 36 - Train Loss: 0.3957, Accuracy: 0.8622, Precision: 0.8622, Recall: 0.8622, F1-Score: 0.8621
2025-01-13 17:40:29,127 - INFO - Epoch 36 - Eval Loss: 0.4704, Accuracy: 0.8426, Precision: 0.8463, Recall: 0.8426, F1-Score: 0.8419
2025-01-13 17:40:35,820 - INFO - Epoch 37 - Train Loss: 0.3903, Accuracy: 0.8662, Precision: 0.8660, Recall: 0.8662, F1-Score: 0.8661
2025-01-13 17:40:36,782 - INFO - Epoch 37 - Eval Loss: 0.4518, Accuracy: 0.8490, Precision: 0.8553, Recall: 0.8490, F1-Score: 0.8507
2025-01-13 17:40:43,514 - INFO - Epoch 38 - Train Loss: 0.3779, Accuracy: 0.8698, Precision: 0.8697, Recall: 0.8698, F1-Score: 0.8697
2025-01-13 17:40:44,452 - INFO - Epoch 38 - Eval Loss: 0.4318, Accuracy: 0.8534, Precision: 0.8566, Recall: 0.8534, F1-Score: 0.8538
2025-01-13 17:40:51,346 - INFO - Epoch 39 - Train Loss: 0.3782, Accuracy: 0.8691, Precision: 0.8689, Recall: 0.8691, F1-Score: 0.8689
2025-01-13 17:40:52,299 - INFO - Epoch 39 - Eval Loss: 0.4247, Accuracy: 0.8584, Precision: 0.8583, Recall: 0.8584, F1-Score: 0.8580
2025-01-13 17:40:58,931 - INFO - Epoch 40 - Train Loss: 0.3807, Accuracy: 0.8682, Precision: 0.8680, Recall: 0.8682, F1-Score: 0.8680
2025-01-13 17:40:59,947 - INFO - Epoch 40 - Eval Loss: 0.4329, Accuracy: 0.8538, Precision: 0.8595, Recall: 0.8538, F1-Score: 0.8526
2025-01-13 17:41:06,643 - INFO - Epoch 41 - Train Loss: 0.3672, Accuracy: 0.8733, Precision: 0.8732, Recall: 0.8733, F1-Score: 0.8732
2025-01-13 17:41:07,552 - INFO - Epoch 41 - Eval Loss: 0.4248, Accuracy: 0.8562, Precision: 0.8615, Recall: 0.8562, F1-Score: 0.8571
2025-01-13 17:41:14,276 - INFO - Epoch 42 - Train Loss: 0.3696, Accuracy: 0.8741, Precision: 0.8740, Recall: 0.8741, F1-Score: 0.8740
2025-01-13 17:41:15,169 - INFO - Epoch 42 - Eval Loss: 0.4555, Accuracy: 0.8464, Precision: 0.8531, Recall: 0.8464, F1-Score: 0.8457
2025-01-13 17:41:21,903 - INFO - Epoch 43 - Train Loss: 0.3644, Accuracy: 0.8742, Precision: 0.8741, Recall: 0.8742, F1-Score: 0.8741
2025-01-13 17:41:22,858 - INFO - Epoch 43 - Eval Loss: 0.4364, Accuracy: 0.8543, Precision: 0.8577, Recall: 0.8543, F1-Score: 0.8526
2025-01-13 17:41:29,596 - INFO - Epoch 44 - Train Loss: 0.3602, Accuracy: 0.8766, Precision: 0.8765, Recall: 0.8766, F1-Score: 0.8765
2025-01-13 17:41:30,534 - INFO - Epoch 44 - Eval Loss: 0.4297, Accuracy: 0.8578, Precision: 0.8613, Recall: 0.8578, F1-Score: 0.8568
2025-01-13 17:41:37,116 - INFO - Epoch 45 - Train Loss: 0.3587, Accuracy: 0.8762, Precision: 0.8760, Recall: 0.8762, F1-Score: 0.8761
2025-01-13 17:41:38,002 - INFO - Epoch 45 - Eval Loss: 0.4418, Accuracy: 0.8497, Precision: 0.8545, Recall: 0.8497, F1-Score: 0.8507
2025-01-13 17:41:44,678 - INFO - Epoch 46 - Train Loss: 0.3546, Accuracy: 0.8773, Precision: 0.8772, Recall: 0.8773, F1-Score: 0.8772
2025-01-13 17:41:45,566 - INFO - Epoch 46 - Eval Loss: 0.4271, Accuracy: 0.8578, Precision: 0.8587, Recall: 0.8578, F1-Score: 0.8573
2025-01-13 17:41:52,180 - INFO - Epoch 47 - Train Loss: 0.3507, Accuracy: 0.8793, Precision: 0.8792, Recall: 0.8793, F1-Score: 0.8792
2025-01-13 17:41:53,046 - INFO - Epoch 47 - Eval Loss: 0.4097, Accuracy: 0.8623, Precision: 0.8621, Recall: 0.8623, F1-Score: 0.8604
2025-01-13 17:41:59,643 - INFO - Epoch 48 - Train Loss: 0.3498, Accuracy: 0.8805, Precision: 0.8804, Recall: 0.8805, F1-Score: 0.8804
2025-01-13 17:42:00,536 - INFO - Epoch 48 - Eval Loss: 0.4077, Accuracy: 0.8640, Precision: 0.8651, Recall: 0.8640, F1-Score: 0.8638
2025-01-13 17:42:07,101 - INFO - Epoch 49 - Train Loss: 0.3472, Accuracy: 0.8809, Precision: 0.8807, Recall: 0.8809, F1-Score: 0.8807
2025-01-13 17:42:08,010 - INFO - Epoch 49 - Eval Loss: 0.4364, Accuracy: 0.8547, Precision: 0.8639, Recall: 0.8547, F1-Score: 0.8551
2025-01-13 17:42:14,727 - INFO - Epoch 50 - Train Loss: 0.3413, Accuracy: 0.8819, Precision: 0.8819, Recall: 0.8819, F1-Score: 0.8819
2025-01-13 17:42:15,642 - INFO - Epoch 50 - Eval Loss: 0.4318, Accuracy: 0.8564, Precision: 0.8627, Recall: 0.8564, F1-Score: 0.8580
2025-01-13 17:42:22,431 - INFO - Epoch 51 - Train Loss: 0.3396, Accuracy: 0.8819, Precision: 0.8818, Recall: 0.8819, F1-Score: 0.8818
2025-01-13 17:42:23,392 - INFO - Epoch 51 - Eval Loss: 0.4675, Accuracy: 0.8535, Precision: 0.8627, Recall: 0.8535, F1-Score: 0.8538
2025-01-13 17:42:30,170 - INFO - Epoch 52 - Train Loss: 0.3373, Accuracy: 0.8831, Precision: 0.8830, Recall: 0.8831, F1-Score: 0.8830
2025-01-13 17:42:31,218 - INFO - Epoch 52 - Eval Loss: 0.4026, Accuracy: 0.8654, Precision: 0.8699, Recall: 0.8654, F1-Score: 0.8660
2025-01-13 17:42:37,946 - INFO - Epoch 53 - Train Loss: 0.3312, Accuracy: 0.8851, Precision: 0.8851, Recall: 0.8851, F1-Score: 0.8851
2025-01-13 17:42:38,786 - INFO - Epoch 53 - Eval Loss: 0.4096, Accuracy: 0.8655, Precision: 0.8664, Recall: 0.8655, F1-Score: 0.8648
2025-01-13 17:42:45,444 - INFO - Epoch 54 - Train Loss: 0.3299, Accuracy: 0.8855, Precision: 0.8854, Recall: 0.8855, F1-Score: 0.8854
2025-01-13 17:42:46,323 - INFO - Epoch 54 - Eval Loss: 0.4367, Accuracy: 0.8536, Precision: 0.8571, Recall: 0.8536, F1-Score: 0.8523
2025-01-13 17:42:53,110 - INFO - Epoch 55 - Train Loss: 0.3289, Accuracy: 0.8862, Precision: 0.8863, Recall: 0.8862, F1-Score: 0.8862
2025-01-13 17:42:54,083 - INFO - Epoch 55 - Eval Loss: 0.4216, Accuracy: 0.8613, Precision: 0.8689, Recall: 0.8613, F1-Score: 0.8621
2025-01-13 17:43:00,716 - INFO - Epoch 56 - Train Loss: 0.3282, Accuracy: 0.8875, Precision: 0.8875, Recall: 0.8875, F1-Score: 0.8875
2025-01-13 17:43:01,606 - INFO - Epoch 56 - Eval Loss: 0.4025, Accuracy: 0.8646, Precision: 0.8676, Recall: 0.8646, F1-Score: 0.8650
2025-01-13 17:43:08,322 - INFO - Epoch 57 - Train Loss: 0.3224, Accuracy: 0.8876, Precision: 0.8875, Recall: 0.8876, F1-Score: 0.8875
2025-01-13 17:43:09,277 - INFO - Epoch 57 - Eval Loss: 0.4049, Accuracy: 0.8657, Precision: 0.8665, Recall: 0.8657, F1-Score: 0.8645
2025-01-13 17:43:15,939 - INFO - Epoch 58 - Train Loss: 0.3251, Accuracy: 0.8866, Precision: 0.8864, Recall: 0.8866, F1-Score: 0.8865
2025-01-13 17:43:16,904 - INFO - Epoch 58 - Eval Loss: 0.4202, Accuracy: 0.8610, Precision: 0.8662, Recall: 0.8610, F1-Score: 0.8609
2025-01-13 17:43:23,596 - INFO - Epoch 59 - Train Loss: 0.3152, Accuracy: 0.8906, Precision: 0.8905, Recall: 0.8906, F1-Score: 0.8905
2025-01-13 17:43:24,553 - INFO - Epoch 59 - Eval Loss: 0.3983, Accuracy: 0.8697, Precision: 0.8729, Recall: 0.8697, F1-Score: 0.8700
2025-01-13 17:43:31,270 - INFO - Epoch 60 - Train Loss: 0.3162, Accuracy: 0.8904, Precision: 0.8904, Recall: 0.8904, F1-Score: 0.8903
2025-01-13 17:43:32,245 - INFO - Epoch 60 - Eval Loss: 0.4167, Accuracy: 0.8653, Precision: 0.8701, Recall: 0.8653, F1-Score: 0.8659
2025-01-13 17:43:38,934 - INFO - Epoch 61 - Train Loss: 0.3118, Accuracy: 0.8921, Precision: 0.8921, Recall: 0.8921, F1-Score: 0.8920
2025-01-13 17:43:39,838 - INFO - Epoch 61 - Eval Loss: 0.4015, Accuracy: 0.8675, Precision: 0.8718, Recall: 0.8675, F1-Score: 0.8671
2025-01-13 17:43:46,533 - INFO - Epoch 62 - Train Loss: 0.3084, Accuracy: 0.8930, Precision: 0.8929, Recall: 0.8930, F1-Score: 0.8929
2025-01-13 17:43:47,473 - INFO - Epoch 62 - Eval Loss: 0.3937, Accuracy: 0.8712, Precision: 0.8726, Recall: 0.8712, F1-Score: 0.8709
2025-01-13 17:43:54,261 - INFO - Epoch 63 - Train Loss: 0.3108, Accuracy: 0.8916, Precision: 0.8917, Recall: 0.8916, F1-Score: 0.8916
2025-01-13 17:43:55,155 - INFO - Epoch 63 - Eval Loss: 0.3880, Accuracy: 0.8693, Precision: 0.8698, Recall: 0.8693, F1-Score: 0.8681
2025-01-13 17:44:01,831 - INFO - Epoch 64 - Train Loss: 0.3069, Accuracy: 0.8940, Precision: 0.8940, Recall: 0.8940, F1-Score: 0.8939
2025-01-13 17:44:02,842 - INFO - Epoch 64 - Eval Loss: 0.3841, Accuracy: 0.8724, Precision: 0.8753, Recall: 0.8724, F1-Score: 0.8727
2025-01-13 17:44:09,571 - INFO - Epoch 65 - Train Loss: 0.3075, Accuracy: 0.8944, Precision: 0.8943, Recall: 0.8944, F1-Score: 0.8944
2025-01-13 17:44:10,421 - INFO - Epoch 65 - Eval Loss: 0.3805, Accuracy: 0.8718, Precision: 0.8736, Recall: 0.8718, F1-Score: 0.8719
2025-01-13 17:44:17,008 - INFO - Epoch 66 - Train Loss: 0.3004, Accuracy: 0.8964, Precision: 0.8963, Recall: 0.8964, F1-Score: 0.8964
2025-01-13 17:44:17,865 - INFO - Epoch 66 - Eval Loss: 0.4075, Accuracy: 0.8665, Precision: 0.8681, Recall: 0.8665, F1-Score: 0.8661
2025-01-13 17:44:24,513 - INFO - Epoch 67 - Train Loss: 0.3008, Accuracy: 0.8953, Precision: 0.8953, Recall: 0.8953, F1-Score: 0.8953
2025-01-13 17:44:25,443 - INFO - Epoch 67 - Eval Loss: 0.3843, Accuracy: 0.8736, Precision: 0.8757, Recall: 0.8736, F1-Score: 0.8737
2025-01-13 17:44:32,011 - INFO - Epoch 68 - Train Loss: 0.3045, Accuracy: 0.8947, Precision: 0.8946, Recall: 0.8947, F1-Score: 0.8946
2025-01-13 17:44:32,893 - INFO - Epoch 68 - Eval Loss: 0.3965, Accuracy: 0.8671, Precision: 0.8720, Recall: 0.8671, F1-Score: 0.8675
2025-01-13 17:44:39,604 - INFO - Epoch 69 - Train Loss: 0.2942, Accuracy: 0.8970, Precision: 0.8969, Recall: 0.8970, F1-Score: 0.8969
2025-01-13 17:44:40,502 - INFO - Epoch 69 - Eval Loss: 0.4101, Accuracy: 0.8635, Precision: 0.8653, Recall: 0.8635, F1-Score: 0.8623
2025-01-13 17:44:47,020 - INFO - Epoch 70 - Train Loss: 0.2919, Accuracy: 0.8973, Precision: 0.8972, Recall: 0.8973, F1-Score: 0.8972
2025-01-13 17:44:47,800 - INFO - Epoch 70 - Eval Loss: 0.4480, Accuracy: 0.8559, Precision: 0.8617, Recall: 0.8559, F1-Score: 0.8553
2025-01-13 17:44:54,316 - INFO - Epoch 71 - Train Loss: 0.2983, Accuracy: 0.8965, Precision: 0.8964, Recall: 0.8965, F1-Score: 0.8964
2025-01-13 17:44:55,165 - INFO - Epoch 71 - Eval Loss: 0.3638, Accuracy: 0.8761, Precision: 0.8785, Recall: 0.8761, F1-Score: 0.8763
2025-01-13 17:45:01,867 - INFO - Epoch 72 - Train Loss: 0.2918, Accuracy: 0.8991, Precision: 0.8991, Recall: 0.8991, F1-Score: 0.8990
2025-01-13 17:45:02,785 - INFO - Epoch 72 - Eval Loss: 0.4596, Accuracy: 0.8535, Precision: 0.8582, Recall: 0.8535, F1-Score: 0.8528
2025-01-13 17:45:09,386 - INFO - Epoch 73 - Train Loss: 0.2862, Accuracy: 0.9010, Precision: 0.9008, Recall: 0.9010, F1-Score: 0.9009
2025-01-13 17:45:10,234 - INFO - Epoch 73 - Eval Loss: 0.4169, Accuracy: 0.8664, Precision: 0.8759, Recall: 0.8664, F1-Score: 0.8664
2025-01-13 17:45:16,877 - INFO - Epoch 74 - Train Loss: 0.2871, Accuracy: 0.9004, Precision: 0.9004, Recall: 0.9004, F1-Score: 0.9004
2025-01-13 17:45:17,756 - INFO - Epoch 74 - Eval Loss: 0.3740, Accuracy: 0.8778, Precision: 0.8790, Recall: 0.8778, F1-Score: 0.8772
2025-01-13 17:45:24,529 - INFO - Epoch 75 - Train Loss: 0.2868, Accuracy: 0.9018, Precision: 0.9018, Recall: 0.9018, F1-Score: 0.9018
2025-01-13 17:45:25,473 - INFO - Epoch 75 - Eval Loss: 0.3910, Accuracy: 0.8700, Precision: 0.8722, Recall: 0.8700, F1-Score: 0.8693
2025-01-13 17:45:32,056 - INFO - Epoch 76 - Train Loss: 0.2886, Accuracy: 0.8980, Precision: 0.8981, Recall: 0.8980, F1-Score: 0.8980
2025-01-13 17:45:32,975 - INFO - Epoch 76 - Eval Loss: 0.3882, Accuracy: 0.8715, Precision: 0.8785, Recall: 0.8715, F1-Score: 0.8729
2025-01-13 17:45:39,585 - INFO - Epoch 77 - Train Loss: 0.2840, Accuracy: 0.9015, Precision: 0.9016, Recall: 0.9015, F1-Score: 0.9015
2025-01-13 17:45:40,445 - INFO - Epoch 77 - Eval Loss: 0.3866, Accuracy: 0.8720, Precision: 0.8758, Recall: 0.8720, F1-Score: 0.8718
2025-01-13 17:45:47,020 - INFO - Epoch 78 - Train Loss: 0.2832, Accuracy: 0.9016, Precision: 0.9016, Recall: 0.9016, F1-Score: 0.9016
2025-01-13 17:45:47,952 - INFO - Epoch 78 - Eval Loss: 0.3697, Accuracy: 0.8766, Precision: 0.8799, Recall: 0.8766, F1-Score: 0.8770
2025-01-13 17:45:54,491 - INFO - Epoch 79 - Train Loss: 0.2781, Accuracy: 0.9043, Precision: 0.9041, Recall: 0.9043, F1-Score: 0.9042
2025-01-13 17:45:55,320 - INFO - Epoch 79 - Eval Loss: 0.3885, Accuracy: 0.8718, Precision: 0.8736, Recall: 0.8718, F1-Score: 0.8718
2025-01-13 17:46:01,992 - INFO - Epoch 80 - Train Loss: 0.2807, Accuracy: 0.9017, Precision: 0.9016, Recall: 0.9017, F1-Score: 0.9016
2025-01-13 17:46:02,877 - INFO - Epoch 80 - Eval Loss: 0.3970, Accuracy: 0.8677, Precision: 0.8720, Recall: 0.8677, F1-Score: 0.8666
2025-01-13 17:46:09,485 - INFO - Epoch 81 - Train Loss: 0.2789, Accuracy: 0.9041, Precision: 0.9041, Recall: 0.9041, F1-Score: 0.9041
2025-01-13 17:46:10,344 - INFO - Epoch 81 - Eval Loss: 0.3935, Accuracy: 0.8721, Precision: 0.8745, Recall: 0.8721, F1-Score: 0.8720
2025-01-13 17:46:16,884 - INFO - Epoch 82 - Train Loss: 0.2817, Accuracy: 0.9030, Precision: 0.9029, Recall: 0.9030, F1-Score: 0.9029
2025-01-13 17:46:17,705 - INFO - Epoch 82 - Eval Loss: 0.3939, Accuracy: 0.8730, Precision: 0.8767, Recall: 0.8730, F1-Score: 0.8734
2025-01-13 17:46:24,331 - INFO - Epoch 83 - Train Loss: 0.2734, Accuracy: 0.9045, Precision: 0.9045, Recall: 0.9045, F1-Score: 0.9045
2025-01-13 17:46:25,178 - INFO - Epoch 83 - Eval Loss: 0.4202, Accuracy: 0.8670, Precision: 0.8675, Recall: 0.8670, F1-Score: 0.8651
2025-01-13 17:46:31,851 - INFO - Epoch 84 - Train Loss: 0.2736, Accuracy: 0.9044, Precision: 0.9044, Recall: 0.9044, F1-Score: 0.9044
2025-01-13 17:46:32,710 - INFO - Epoch 84 - Eval Loss: 0.3804, Accuracy: 0.8761, Precision: 0.8755, Recall: 0.8761, F1-Score: 0.8750
2025-01-13 17:46:39,274 - INFO - Epoch 85 - Train Loss: 0.2737, Accuracy: 0.9050, Precision: 0.9049, Recall: 0.9050, F1-Score: 0.9049
2025-01-13 17:46:40,119 - INFO - Epoch 85 - Eval Loss: 0.3753, Accuracy: 0.8777, Precision: 0.8788, Recall: 0.8777, F1-Score: 0.8776
2025-01-13 17:46:46,777 - INFO - Epoch 86 - Train Loss: 0.2701, Accuracy: 0.9054, Precision: 0.9053, Recall: 0.9054, F1-Score: 0.9053
2025-01-13 17:46:47,691 - INFO - Epoch 86 - Eval Loss: 0.4248, Accuracy: 0.8624, Precision: 0.8682, Recall: 0.8624, F1-Score: 0.8623
2025-01-13 17:46:54,405 - INFO - Epoch 87 - Train Loss: 0.2744, Accuracy: 0.9040, Precision: 0.9040, Recall: 0.9040, F1-Score: 0.9040
2025-01-13 17:46:55,414 - INFO - Epoch 87 - Eval Loss: 0.4255, Accuracy: 0.8611, Precision: 0.8711, Recall: 0.8611, F1-Score: 0.8626
2025-01-13 17:47:01,973 - INFO - Epoch 88 - Train Loss: 0.2666, Accuracy: 0.9073, Precision: 0.9074, Recall: 0.9073, F1-Score: 0.9073
2025-01-13 17:47:02,838 - INFO - Epoch 88 - Eval Loss: 0.3695, Accuracy: 0.8811, Precision: 0.8816, Recall: 0.8811, F1-Score: 0.8805
2025-01-13 17:47:09,382 - INFO - Epoch 89 - Train Loss: 0.2658, Accuracy: 0.9084, Precision: 0.9083, Recall: 0.9084, F1-Score: 0.9083
2025-01-13 17:47:10,267 - INFO - Epoch 89 - Eval Loss: 0.4182, Accuracy: 0.8641, Precision: 0.8678, Recall: 0.8641, F1-Score: 0.8638
2025-01-13 17:47:16,862 - INFO - Epoch 90 - Train Loss: 0.2654, Accuracy: 0.9070, Precision: 0.9070, Recall: 0.9070, F1-Score: 0.9070
2025-01-13 17:47:17,739 - INFO - Epoch 90 - Eval Loss: 0.3767, Accuracy: 0.8817, Precision: 0.8821, Recall: 0.8817, F1-Score: 0.8808
2025-01-13 17:47:24,326 - INFO - Epoch 91 - Train Loss: 0.2666, Accuracy: 0.9066, Precision: 0.9065, Recall: 0.9066, F1-Score: 0.9065
2025-01-13 17:47:25,179 - INFO - Epoch 91 - Eval Loss: 0.3797, Accuracy: 0.8796, Precision: 0.8812, Recall: 0.8796, F1-Score: 0.8784
2025-01-13 17:47:31,897 - INFO - Epoch 92 - Train Loss: 0.2578, Accuracy: 0.9101, Precision: 0.9100, Recall: 0.9101, F1-Score: 0.9100
2025-01-13 17:47:32,738 - INFO - Epoch 92 - Eval Loss: 0.3750, Accuracy: 0.8786, Precision: 0.8800, Recall: 0.8786, F1-Score: 0.8784
2025-01-13 17:47:39,283 - INFO - Epoch 93 - Train Loss: 0.2629, Accuracy: 0.9081, Precision: 0.9082, Recall: 0.9081, F1-Score: 0.9081
2025-01-13 17:47:40,189 - INFO - Epoch 93 - Eval Loss: 0.3738, Accuracy: 0.8786, Precision: 0.8785, Recall: 0.8786, F1-Score: 0.8779
2025-01-13 17:47:46,887 - INFO - Epoch 94 - Train Loss: 0.2590, Accuracy: 0.9105, Precision: 0.9105, Recall: 0.9105, F1-Score: 0.9105
2025-01-13 17:47:47,786 - INFO - Epoch 94 - Eval Loss: 0.3791, Accuracy: 0.8754, Precision: 0.8798, Recall: 0.8754, F1-Score: 0.8754
2025-01-13 17:47:54,405 - INFO - Epoch 95 - Train Loss: 0.2551, Accuracy: 0.9112, Precision: 0.9111, Recall: 0.9112, F1-Score: 0.9111
2025-01-13 17:47:55,342 - INFO - Epoch 95 - Eval Loss: 0.3952, Accuracy: 0.8730, Precision: 0.8778, Recall: 0.8730, F1-Score: 0.8724
2025-01-13 17:48:01,949 - INFO - Epoch 96 - Train Loss: 0.2573, Accuracy: 0.9105, Precision: 0.9105, Recall: 0.9105, F1-Score: 0.9105
2025-01-13 17:48:02,842 - INFO - Epoch 96 - Eval Loss: 0.3776, Accuracy: 0.8751, Precision: 0.8769, Recall: 0.8751, F1-Score: 0.8743
2025-01-13 17:48:09,417 - INFO - Epoch 97 - Train Loss: 0.2590, Accuracy: 0.9091, Precision: 0.9090, Recall: 0.9091, F1-Score: 0.9090
2025-01-13 17:48:10,297 - INFO - Epoch 97 - Eval Loss: 0.3489, Accuracy: 0.8810, Precision: 0.8811, Recall: 0.8810, F1-Score: 0.8808
2025-01-13 17:48:16,991 - INFO - Epoch 98 - Train Loss: 0.2583, Accuracy: 0.9090, Precision: 0.9090, Recall: 0.9090, F1-Score: 0.9090
2025-01-13 17:48:17,861 - INFO - Epoch 98 - Eval Loss: 0.3587, Accuracy: 0.8818, Precision: 0.8829, Recall: 0.8818, F1-Score: 0.8819
2025-01-13 17:48:24,423 - INFO - Epoch 99 - Train Loss: 0.2526, Accuracy: 0.9119, Precision: 0.9119, Recall: 0.9119, F1-Score: 0.9119
2025-01-13 17:48:25,368 - INFO - Epoch 99 - Eval Loss: 0.4046, Accuracy: 0.8696, Precision: 0.8733, Recall: 0.8696, F1-Score: 0.8693
2025-01-13 17:48:25,368 - INFO - Training finished
