2025-01-13 18:23:44,315 - INFO - Log file created at log/lr/cifar10_lr0.03_adam_wm1_20250113-182344.log
2025-01-13 18:23:44,365 - INFO - Using device cuda:1
2025-01-13 18:23:55,946 - INFO - Epoch 0 - Train Loss: 2.4520, Accuracy: 0.2300, Precision: 0.2271, Recall: 0.2300, F1-Score: 0.2271
2025-01-13 18:23:57,162 - INFO - Epoch 0 - Eval Loss: 2.0555, Accuracy: 0.2502, Precision: 0.2769, Recall: 0.2502, F1-Score: 0.2115
2025-01-13 18:24:04,221 - INFO - Epoch 1 - Train Loss: 1.7890, Accuracy: 0.3525, Precision: 0.3445, Recall: 0.3525, F1-Score: 0.3440
2025-01-13 18:24:05,388 - INFO - Epoch 1 - Eval Loss: 1.7044, Accuracy: 0.4057, Precision: 0.4480, Recall: 0.4057, F1-Score: 0.3820
2025-01-13 18:24:12,348 - INFO - Epoch 2 - Train Loss: 1.5954, Accuracy: 0.4140, Precision: 0.4069, Recall: 0.4140, F1-Score: 0.4081
2025-01-13 18:24:13,512 - INFO - Epoch 2 - Eval Loss: 1.4859, Accuracy: 0.4525, Precision: 0.4739, Recall: 0.4525, F1-Score: 0.4278
2025-01-13 18:24:20,354 - INFO - Epoch 3 - Train Loss: 1.4817, Accuracy: 0.4601, Precision: 0.4528, Recall: 0.4601, F1-Score: 0.4549
2025-01-13 18:24:21,453 - INFO - Epoch 3 - Eval Loss: 1.3382, Accuracy: 0.5190, Precision: 0.5185, Recall: 0.5190, F1-Score: 0.5065
2025-01-13 18:24:28,297 - INFO - Epoch 4 - Train Loss: 1.3941, Accuracy: 0.5017, Precision: 0.4961, Recall: 0.5017, F1-Score: 0.4981
2025-01-13 18:24:29,518 - INFO - Epoch 4 - Eval Loss: 1.2486, Accuracy: 0.5425, Precision: 0.5589, Recall: 0.5425, F1-Score: 0.5380
2025-01-13 18:24:36,437 - INFO - Epoch 5 - Train Loss: 1.3262, Accuracy: 0.5285, Precision: 0.5233, Recall: 0.5285, F1-Score: 0.5254
2025-01-13 18:24:37,629 - INFO - Epoch 5 - Eval Loss: 1.2836, Accuracy: 0.5459, Precision: 0.5758, Recall: 0.5459, F1-Score: 0.5403
2025-01-13 18:24:44,400 - INFO - Epoch 6 - Train Loss: 1.2470, Accuracy: 0.5561, Precision: 0.5516, Recall: 0.5561, F1-Score: 0.5535
2025-01-13 18:24:45,554 - INFO - Epoch 6 - Eval Loss: 1.3087, Accuracy: 0.5372, Precision: 0.5857, Recall: 0.5372, F1-Score: 0.5223
2025-01-13 18:24:52,422 - INFO - Epoch 7 - Train Loss: 1.1761, Accuracy: 0.5851, Precision: 0.5815, Recall: 0.5851, F1-Score: 0.5830
2025-01-13 18:24:53,557 - INFO - Epoch 7 - Eval Loss: 1.1388, Accuracy: 0.6034, Precision: 0.6038, Recall: 0.6034, F1-Score: 0.5876
2025-01-13 18:25:00,471 - INFO - Epoch 8 - Train Loss: 1.0916, Accuracy: 0.6090, Precision: 0.6064, Recall: 0.6090, F1-Score: 0.6075
2025-01-13 18:25:01,673 - INFO - Epoch 8 - Eval Loss: 1.3439, Accuracy: 0.5427, Precision: 0.5964, Recall: 0.5427, F1-Score: 0.5343
2025-01-13 18:25:08,418 - INFO - Epoch 9 - Train Loss: 1.0434, Accuracy: 0.6282, Precision: 0.6259, Recall: 0.6282, F1-Score: 0.6269
2025-01-13 18:25:09,585 - INFO - Epoch 9 - Eval Loss: 1.0576, Accuracy: 0.6383, Precision: 0.6546, Recall: 0.6383, F1-Score: 0.6323
2025-01-13 18:25:16,337 - INFO - Epoch 10 - Train Loss: 1.0008, Accuracy: 0.6425, Precision: 0.6404, Recall: 0.6425, F1-Score: 0.6413
2025-01-13 18:25:17,631 - INFO - Epoch 10 - Eval Loss: 1.0456, Accuracy: 0.6256, Precision: 0.6519, Recall: 0.6256, F1-Score: 0.6200
2025-01-13 18:25:24,459 - INFO - Epoch 11 - Train Loss: 0.9755, Accuracy: 0.6565, Precision: 0.6545, Recall: 0.6565, F1-Score: 0.6552
2025-01-13 18:25:25,600 - INFO - Epoch 11 - Eval Loss: 1.3758, Accuracy: 0.5769, Precision: 0.6368, Recall: 0.5769, F1-Score: 0.5722
2025-01-13 18:25:32,418 - INFO - Epoch 12 - Train Loss: 0.9359, Accuracy: 0.6690, Precision: 0.6676, Recall: 0.6690, F1-Score: 0.6681
2025-01-13 18:25:33,611 - INFO - Epoch 12 - Eval Loss: 0.9654, Accuracy: 0.6657, Precision: 0.6905, Recall: 0.6657, F1-Score: 0.6562
2025-01-13 18:25:40,451 - INFO - Epoch 13 - Train Loss: 0.9194, Accuracy: 0.6766, Precision: 0.6751, Recall: 0.6766, F1-Score: 0.6756
2025-01-13 18:25:41,606 - INFO - Epoch 13 - Eval Loss: 0.9433, Accuracy: 0.6719, Precision: 0.6943, Recall: 0.6719, F1-Score: 0.6701
2025-01-13 18:25:48,348 - INFO - Epoch 14 - Train Loss: 0.8997, Accuracy: 0.6838, Precision: 0.6830, Recall: 0.6838, F1-Score: 0.6832
2025-01-13 18:25:49,465 - INFO - Epoch 14 - Eval Loss: 1.0284, Accuracy: 0.6538, Precision: 0.6862, Recall: 0.6538, F1-Score: 0.6543
2025-01-13 18:25:56,203 - INFO - Epoch 15 - Train Loss: 0.8753, Accuracy: 0.6947, Precision: 0.6938, Recall: 0.6947, F1-Score: 0.6941
2025-01-13 18:25:57,333 - INFO - Epoch 15 - Eval Loss: 1.0512, Accuracy: 0.6330, Precision: 0.6967, Recall: 0.6330, F1-Score: 0.6279
2025-01-13 18:26:03,998 - INFO - Epoch 16 - Train Loss: 0.8565, Accuracy: 0.7004, Precision: 0.6995, Recall: 0.7004, F1-Score: 0.6997
2025-01-13 18:26:05,131 - INFO - Epoch 16 - Eval Loss: 0.9587, Accuracy: 0.6764, Precision: 0.7048, Recall: 0.6764, F1-Score: 0.6677
2025-01-13 18:26:11,842 - INFO - Epoch 17 - Train Loss: 0.8518, Accuracy: 0.7054, Precision: 0.7047, Recall: 0.7054, F1-Score: 0.7049
2025-01-13 18:26:12,967 - INFO - Epoch 17 - Eval Loss: 0.8647, Accuracy: 0.7046, Precision: 0.7174, Recall: 0.7046, F1-Score: 0.7010
2025-01-13 18:26:19,805 - INFO - Epoch 18 - Train Loss: 0.8296, Accuracy: 0.7121, Precision: 0.7111, Recall: 0.7121, F1-Score: 0.7114
2025-01-13 18:26:20,913 - INFO - Epoch 18 - Eval Loss: 0.9492, Accuracy: 0.6855, Precision: 0.7003, Recall: 0.6855, F1-Score: 0.6738
2025-01-13 18:26:27,702 - INFO - Epoch 19 - Train Loss: 0.8121, Accuracy: 0.7155, Precision: 0.7146, Recall: 0.7155, F1-Score: 0.7149
2025-01-13 18:26:28,972 - INFO - Epoch 19 - Eval Loss: 1.1064, Accuracy: 0.6328, Precision: 0.6886, Recall: 0.6328, F1-Score: 0.6232
2025-01-13 18:26:35,856 - INFO - Epoch 20 - Train Loss: 0.8191, Accuracy: 0.7144, Precision: 0.7136, Recall: 0.7144, F1-Score: 0.7138
2025-01-13 18:26:37,074 - INFO - Epoch 20 - Eval Loss: 1.1618, Accuracy: 0.6403, Precision: 0.6824, Recall: 0.6403, F1-Score: 0.6386
2025-01-13 18:26:43,844 - INFO - Epoch 21 - Train Loss: 0.7995, Accuracy: 0.7213, Precision: 0.7203, Recall: 0.7213, F1-Score: 0.7207
2025-01-13 18:26:44,976 - INFO - Epoch 21 - Eval Loss: 0.8814, Accuracy: 0.6986, Precision: 0.7284, Recall: 0.6986, F1-Score: 0.7020
2025-01-13 18:26:51,717 - INFO - Epoch 22 - Train Loss: 0.7955, Accuracy: 0.7220, Precision: 0.7210, Recall: 0.7220, F1-Score: 0.7213
2025-01-13 18:26:52,908 - INFO - Epoch 22 - Eval Loss: 0.8392, Accuracy: 0.7122, Precision: 0.7310, Recall: 0.7122, F1-Score: 0.7129
2025-01-13 18:26:59,802 - INFO - Epoch 23 - Train Loss: 0.7888, Accuracy: 0.7269, Precision: 0.7262, Recall: 0.7269, F1-Score: 0.7264
2025-01-13 18:27:01,110 - INFO - Epoch 23 - Eval Loss: 1.1241, Accuracy: 0.6365, Precision: 0.6944, Recall: 0.6365, F1-Score: 0.6373
2025-01-13 18:27:07,928 - INFO - Epoch 24 - Train Loss: 0.7765, Accuracy: 0.7299, Precision: 0.7290, Recall: 0.7299, F1-Score: 0.7293
2025-01-13 18:27:09,138 - INFO - Epoch 24 - Eval Loss: 2.2113, Accuracy: 0.5003, Precision: 0.6308, Recall: 0.5003, F1-Score: 0.4635
2025-01-13 18:27:15,921 - INFO - Epoch 25 - Train Loss: 0.7768, Accuracy: 0.7308, Precision: 0.7299, Recall: 0.7308, F1-Score: 0.7302
2025-01-13 18:27:17,142 - INFO - Epoch 25 - Eval Loss: 0.9363, Accuracy: 0.6872, Precision: 0.7136, Recall: 0.6872, F1-Score: 0.6899
2025-01-13 18:27:23,801 - INFO - Epoch 26 - Train Loss: 0.7859, Accuracy: 0.7276, Precision: 0.7268, Recall: 0.7276, F1-Score: 0.7271
2025-01-13 18:27:25,014 - INFO - Epoch 26 - Eval Loss: 0.9622, Accuracy: 0.6765, Precision: 0.7255, Recall: 0.6765, F1-Score: 0.6703
2025-01-13 18:27:31,756 - INFO - Epoch 27 - Train Loss: 0.7645, Accuracy: 0.7321, Precision: 0.7316, Recall: 0.7321, F1-Score: 0.7317
2025-01-13 18:27:32,996 - INFO - Epoch 27 - Eval Loss: 1.0563, Accuracy: 0.6440, Precision: 0.7181, Recall: 0.6440, F1-Score: 0.6449
2025-01-13 18:27:39,926 - INFO - Epoch 28 - Train Loss: 0.7702, Accuracy: 0.7316, Precision: 0.7308, Recall: 0.7316, F1-Score: 0.7311
2025-01-13 18:27:41,174 - INFO - Epoch 28 - Eval Loss: 0.9975, Accuracy: 0.6739, Precision: 0.7067, Recall: 0.6739, F1-Score: 0.6655
2025-01-13 18:27:48,090 - INFO - Epoch 29 - Train Loss: 0.7564, Accuracy: 0.7386, Precision: 0.7375, Recall: 0.7386, F1-Score: 0.7379
2025-01-13 18:27:49,308 - INFO - Epoch 29 - Eval Loss: 0.9590, Accuracy: 0.6778, Precision: 0.7356, Recall: 0.6778, F1-Score: 0.6801
2025-01-13 18:27:56,063 - INFO - Epoch 30 - Train Loss: 0.7628, Accuracy: 0.7348, Precision: 0.7337, Recall: 0.7348, F1-Score: 0.7341
2025-01-13 18:27:57,207 - INFO - Epoch 30 - Eval Loss: 1.0455, Accuracy: 0.6547, Precision: 0.7247, Recall: 0.6547, F1-Score: 0.6588
2025-01-13 18:28:03,946 - INFO - Epoch 31 - Train Loss: 0.7621, Accuracy: 0.7366, Precision: 0.7356, Recall: 0.7366, F1-Score: 0.7360
2025-01-13 18:28:05,127 - INFO - Epoch 31 - Eval Loss: 0.8775, Accuracy: 0.6985, Precision: 0.7254, Recall: 0.6985, F1-Score: 0.6973
2025-01-13 18:28:11,865 - INFO - Epoch 32 - Train Loss: 0.7465, Accuracy: 0.7413, Precision: 0.7406, Recall: 0.7413, F1-Score: 0.7408
2025-01-13 18:28:13,102 - INFO - Epoch 32 - Eval Loss: 0.9231, Accuracy: 0.6950, Precision: 0.7248, Recall: 0.6950, F1-Score: 0.6893
2025-01-13 18:28:19,999 - INFO - Epoch 33 - Train Loss: 0.7444, Accuracy: 0.7414, Precision: 0.7402, Recall: 0.7414, F1-Score: 0.7407
2025-01-13 18:28:21,109 - INFO - Epoch 33 - Eval Loss: 0.9036, Accuracy: 0.6851, Precision: 0.7620, Recall: 0.6851, F1-Score: 0.6863
2025-01-13 18:28:27,899 - INFO - Epoch 34 - Train Loss: 0.7464, Accuracy: 0.7410, Precision: 0.7401, Recall: 0.7410, F1-Score: 0.7404
2025-01-13 18:28:29,102 - INFO - Epoch 34 - Eval Loss: 0.9970, Accuracy: 0.6806, Precision: 0.7357, Recall: 0.6806, F1-Score: 0.6793
2025-01-13 18:28:35,828 - INFO - Epoch 35 - Train Loss: 0.7431, Accuracy: 0.7420, Precision: 0.7412, Recall: 0.7420, F1-Score: 0.7415
2025-01-13 18:28:36,906 - INFO - Epoch 35 - Eval Loss: 0.9126, Accuracy: 0.6860, Precision: 0.7526, Recall: 0.6860, F1-Score: 0.6737
2025-01-13 18:28:43,623 - INFO - Epoch 36 - Train Loss: 0.7358, Accuracy: 0.7443, Precision: 0.7435, Recall: 0.7443, F1-Score: 0.7438
2025-01-13 18:28:44,811 - INFO - Epoch 36 - Eval Loss: 1.2010, Accuracy: 0.6318, Precision: 0.7315, Recall: 0.6318, F1-Score: 0.6069
2025-01-13 18:28:51,593 - INFO - Epoch 37 - Train Loss: 0.7386, Accuracy: 0.7426, Precision: 0.7415, Recall: 0.7426, F1-Score: 0.7419
2025-01-13 18:28:52,780 - INFO - Epoch 37 - Eval Loss: 0.9785, Accuracy: 0.6764, Precision: 0.7456, Recall: 0.6764, F1-Score: 0.6833
2025-01-13 18:28:59,599 - INFO - Epoch 38 - Train Loss: 0.7382, Accuracy: 0.7422, Precision: 0.7417, Recall: 0.7422, F1-Score: 0.7418
2025-01-13 18:29:00,847 - INFO - Epoch 38 - Eval Loss: 0.9323, Accuracy: 0.6888, Precision: 0.7370, Recall: 0.6888, F1-Score: 0.6847
2025-01-13 18:29:07,515 - INFO - Epoch 39 - Train Loss: 0.7266, Accuracy: 0.7450, Precision: 0.7441, Recall: 0.7450, F1-Score: 0.7444
2025-01-13 18:29:08,708 - INFO - Epoch 39 - Eval Loss: 0.9485, Accuracy: 0.6828, Precision: 0.7451, Recall: 0.6828, F1-Score: 0.6718
2025-01-13 18:29:15,414 - INFO - Epoch 40 - Train Loss: 0.7346, Accuracy: 0.7443, Precision: 0.7432, Recall: 0.7443, F1-Score: 0.7437
2025-01-13 18:29:16,634 - INFO - Epoch 40 - Eval Loss: 1.0466, Accuracy: 0.6743, Precision: 0.7246, Recall: 0.6743, F1-Score: 0.6728
2025-01-13 18:29:23,363 - INFO - Epoch 41 - Train Loss: 0.7349, Accuracy: 0.7453, Precision: 0.7444, Recall: 0.7453, F1-Score: 0.7447
2025-01-13 18:29:24,567 - INFO - Epoch 41 - Eval Loss: 0.8398, Accuracy: 0.7007, Precision: 0.7603, Recall: 0.7007, F1-Score: 0.6984
2025-01-13 18:29:31,302 - INFO - Epoch 42 - Train Loss: 0.7182, Accuracy: 0.7496, Precision: 0.7487, Recall: 0.7496, F1-Score: 0.7491
2025-01-13 18:29:32,473 - INFO - Epoch 42 - Eval Loss: 1.4152, Accuracy: 0.6013, Precision: 0.7026, Recall: 0.6013, F1-Score: 0.5787
2025-01-13 18:29:39,187 - INFO - Epoch 43 - Train Loss: 0.7316, Accuracy: 0.7469, Precision: 0.7461, Recall: 0.7469, F1-Score: 0.7464
2025-01-13 18:29:40,357 - INFO - Epoch 43 - Eval Loss: 1.1937, Accuracy: 0.6343, Precision: 0.6723, Recall: 0.6343, F1-Score: 0.6258
2025-01-13 18:29:47,097 - INFO - Epoch 44 - Train Loss: 0.7288, Accuracy: 0.7477, Precision: 0.7468, Recall: 0.7477, F1-Score: 0.7471
2025-01-13 18:29:48,302 - INFO - Epoch 44 - Eval Loss: 0.9031, Accuracy: 0.6911, Precision: 0.7468, Recall: 0.6911, F1-Score: 0.6871
2025-01-13 18:29:54,981 - INFO - Epoch 45 - Train Loss: 0.7212, Accuracy: 0.7515, Precision: 0.7507, Recall: 0.7515, F1-Score: 0.7510
2025-01-13 18:29:56,216 - INFO - Epoch 45 - Eval Loss: 0.8951, Accuracy: 0.7016, Precision: 0.7382, Recall: 0.7016, F1-Score: 0.6953
2025-01-13 18:30:02,993 - INFO - Epoch 46 - Train Loss: 0.7284, Accuracy: 0.7475, Precision: 0.7469, Recall: 0.7475, F1-Score: 0.7471
2025-01-13 18:30:04,100 - INFO - Epoch 46 - Eval Loss: 1.0332, Accuracy: 0.6762, Precision: 0.7198, Recall: 0.6762, F1-Score: 0.6657
2025-01-13 18:30:10,828 - INFO - Epoch 47 - Train Loss: 0.7257, Accuracy: 0.7473, Precision: 0.7463, Recall: 0.7473, F1-Score: 0.7467
2025-01-13 18:30:11,983 - INFO - Epoch 47 - Eval Loss: 1.0820, Accuracy: 0.6480, Precision: 0.7353, Recall: 0.6480, F1-Score: 0.6497
2025-01-13 18:30:18,830 - INFO - Epoch 48 - Train Loss: 0.7111, Accuracy: 0.7544, Precision: 0.7535, Recall: 0.7544, F1-Score: 0.7538
2025-01-13 18:30:19,997 - INFO - Epoch 48 - Eval Loss: 0.9514, Accuracy: 0.6873, Precision: 0.7297, Recall: 0.6873, F1-Score: 0.6786
2025-01-13 18:30:26,773 - INFO - Epoch 49 - Train Loss: 0.7195, Accuracy: 0.7527, Precision: 0.7518, Recall: 0.7527, F1-Score: 0.7521
2025-01-13 18:30:27,879 - INFO - Epoch 49 - Eval Loss: 0.9537, Accuracy: 0.6771, Precision: 0.7480, Recall: 0.6771, F1-Score: 0.6779
2025-01-13 18:30:34,657 - INFO - Epoch 50 - Train Loss: 0.7188, Accuracy: 0.7501, Precision: 0.7494, Recall: 0.7501, F1-Score: 0.7496
2025-01-13 18:30:35,896 - INFO - Epoch 50 - Eval Loss: 0.7713, Accuracy: 0.7296, Precision: 0.7689, Recall: 0.7296, F1-Score: 0.7327
2025-01-13 18:30:42,633 - INFO - Epoch 51 - Train Loss: 0.7155, Accuracy: 0.7506, Precision: 0.7498, Recall: 0.7506, F1-Score: 0.7501
2025-01-13 18:30:43,719 - INFO - Epoch 51 - Eval Loss: 0.9810, Accuracy: 0.6632, Precision: 0.7548, Recall: 0.6632, F1-Score: 0.6550
2025-01-13 18:30:50,387 - INFO - Epoch 52 - Train Loss: 0.7099, Accuracy: 0.7530, Precision: 0.7522, Recall: 0.7530, F1-Score: 0.7525
2025-01-13 18:30:51,603 - INFO - Epoch 52 - Eval Loss: 0.8320, Accuracy: 0.7166, Precision: 0.7536, Recall: 0.7166, F1-Score: 0.7180
2025-01-13 18:30:58,358 - INFO - Epoch 53 - Train Loss: 0.7072, Accuracy: 0.7548, Precision: 0.7538, Recall: 0.7548, F1-Score: 0.7542
2025-01-13 18:30:59,508 - INFO - Epoch 53 - Eval Loss: 0.7409, Accuracy: 0.7434, Precision: 0.7551, Recall: 0.7434, F1-Score: 0.7398
2025-01-13 18:31:06,290 - INFO - Epoch 54 - Train Loss: 0.7130, Accuracy: 0.7506, Precision: 0.7497, Recall: 0.7506, F1-Score: 0.7500
2025-01-13 18:31:07,465 - INFO - Epoch 54 - Eval Loss: 1.1372, Accuracy: 0.6442, Precision: 0.7362, Recall: 0.6442, F1-Score: 0.6285
2025-01-13 18:31:14,168 - INFO - Epoch 55 - Train Loss: 0.6988, Accuracy: 0.7591, Precision: 0.7583, Recall: 0.7591, F1-Score: 0.7586
2025-01-13 18:31:15,398 - INFO - Epoch 55 - Eval Loss: 0.8652, Accuracy: 0.7092, Precision: 0.7389, Recall: 0.7092, F1-Score: 0.6998
2025-01-13 18:31:22,173 - INFO - Epoch 56 - Train Loss: 0.7134, Accuracy: 0.7522, Precision: 0.7515, Recall: 0.7522, F1-Score: 0.7517
2025-01-13 18:31:23,338 - INFO - Epoch 56 - Eval Loss: 1.0019, Accuracy: 0.6722, Precision: 0.7361, Recall: 0.6722, F1-Score: 0.6525
2025-01-13 18:31:29,985 - INFO - Epoch 57 - Train Loss: 0.7017, Accuracy: 0.7569, Precision: 0.7563, Recall: 0.7569, F1-Score: 0.7565
2025-01-13 18:31:31,151 - INFO - Epoch 57 - Eval Loss: 0.9440, Accuracy: 0.7026, Precision: 0.7404, Recall: 0.7026, F1-Score: 0.7020
2025-01-13 18:31:37,923 - INFO - Epoch 58 - Train Loss: 0.6909, Accuracy: 0.7634, Precision: 0.7625, Recall: 0.7634, F1-Score: 0.7628
2025-01-13 18:31:39,088 - INFO - Epoch 58 - Eval Loss: 0.9017, Accuracy: 0.7200, Precision: 0.7558, Recall: 0.7200, F1-Score: 0.7221
2025-01-13 18:31:45,866 - INFO - Epoch 59 - Train Loss: 0.7062, Accuracy: 0.7551, Precision: 0.7541, Recall: 0.7551, F1-Score: 0.7545
2025-01-13 18:31:47,070 - INFO - Epoch 59 - Eval Loss: 1.0378, Accuracy: 0.6694, Precision: 0.7700, Recall: 0.6694, F1-Score: 0.6546
2025-01-13 18:31:53,789 - INFO - Epoch 60 - Train Loss: 0.7130, Accuracy: 0.7540, Precision: 0.7531, Recall: 0.7540, F1-Score: 0.7535
2025-01-13 18:31:54,963 - INFO - Epoch 60 - Eval Loss: 0.8730, Accuracy: 0.7127, Precision: 0.7451, Recall: 0.7127, F1-Score: 0.7160
2025-01-13 18:32:01,668 - INFO - Epoch 61 - Train Loss: 0.6895, Accuracy: 0.7623, Precision: 0.7614, Recall: 0.7623, F1-Score: 0.7617
2025-01-13 18:32:02,935 - INFO - Epoch 61 - Eval Loss: 0.8836, Accuracy: 0.7042, Precision: 0.7417, Recall: 0.7042, F1-Score: 0.6971
2025-01-13 18:32:09,618 - INFO - Epoch 62 - Train Loss: 0.6935, Accuracy: 0.7598, Precision: 0.7590, Recall: 0.7598, F1-Score: 0.7593
2025-01-13 18:32:10,802 - INFO - Epoch 62 - Eval Loss: 0.9742, Accuracy: 0.6815, Precision: 0.7374, Recall: 0.6815, F1-Score: 0.6791
2025-01-13 18:32:17,528 - INFO - Epoch 63 - Train Loss: 0.6944, Accuracy: 0.7593, Precision: 0.7584, Recall: 0.7593, F1-Score: 0.7587
2025-01-13 18:32:18,695 - INFO - Epoch 63 - Eval Loss: 0.9870, Accuracy: 0.6753, Precision: 0.7355, Recall: 0.6753, F1-Score: 0.6798
2025-01-13 18:32:25,546 - INFO - Epoch 64 - Train Loss: 0.6988, Accuracy: 0.7592, Precision: 0.7584, Recall: 0.7592, F1-Score: 0.7587
2025-01-13 18:32:26,735 - INFO - Epoch 64 - Eval Loss: 0.9841, Accuracy: 0.6734, Precision: 0.7554, Recall: 0.6734, F1-Score: 0.6599
2025-01-13 18:32:33,405 - INFO - Epoch 65 - Train Loss: 0.6891, Accuracy: 0.7621, Precision: 0.7611, Recall: 0.7621, F1-Score: 0.7614
2025-01-13 18:32:34,517 - INFO - Epoch 65 - Eval Loss: 1.0589, Accuracy: 0.6862, Precision: 0.7346, Recall: 0.6862, F1-Score: 0.6716
2025-01-13 18:32:41,197 - INFO - Epoch 66 - Train Loss: 0.6887, Accuracy: 0.7637, Precision: 0.7629, Recall: 0.7637, F1-Score: 0.7632
2025-01-13 18:32:42,370 - INFO - Epoch 66 - Eval Loss: 1.1805, Accuracy: 0.6356, Precision: 0.7224, Recall: 0.6356, F1-Score: 0.6322
2025-01-13 18:32:49,176 - INFO - Epoch 67 - Train Loss: 0.6936, Accuracy: 0.7598, Precision: 0.7589, Recall: 0.7598, F1-Score: 0.7592
2025-01-13 18:32:50,382 - INFO - Epoch 67 - Eval Loss: 1.4026, Accuracy: 0.5925, Precision: 0.7286, Recall: 0.5925, F1-Score: 0.5871
2025-01-13 18:32:57,112 - INFO - Epoch 68 - Train Loss: 0.6951, Accuracy: 0.7591, Precision: 0.7580, Recall: 0.7591, F1-Score: 0.7584
2025-01-13 18:32:58,247 - INFO - Epoch 68 - Eval Loss: 0.8490, Accuracy: 0.7136, Precision: 0.7574, Recall: 0.7136, F1-Score: 0.7135
2025-01-13 18:33:05,029 - INFO - Epoch 69 - Train Loss: 0.7262, Accuracy: 0.7511, Precision: 0.7506, Recall: 0.7511, F1-Score: 0.7508
2025-01-13 18:33:06,257 - INFO - Epoch 69 - Eval Loss: 1.0291, Accuracy: 0.6715, Precision: 0.7258, Recall: 0.6715, F1-Score: 0.6653
2025-01-13 18:33:13,080 - INFO - Epoch 70 - Train Loss: 0.7436, Accuracy: 0.7425, Precision: 0.7414, Recall: 0.7425, F1-Score: 0.7419
2025-01-13 18:33:14,373 - INFO - Epoch 70 - Eval Loss: 1.3061, Accuracy: 0.6641, Precision: 0.6914, Recall: 0.6641, F1-Score: 0.6573
2025-01-13 18:33:21,122 - INFO - Epoch 71 - Train Loss: 0.7336, Accuracy: 0.7472, Precision: 0.7461, Recall: 0.7472, F1-Score: 0.7466
2025-01-13 18:33:22,299 - INFO - Epoch 71 - Eval Loss: 0.9924, Accuracy: 0.6774, Precision: 0.7265, Recall: 0.6774, F1-Score: 0.6629
2025-01-13 18:33:28,960 - INFO - Epoch 72 - Train Loss: 0.7643, Accuracy: 0.7432, Precision: 0.7419, Recall: 0.7432, F1-Score: 0.7425
2025-01-13 18:33:30,185 - INFO - Epoch 72 - Eval Loss: 438.5009, Accuracy: 0.1229, Precision: 0.2379, Recall: 0.1229, F1-Score: 0.0566
2025-01-13 18:33:36,932 - INFO - Epoch 73 - Train Loss: 2.1418, Accuracy: 0.3658, Precision: 0.3614, Recall: 0.3658, F1-Score: 0.3631
2025-01-13 18:33:38,110 - INFO - Epoch 73 - Eval Loss: 3.1965, Accuracy: 0.2510, Precision: 0.2579, Recall: 0.2510, F1-Score: 0.2210
2025-01-13 18:33:44,847 - INFO - Epoch 74 - Train Loss: 1.8217, Accuracy: 0.3709, Precision: 0.3618, Recall: 0.3709, F1-Score: 0.3645
2025-01-13 18:33:46,027 - INFO - Epoch 74 - Eval Loss: 1.5985, Accuracy: 0.4134, Precision: 0.4703, Recall: 0.4134, F1-Score: 0.3870
2025-01-13 18:33:52,768 - INFO - Epoch 75 - Train Loss: 1.3527, Accuracy: 0.5061, Precision: 0.4961, Recall: 0.5061, F1-Score: 0.4990
2025-01-13 18:33:53,979 - INFO - Epoch 75 - Eval Loss: 1.5219, Accuracy: 0.4148, Precision: 0.5487, Recall: 0.4148, F1-Score: 0.3910
2025-01-13 18:34:00,707 - INFO - Epoch 76 - Train Loss: 1.2201, Accuracy: 0.5589, Precision: 0.5518, Recall: 0.5589, F1-Score: 0.5542
2025-01-13 18:34:01,901 - INFO - Epoch 76 - Eval Loss: 1.3136, Accuracy: 0.5249, Precision: 0.5738, Recall: 0.5249, F1-Score: 0.5137
2025-01-13 18:34:08,657 - INFO - Epoch 77 - Train Loss: 1.1443, Accuracy: 0.5894, Precision: 0.5839, Recall: 0.5894, F1-Score: 0.5859
2025-01-13 18:34:09,809 - INFO - Epoch 77 - Eval Loss: 1.2072, Accuracy: 0.5666, Precision: 0.6155, Recall: 0.5666, F1-Score: 0.5583
2025-01-13 18:34:16,541 - INFO - Epoch 78 - Train Loss: 1.0795, Accuracy: 0.6151, Precision: 0.6111, Recall: 0.6151, F1-Score: 0.6127
2025-01-13 18:34:17,711 - INFO - Epoch 78 - Eval Loss: 1.0071, Accuracy: 0.6348, Precision: 0.6440, Recall: 0.6348, F1-Score: 0.6309
2025-01-13 18:34:24,509 - INFO - Epoch 79 - Train Loss: 1.0212, Accuracy: 0.6350, Precision: 0.6314, Recall: 0.6350, F1-Score: 0.6328
2025-01-13 18:34:25,686 - INFO - Epoch 79 - Eval Loss: 1.3736, Accuracy: 0.5597, Precision: 0.6408, Recall: 0.5597, F1-Score: 0.5357
2025-01-13 18:34:32,421 - INFO - Epoch 80 - Train Loss: 0.9649, Accuracy: 0.6570, Precision: 0.6545, Recall: 0.6570, F1-Score: 0.6556
2025-01-13 18:34:33,622 - INFO - Epoch 80 - Eval Loss: 1.1558, Accuracy: 0.5959, Precision: 0.6597, Recall: 0.5959, F1-Score: 0.5873
2025-01-13 18:34:40,343 - INFO - Epoch 81 - Train Loss: 0.9267, Accuracy: 0.6730, Precision: 0.6712, Recall: 0.6730, F1-Score: 0.6718
2025-01-13 18:34:41,439 - INFO - Epoch 81 - Eval Loss: 1.2723, Accuracy: 0.5703, Precision: 0.6609, Recall: 0.5703, F1-Score: 0.5658
2025-01-13 18:34:48,315 - INFO - Epoch 82 - Train Loss: 0.8933, Accuracy: 0.6856, Precision: 0.6842, Recall: 0.6856, F1-Score: 0.6847
2025-01-13 18:34:49,445 - INFO - Epoch 82 - Eval Loss: 1.6576, Accuracy: 0.4856, Precision: 0.6755, Recall: 0.4856, F1-Score: 0.4608
2025-01-13 18:34:56,464 - INFO - Epoch 83 - Train Loss: 0.8668, Accuracy: 0.6950, Precision: 0.6937, Recall: 0.6950, F1-Score: 0.6941
2025-01-13 18:34:57,620 - INFO - Epoch 83 - Eval Loss: 0.9277, Accuracy: 0.6772, Precision: 0.7148, Recall: 0.6772, F1-Score: 0.6727
2025-01-13 18:35:04,486 - INFO - Epoch 84 - Train Loss: 0.8484, Accuracy: 0.7032, Precision: 0.7021, Recall: 0.7032, F1-Score: 0.7024
2025-01-13 18:35:05,622 - INFO - Epoch 84 - Eval Loss: 1.0101, Accuracy: 0.6559, Precision: 0.6987, Recall: 0.6559, F1-Score: 0.6458
2025-01-13 18:35:12,441 - INFO - Epoch 85 - Train Loss: 0.8363, Accuracy: 0.7073, Precision: 0.7062, Recall: 0.7073, F1-Score: 0.7066
2025-01-13 18:35:13,636 - INFO - Epoch 85 - Eval Loss: 1.2205, Accuracy: 0.6087, Precision: 0.6804, Recall: 0.6087, F1-Score: 0.5819
2025-01-13 18:35:20,366 - INFO - Epoch 86 - Train Loss: 0.8190, Accuracy: 0.7157, Precision: 0.7147, Recall: 0.7157, F1-Score: 0.7149
2025-01-13 18:35:21,597 - INFO - Epoch 86 - Eval Loss: 0.9781, Accuracy: 0.6698, Precision: 0.7104, Recall: 0.6698, F1-Score: 0.6600
2025-01-13 18:35:28,276 - INFO - Epoch 87 - Train Loss: 0.8189, Accuracy: 0.7133, Precision: 0.7119, Recall: 0.7133, F1-Score: 0.7124
2025-01-13 18:35:29,430 - INFO - Epoch 87 - Eval Loss: 1.1869, Accuracy: 0.6241, Precision: 0.6868, Recall: 0.6241, F1-Score: 0.6296
2025-01-13 18:35:36,237 - INFO - Epoch 88 - Train Loss: 0.8031, Accuracy: 0.7171, Precision: 0.7157, Recall: 0.7171, F1-Score: 0.7162
2025-01-13 18:35:37,460 - INFO - Epoch 88 - Eval Loss: 0.9353, Accuracy: 0.6852, Precision: 0.7187, Recall: 0.6852, F1-Score: 0.6721
2025-01-13 18:35:44,248 - INFO - Epoch 89 - Train Loss: 0.7889, Accuracy: 0.7254, Precision: 0.7246, Recall: 0.7254, F1-Score: 0.7249
2025-01-13 18:35:45,386 - INFO - Epoch 89 - Eval Loss: 1.0864, Accuracy: 0.6337, Precision: 0.7330, Recall: 0.6337, F1-Score: 0.6474
2025-01-13 18:35:52,219 - INFO - Epoch 90 - Train Loss: 0.7773, Accuracy: 0.7275, Precision: 0.7262, Recall: 0.7275, F1-Score: 0.7267
2025-01-13 18:35:53,412 - INFO - Epoch 90 - Eval Loss: 1.0929, Accuracy: 0.6429, Precision: 0.7107, Recall: 0.6429, F1-Score: 0.6466
2025-01-13 18:36:00,177 - INFO - Epoch 91 - Train Loss: 0.7848, Accuracy: 0.7250, Precision: 0.7239, Recall: 0.7250, F1-Score: 0.7242
2025-01-13 18:36:01,440 - INFO - Epoch 91 - Eval Loss: 1.0170, Accuracy: 0.6567, Precision: 0.7375, Recall: 0.6567, F1-Score: 0.6575
2025-01-13 18:36:08,139 - INFO - Epoch 92 - Train Loss: 0.7732, Accuracy: 0.7312, Precision: 0.7300, Recall: 0.7312, F1-Score: 0.7305
2025-01-13 18:36:09,356 - INFO - Epoch 92 - Eval Loss: 0.9937, Accuracy: 0.6775, Precision: 0.7227, Recall: 0.6775, F1-Score: 0.6769
2025-01-13 18:36:16,100 - INFO - Epoch 93 - Train Loss: 0.7606, Accuracy: 0.7367, Precision: 0.7354, Recall: 0.7367, F1-Score: 0.7358
2025-01-13 18:36:17,229 - INFO - Epoch 93 - Eval Loss: 1.1417, Accuracy: 0.6247, Precision: 0.7138, Recall: 0.6247, F1-Score: 0.6172
2025-01-13 18:36:23,839 - INFO - Epoch 94 - Train Loss: 0.7573, Accuracy: 0.7386, Precision: 0.7376, Recall: 0.7386, F1-Score: 0.7379
2025-01-13 18:36:25,102 - INFO - Epoch 94 - Eval Loss: 0.8975, Accuracy: 0.6944, Precision: 0.7380, Recall: 0.6944, F1-Score: 0.6922
2025-01-13 18:36:31,683 - INFO - Epoch 95 - Train Loss: 0.7538, Accuracy: 0.7377, Precision: 0.7367, Recall: 0.7377, F1-Score: 0.7370
2025-01-13 18:36:32,876 - INFO - Epoch 95 - Eval Loss: 0.8785, Accuracy: 0.7102, Precision: 0.7317, Recall: 0.7102, F1-Score: 0.7102
2025-01-13 18:36:39,697 - INFO - Epoch 96 - Train Loss: 0.7488, Accuracy: 0.7393, Precision: 0.7383, Recall: 0.7393, F1-Score: 0.7387
2025-01-13 18:36:41,013 - INFO - Epoch 96 - Eval Loss: 1.3943, Accuracy: 0.6054, Precision: 0.6966, Recall: 0.6054, F1-Score: 0.5933
2025-01-13 18:36:47,735 - INFO - Epoch 97 - Train Loss: 0.7456, Accuracy: 0.7428, Precision: 0.7417, Recall: 0.7428, F1-Score: 0.7421
2025-01-13 18:36:48,938 - INFO - Epoch 97 - Eval Loss: 0.9729, Accuracy: 0.6638, Precision: 0.7218, Recall: 0.6638, F1-Score: 0.6582
2025-01-13 18:36:55,659 - INFO - Epoch 98 - Train Loss: 0.7708, Accuracy: 0.7328, Precision: 0.7318, Recall: 0.7328, F1-Score: 0.7321
2025-01-13 18:36:56,874 - INFO - Epoch 98 - Eval Loss: 0.9276, Accuracy: 0.6937, Precision: 0.7325, Recall: 0.6937, F1-Score: 0.6943
2025-01-13 18:37:03,465 - INFO - Epoch 99 - Train Loss: 0.7538, Accuracy: 0.7373, Precision: 0.7365, Recall: 0.7373, F1-Score: 0.7368
2025-01-13 18:37:04,614 - INFO - Epoch 99 - Eval Loss: 0.9497, Accuracy: 0.6715, Precision: 0.7190, Recall: 0.6715, F1-Score: 0.6685
2025-01-13 18:37:04,615 - INFO - Training finished
