2025-01-13 18:48:16,472 - INFO - Log file created at log/lr/cifar10_lr0.1_adam_wm1_20250113-184816.log
2025-01-13 18:48:16,526 - INFO - Using device cuda:1
2025-01-13 18:48:27,509 - INFO - Epoch 0 - Train Loss: 4.3754, Accuracy: 0.1727, Precision: 0.1715, Recall: 0.1727, F1-Score: 0.1704
2025-01-13 18:48:28,565 - INFO - Epoch 0 - Eval Loss: 2.4287, Accuracy: 0.1034, Precision: 0.0408, Recall: 0.1034, F1-Score: 0.0246
2025-01-13 18:48:35,207 - INFO - Epoch 1 - Train Loss: 2.0579, Accuracy: 0.2798, Precision: 0.2726, Recall: 0.2798, F1-Score: 0.2707
2025-01-13 18:48:36,356 - INFO - Epoch 1 - Eval Loss: 1.9246, Accuracy: 0.2846, Precision: 0.2883, Recall: 0.2846, F1-Score: 0.2341
2025-01-13 18:48:43,003 - INFO - Epoch 2 - Train Loss: 1.8182, Accuracy: 0.3403, Precision: 0.3330, Recall: 0.3403, F1-Score: 0.3329
2025-01-13 18:48:44,156 - INFO - Epoch 2 - Eval Loss: 1.7634, Accuracy: 0.3490, Precision: 0.3811, Recall: 0.3490, F1-Score: 0.3233
2025-01-13 18:48:50,837 - INFO - Epoch 3 - Train Loss: 1.7402, Accuracy: 0.3648, Precision: 0.3570, Recall: 0.3648, F1-Score: 0.3576
2025-01-13 18:48:51,929 - INFO - Epoch 3 - Eval Loss: 1.6901, Accuracy: 0.3687, Precision: 0.4335, Recall: 0.3687, F1-Score: 0.3395
2025-01-13 18:48:58,565 - INFO - Epoch 4 - Train Loss: 1.7242, Accuracy: 0.3715, Precision: 0.3631, Recall: 0.3715, F1-Score: 0.3647
2025-01-13 18:48:59,751 - INFO - Epoch 4 - Eval Loss: 1.8306, Accuracy: 0.3242, Precision: 0.4059, Recall: 0.3242, F1-Score: 0.3003
2025-01-13 18:49:06,319 - INFO - Epoch 5 - Train Loss: 1.6248, Accuracy: 0.4005, Precision: 0.3924, Recall: 0.4005, F1-Score: 0.3944
2025-01-13 18:49:07,495 - INFO - Epoch 5 - Eval Loss: 1.5267, Accuracy: 0.4291, Precision: 0.4432, Recall: 0.4291, F1-Score: 0.4028
2025-01-13 18:49:14,308 - INFO - Epoch 6 - Train Loss: 1.5264, Accuracy: 0.4350, Precision: 0.4259, Recall: 0.4350, F1-Score: 0.4288
2025-01-13 18:49:15,472 - INFO - Epoch 6 - Eval Loss: 1.7390, Accuracy: 0.3555, Precision: 0.4485, Recall: 0.3555, F1-Score: 0.3026
2025-01-13 18:49:22,170 - INFO - Epoch 7 - Train Loss: 1.4576, Accuracy: 0.4605, Precision: 0.4520, Recall: 0.4605, F1-Score: 0.4550
2025-01-13 18:49:23,281 - INFO - Epoch 7 - Eval Loss: 1.6023, Accuracy: 0.4371, Precision: 0.4813, Recall: 0.4371, F1-Score: 0.4010
2025-01-13 18:49:29,854 - INFO - Epoch 8 - Train Loss: 1.4114, Accuracy: 0.4854, Precision: 0.4787, Recall: 0.4854, F1-Score: 0.4812
2025-01-13 18:49:30,989 - INFO - Epoch 8 - Eval Loss: 1.4067, Accuracy: 0.4936, Precision: 0.5370, Recall: 0.4936, F1-Score: 0.4893
2025-01-13 18:49:37,548 - INFO - Epoch 9 - Train Loss: 1.3768, Accuracy: 0.4992, Precision: 0.4925, Recall: 0.4992, F1-Score: 0.4949
2025-01-13 18:49:38,682 - INFO - Epoch 9 - Eval Loss: 1.8059, Accuracy: 0.4131, Precision: 0.5006, Recall: 0.4131, F1-Score: 0.3785
2025-01-13 18:49:45,186 - INFO - Epoch 10 - Train Loss: 1.3436, Accuracy: 0.5129, Precision: 0.5078, Recall: 0.5129, F1-Score: 0.5096
2025-01-13 18:49:46,307 - INFO - Epoch 10 - Eval Loss: 1.8358, Accuracy: 0.3695, Precision: 0.4909, Recall: 0.3695, F1-Score: 0.3417
2025-01-13 18:49:52,875 - INFO - Epoch 11 - Train Loss: 1.3105, Accuracy: 0.5250, Precision: 0.5197, Recall: 0.5250, F1-Score: 0.5215
2025-01-13 18:49:54,051 - INFO - Epoch 11 - Eval Loss: 1.5237, Accuracy: 0.4751, Precision: 0.5343, Recall: 0.4751, F1-Score: 0.4489
2025-01-13 18:50:00,552 - INFO - Epoch 12 - Train Loss: 1.2844, Accuracy: 0.5336, Precision: 0.5288, Recall: 0.5336, F1-Score: 0.5308
2025-01-13 18:50:01,713 - INFO - Epoch 12 - Eval Loss: 2.9784, Accuracy: 0.3328, Precision: 0.4711, Recall: 0.3328, F1-Score: 0.2572
2025-01-13 18:50:08,426 - INFO - Epoch 13 - Train Loss: 1.2804, Accuracy: 0.5365, Precision: 0.5302, Recall: 0.5365, F1-Score: 0.5325
2025-01-13 18:50:09,528 - INFO - Epoch 13 - Eval Loss: 1.9883, Accuracy: 0.3932, Precision: 0.5323, Recall: 0.3932, F1-Score: 0.3808
2025-01-13 18:50:16,296 - INFO - Epoch 14 - Train Loss: 1.2425, Accuracy: 0.5540, Precision: 0.5485, Recall: 0.5540, F1-Score: 0.5504
2025-01-13 18:50:17,462 - INFO - Epoch 14 - Eval Loss: 1.5651, Accuracy: 0.4665, Precision: 0.5530, Recall: 0.4665, F1-Score: 0.4579
2025-01-13 18:50:24,390 - INFO - Epoch 15 - Train Loss: 1.2470, Accuracy: 0.5497, Precision: 0.5456, Recall: 0.5497, F1-Score: 0.5473
2025-01-13 18:50:25,608 - INFO - Epoch 15 - Eval Loss: 1.6213, Accuracy: 0.4465, Precision: 0.5695, Recall: 0.4465, F1-Score: 0.4284
2025-01-13 18:50:32,500 - INFO - Epoch 16 - Train Loss: 1.2134, Accuracy: 0.5605, Precision: 0.5561, Recall: 0.5605, F1-Score: 0.5579
2025-01-13 18:50:33,500 - INFO - Epoch 16 - Eval Loss: 3.0157, Accuracy: 0.3057, Precision: 0.5451, Recall: 0.3057, F1-Score: 0.2540
2025-01-13 18:50:40,138 - INFO - Epoch 17 - Train Loss: 1.2494, Accuracy: 0.5570, Precision: 0.5524, Recall: 0.5570, F1-Score: 0.5541
2025-01-13 18:50:41,142 - INFO - Epoch 17 - Eval Loss: 3.5198, Accuracy: 0.4030, Precision: 0.4598, Recall: 0.4030, F1-Score: 0.3575
2025-01-13 18:50:47,801 - INFO - Epoch 18 - Train Loss: 43.2105, Accuracy: 0.2597, Precision: 0.2591, Recall: 0.2597, F1-Score: 0.2591
2025-01-13 18:50:48,893 - INFO - Epoch 18 - Eval Loss: 2461.6931, Accuracy: 0.0866, Precision: 0.0584, Recall: 0.0866, F1-Score: 0.0473
2025-01-13 18:50:55,518 - INFO - Epoch 19 - Train Loss: 44.0918, Accuracy: 0.1063, Precision: 0.1061, Recall: 0.1063, F1-Score: 0.1057
2025-01-13 18:50:56,531 - INFO - Epoch 19 - Eval Loss: 4.8233, Accuracy: 0.1001, Precision: 0.1433, Recall: 0.1001, F1-Score: 0.0186
2025-01-13 18:51:03,022 - INFO - Epoch 20 - Train Loss: 3.4796, Accuracy: 0.1009, Precision: 0.1006, Recall: 0.1009, F1-Score: 0.0990
2025-01-13 18:51:04,037 - INFO - Epoch 20 - Eval Loss: 2.3231, Accuracy: 0.1000, Precision: 0.0100, Recall: 0.1000, F1-Score: 0.0182
2025-01-13 18:51:10,564 - INFO - Epoch 21 - Train Loss: 2.5597, Accuracy: 0.1019, Precision: 0.1018, Recall: 0.1019, F1-Score: 0.0978
2025-01-13 18:51:11,553 - INFO - Epoch 21 - Eval Loss: 2.3887, Accuracy: 0.1001, Precision: 0.0156, Recall: 0.1001, F1-Score: 0.0186
2025-01-13 18:51:18,209 - INFO - Epoch 22 - Train Loss: 2.4197, Accuracy: 0.0999, Precision: 0.0999, Recall: 0.0999, F1-Score: 0.0924
2025-01-13 18:51:19,230 - INFO - Epoch 22 - Eval Loss: 2.3159, Accuracy: 0.1005, Precision: 0.0484, Recall: 0.1005, F1-Score: 0.0221
2025-01-13 18:51:25,886 - INFO - Epoch 23 - Train Loss: 2.3999, Accuracy: 0.1010, Precision: 0.1009, Recall: 0.1010, F1-Score: 0.0973
2025-01-13 18:51:26,850 - INFO - Epoch 23 - Eval Loss: 2.3190, Accuracy: 0.1072, Precision: 0.0420, Recall: 0.1072, F1-Score: 0.0386
2025-01-13 18:51:33,490 - INFO - Epoch 24 - Train Loss: 2.3569, Accuracy: 0.1081, Precision: 0.1098, Recall: 0.1081, F1-Score: 0.1021
2025-01-13 18:51:34,481 - INFO - Epoch 24 - Eval Loss: 3.9867, Accuracy: 0.1036, Precision: 0.0908, Recall: 0.1036, F1-Score: 0.0277
2025-01-13 18:51:41,167 - INFO - Epoch 25 - Train Loss: 2.3958, Accuracy: 0.1016, Precision: 0.1018, Recall: 0.1016, F1-Score: 0.0989
2025-01-13 18:51:42,171 - INFO - Epoch 25 - Eval Loss: 2.3098, Accuracy: 0.1006, Precision: 0.0544, Recall: 0.1006, F1-Score: 0.0221
2025-01-13 18:51:48,902 - INFO - Epoch 26 - Train Loss: 2.2882, Accuracy: 0.1290, Precision: 0.1273, Recall: 0.1290, F1-Score: 0.1216
2025-01-13 18:51:49,900 - INFO - Epoch 26 - Eval Loss: 2.2050, Accuracy: 0.1483, Precision: 0.0681, Recall: 0.1483, F1-Score: 0.0752
2025-01-13 18:51:56,469 - INFO - Epoch 27 - Train Loss: 2.0686, Accuracy: 0.2083, Precision: 0.1909, Recall: 0.2083, F1-Score: 0.1881
2025-01-13 18:51:57,506 - INFO - Epoch 27 - Eval Loss: 1.9953, Accuracy: 0.2182, Precision: 0.1566, Recall: 0.2182, F1-Score: 0.1522
2025-01-13 18:52:04,179 - INFO - Epoch 28 - Train Loss: 2.0459, Accuracy: 0.2360, Precision: 0.2216, Recall: 0.2360, F1-Score: 0.2212
2025-01-13 18:52:05,185 - INFO - Epoch 28 - Eval Loss: 2.0631, Accuracy: 0.1971, Precision: 0.1484, Recall: 0.1971, F1-Score: 0.1209
2025-01-13 18:52:11,777 - INFO - Epoch 29 - Train Loss: 1.9662, Accuracy: 0.2588, Precision: 0.2421, Recall: 0.2588, F1-Score: 0.2425
2025-01-13 18:52:12,740 - INFO - Epoch 29 - Eval Loss: 1.8782, Accuracy: 0.2802, Precision: 0.2096, Recall: 0.2802, F1-Score: 0.2187
2025-01-13 18:52:19,375 - INFO - Epoch 30 - Train Loss: 1.9609, Accuracy: 0.2653, Precision: 0.2500, Recall: 0.2653, F1-Score: 0.2474
2025-01-13 18:52:20,387 - INFO - Epoch 30 - Eval Loss: 2.1462, Accuracy: 0.1821, Precision: 0.1951, Recall: 0.1821, F1-Score: 0.1139
2025-01-13 18:52:26,983 - INFO - Epoch 31 - Train Loss: 1.8856, Accuracy: 0.2842, Precision: 0.2685, Recall: 0.2842, F1-Score: 0.2674
2025-01-13 18:52:28,065 - INFO - Epoch 31 - Eval Loss: 2.2360, Accuracy: 0.2285, Precision: 0.2674, Recall: 0.2285, F1-Score: 0.1874
2025-01-13 18:52:34,905 - INFO - Epoch 32 - Train Loss: 1.7477, Accuracy: 0.3337, Precision: 0.3174, Recall: 0.3337, F1-Score: 0.3182
2025-01-13 18:52:35,998 - INFO - Epoch 32 - Eval Loss: 1.7525, Accuracy: 0.3375, Precision: 0.3491, Recall: 0.3375, F1-Score: 0.2918
2025-01-13 18:52:42,758 - INFO - Epoch 33 - Train Loss: 1.6855, Accuracy: 0.3589, Precision: 0.3444, Recall: 0.3589, F1-Score: 0.3448
2025-01-13 18:52:43,734 - INFO - Epoch 33 - Eval Loss: 1.5909, Accuracy: 0.3944, Precision: 0.4114, Recall: 0.3944, F1-Score: 0.3856
2025-01-13 18:52:50,404 - INFO - Epoch 34 - Train Loss: 1.6369, Accuracy: 0.3859, Precision: 0.3742, Recall: 0.3859, F1-Score: 0.3751
2025-01-13 18:52:51,400 - INFO - Epoch 34 - Eval Loss: 1.6492, Accuracy: 0.3873, Precision: 0.3978, Recall: 0.3873, F1-Score: 0.3559
2025-01-13 18:52:58,071 - INFO - Epoch 35 - Train Loss: 1.6193, Accuracy: 0.3993, Precision: 0.3881, Recall: 0.3993, F1-Score: 0.3898
2025-01-13 18:52:59,075 - INFO - Epoch 35 - Eval Loss: 1.8662, Accuracy: 0.3201, Precision: 0.3976, Recall: 0.3201, F1-Score: 0.2725
2025-01-13 18:53:05,668 - INFO - Epoch 36 - Train Loss: 1.5911, Accuracy: 0.4101, Precision: 0.4003, Recall: 0.4101, F1-Score: 0.4018
2025-01-13 18:53:06,676 - INFO - Epoch 36 - Eval Loss: 1.9010, Accuracy: 0.3158, Precision: 0.3828, Recall: 0.3158, F1-Score: 0.2881
2025-01-13 18:53:13,302 - INFO - Epoch 37 - Train Loss: 1.6278, Accuracy: 0.3938, Precision: 0.3829, Recall: 0.3938, F1-Score: 0.3850
2025-01-13 18:53:14,315 - INFO - Epoch 37 - Eval Loss: 2.0806, Accuracy: 0.2936, Precision: 0.3847, Recall: 0.2936, F1-Score: 0.2514
2025-01-13 18:53:20,926 - INFO - Epoch 38 - Train Loss: 1.5392, Accuracy: 0.4313, Precision: 0.4195, Recall: 0.4313, F1-Score: 0.4226
2025-01-13 18:53:21,965 - INFO - Epoch 38 - Eval Loss: 1.5454, Accuracy: 0.4279, Precision: 0.4915, Recall: 0.4279, F1-Score: 0.4069
2025-01-13 18:53:28,565 - INFO - Epoch 39 - Train Loss: 1.5008, Accuracy: 0.4463, Precision: 0.4360, Recall: 0.4463, F1-Score: 0.4390
2025-01-13 18:53:29,543 - INFO - Epoch 39 - Eval Loss: 1.7210, Accuracy: 0.3999, Precision: 0.4711, Recall: 0.3999, F1-Score: 0.4024
2025-01-13 18:53:36,118 - INFO - Epoch 40 - Train Loss: 1.5591, Accuracy: 0.4227, Precision: 0.4108, Recall: 0.4227, F1-Score: 0.4141
2025-01-13 18:53:37,116 - INFO - Epoch 40 - Eval Loss: 1.7505, Accuracy: 0.3326, Precision: 0.4779, Recall: 0.3326, F1-Score: 0.2886
2025-01-13 18:53:43,745 - INFO - Epoch 41 - Train Loss: 1.4823, Accuracy: 0.4559, Precision: 0.4468, Recall: 0.4559, F1-Score: 0.4497
2025-01-13 18:53:44,746 - INFO - Epoch 41 - Eval Loss: 2.0309, Accuracy: 0.3426, Precision: 0.4447, Recall: 0.3426, F1-Score: 0.3004
2025-01-13 18:53:51,416 - INFO - Epoch 42 - Train Loss: 1.4334, Accuracy: 0.4767, Precision: 0.4673, Recall: 0.4767, F1-Score: 0.4702
2025-01-13 18:53:52,428 - INFO - Epoch 42 - Eval Loss: 1.6101, Accuracy: 0.4070, Precision: 0.4905, Recall: 0.4070, F1-Score: 0.3544
2025-01-13 18:53:59,051 - INFO - Epoch 43 - Train Loss: 1.4158, Accuracy: 0.4813, Precision: 0.4722, Recall: 0.4813, F1-Score: 0.4749
2025-01-13 18:54:00,033 - INFO - Epoch 43 - Eval Loss: 1.4597, Accuracy: 0.4692, Precision: 0.4991, Recall: 0.4692, F1-Score: 0.4490
2025-01-13 18:54:06,537 - INFO - Epoch 44 - Train Loss: 1.3892, Accuracy: 0.4952, Precision: 0.4876, Recall: 0.4952, F1-Score: 0.4902
2025-01-13 18:54:07,557 - INFO - Epoch 44 - Eval Loss: 2.7265, Accuracy: 0.2314, Precision: 0.4682, Recall: 0.2314, F1-Score: 0.1493
2025-01-13 18:54:14,089 - INFO - Epoch 45 - Train Loss: 1.4261, Accuracy: 0.4848, Precision: 0.4779, Recall: 0.4848, F1-Score: 0.4801
2025-01-13 18:54:15,061 - INFO - Epoch 45 - Eval Loss: 1.4487, Accuracy: 0.4703, Precision: 0.5272, Recall: 0.4703, F1-Score: 0.4479
2025-01-13 18:54:21,562 - INFO - Epoch 46 - Train Loss: 1.3855, Accuracy: 0.4960, Precision: 0.4880, Recall: 0.4960, F1-Score: 0.4908
2025-01-13 18:54:22,545 - INFO - Epoch 46 - Eval Loss: 1.9944, Accuracy: 0.3668, Precision: 0.5652, Recall: 0.3668, F1-Score: 0.3379
2025-01-13 18:54:29,169 - INFO - Epoch 47 - Train Loss: 1.3325, Accuracy: 0.5167, Precision: 0.5093, Recall: 0.5167, F1-Score: 0.5120
2025-01-13 18:54:30,194 - INFO - Epoch 47 - Eval Loss: 2.5474, Accuracy: 0.2591, Precision: 0.3283, Recall: 0.2591, F1-Score: 0.1688
2025-01-13 18:54:36,739 - INFO - Epoch 48 - Train Loss: 1.3417, Accuracy: 0.5136, Precision: 0.5060, Recall: 0.5136, F1-Score: 0.5087
2025-01-13 18:54:37,744 - INFO - Epoch 48 - Eval Loss: 1.5137, Accuracy: 0.4489, Precision: 0.5109, Recall: 0.4489, F1-Score: 0.4332
2025-01-13 18:54:44,343 - INFO - Epoch 49 - Train Loss: 1.3138, Accuracy: 0.5243, Precision: 0.5178, Recall: 0.5243, F1-Score: 0.5200
2025-01-13 18:54:45,323 - INFO - Epoch 49 - Eval Loss: 1.9017, Accuracy: 0.3644, Precision: 0.5491, Recall: 0.3644, F1-Score: 0.3265
2025-01-13 18:54:51,950 - INFO - Epoch 50 - Train Loss: 1.2920, Accuracy: 0.5315, Precision: 0.5240, Recall: 0.5315, F1-Score: 0.5266
2025-01-13 18:54:52,924 - INFO - Epoch 50 - Eval Loss: 3.0079, Accuracy: 0.2821, Precision: 0.5094, Recall: 0.2821, F1-Score: 0.2393
2025-01-13 18:54:59,666 - INFO - Epoch 51 - Train Loss: 1.2952, Accuracy: 0.5297, Precision: 0.5222, Recall: 0.5297, F1-Score: 0.5247
2025-01-13 18:55:00,672 - INFO - Epoch 51 - Eval Loss: 1.4998, Accuracy: 0.4708, Precision: 0.5374, Recall: 0.4708, F1-Score: 0.4482
2025-01-13 18:55:07,293 - INFO - Epoch 52 - Train Loss: 1.3034, Accuracy: 0.5262, Precision: 0.5195, Recall: 0.5262, F1-Score: 0.5217
2025-01-13 18:55:08,302 - INFO - Epoch 52 - Eval Loss: 2.8885, Accuracy: 0.2303, Precision: 0.3207, Recall: 0.2303, F1-Score: 0.1592
2025-01-13 18:55:14,906 - INFO - Epoch 53 - Train Loss: 1.3097, Accuracy: 0.5241, Precision: 0.5175, Recall: 0.5241, F1-Score: 0.5199
2025-01-13 18:55:15,864 - INFO - Epoch 53 - Eval Loss: 1.4611, Accuracy: 0.4725, Precision: 0.5243, Recall: 0.4725, F1-Score: 0.4229
2025-01-13 18:55:22,400 - INFO - Epoch 54 - Train Loss: 1.2698, Accuracy: 0.5406, Precision: 0.5342, Recall: 0.5406, F1-Score: 0.5365
2025-01-13 18:55:23,409 - INFO - Epoch 54 - Eval Loss: 1.4115, Accuracy: 0.4963, Precision: 0.5717, Recall: 0.4963, F1-Score: 0.4825
2025-01-13 18:55:30,049 - INFO - Epoch 55 - Train Loss: 1.2711, Accuracy: 0.5401, Precision: 0.5339, Recall: 0.5401, F1-Score: 0.5360
2025-01-13 18:55:31,085 - INFO - Epoch 55 - Eval Loss: 1.3070, Accuracy: 0.5189, Precision: 0.5617, Recall: 0.5189, F1-Score: 0.4913
2025-01-13 18:55:37,723 - INFO - Epoch 56 - Train Loss: 1.2643, Accuracy: 0.5406, Precision: 0.5343, Recall: 0.5406, F1-Score: 0.5366
2025-01-13 18:55:38,758 - INFO - Epoch 56 - Eval Loss: 1.5848, Accuracy: 0.4611, Precision: 0.5215, Recall: 0.4611, F1-Score: 0.4407
2025-01-13 18:55:45,396 - INFO - Epoch 57 - Train Loss: 1.2544, Accuracy: 0.5442, Precision: 0.5381, Recall: 0.5442, F1-Score: 0.5402
2025-01-13 18:55:46,362 - INFO - Epoch 57 - Eval Loss: 1.5044, Accuracy: 0.4278, Precision: 0.5893, Recall: 0.4278, F1-Score: 0.4262
2025-01-13 18:55:53,024 - INFO - Epoch 58 - Train Loss: 1.2436, Accuracy: 0.5485, Precision: 0.5421, Recall: 0.5485, F1-Score: 0.5444
2025-01-13 18:55:54,041 - INFO - Epoch 58 - Eval Loss: 1.4211, Accuracy: 0.4879, Precision: 0.5706, Recall: 0.4879, F1-Score: 0.4798
2025-01-13 18:56:00,703 - INFO - Epoch 59 - Train Loss: 1.2483, Accuracy: 0.5485, Precision: 0.5425, Recall: 0.5485, F1-Score: 0.5445
2025-01-13 18:56:01,703 - INFO - Epoch 59 - Eval Loss: 1.2692, Accuracy: 0.5426, Precision: 0.5723, Recall: 0.5426, F1-Score: 0.5267
2025-01-13 18:56:08,248 - INFO - Epoch 60 - Train Loss: 1.2283, Accuracy: 0.5583, Precision: 0.5527, Recall: 0.5583, F1-Score: 0.5547
2025-01-13 18:56:09,256 - INFO - Epoch 60 - Eval Loss: 1.3435, Accuracy: 0.5344, Precision: 0.5588, Recall: 0.5344, F1-Score: 0.5051
2025-01-13 18:56:15,854 - INFO - Epoch 61 - Train Loss: 1.2265, Accuracy: 0.5553, Precision: 0.5499, Recall: 0.5553, F1-Score: 0.5520
2025-01-13 18:56:16,851 - INFO - Epoch 61 - Eval Loss: 1.5965, Accuracy: 0.4332, Precision: 0.5456, Recall: 0.4332, F1-Score: 0.4081
2025-01-13 18:56:23,474 - INFO - Epoch 62 - Train Loss: 1.2254, Accuracy: 0.5577, Precision: 0.5526, Recall: 0.5577, F1-Score: 0.5543
2025-01-13 18:56:24,512 - INFO - Epoch 62 - Eval Loss: 1.8569, Accuracy: 0.3796, Precision: 0.5401, Recall: 0.3796, F1-Score: 0.3363
2025-01-13 18:56:31,278 - INFO - Epoch 63 - Train Loss: 1.2285, Accuracy: 0.5580, Precision: 0.5535, Recall: 0.5580, F1-Score: 0.5551
2025-01-13 18:56:32,293 - INFO - Epoch 63 - Eval Loss: 1.6754, Accuracy: 0.4301, Precision: 0.5537, Recall: 0.4301, F1-Score: 0.4041
2025-01-13 18:56:38,991 - INFO - Epoch 64 - Train Loss: 1.2266, Accuracy: 0.5578, Precision: 0.5524, Recall: 0.5578, F1-Score: 0.5544
2025-01-13 18:56:40,016 - INFO - Epoch 64 - Eval Loss: 1.4997, Accuracy: 0.5203, Precision: 0.5458, Recall: 0.5203, F1-Score: 0.5043
2025-01-13 18:56:46,601 - INFO - Epoch 65 - Train Loss: 11.4356, Accuracy: 0.4265, Precision: 0.4252, Recall: 0.4265, F1-Score: 0.4252
2025-01-13 18:56:47,616 - INFO - Epoch 65 - Eval Loss: 26597664.7000, Accuracy: 0.1000, Precision: 0.0100, Recall: 0.1000, F1-Score: 0.0182
2025-01-13 18:56:54,207 - INFO - Epoch 66 - Train Loss: 105.1374, Accuracy: 0.1037, Precision: 0.1036, Recall: 0.1037, F1-Score: 0.1034
2025-01-13 18:56:55,215 - INFO - Epoch 66 - Eval Loss: 10.3191, Accuracy: 0.1111, Precision: 0.0980, Recall: 0.1111, F1-Score: 0.0368
2025-01-13 18:57:01,807 - INFO - Epoch 67 - Train Loss: 5.0836, Accuracy: 0.1023, Precision: 0.1020, Recall: 0.1023, F1-Score: 0.1004
2025-01-13 18:57:02,794 - INFO - Epoch 67 - Eval Loss: 2.6845, Accuracy: 0.1057, Precision: 0.0974, Recall: 0.1057, F1-Score: 0.0307
2025-01-13 18:57:09,395 - INFO - Epoch 68 - Train Loss: 2.9809, Accuracy: 0.1015, Precision: 0.1013, Recall: 0.1015, F1-Score: 0.0987
2025-01-13 18:57:10,387 - INFO - Epoch 68 - Eval Loss: 2.7468, Accuracy: 0.1020, Precision: 0.0899, Recall: 0.1020, F1-Score: 0.0238
2025-01-13 18:57:16,978 - INFO - Epoch 69 - Train Loss: 2.5502, Accuracy: 0.1058, Precision: 0.1078, Recall: 0.1058, F1-Score: 0.0996
2025-01-13 18:57:17,954 - INFO - Epoch 69 - Eval Loss: 2.3338, Accuracy: 0.0999, Precision: 0.0420, Recall: 0.0999, F1-Score: 0.0187
2025-01-13 18:57:24,415 - INFO - Epoch 70 - Train Loss: 2.5015, Accuracy: 0.1022, Precision: 0.1023, Recall: 0.1022, F1-Score: 0.0969
2025-01-13 18:57:25,387 - INFO - Epoch 70 - Eval Loss: 2.3504, Accuracy: 0.1024, Precision: 0.0505, Recall: 0.1024, F1-Score: 0.0232
2025-01-13 18:57:32,055 - INFO - Epoch 71 - Train Loss: 2.4244, Accuracy: 0.1020, Precision: 0.1028, Recall: 0.1020, F1-Score: 0.0920
2025-01-13 18:57:33,005 - INFO - Epoch 71 - Eval Loss: 2.3243, Accuracy: 0.1006, Precision: 0.0552, Recall: 0.1006, F1-Score: 0.0194
2025-01-13 18:57:39,643 - INFO - Epoch 72 - Train Loss: 2.4329, Accuracy: 0.0993, Precision: 0.0998, Recall: 0.0993, F1-Score: 0.0941
2025-01-13 18:57:40,614 - INFO - Epoch 72 - Eval Loss: 2.3142, Accuracy: 0.1001, Precision: 0.0429, Recall: 0.1001, F1-Score: 0.0191
2025-01-13 18:57:47,149 - INFO - Epoch 73 - Train Loss: 2.3659, Accuracy: 0.1051, Precision: 0.1050, Recall: 0.1051, F1-Score: 0.0973
2025-01-13 18:57:48,135 - INFO - Epoch 73 - Eval Loss: 2.3314, Accuracy: 0.1015, Precision: 0.0820, Recall: 0.1015, F1-Score: 0.0218
2025-01-13 18:57:54,563 - INFO - Epoch 74 - Train Loss: 2.3720, Accuracy: 0.1014, Precision: 0.1030, Recall: 0.1014, F1-Score: 0.0953
2025-01-13 18:57:55,507 - INFO - Epoch 74 - Eval Loss: 2.3869, Accuracy: 0.1013, Precision: 0.1626, Recall: 0.1013, F1-Score: 0.0212
2025-01-13 18:58:02,021 - INFO - Epoch 75 - Train Loss: 2.3430, Accuracy: 0.1094, Precision: 0.1124, Recall: 0.1094, F1-Score: 0.1045
2025-01-13 18:58:03,001 - INFO - Epoch 75 - Eval Loss: 2.3253, Accuracy: 0.0992, Precision: 0.0355, Recall: 0.0992, F1-Score: 0.0251
2025-01-13 18:58:09,595 - INFO - Epoch 76 - Train Loss: 2.2980, Accuracy: 0.1344, Precision: 0.1269, Recall: 0.1344, F1-Score: 0.1112
2025-01-13 18:58:10,603 - INFO - Epoch 76 - Eval Loss: 2.2465, Accuracy: 0.1650, Precision: 0.0888, Recall: 0.1650, F1-Score: 0.0967
2025-01-13 18:58:17,157 - INFO - Epoch 77 - Train Loss: 2.2495, Accuracy: 0.1470, Precision: 0.1345, Recall: 0.1470, F1-Score: 0.1246
2025-01-13 18:58:18,151 - INFO - Epoch 77 - Eval Loss: 2.2039, Accuracy: 0.1777, Precision: 0.0822, Recall: 0.1777, F1-Score: 0.0971
2025-01-13 18:58:24,713 - INFO - Epoch 78 - Train Loss: 2.1852, Accuracy: 0.1677, Precision: 0.1470, Recall: 0.1677, F1-Score: 0.1404
2025-01-13 18:58:25,671 - INFO - Epoch 78 - Eval Loss: 2.3752, Accuracy: 0.1036, Precision: 0.0383, Recall: 0.1036, F1-Score: 0.0501
2025-01-13 18:58:32,282 - INFO - Epoch 79 - Train Loss: 2.0677, Accuracy: 0.1912, Precision: 0.1728, Recall: 0.1912, F1-Score: 0.1705
2025-01-13 18:58:33,274 - INFO - Epoch 79 - Eval Loss: 2.0155, Accuracy: 0.1889, Precision: 0.0864, Recall: 0.1889, F1-Score: 0.0906
2025-01-13 18:58:39,832 - INFO - Epoch 80 - Train Loss: 2.0567, Accuracy: 0.1964, Precision: 0.1859, Recall: 0.1964, F1-Score: 0.1829
2025-01-13 18:58:40,820 - INFO - Epoch 80 - Eval Loss: 2.1237, Accuracy: 0.1588, Precision: 0.1103, Recall: 0.1588, F1-Score: 0.0948
2025-01-13 18:58:47,285 - INFO - Epoch 81 - Train Loss: 1.9957, Accuracy: 0.2217, Precision: 0.2085, Recall: 0.2217, F1-Score: 0.2071
2025-01-13 18:58:48,219 - INFO - Epoch 81 - Eval Loss: 1.9821, Accuracy: 0.2243, Precision: 0.2098, Recall: 0.2243, F1-Score: 0.1741
2025-01-13 18:58:54,735 - INFO - Epoch 82 - Train Loss: 1.9577, Accuracy: 0.2331, Precision: 0.2168, Recall: 0.2331, F1-Score: 0.2159
2025-01-13 18:58:55,720 - INFO - Epoch 82 - Eval Loss: 1.8974, Accuracy: 0.2474, Precision: 0.2003, Recall: 0.2474, F1-Score: 0.1861
2025-01-13 18:59:02,298 - INFO - Epoch 83 - Train Loss: 1.9328, Accuracy: 0.2458, Precision: 0.2250, Recall: 0.2458, F1-Score: 0.2212
2025-01-13 18:59:03,284 - INFO - Epoch 83 - Eval Loss: 1.9636, Accuracy: 0.2486, Precision: 0.2258, Recall: 0.2486, F1-Score: 0.2047
2025-01-13 18:59:09,764 - INFO - Epoch 84 - Train Loss: 1.8868, Accuracy: 0.2692, Precision: 0.2534, Recall: 0.2692, F1-Score: 0.2480
2025-01-13 18:59:10,722 - INFO - Epoch 84 - Eval Loss: 2.2672, Accuracy: 0.2021, Precision: 0.2347, Recall: 0.2021, F1-Score: 0.1817
2025-01-13 18:59:17,341 - INFO - Epoch 85 - Train Loss: 1.8511, Accuracy: 0.2830, Precision: 0.2706, Recall: 0.2830, F1-Score: 0.2651
2025-01-13 18:59:18,387 - INFO - Epoch 85 - Eval Loss: 1.8404, Accuracy: 0.2962, Precision: 0.3009, Recall: 0.2962, F1-Score: 0.2680
2025-01-13 18:59:24,915 - INFO - Epoch 86 - Train Loss: 1.8182, Accuracy: 0.2980, Precision: 0.2844, Recall: 0.2980, F1-Score: 0.2783
2025-01-13 18:59:25,858 - INFO - Epoch 86 - Eval Loss: 2.1531, Accuracy: 0.2474, Precision: 0.2764, Recall: 0.2474, F1-Score: 0.2150
2025-01-13 18:59:32,435 - INFO - Epoch 87 - Train Loss: 1.7997, Accuracy: 0.3073, Precision: 0.2966, Recall: 0.3073, F1-Score: 0.2922
2025-01-13 18:59:33,433 - INFO - Epoch 87 - Eval Loss: 2.2091, Accuracy: 0.2185, Precision: 0.2810, Recall: 0.2185, F1-Score: 0.1646
2025-01-13 18:59:40,073 - INFO - Epoch 88 - Train Loss: 1.7944, Accuracy: 0.3095, Precision: 0.2981, Recall: 0.3095, F1-Score: 0.2958
2025-01-13 18:59:41,101 - INFO - Epoch 88 - Eval Loss: 2.0793, Accuracy: 0.2379, Precision: 0.2727, Recall: 0.2379, F1-Score: 0.1724
2025-01-13 18:59:47,767 - INFO - Epoch 89 - Train Loss: 1.7648, Accuracy: 0.3205, Precision: 0.3071, Recall: 0.3205, F1-Score: 0.3046
2025-01-13 18:59:48,707 - INFO - Epoch 89 - Eval Loss: 2.6610, Accuracy: 0.2489, Precision: 0.2439, Recall: 0.2489, F1-Score: 0.1734
2025-01-13 18:59:55,246 - INFO - Epoch 90 - Train Loss: 1.7455, Accuracy: 0.3308, Precision: 0.3152, Recall: 0.3308, F1-Score: 0.3164
2025-01-13 18:59:56,243 - INFO - Epoch 90 - Eval Loss: 3.2928, Accuracy: 0.1646, Precision: 0.1118, Recall: 0.1646, F1-Score: 0.0681
2025-01-13 19:00:02,764 - INFO - Epoch 91 - Train Loss: 1.7364, Accuracy: 0.3342, Precision: 0.3202, Recall: 0.3342, F1-Score: 0.3214
2025-01-13 19:00:03,731 - INFO - Epoch 91 - Eval Loss: 1.8018, Accuracy: 0.3174, Precision: 0.3412, Recall: 0.3174, F1-Score: 0.2849
2025-01-13 19:00:10,281 - INFO - Epoch 92 - Train Loss: 1.7154, Accuracy: 0.3434, Precision: 0.3292, Recall: 0.3434, F1-Score: 0.3308
2025-01-13 19:00:11,241 - INFO - Epoch 92 - Eval Loss: 2.2478, Accuracy: 0.2245, Precision: 0.2939, Recall: 0.2245, F1-Score: 0.1757
2025-01-13 19:00:17,760 - INFO - Epoch 93 - Train Loss: 1.7231, Accuracy: 0.3392, Precision: 0.3245, Recall: 0.3392, F1-Score: 0.3265
2025-01-13 19:00:18,732 - INFO - Epoch 93 - Eval Loss: 1.8268, Accuracy: 0.2903, Precision: 0.3256, Recall: 0.2903, F1-Score: 0.2557
2025-01-13 19:00:25,224 - INFO - Epoch 94 - Train Loss: 1.7090, Accuracy: 0.3452, Precision: 0.3284, Recall: 0.3452, F1-Score: 0.3294
2025-01-13 19:00:26,212 - INFO - Epoch 94 - Eval Loss: 1.9799, Accuracy: 0.2610, Precision: 0.2957, Recall: 0.2610, F1-Score: 0.2270
2025-01-13 19:00:32,689 - INFO - Epoch 95 - Train Loss: 1.7010, Accuracy: 0.3513, Precision: 0.3367, Recall: 0.3513, F1-Score: 0.3358
2025-01-13 19:00:33,626 - INFO - Epoch 95 - Eval Loss: 1.7585, Accuracy: 0.3336, Precision: 0.3419, Recall: 0.3336, F1-Score: 0.3046
2025-01-13 19:00:40,158 - INFO - Epoch 96 - Train Loss: 1.6903, Accuracy: 0.3554, Precision: 0.3380, Recall: 0.3554, F1-Score: 0.3397
2025-01-13 19:00:41,110 - INFO - Epoch 96 - Eval Loss: 1.8360, Accuracy: 0.3251, Precision: 0.3402, Recall: 0.3251, F1-Score: 0.2660
2025-01-13 19:00:47,663 - INFO - Epoch 97 - Train Loss: 1.7396, Accuracy: 0.3426, Precision: 0.3277, Recall: 0.3426, F1-Score: 0.3289
2025-01-13 19:00:48,626 - INFO - Epoch 97 - Eval Loss: 1.8685, Accuracy: 0.2783, Precision: 0.3477, Recall: 0.2783, F1-Score: 0.2391
2025-01-13 19:00:55,109 - INFO - Epoch 98 - Train Loss: 1.7144, Accuracy: 0.3469, Precision: 0.3334, Recall: 0.3469, F1-Score: 0.3351
2025-01-13 19:00:56,117 - INFO - Epoch 98 - Eval Loss: 2.3874, Accuracy: 0.2000, Precision: 0.1810, Recall: 0.2000, F1-Score: 0.1408
2025-01-13 19:01:02,697 - INFO - Epoch 99 - Train Loss: 1.6941, Accuracy: 0.3518, Precision: 0.3392, Recall: 0.3518, F1-Score: 0.3400
2025-01-13 19:01:03,717 - INFO - Epoch 99 - Eval Loss: 1.7558, Accuracy: 0.3284, Precision: 0.3789, Recall: 0.3284, F1-Score: 0.2981
2025-01-13 19:01:03,717 - INFO - Training finished
