2025-01-13 19:06:53,631 - INFO - Log file created at log/width_multiplier/stl10_lr0.001_adam_wm1.5_20250113-190653.log
2025-01-13 19:06:53,677 - INFO - Using device cuda:2
2025-01-13 19:07:11,968 - INFO - Epoch 0 - Train Loss: 2.3331, Accuracy: 0.1948, Precision: 0.1932, Recall: 0.1948, F1-Score: 0.1905
2025-01-13 19:07:14,926 - INFO - Epoch 0 - Eval Loss: 2.7642, Accuracy: 0.1000, Precision: 0.0100, Recall: 0.1000, F1-Score: 0.0182
2025-01-13 19:07:20,681 - INFO - Epoch 1 - Train Loss: 1.6377, Accuracy: 0.3584, Precision: 0.3541, Recall: 0.3584, F1-Score: 0.3537
2025-01-13 19:07:23,565 - INFO - Epoch 1 - Eval Loss: 3.1249, Accuracy: 0.1000, Precision: 0.0100, Recall: 0.1000, F1-Score: 0.0182
2025-01-13 19:07:29,268 - INFO - Epoch 2 - Train Loss: 1.4567, Accuracy: 0.4258, Precision: 0.4215, Recall: 0.4258, F1-Score: 0.4177
2025-01-13 19:07:32,218 - INFO - Epoch 2 - Eval Loss: 4.5485, Accuracy: 0.1123, Precision: 0.1226, Recall: 0.1123, F1-Score: 0.0379
2025-01-13 19:07:38,028 - INFO - Epoch 3 - Train Loss: 1.3355, Accuracy: 0.4926, Precision: 0.4849, Recall: 0.4926, F1-Score: 0.4862
2025-01-13 19:07:40,969 - INFO - Epoch 3 - Eval Loss: 1.6786, Accuracy: 0.3748, Precision: 0.4727, Recall: 0.3748, F1-Score: 0.3613
2025-01-13 19:07:46,750 - INFO - Epoch 4 - Train Loss: 1.2289, Accuracy: 0.5380, Precision: 0.5303, Recall: 0.5380, F1-Score: 0.5327
2025-01-13 19:07:49,723 - INFO - Epoch 4 - Eval Loss: 1.3529, Accuracy: 0.5024, Precision: 0.5309, Recall: 0.5024, F1-Score: 0.4965
2025-01-13 19:07:55,488 - INFO - Epoch 5 - Train Loss: 1.1209, Accuracy: 0.5796, Precision: 0.5761, Recall: 0.5796, F1-Score: 0.5764
2025-01-13 19:07:58,454 - INFO - Epoch 5 - Eval Loss: 1.2448, Accuracy: 0.5507, Precision: 0.5902, Recall: 0.5508, F1-Score: 0.5366
2025-01-13 19:08:04,399 - INFO - Epoch 6 - Train Loss: 1.0352, Accuracy: 0.6156, Precision: 0.6131, Recall: 0.6156, F1-Score: 0.6125
2025-01-13 19:08:07,220 - INFO - Epoch 6 - Eval Loss: 1.2398, Accuracy: 0.5584, Precision: 0.5916, Recall: 0.5584, F1-Score: 0.5426
2025-01-13 19:08:12,933 - INFO - Epoch 7 - Train Loss: 0.9514, Accuracy: 0.6570, Precision: 0.6540, Recall: 0.6570, F1-Score: 0.6551
2025-01-13 19:08:15,985 - INFO - Epoch 7 - Eval Loss: 1.2005, Accuracy: 0.5891, Precision: 0.6331, Recall: 0.5891, F1-Score: 0.5739
2025-01-13 19:08:21,625 - INFO - Epoch 8 - Train Loss: 0.8475, Accuracy: 0.6958, Precision: 0.6930, Recall: 0.6958, F1-Score: 0.6930
2025-01-13 19:08:24,549 - INFO - Epoch 8 - Eval Loss: 1.1753, Accuracy: 0.6022, Precision: 0.6435, Recall: 0.6022, F1-Score: 0.6032
2025-01-13 19:08:30,301 - INFO - Epoch 9 - Train Loss: 0.8033, Accuracy: 0.7092, Precision: 0.7089, Recall: 0.7092, F1-Score: 0.7085
2025-01-13 19:08:33,221 - INFO - Epoch 9 - Eval Loss: 1.1372, Accuracy: 0.6144, Precision: 0.6543, Recall: 0.6144, F1-Score: 0.6104
2025-01-13 19:08:38,983 - INFO - Epoch 10 - Train Loss: 0.7377, Accuracy: 0.7240, Precision: 0.7224, Recall: 0.7240, F1-Score: 0.7230
2025-01-13 19:08:41,857 - INFO - Epoch 10 - Eval Loss: 1.0186, Accuracy: 0.6492, Precision: 0.6657, Recall: 0.6492, F1-Score: 0.6473
2025-01-13 19:08:47,595 - INFO - Epoch 11 - Train Loss: 0.6541, Accuracy: 0.7588, Precision: 0.7581, Recall: 0.7588, F1-Score: 0.7583
2025-01-13 19:08:50,458 - INFO - Epoch 11 - Eval Loss: 1.1030, Accuracy: 0.6410, Precision: 0.6668, Recall: 0.6410, F1-Score: 0.6428
2025-01-13 19:08:56,156 - INFO - Epoch 12 - Train Loss: 0.5942, Accuracy: 0.7854, Precision: 0.7868, Recall: 0.7854, F1-Score: 0.7859
2025-01-13 19:08:59,080 - INFO - Epoch 12 - Eval Loss: 1.2285, Accuracy: 0.6319, Precision: 0.6643, Recall: 0.6319, F1-Score: 0.6120
2025-01-13 19:09:04,924 - INFO - Epoch 13 - Train Loss: 0.5800, Accuracy: 0.7894, Precision: 0.7881, Recall: 0.7894, F1-Score: 0.7885
2025-01-13 19:09:08,100 - INFO - Epoch 13 - Eval Loss: 1.0289, Accuracy: 0.6635, Precision: 0.6809, Recall: 0.6635, F1-Score: 0.6614
2025-01-13 19:09:14,016 - INFO - Epoch 14 - Train Loss: 0.5066, Accuracy: 0.8202, Precision: 0.8204, Recall: 0.8202, F1-Score: 0.8201
2025-01-13 19:09:16,999 - INFO - Epoch 14 - Eval Loss: 1.2013, Accuracy: 0.6338, Precision: 0.6827, Recall: 0.6338, F1-Score: 0.6336
2025-01-13 19:09:22,649 - INFO - Epoch 15 - Train Loss: 0.4325, Accuracy: 0.8498, Precision: 0.8499, Recall: 0.8498, F1-Score: 0.8497
2025-01-13 19:09:25,620 - INFO - Epoch 15 - Eval Loss: 1.2752, Accuracy: 0.6304, Precision: 0.7011, Recall: 0.6304, F1-Score: 0.6280
2025-01-13 19:09:31,322 - INFO - Epoch 16 - Train Loss: 0.4138, Accuracy: 0.8504, Precision: 0.8501, Recall: 0.8504, F1-Score: 0.8501
2025-01-13 19:09:34,464 - INFO - Epoch 16 - Eval Loss: 1.1039, Accuracy: 0.6785, Precision: 0.6833, Recall: 0.6785, F1-Score: 0.6762
2025-01-13 19:09:40,169 - INFO - Epoch 17 - Train Loss: 0.3799, Accuracy: 0.8642, Precision: 0.8646, Recall: 0.8642, F1-Score: 0.8644
2025-01-13 19:09:43,090 - INFO - Epoch 17 - Eval Loss: 1.1443, Accuracy: 0.6627, Precision: 0.6824, Recall: 0.6628, F1-Score: 0.6639
2025-01-13 19:09:48,716 - INFO - Epoch 18 - Train Loss: 0.3568, Accuracy: 0.8724, Precision: 0.8719, Recall: 0.8724, F1-Score: 0.8720
2025-01-13 19:09:51,532 - INFO - Epoch 18 - Eval Loss: 1.3065, Accuracy: 0.6486, Precision: 0.6677, Recall: 0.6486, F1-Score: 0.6439
2025-01-13 19:09:57,324 - INFO - Epoch 19 - Train Loss: 0.3293, Accuracy: 0.8844, Precision: 0.8847, Recall: 0.8844, F1-Score: 0.8845
2025-01-13 19:10:00,332 - INFO - Epoch 19 - Eval Loss: 1.1407, Accuracy: 0.6893, Precision: 0.7006, Recall: 0.6892, F1-Score: 0.6892
2025-01-13 19:10:06,081 - INFO - Epoch 20 - Train Loss: 0.3006, Accuracy: 0.8922, Precision: 0.8928, Recall: 0.8922, F1-Score: 0.8925
2025-01-13 19:10:08,946 - INFO - Epoch 20 - Eval Loss: 1.0984, Accuracy: 0.6830, Precision: 0.6958, Recall: 0.6830, F1-Score: 0.6822
2025-01-13 19:10:14,652 - INFO - Epoch 21 - Train Loss: 0.2729, Accuracy: 0.9112, Precision: 0.9109, Recall: 0.9112, F1-Score: 0.9110
2025-01-13 19:10:17,684 - INFO - Epoch 21 - Eval Loss: 1.2527, Accuracy: 0.6740, Precision: 0.7050, Recall: 0.6740, F1-Score: 0.6766
2025-01-13 19:10:23,463 - INFO - Epoch 22 - Train Loss: 0.2313, Accuracy: 0.9190, Precision: 0.9192, Recall: 0.9190, F1-Score: 0.9190
2025-01-13 19:10:26,431 - INFO - Epoch 22 - Eval Loss: 1.2354, Accuracy: 0.6696, Precision: 0.6924, Recall: 0.6696, F1-Score: 0.6698
2025-01-13 19:10:32,217 - INFO - Epoch 23 - Train Loss: 0.2089, Accuracy: 0.9280, Precision: 0.9279, Recall: 0.9280, F1-Score: 0.9279
2025-01-13 19:10:35,203 - INFO - Epoch 23 - Eval Loss: 1.3294, Accuracy: 0.6530, Precision: 0.6783, Recall: 0.6530, F1-Score: 0.6511
2025-01-13 19:10:40,932 - INFO - Epoch 24 - Train Loss: 0.2013, Accuracy: 0.9282, Precision: 0.9283, Recall: 0.9282, F1-Score: 0.9282
2025-01-13 19:10:43,957 - INFO - Epoch 24 - Eval Loss: 1.3976, Accuracy: 0.6785, Precision: 0.6936, Recall: 0.6785, F1-Score: 0.6737
2025-01-13 19:10:49,648 - INFO - Epoch 25 - Train Loss: 0.1934, Accuracy: 0.9308, Precision: 0.9308, Recall: 0.9308, F1-Score: 0.9307
2025-01-13 19:10:52,542 - INFO - Epoch 25 - Eval Loss: 1.2479, Accuracy: 0.6783, Precision: 0.7071, Recall: 0.6782, F1-Score: 0.6816
2025-01-13 19:10:58,215 - INFO - Epoch 26 - Train Loss: 0.1520, Accuracy: 0.9508, Precision: 0.9509, Recall: 0.9508, F1-Score: 0.9508
2025-01-13 19:11:01,397 - INFO - Epoch 26 - Eval Loss: 1.2604, Accuracy: 0.6874, Precision: 0.7048, Recall: 0.6874, F1-Score: 0.6882
2025-01-13 19:11:07,088 - INFO - Epoch 27 - Train Loss: 0.1567, Accuracy: 0.9482, Precision: 0.9484, Recall: 0.9482, F1-Score: 0.9482
2025-01-13 19:11:10,017 - INFO - Epoch 27 - Eval Loss: 1.2314, Accuracy: 0.6861, Precision: 0.6928, Recall: 0.6861, F1-Score: 0.6832
2025-01-13 19:11:15,831 - INFO - Epoch 28 - Train Loss: 0.1506, Accuracy: 0.9488, Precision: 0.9487, Recall: 0.9488, F1-Score: 0.9487
2025-01-13 19:11:18,712 - INFO - Epoch 28 - Eval Loss: 1.3243, Accuracy: 0.6936, Precision: 0.7041, Recall: 0.6936, F1-Score: 0.6896
2025-01-13 19:11:24,337 - INFO - Epoch 29 - Train Loss: 0.1357, Accuracy: 0.9510, Precision: 0.9510, Recall: 0.9510, F1-Score: 0.9510
2025-01-13 19:11:27,611 - INFO - Epoch 29 - Eval Loss: 1.2234, Accuracy: 0.6969, Precision: 0.7143, Recall: 0.6969, F1-Score: 0.6996
2025-01-13 19:11:33,254 - INFO - Epoch 30 - Train Loss: 0.1334, Accuracy: 0.9546, Precision: 0.9546, Recall: 0.9546, F1-Score: 0.9546
2025-01-13 19:11:36,308 - INFO - Epoch 30 - Eval Loss: 1.3399, Accuracy: 0.6926, Precision: 0.7131, Recall: 0.6926, F1-Score: 0.6939
2025-01-13 19:11:42,048 - INFO - Epoch 31 - Train Loss: 0.1257, Accuracy: 0.9554, Precision: 0.9555, Recall: 0.9554, F1-Score: 0.9554
2025-01-13 19:11:44,893 - INFO - Epoch 31 - Eval Loss: 1.2561, Accuracy: 0.7047, Precision: 0.7177, Recall: 0.7047, F1-Score: 0.7046
2025-01-13 19:11:50,750 - INFO - Epoch 32 - Train Loss: 0.1095, Accuracy: 0.9624, Precision: 0.9625, Recall: 0.9624, F1-Score: 0.9624
2025-01-13 19:11:53,876 - INFO - Epoch 32 - Eval Loss: 1.3484, Accuracy: 0.6946, Precision: 0.7125, Recall: 0.6946, F1-Score: 0.6910
2025-01-13 19:11:59,592 - INFO - Epoch 33 - Train Loss: 0.1001, Accuracy: 0.9656, Precision: 0.9657, Recall: 0.9656, F1-Score: 0.9656
2025-01-13 19:12:02,520 - INFO - Epoch 33 - Eval Loss: 1.2684, Accuracy: 0.7054, Precision: 0.7153, Recall: 0.7054, F1-Score: 0.7021
2025-01-13 19:12:08,234 - INFO - Epoch 34 - Train Loss: 0.0888, Accuracy: 0.9686, Precision: 0.9686, Recall: 0.9686, F1-Score: 0.9686
2025-01-13 19:12:11,235 - INFO - Epoch 34 - Eval Loss: 1.2982, Accuracy: 0.6980, Precision: 0.7079, Recall: 0.6980, F1-Score: 0.6960
2025-01-13 19:12:17,039 - INFO - Epoch 35 - Train Loss: 0.0754, Accuracy: 0.9750, Precision: 0.9750, Recall: 0.9750, F1-Score: 0.9750
2025-01-13 19:12:20,081 - INFO - Epoch 35 - Eval Loss: 1.2556, Accuracy: 0.7100, Precision: 0.7167, Recall: 0.7100, F1-Score: 0.7079
2025-01-13 19:12:25,821 - INFO - Epoch 36 - Train Loss: 0.0850, Accuracy: 0.9682, Precision: 0.9682, Recall: 0.9682, F1-Score: 0.9682
2025-01-13 19:12:28,757 - INFO - Epoch 36 - Eval Loss: 1.2270, Accuracy: 0.7129, Precision: 0.7108, Recall: 0.7129, F1-Score: 0.7096
2025-01-13 19:12:34,440 - INFO - Epoch 37 - Train Loss: 0.0762, Accuracy: 0.9748, Precision: 0.9748, Recall: 0.9748, F1-Score: 0.9748
2025-01-13 19:12:37,419 - INFO - Epoch 37 - Eval Loss: 1.2950, Accuracy: 0.7013, Precision: 0.7139, Recall: 0.7013, F1-Score: 0.6999
2025-01-13 19:12:43,070 - INFO - Epoch 38 - Train Loss: 0.0762, Accuracy: 0.9762, Precision: 0.9762, Recall: 0.9762, F1-Score: 0.9762
2025-01-13 19:12:46,057 - INFO - Epoch 38 - Eval Loss: 1.2300, Accuracy: 0.7076, Precision: 0.7199, Recall: 0.7076, F1-Score: 0.7100
2025-01-13 19:12:51,705 - INFO - Epoch 39 - Train Loss: 0.0804, Accuracy: 0.9734, Precision: 0.9735, Recall: 0.9734, F1-Score: 0.9734
2025-01-13 19:12:54,569 - INFO - Epoch 39 - Eval Loss: 1.2715, Accuracy: 0.7114, Precision: 0.7231, Recall: 0.7114, F1-Score: 0.7140
2025-01-13 19:13:00,201 - INFO - Epoch 40 - Train Loss: 0.0642, Accuracy: 0.9788, Precision: 0.9788, Recall: 0.9788, F1-Score: 0.9788
2025-01-13 19:13:03,083 - INFO - Epoch 40 - Eval Loss: 1.2296, Accuracy: 0.7190, Precision: 0.7228, Recall: 0.7190, F1-Score: 0.7179
2025-01-13 19:13:08,763 - INFO - Epoch 41 - Train Loss: 0.0524, Accuracy: 0.9842, Precision: 0.9842, Recall: 0.9842, F1-Score: 0.9842
2025-01-13 19:13:11,677 - INFO - Epoch 41 - Eval Loss: 1.2623, Accuracy: 0.7129, Precision: 0.7129, Recall: 0.7129, F1-Score: 0.7094
2025-01-13 19:13:17,333 - INFO - Epoch 42 - Train Loss: 0.0503, Accuracy: 0.9846, Precision: 0.9846, Recall: 0.9846, F1-Score: 0.9846
2025-01-13 19:13:20,214 - INFO - Epoch 42 - Eval Loss: 1.2354, Accuracy: 0.7218, Precision: 0.7232, Recall: 0.7217, F1-Score: 0.7200
2025-01-13 19:13:25,849 - INFO - Epoch 43 - Train Loss: 0.0536, Accuracy: 0.9820, Precision: 0.9820, Recall: 0.9820, F1-Score: 0.9820
2025-01-13 19:13:28,781 - INFO - Epoch 43 - Eval Loss: 1.2686, Accuracy: 0.7215, Precision: 0.7273, Recall: 0.7215, F1-Score: 0.7218
2025-01-13 19:13:34,425 - INFO - Epoch 44 - Train Loss: 0.0539, Accuracy: 0.9812, Precision: 0.9812, Recall: 0.9812, F1-Score: 0.9812
2025-01-13 19:13:37,324 - INFO - Epoch 44 - Eval Loss: 1.3273, Accuracy: 0.7121, Precision: 0.7200, Recall: 0.7121, F1-Score: 0.7129
2025-01-13 19:13:42,904 - INFO - Epoch 45 - Train Loss: 0.0623, Accuracy: 0.9798, Precision: 0.9798, Recall: 0.9798, F1-Score: 0.9798
2025-01-13 19:13:45,781 - INFO - Epoch 45 - Eval Loss: 1.2915, Accuracy: 0.7064, Precision: 0.7151, Recall: 0.7064, F1-Score: 0.7060
2025-01-13 19:13:51,418 - INFO - Epoch 46 - Train Loss: 0.0782, Accuracy: 0.9748, Precision: 0.9748, Recall: 0.9748, F1-Score: 0.9748
2025-01-13 19:13:54,309 - INFO - Epoch 46 - Eval Loss: 1.3291, Accuracy: 0.7029, Precision: 0.7174, Recall: 0.7029, F1-Score: 0.7052
2025-01-13 19:13:59,903 - INFO - Epoch 47 - Train Loss: 0.0656, Accuracy: 0.9778, Precision: 0.9780, Recall: 0.9778, F1-Score: 0.9779
2025-01-13 19:14:02,766 - INFO - Epoch 47 - Eval Loss: 1.3418, Accuracy: 0.7019, Precision: 0.7118, Recall: 0.7019, F1-Score: 0.6993
2025-01-13 19:14:08,371 - INFO - Epoch 48 - Train Loss: 0.0693, Accuracy: 0.9774, Precision: 0.9774, Recall: 0.9774, F1-Score: 0.9774
2025-01-13 19:14:11,205 - INFO - Epoch 48 - Eval Loss: 1.5768, Accuracy: 0.6820, Precision: 0.7280, Recall: 0.6820, F1-Score: 0.6887
2025-01-13 19:14:16,900 - INFO - Epoch 49 - Train Loss: 0.0732, Accuracy: 0.9774, Precision: 0.9774, Recall: 0.9774, F1-Score: 0.9774
2025-01-13 19:14:19,807 - INFO - Epoch 49 - Eval Loss: 1.3776, Accuracy: 0.7053, Precision: 0.7224, Recall: 0.7053, F1-Score: 0.7057
2025-01-13 19:14:25,352 - INFO - Epoch 50 - Train Loss: 0.0678, Accuracy: 0.9782, Precision: 0.9782, Recall: 0.9782, F1-Score: 0.9782
2025-01-13 19:14:28,252 - INFO - Epoch 50 - Eval Loss: 1.3697, Accuracy: 0.7099, Precision: 0.7188, Recall: 0.7099, F1-Score: 0.7077
2025-01-13 19:14:33,906 - INFO - Epoch 51 - Train Loss: 0.0618, Accuracy: 0.9824, Precision: 0.9824, Recall: 0.9824, F1-Score: 0.9824
2025-01-13 19:14:36,743 - INFO - Epoch 51 - Eval Loss: 1.4210, Accuracy: 0.6940, Precision: 0.7172, Recall: 0.6940, F1-Score: 0.6924
2025-01-13 19:14:42,452 - INFO - Epoch 52 - Train Loss: 0.0647, Accuracy: 0.9764, Precision: 0.9764, Recall: 0.9764, F1-Score: 0.9764
2025-01-13 19:14:45,467 - INFO - Epoch 52 - Eval Loss: 1.4463, Accuracy: 0.7030, Precision: 0.7394, Recall: 0.7030, F1-Score: 0.7070
2025-01-13 19:14:51,108 - INFO - Epoch 53 - Train Loss: 0.0594, Accuracy: 0.9804, Precision: 0.9804, Recall: 0.9804, F1-Score: 0.9804
2025-01-13 19:14:53,984 - INFO - Epoch 53 - Eval Loss: 1.2976, Accuracy: 0.7167, Precision: 0.7201, Recall: 0.7167, F1-Score: 0.7160
2025-01-13 19:14:59,681 - INFO - Epoch 54 - Train Loss: 0.0494, Accuracy: 0.9840, Precision: 0.9840, Recall: 0.9840, F1-Score: 0.9840
2025-01-13 19:15:02,566 - INFO - Epoch 54 - Eval Loss: 1.3209, Accuracy: 0.7161, Precision: 0.7176, Recall: 0.7161, F1-Score: 0.7122
2025-01-13 19:15:08,205 - INFO - Epoch 55 - Train Loss: 0.0533, Accuracy: 0.9820, Precision: 0.9820, Recall: 0.9820, F1-Score: 0.9820
2025-01-13 19:15:11,207 - INFO - Epoch 55 - Eval Loss: 1.3076, Accuracy: 0.7246, Precision: 0.7266, Recall: 0.7246, F1-Score: 0.7223
2025-01-13 19:15:16,830 - INFO - Epoch 56 - Train Loss: 0.0584, Accuracy: 0.9798, Precision: 0.9798, Recall: 0.9798, F1-Score: 0.9798
2025-01-13 19:15:19,763 - INFO - Epoch 56 - Eval Loss: 1.3110, Accuracy: 0.7114, Precision: 0.7118, Recall: 0.7114, F1-Score: 0.7090
2025-01-13 19:15:25,440 - INFO - Epoch 57 - Train Loss: 0.0524, Accuracy: 0.9836, Precision: 0.9836, Recall: 0.9836, F1-Score: 0.9836
2025-01-13 19:15:28,456 - INFO - Epoch 57 - Eval Loss: 1.4298, Accuracy: 0.7023, Precision: 0.7210, Recall: 0.7022, F1-Score: 0.7044
2025-01-13 19:15:34,036 - INFO - Epoch 58 - Train Loss: 0.0573, Accuracy: 0.9796, Precision: 0.9796, Recall: 0.9796, F1-Score: 0.9796
2025-01-13 19:15:36,954 - INFO - Epoch 58 - Eval Loss: 1.3429, Accuracy: 0.7189, Precision: 0.7317, Recall: 0.7189, F1-Score: 0.7227
2025-01-13 19:15:42,653 - INFO - Epoch 59 - Train Loss: 0.0563, Accuracy: 0.9816, Precision: 0.9816, Recall: 0.9816, F1-Score: 0.9816
2025-01-13 19:15:45,664 - INFO - Epoch 59 - Eval Loss: 1.3981, Accuracy: 0.7096, Precision: 0.7155, Recall: 0.7096, F1-Score: 0.7050
2025-01-13 19:15:51,306 - INFO - Epoch 60 - Train Loss: 0.0510, Accuracy: 0.9842, Precision: 0.9842, Recall: 0.9842, F1-Score: 0.9842
2025-01-13 19:15:54,138 - INFO - Epoch 60 - Eval Loss: 1.3573, Accuracy: 0.7170, Precision: 0.7303, Recall: 0.7170, F1-Score: 0.7130
2025-01-13 19:15:59,737 - INFO - Epoch 61 - Train Loss: 0.0455, Accuracy: 0.9868, Precision: 0.9868, Recall: 0.9868, F1-Score: 0.9868
2025-01-13 19:16:02,567 - INFO - Epoch 61 - Eval Loss: 1.2100, Accuracy: 0.7244, Precision: 0.7274, Recall: 0.7244, F1-Score: 0.7246
2025-01-13 19:16:08,289 - INFO - Epoch 62 - Train Loss: 0.0400, Accuracy: 0.9852, Precision: 0.9852, Recall: 0.9852, F1-Score: 0.9852
2025-01-13 19:16:11,321 - INFO - Epoch 62 - Eval Loss: 1.3093, Accuracy: 0.7199, Precision: 0.7254, Recall: 0.7199, F1-Score: 0.7194
2025-01-13 19:16:16,997 - INFO - Epoch 63 - Train Loss: 0.0379, Accuracy: 0.9894, Precision: 0.9894, Recall: 0.9894, F1-Score: 0.9894
2025-01-13 19:16:20,030 - INFO - Epoch 63 - Eval Loss: 1.2440, Accuracy: 0.7295, Precision: 0.7374, Recall: 0.7295, F1-Score: 0.7314
2025-01-13 19:16:25,703 - INFO - Epoch 64 - Train Loss: 0.0447, Accuracy: 0.9840, Precision: 0.9841, Recall: 0.9840, F1-Score: 0.9840
2025-01-13 19:16:28,645 - INFO - Epoch 64 - Eval Loss: 1.3518, Accuracy: 0.7174, Precision: 0.7408, Recall: 0.7174, F1-Score: 0.7220
2025-01-13 19:16:34,303 - INFO - Epoch 65 - Train Loss: 0.0319, Accuracy: 0.9906, Precision: 0.9906, Recall: 0.9906, F1-Score: 0.9906
2025-01-13 19:16:37,179 - INFO - Epoch 65 - Eval Loss: 1.3245, Accuracy: 0.7261, Precision: 0.7346, Recall: 0.7261, F1-Score: 0.7269
2025-01-13 19:16:42,854 - INFO - Epoch 66 - Train Loss: 0.0294, Accuracy: 0.9914, Precision: 0.9914, Recall: 0.9914, F1-Score: 0.9914
2025-01-13 19:16:45,842 - INFO - Epoch 66 - Eval Loss: 1.4075, Accuracy: 0.7191, Precision: 0.7282, Recall: 0.7191, F1-Score: 0.7159
2025-01-13 19:16:51,520 - INFO - Epoch 67 - Train Loss: 0.0327, Accuracy: 0.9902, Precision: 0.9903, Recall: 0.9902, F1-Score: 0.9902
2025-01-13 19:16:54,457 - INFO - Epoch 67 - Eval Loss: 1.2675, Accuracy: 0.7302, Precision: 0.7314, Recall: 0.7303, F1-Score: 0.7275
2025-01-13 19:17:00,153 - INFO - Epoch 68 - Train Loss: 0.0350, Accuracy: 0.9892, Precision: 0.9892, Recall: 0.9892, F1-Score: 0.9892
2025-01-13 19:17:03,064 - INFO - Epoch 68 - Eval Loss: 1.2987, Accuracy: 0.7215, Precision: 0.7293, Recall: 0.7215, F1-Score: 0.7225
2025-01-13 19:17:08,777 - INFO - Epoch 69 - Train Loss: 0.0411, Accuracy: 0.9850, Precision: 0.9850, Recall: 0.9850, F1-Score: 0.9850
2025-01-13 19:17:11,672 - INFO - Epoch 69 - Eval Loss: 1.3012, Accuracy: 0.7204, Precision: 0.7261, Recall: 0.7204, F1-Score: 0.7223
2025-01-13 19:17:17,300 - INFO - Epoch 70 - Train Loss: 0.0363, Accuracy: 0.9886, Precision: 0.9886, Recall: 0.9886, F1-Score: 0.9886
2025-01-13 19:17:20,279 - INFO - Epoch 70 - Eval Loss: 1.2518, Accuracy: 0.7329, Precision: 0.7310, Recall: 0.7329, F1-Score: 0.7293
2025-01-13 19:17:25,887 - INFO - Epoch 71 - Train Loss: 0.0365, Accuracy: 0.9884, Precision: 0.9884, Recall: 0.9884, F1-Score: 0.9884
2025-01-13 19:17:28,777 - INFO - Epoch 71 - Eval Loss: 1.3473, Accuracy: 0.7208, Precision: 0.7325, Recall: 0.7208, F1-Score: 0.7220
2025-01-13 19:17:34,452 - INFO - Epoch 72 - Train Loss: 0.0383, Accuracy: 0.9868, Precision: 0.9868, Recall: 0.9868, F1-Score: 0.9868
2025-01-13 19:17:37,327 - INFO - Epoch 72 - Eval Loss: 1.2997, Accuracy: 0.7144, Precision: 0.7168, Recall: 0.7144, F1-Score: 0.7124
2025-01-13 19:17:42,990 - INFO - Epoch 73 - Train Loss: 0.0355, Accuracy: 0.9876, Precision: 0.9876, Recall: 0.9876, F1-Score: 0.9876
2025-01-13 19:17:45,897 - INFO - Epoch 73 - Eval Loss: 1.2826, Accuracy: 0.7143, Precision: 0.7324, Recall: 0.7143, F1-Score: 0.7161
2025-01-13 19:17:51,567 - INFO - Epoch 74 - Train Loss: 0.0403, Accuracy: 0.9856, Precision: 0.9857, Recall: 0.9856, F1-Score: 0.9856
2025-01-13 19:17:54,495 - INFO - Epoch 74 - Eval Loss: 1.3087, Accuracy: 0.7163, Precision: 0.7225, Recall: 0.7162, F1-Score: 0.7149
2025-01-13 19:18:00,172 - INFO - Epoch 75 - Train Loss: 0.0386, Accuracy: 0.9862, Precision: 0.9862, Recall: 0.9862, F1-Score: 0.9862
2025-01-13 19:18:03,136 - INFO - Epoch 75 - Eval Loss: 1.3917, Accuracy: 0.7105, Precision: 0.7204, Recall: 0.7105, F1-Score: 0.7081
2025-01-13 19:18:08,825 - INFO - Epoch 76 - Train Loss: 0.0275, Accuracy: 0.9914, Precision: 0.9914, Recall: 0.9914, F1-Score: 0.9914
2025-01-13 19:18:11,632 - INFO - Epoch 76 - Eval Loss: 1.4819, Accuracy: 0.7007, Precision: 0.7271, Recall: 0.7007, F1-Score: 0.6988
2025-01-13 19:18:17,229 - INFO - Epoch 77 - Train Loss: 0.0274, Accuracy: 0.9924, Precision: 0.9924, Recall: 0.9924, F1-Score: 0.9924
2025-01-13 19:18:20,075 - INFO - Epoch 77 - Eval Loss: 1.3409, Accuracy: 0.7164, Precision: 0.7328, Recall: 0.7164, F1-Score: 0.7192
2025-01-13 19:18:25,732 - INFO - Epoch 78 - Train Loss: 0.0301, Accuracy: 0.9904, Precision: 0.9904, Recall: 0.9904, F1-Score: 0.9904
2025-01-13 19:18:28,691 - INFO - Epoch 78 - Eval Loss: 1.3319, Accuracy: 0.7199, Precision: 0.7261, Recall: 0.7199, F1-Score: 0.7199
2025-01-13 19:18:34,273 - INFO - Epoch 79 - Train Loss: 0.0351, Accuracy: 0.9882, Precision: 0.9882, Recall: 0.9882, F1-Score: 0.9882
2025-01-13 19:18:37,100 - INFO - Epoch 79 - Eval Loss: 1.3771, Accuracy: 0.7186, Precision: 0.7285, Recall: 0.7186, F1-Score: 0.7203
2025-01-13 19:18:42,783 - INFO - Epoch 80 - Train Loss: 0.0316, Accuracy: 0.9904, Precision: 0.9904, Recall: 0.9904, F1-Score: 0.9904
2025-01-13 19:18:45,655 - INFO - Epoch 80 - Eval Loss: 1.3378, Accuracy: 0.7276, Precision: 0.7277, Recall: 0.7276, F1-Score: 0.7247
2025-01-13 19:18:51,350 - INFO - Epoch 81 - Train Loss: 0.0319, Accuracy: 0.9888, Precision: 0.9888, Recall: 0.9888, F1-Score: 0.9888
2025-01-13 19:18:54,241 - INFO - Epoch 81 - Eval Loss: 1.3292, Accuracy: 0.7219, Precision: 0.7252, Recall: 0.7219, F1-Score: 0.7222
2025-01-13 19:18:59,972 - INFO - Epoch 82 - Train Loss: 0.0314, Accuracy: 0.9894, Precision: 0.9894, Recall: 0.9894, F1-Score: 0.9894
2025-01-13 19:19:02,932 - INFO - Epoch 82 - Eval Loss: 1.3409, Accuracy: 0.7147, Precision: 0.7240, Recall: 0.7148, F1-Score: 0.7153
2025-01-13 19:19:08,561 - INFO - Epoch 83 - Train Loss: 0.0316, Accuracy: 0.9894, Precision: 0.9894, Recall: 0.9894, F1-Score: 0.9894
2025-01-13 19:19:11,431 - INFO - Epoch 83 - Eval Loss: 1.4555, Accuracy: 0.7214, Precision: 0.7285, Recall: 0.7214, F1-Score: 0.7184
2025-01-13 19:19:17,122 - INFO - Epoch 84 - Train Loss: 0.0310, Accuracy: 0.9898, Precision: 0.9899, Recall: 0.9898, F1-Score: 0.9898
2025-01-13 19:19:20,008 - INFO - Epoch 84 - Eval Loss: 1.3674, Accuracy: 0.7285, Precision: 0.7285, Recall: 0.7285, F1-Score: 0.7246
2025-01-13 19:19:25,578 - INFO - Epoch 85 - Train Loss: 0.0287, Accuracy: 0.9926, Precision: 0.9926, Recall: 0.9926, F1-Score: 0.9926
2025-01-13 19:19:28,484 - INFO - Epoch 85 - Eval Loss: 1.3288, Accuracy: 0.7230, Precision: 0.7254, Recall: 0.7230, F1-Score: 0.7232
2025-01-13 19:19:34,141 - INFO - Epoch 86 - Train Loss: 0.0303, Accuracy: 0.9910, Precision: 0.9910, Recall: 0.9910, F1-Score: 0.9910
2025-01-13 19:19:37,001 - INFO - Epoch 86 - Eval Loss: 1.3247, Accuracy: 0.7231, Precision: 0.7305, Recall: 0.7231, F1-Score: 0.7252
2025-01-13 19:19:42,588 - INFO - Epoch 87 - Train Loss: 0.0327, Accuracy: 0.9890, Precision: 0.9890, Recall: 0.9890, F1-Score: 0.9890
2025-01-13 19:19:45,417 - INFO - Epoch 87 - Eval Loss: 1.3085, Accuracy: 0.7286, Precision: 0.7322, Recall: 0.7286, F1-Score: 0.7290
2025-01-13 19:19:51,033 - INFO - Epoch 88 - Train Loss: 0.0295, Accuracy: 0.9922, Precision: 0.9922, Recall: 0.9922, F1-Score: 0.9922
2025-01-13 19:19:53,886 - INFO - Epoch 88 - Eval Loss: 1.3317, Accuracy: 0.7186, Precision: 0.7252, Recall: 0.7186, F1-Score: 0.7193
2025-01-13 19:19:59,509 - INFO - Epoch 89 - Train Loss: 0.0321, Accuracy: 0.9898, Precision: 0.9898, Recall: 0.9898, F1-Score: 0.9898
2025-01-13 19:20:02,389 - INFO - Epoch 89 - Eval Loss: 1.3373, Accuracy: 0.7201, Precision: 0.7266, Recall: 0.7201, F1-Score: 0.7201
2025-01-13 19:20:08,004 - INFO - Epoch 90 - Train Loss: 0.0253, Accuracy: 0.9924, Precision: 0.9924, Recall: 0.9924, F1-Score: 0.9924
2025-01-13 19:20:10,887 - INFO - Epoch 90 - Eval Loss: 1.2662, Accuracy: 0.7281, Precision: 0.7280, Recall: 0.7281, F1-Score: 0.7263
2025-01-13 19:20:16,511 - INFO - Epoch 91 - Train Loss: 0.0336, Accuracy: 0.9880, Precision: 0.9880, Recall: 0.9880, F1-Score: 0.9880
2025-01-13 19:20:19,389 - INFO - Epoch 91 - Eval Loss: 1.2817, Accuracy: 0.7301, Precision: 0.7338, Recall: 0.7301, F1-Score: 0.7307
2025-01-13 19:20:25,012 - INFO - Epoch 92 - Train Loss: 0.0332, Accuracy: 0.9892, Precision: 0.9892, Recall: 0.9892, F1-Score: 0.9892
2025-01-13 19:20:27,921 - INFO - Epoch 92 - Eval Loss: 1.3273, Accuracy: 0.7228, Precision: 0.7282, Recall: 0.7228, F1-Score: 0.7214
2025-01-13 19:20:33,582 - INFO - Epoch 93 - Train Loss: 0.0309, Accuracy: 0.9892, Precision: 0.9892, Recall: 0.9892, F1-Score: 0.9892
2025-01-13 19:20:36,484 - INFO - Epoch 93 - Eval Loss: 1.3221, Accuracy: 0.7249, Precision: 0.7328, Recall: 0.7249, F1-Score: 0.7251
2025-01-13 19:20:42,157 - INFO - Epoch 94 - Train Loss: 0.0372, Accuracy: 0.9878, Precision: 0.9878, Recall: 0.9878, F1-Score: 0.9878
2025-01-13 19:20:45,160 - INFO - Epoch 94 - Eval Loss: 1.4086, Accuracy: 0.7120, Precision: 0.7168, Recall: 0.7120, F1-Score: 0.7120
2025-01-13 19:20:50,847 - INFO - Epoch 95 - Train Loss: 0.0342, Accuracy: 0.9884, Precision: 0.9884, Recall: 0.9884, F1-Score: 0.9884
2025-01-13 19:20:53,841 - INFO - Epoch 95 - Eval Loss: 1.3705, Accuracy: 0.7136, Precision: 0.7280, Recall: 0.7136, F1-Score: 0.7178
2025-01-13 19:20:59,539 - INFO - Epoch 96 - Train Loss: 0.0392, Accuracy: 0.9868, Precision: 0.9868, Recall: 0.9868, F1-Score: 0.9868
2025-01-13 19:21:02,427 - INFO - Epoch 96 - Eval Loss: 1.3899, Accuracy: 0.7133, Precision: 0.7257, Recall: 0.7133, F1-Score: 0.7103
2025-01-13 19:21:08,016 - INFO - Epoch 97 - Train Loss: 0.0282, Accuracy: 0.9916, Precision: 0.9916, Recall: 0.9916, F1-Score: 0.9916
2025-01-13 19:21:10,991 - INFO - Epoch 97 - Eval Loss: 1.4270, Accuracy: 0.7063, Precision: 0.7236, Recall: 0.7063, F1-Score: 0.7071
2025-01-13 19:21:16,688 - INFO - Epoch 98 - Train Loss: 0.0348, Accuracy: 0.9894, Precision: 0.9894, Recall: 0.9894, F1-Score: 0.9894
2025-01-13 19:21:19,583 - INFO - Epoch 98 - Eval Loss: 1.3958, Accuracy: 0.7186, Precision: 0.7285, Recall: 0.7186, F1-Score: 0.7158
2025-01-13 19:21:25,225 - INFO - Epoch 99 - Train Loss: 0.0347, Accuracy: 0.9882, Precision: 0.9882, Recall: 0.9882, F1-Score: 0.9882
2025-01-13 19:21:28,121 - INFO - Epoch 99 - Eval Loss: 1.3617, Accuracy: 0.7129, Precision: 0.7252, Recall: 0.7129, F1-Score: 0.7142
2025-01-13 19:21:28,121 - INFO - Training finished
