2025-01-13 17:44:23,892 - INFO - Log file created at log/width_multiplier/stl10_lr0.001_adam_wm0.75_20250113-174423.log
2025-01-13 17:44:23,940 - INFO - Using device cuda:2
2025-01-13 17:44:39,386 - INFO - Epoch 0 - Train Loss: 1.9964, Accuracy: 0.2348, Precision: 0.2278, Recall: 0.2348, F1-Score: 0.2297
2025-01-13 17:44:41,278 - INFO - Epoch 0 - Eval Loss: 2.9535, Accuracy: 0.1000, Precision: 0.0100, Recall: 0.1000, F1-Score: 0.0182
2025-01-13 17:44:44,609 - INFO - Epoch 1 - Train Loss: 1.6253, Accuracy: 0.3546, Precision: 0.3532, Recall: 0.3546, F1-Score: 0.3516
2025-01-13 17:44:46,552 - INFO - Epoch 1 - Eval Loss: 3.3038, Accuracy: 0.1000, Precision: 0.0101, Recall: 0.1000, F1-Score: 0.0184
2025-01-13 17:44:49,939 - INFO - Epoch 2 - Train Loss: 1.4870, Accuracy: 0.4250, Precision: 0.4197, Recall: 0.4250, F1-Score: 0.4196
2025-01-13 17:44:51,808 - INFO - Epoch 2 - Eval Loss: 2.6236, Accuracy: 0.1241, Precision: 0.2099, Recall: 0.1241, F1-Score: 0.0586
2025-01-13 17:44:55,189 - INFO - Epoch 3 - Train Loss: 1.3620, Accuracy: 0.4788, Precision: 0.4692, Recall: 0.4788, F1-Score: 0.4690
2025-01-13 17:44:57,108 - INFO - Epoch 3 - Eval Loss: 1.7443, Accuracy: 0.3794, Precision: 0.4680, Recall: 0.3794, F1-Score: 0.3557
2025-01-13 17:45:00,401 - INFO - Epoch 4 - Train Loss: 1.2915, Accuracy: 0.5138, Precision: 0.5057, Recall: 0.5138, F1-Score: 0.5055
2025-01-13 17:45:02,255 - INFO - Epoch 4 - Eval Loss: 1.3293, Accuracy: 0.5036, Precision: 0.5386, Recall: 0.5036, F1-Score: 0.5060
2025-01-13 17:45:05,493 - INFO - Epoch 5 - Train Loss: 1.2179, Accuracy: 0.5430, Precision: 0.5386, Recall: 0.5430, F1-Score: 0.5391
2025-01-13 17:45:07,373 - INFO - Epoch 5 - Eval Loss: 1.2642, Accuracy: 0.5385, Precision: 0.5508, Recall: 0.5385, F1-Score: 0.5342
2025-01-13 17:45:10,757 - INFO - Epoch 6 - Train Loss: 1.1241, Accuracy: 0.5742, Precision: 0.5716, Recall: 0.5742, F1-Score: 0.5720
2025-01-13 17:45:12,556 - INFO - Epoch 6 - Eval Loss: 1.2586, Accuracy: 0.5429, Precision: 0.5554, Recall: 0.5429, F1-Score: 0.5257
2025-01-13 17:45:15,817 - INFO - Epoch 7 - Train Loss: 1.0429, Accuracy: 0.6170, Precision: 0.6151, Recall: 0.6170, F1-Score: 0.6152
2025-01-13 17:45:17,643 - INFO - Epoch 7 - Eval Loss: 1.2180, Accuracy: 0.5640, Precision: 0.5778, Recall: 0.5640, F1-Score: 0.5486
2025-01-13 17:45:20,901 - INFO - Epoch 8 - Train Loss: 0.9704, Accuracy: 0.6464, Precision: 0.6420, Recall: 0.6464, F1-Score: 0.6430
2025-01-13 17:45:22,831 - INFO - Epoch 8 - Eval Loss: 1.1879, Accuracy: 0.5735, Precision: 0.5836, Recall: 0.5735, F1-Score: 0.5584
2025-01-13 17:45:26,162 - INFO - Epoch 9 - Train Loss: 0.9003, Accuracy: 0.6730, Precision: 0.6712, Recall: 0.6730, F1-Score: 0.6717
2025-01-13 17:45:27,988 - INFO - Epoch 9 - Eval Loss: 1.1655, Accuracy: 0.5854, Precision: 0.6027, Recall: 0.5854, F1-Score: 0.5808
2025-01-13 17:45:31,284 - INFO - Epoch 10 - Train Loss: 0.8922, Accuracy: 0.6756, Precision: 0.6746, Recall: 0.6756, F1-Score: 0.6743
2025-01-13 17:45:33,139 - INFO - Epoch 10 - Eval Loss: 1.1849, Accuracy: 0.5851, Precision: 0.6096, Recall: 0.5851, F1-Score: 0.5656
2025-01-13 17:45:36,506 - INFO - Epoch 11 - Train Loss: 0.8128, Accuracy: 0.7022, Precision: 0.7007, Recall: 0.7022, F1-Score: 0.7011
2025-01-13 17:45:38,347 - INFO - Epoch 11 - Eval Loss: 1.1431, Accuracy: 0.6140, Precision: 0.6234, Recall: 0.6140, F1-Score: 0.6048
2025-01-13 17:45:41,689 - INFO - Epoch 12 - Train Loss: 0.7236, Accuracy: 0.7362, Precision: 0.7345, Recall: 0.7362, F1-Score: 0.7348
2025-01-13 17:45:43,592 - INFO - Epoch 12 - Eval Loss: 1.0788, Accuracy: 0.6315, Precision: 0.6350, Recall: 0.6315, F1-Score: 0.6297
2025-01-13 17:45:46,967 - INFO - Epoch 13 - Train Loss: 0.6739, Accuracy: 0.7630, Precision: 0.7621, Recall: 0.7630, F1-Score: 0.7623
2025-01-13 17:45:48,897 - INFO - Epoch 13 - Eval Loss: 1.0926, Accuracy: 0.6388, Precision: 0.6504, Recall: 0.6388, F1-Score: 0.6380
2025-01-13 17:45:52,173 - INFO - Epoch 14 - Train Loss: 0.6310, Accuracy: 0.7696, Precision: 0.7690, Recall: 0.7696, F1-Score: 0.7692
2025-01-13 17:45:54,069 - INFO - Epoch 14 - Eval Loss: 1.0884, Accuracy: 0.6378, Precision: 0.6456, Recall: 0.6377, F1-Score: 0.6323
2025-01-13 17:45:57,320 - INFO - Epoch 15 - Train Loss: 0.5889, Accuracy: 0.7866, Precision: 0.7872, Recall: 0.7866, F1-Score: 0.7867
2025-01-13 17:45:59,169 - INFO - Epoch 15 - Eval Loss: 1.1091, Accuracy: 0.6462, Precision: 0.6461, Recall: 0.6462, F1-Score: 0.6413
2025-01-13 17:46:02,466 - INFO - Epoch 16 - Train Loss: 0.5743, Accuracy: 0.7910, Precision: 0.7900, Recall: 0.7910, F1-Score: 0.7903
2025-01-13 17:46:04,376 - INFO - Epoch 16 - Eval Loss: 1.1394, Accuracy: 0.6240, Precision: 0.6441, Recall: 0.6240, F1-Score: 0.6260
2025-01-13 17:46:07,747 - INFO - Epoch 17 - Train Loss: 0.5090, Accuracy: 0.8132, Precision: 0.8134, Recall: 0.8132, F1-Score: 0.8131
2025-01-13 17:46:09,678 - INFO - Epoch 17 - Eval Loss: 1.1566, Accuracy: 0.6414, Precision: 0.6519, Recall: 0.6414, F1-Score: 0.6353
2025-01-13 17:46:12,951 - INFO - Epoch 18 - Train Loss: 0.4720, Accuracy: 0.8346, Precision: 0.8348, Recall: 0.8346, F1-Score: 0.8347
2025-01-13 17:46:14,914 - INFO - Epoch 18 - Eval Loss: 1.2568, Accuracy: 0.6310, Precision: 0.6431, Recall: 0.6310, F1-Score: 0.6211
2025-01-13 17:46:18,185 - INFO - Epoch 19 - Train Loss: 0.4332, Accuracy: 0.8524, Precision: 0.8527, Recall: 0.8524, F1-Score: 0.8524
2025-01-13 17:46:19,977 - INFO - Epoch 19 - Eval Loss: 1.1700, Accuracy: 0.6491, Precision: 0.6631, Recall: 0.6491, F1-Score: 0.6462
2025-01-13 17:46:23,237 - INFO - Epoch 20 - Train Loss: 0.3638, Accuracy: 0.8754, Precision: 0.8753, Recall: 0.8754, F1-Score: 0.8752
2025-01-13 17:46:25,104 - INFO - Epoch 20 - Eval Loss: 1.2075, Accuracy: 0.6440, Precision: 0.6802, Recall: 0.6440, F1-Score: 0.6488
2025-01-13 17:46:28,432 - INFO - Epoch 21 - Train Loss: 0.3601, Accuracy: 0.8810, Precision: 0.8808, Recall: 0.8810, F1-Score: 0.8809
2025-01-13 17:46:30,342 - INFO - Epoch 21 - Eval Loss: 1.1702, Accuracy: 0.6465, Precision: 0.6663, Recall: 0.6465, F1-Score: 0.6471
2025-01-13 17:46:33,574 - INFO - Epoch 22 - Train Loss: 0.3483, Accuracy: 0.8766, Precision: 0.8768, Recall: 0.8766, F1-Score: 0.8766
2025-01-13 17:46:35,557 - INFO - Epoch 22 - Eval Loss: 1.2151, Accuracy: 0.6496, Precision: 0.6556, Recall: 0.6496, F1-Score: 0.6391
2025-01-13 17:46:38,914 - INFO - Epoch 23 - Train Loss: 0.2961, Accuracy: 0.8944, Precision: 0.8946, Recall: 0.8944, F1-Score: 0.8945
2025-01-13 17:46:40,851 - INFO - Epoch 23 - Eval Loss: 1.2194, Accuracy: 0.6636, Precision: 0.6704, Recall: 0.6636, F1-Score: 0.6605
2025-01-13 17:46:44,317 - INFO - Epoch 24 - Train Loss: 0.2731, Accuracy: 0.9022, Precision: 0.9021, Recall: 0.9022, F1-Score: 0.9021
2025-01-13 17:46:46,160 - INFO - Epoch 24 - Eval Loss: 1.3116, Accuracy: 0.6491, Precision: 0.6706, Recall: 0.6491, F1-Score: 0.6473
2025-01-13 17:46:49,399 - INFO - Epoch 25 - Train Loss: 0.2649, Accuracy: 0.9092, Precision: 0.9092, Recall: 0.9092, F1-Score: 0.9091
2025-01-13 17:46:51,299 - INFO - Epoch 25 - Eval Loss: 1.2274, Accuracy: 0.6562, Precision: 0.6644, Recall: 0.6562, F1-Score: 0.6568
2025-01-13 17:46:54,602 - INFO - Epoch 26 - Train Loss: 0.2452, Accuracy: 0.9134, Precision: 0.9133, Recall: 0.9134, F1-Score: 0.9133
2025-01-13 17:46:56,470 - INFO - Epoch 26 - Eval Loss: 1.2527, Accuracy: 0.6694, Precision: 0.6735, Recall: 0.6694, F1-Score: 0.6690
2025-01-13 17:46:59,849 - INFO - Epoch 27 - Train Loss: 0.2377, Accuracy: 0.9202, Precision: 0.9202, Recall: 0.9202, F1-Score: 0.9200
2025-01-13 17:47:01,681 - INFO - Epoch 27 - Eval Loss: 1.2921, Accuracy: 0.6640, Precision: 0.6756, Recall: 0.6640, F1-Score: 0.6626
2025-01-13 17:47:05,041 - INFO - Epoch 28 - Train Loss: 0.2304, Accuracy: 0.9208, Precision: 0.9212, Recall: 0.9208, F1-Score: 0.9209
2025-01-13 17:47:06,879 - INFO - Epoch 28 - Eval Loss: 1.2913, Accuracy: 0.6577, Precision: 0.6732, Recall: 0.6577, F1-Score: 0.6566
2025-01-13 17:47:10,136 - INFO - Epoch 29 - Train Loss: 0.2038, Accuracy: 0.9296, Precision: 0.9296, Recall: 0.9296, F1-Score: 0.9296
2025-01-13 17:47:12,093 - INFO - Epoch 29 - Eval Loss: 1.2684, Accuracy: 0.6706, Precision: 0.6764, Recall: 0.6706, F1-Score: 0.6712
2025-01-13 17:47:15,417 - INFO - Epoch 30 - Train Loss: 0.1814, Accuracy: 0.9378, Precision: 0.9381, Recall: 0.9378, F1-Score: 0.9378
2025-01-13 17:47:17,260 - INFO - Epoch 30 - Eval Loss: 1.3497, Accuracy: 0.6655, Precision: 0.6804, Recall: 0.6655, F1-Score: 0.6660
2025-01-13 17:47:20,569 - INFO - Epoch 31 - Train Loss: 0.1731, Accuracy: 0.9384, Precision: 0.9385, Recall: 0.9384, F1-Score: 0.9384
2025-01-13 17:47:22,372 - INFO - Epoch 31 - Eval Loss: 1.3063, Accuracy: 0.6726, Precision: 0.6830, Recall: 0.6726, F1-Score: 0.6721
2025-01-13 17:47:25,676 - INFO - Epoch 32 - Train Loss: 0.1437, Accuracy: 0.9540, Precision: 0.9541, Recall: 0.9540, F1-Score: 0.9540
2025-01-13 17:47:27,452 - INFO - Epoch 32 - Eval Loss: 1.2966, Accuracy: 0.6777, Precision: 0.6787, Recall: 0.6777, F1-Score: 0.6737
2025-01-13 17:47:30,858 - INFO - Epoch 33 - Train Loss: 0.1540, Accuracy: 0.9480, Precision: 0.9480, Recall: 0.9480, F1-Score: 0.9480
2025-01-13 17:47:32,684 - INFO - Epoch 33 - Eval Loss: 1.3343, Accuracy: 0.6644, Precision: 0.6761, Recall: 0.6644, F1-Score: 0.6604
2025-01-13 17:47:36,038 - INFO - Epoch 34 - Train Loss: 0.1419, Accuracy: 0.9498, Precision: 0.9499, Recall: 0.9498, F1-Score: 0.9498
2025-01-13 17:47:37,949 - INFO - Epoch 34 - Eval Loss: 1.3656, Accuracy: 0.6686, Precision: 0.6821, Recall: 0.6686, F1-Score: 0.6692
2025-01-13 17:47:41,233 - INFO - Epoch 35 - Train Loss: 0.1415, Accuracy: 0.9512, Precision: 0.9512, Recall: 0.9512, F1-Score: 0.9512
2025-01-13 17:47:43,189 - INFO - Epoch 35 - Eval Loss: 1.4750, Accuracy: 0.6529, Precision: 0.6782, Recall: 0.6529, F1-Score: 0.6521
2025-01-13 17:47:46,573 - INFO - Epoch 36 - Train Loss: 0.1459, Accuracy: 0.9480, Precision: 0.9480, Recall: 0.9480, F1-Score: 0.9480
2025-01-13 17:47:48,457 - INFO - Epoch 36 - Eval Loss: 1.2933, Accuracy: 0.6791, Precision: 0.6823, Recall: 0.6791, F1-Score: 0.6777
2025-01-13 17:47:51,850 - INFO - Epoch 37 - Train Loss: 0.1332, Accuracy: 0.9540, Precision: 0.9542, Recall: 0.9540, F1-Score: 0.9541
2025-01-13 17:47:53,761 - INFO - Epoch 37 - Eval Loss: 1.3879, Accuracy: 0.6641, Precision: 0.6817, Recall: 0.6641, F1-Score: 0.6655
2025-01-13 17:47:57,115 - INFO - Epoch 38 - Train Loss: 0.1230, Accuracy: 0.9590, Precision: 0.9591, Recall: 0.9590, F1-Score: 0.9590
2025-01-13 17:47:59,135 - INFO - Epoch 38 - Eval Loss: 1.4097, Accuracy: 0.6625, Precision: 0.6783, Recall: 0.6625, F1-Score: 0.6560
2025-01-13 17:48:02,537 - INFO - Epoch 39 - Train Loss: 0.1198, Accuracy: 0.9570, Precision: 0.9571, Recall: 0.9570, F1-Score: 0.9570
2025-01-13 17:48:04,478 - INFO - Epoch 39 - Eval Loss: 1.3051, Accuracy: 0.6834, Precision: 0.6834, Recall: 0.6834, F1-Score: 0.6819
2025-01-13 17:48:07,873 - INFO - Epoch 40 - Train Loss: 0.1083, Accuracy: 0.9642, Precision: 0.9643, Recall: 0.9642, F1-Score: 0.9642
2025-01-13 17:48:09,721 - INFO - Epoch 40 - Eval Loss: 1.4279, Accuracy: 0.6751, Precision: 0.6811, Recall: 0.6751, F1-Score: 0.6726
2025-01-13 17:48:13,105 - INFO - Epoch 41 - Train Loss: 0.0972, Accuracy: 0.9680, Precision: 0.9681, Recall: 0.9680, F1-Score: 0.9680
2025-01-13 17:48:15,035 - INFO - Epoch 41 - Eval Loss: 1.4110, Accuracy: 0.6711, Precision: 0.6795, Recall: 0.6711, F1-Score: 0.6680
2025-01-13 17:48:18,364 - INFO - Epoch 42 - Train Loss: 0.0983, Accuracy: 0.9662, Precision: 0.9662, Recall: 0.9662, F1-Score: 0.9661
2025-01-13 17:48:20,156 - INFO - Epoch 42 - Eval Loss: 1.4107, Accuracy: 0.6679, Precision: 0.6859, Recall: 0.6679, F1-Score: 0.6689
2025-01-13 17:48:23,509 - INFO - Epoch 43 - Train Loss: 0.0941, Accuracy: 0.9686, Precision: 0.9686, Recall: 0.9686, F1-Score: 0.9686
2025-01-13 17:48:25,350 - INFO - Epoch 43 - Eval Loss: 1.4431, Accuracy: 0.6741, Precision: 0.6844, Recall: 0.6741, F1-Score: 0.6733
2025-01-13 17:48:28,801 - INFO - Epoch 44 - Train Loss: 0.0949, Accuracy: 0.9674, Precision: 0.9675, Recall: 0.9674, F1-Score: 0.9674
2025-01-13 17:48:30,649 - INFO - Epoch 44 - Eval Loss: 1.4350, Accuracy: 0.6737, Precision: 0.6712, Recall: 0.6737, F1-Score: 0.6640
2025-01-13 17:48:34,019 - INFO - Epoch 45 - Train Loss: 0.0859, Accuracy: 0.9732, Precision: 0.9734, Recall: 0.9732, F1-Score: 0.9732
2025-01-13 17:48:35,956 - INFO - Epoch 45 - Eval Loss: 1.4371, Accuracy: 0.6740, Precision: 0.6709, Recall: 0.6740, F1-Score: 0.6679
2025-01-13 17:48:39,377 - INFO - Epoch 46 - Train Loss: 0.0945, Accuracy: 0.9644, Precision: 0.9645, Recall: 0.9644, F1-Score: 0.9644
2025-01-13 17:48:41,515 - INFO - Epoch 46 - Eval Loss: 1.4201, Accuracy: 0.6763, Precision: 0.6955, Recall: 0.6762, F1-Score: 0.6781
2025-01-13 17:48:44,939 - INFO - Epoch 47 - Train Loss: 0.0785, Accuracy: 0.9762, Precision: 0.9762, Recall: 0.9762, F1-Score: 0.9762
2025-01-13 17:48:46,826 - INFO - Epoch 47 - Eval Loss: 1.4059, Accuracy: 0.6807, Precision: 0.6890, Recall: 0.6808, F1-Score: 0.6811
2025-01-13 17:48:50,277 - INFO - Epoch 48 - Train Loss: 0.0787, Accuracy: 0.9746, Precision: 0.9746, Recall: 0.9746, F1-Score: 0.9746
2025-01-13 17:48:52,145 - INFO - Epoch 48 - Eval Loss: 1.4808, Accuracy: 0.6771, Precision: 0.6902, Recall: 0.6771, F1-Score: 0.6801
2025-01-13 17:48:55,625 - INFO - Epoch 49 - Train Loss: 0.0764, Accuracy: 0.9738, Precision: 0.9738, Recall: 0.9738, F1-Score: 0.9738
2025-01-13 17:48:57,674 - INFO - Epoch 49 - Eval Loss: 1.5779, Accuracy: 0.6614, Precision: 0.6891, Recall: 0.6614, F1-Score: 0.6645
2025-01-13 17:49:01,142 - INFO - Epoch 50 - Train Loss: 0.0768, Accuracy: 0.9740, Precision: 0.9741, Recall: 0.9740, F1-Score: 0.9740
2025-01-13 17:49:03,001 - INFO - Epoch 50 - Eval Loss: 1.5772, Accuracy: 0.6590, Precision: 0.6746, Recall: 0.6590, F1-Score: 0.6557
2025-01-13 17:49:06,353 - INFO - Epoch 51 - Train Loss: 0.0720, Accuracy: 0.9758, Precision: 0.9759, Recall: 0.9758, F1-Score: 0.9758
2025-01-13 17:49:08,309 - INFO - Epoch 51 - Eval Loss: 1.4606, Accuracy: 0.6839, Precision: 0.6858, Recall: 0.6839, F1-Score: 0.6818
2025-01-13 17:49:11,817 - INFO - Epoch 52 - Train Loss: 0.0721, Accuracy: 0.9758, Precision: 0.9759, Recall: 0.9758, F1-Score: 0.9758
2025-01-13 17:49:14,155 - INFO - Epoch 52 - Eval Loss: 1.5081, Accuracy: 0.6734, Precision: 0.6808, Recall: 0.6734, F1-Score: 0.6742
2025-01-13 17:49:17,699 - INFO - Epoch 53 - Train Loss: 0.0843, Accuracy: 0.9706, Precision: 0.9707, Recall: 0.9706, F1-Score: 0.9706
2025-01-13 17:49:19,633 - INFO - Epoch 53 - Eval Loss: 1.4008, Accuracy: 0.6776, Precision: 0.6946, Recall: 0.6776, F1-Score: 0.6821
2025-01-13 17:49:23,069 - INFO - Epoch 54 - Train Loss: 0.0704, Accuracy: 0.9748, Precision: 0.9748, Recall: 0.9748, F1-Score: 0.9748
2025-01-13 17:49:24,997 - INFO - Epoch 54 - Eval Loss: 1.5020, Accuracy: 0.6711, Precision: 0.6767, Recall: 0.6711, F1-Score: 0.6643
2025-01-13 17:49:28,428 - INFO - Epoch 55 - Train Loss: 0.0700, Accuracy: 0.9756, Precision: 0.9756, Recall: 0.9756, F1-Score: 0.9756
2025-01-13 17:49:30,470 - INFO - Epoch 55 - Eval Loss: 1.4823, Accuracy: 0.6836, Precision: 0.6928, Recall: 0.6836, F1-Score: 0.6837
2025-01-13 17:49:33,968 - INFO - Epoch 56 - Train Loss: 0.0601, Accuracy: 0.9810, Precision: 0.9810, Recall: 0.9810, F1-Score: 0.9810
2025-01-13 17:49:36,078 - INFO - Epoch 56 - Eval Loss: 1.4637, Accuracy: 0.6833, Precision: 0.6884, Recall: 0.6832, F1-Score: 0.6838
2025-01-13 17:49:39,521 - INFO - Epoch 57 - Train Loss: 0.0557, Accuracy: 0.9792, Precision: 0.9793, Recall: 0.9792, F1-Score: 0.9792
2025-01-13 17:49:41,466 - INFO - Epoch 57 - Eval Loss: 1.4271, Accuracy: 0.6950, Precision: 0.6990, Recall: 0.6950, F1-Score: 0.6953
2025-01-13 17:49:44,890 - INFO - Epoch 58 - Train Loss: 0.0549, Accuracy: 0.9800, Precision: 0.9801, Recall: 0.9800, F1-Score: 0.9800
2025-01-13 17:49:47,071 - INFO - Epoch 58 - Eval Loss: 1.5168, Accuracy: 0.6781, Precision: 0.6857, Recall: 0.6781, F1-Score: 0.6793
2025-01-13 17:49:50,667 - INFO - Epoch 59 - Train Loss: 0.0597, Accuracy: 0.9802, Precision: 0.9802, Recall: 0.9802, F1-Score: 0.9802
2025-01-13 17:49:52,564 - INFO - Epoch 59 - Eval Loss: 1.6087, Accuracy: 0.6705, Precision: 0.6774, Recall: 0.6705, F1-Score: 0.6680
2025-01-13 17:49:56,038 - INFO - Epoch 60 - Train Loss: 0.0665, Accuracy: 0.9758, Precision: 0.9758, Recall: 0.9758, F1-Score: 0.9758
2025-01-13 17:49:58,093 - INFO - Epoch 60 - Eval Loss: 1.4225, Accuracy: 0.6890, Precision: 0.6885, Recall: 0.6890, F1-Score: 0.6875
2025-01-13 17:50:01,651 - INFO - Epoch 61 - Train Loss: 0.0624, Accuracy: 0.9788, Precision: 0.9789, Recall: 0.9788, F1-Score: 0.9788
2025-01-13 17:50:03,530 - INFO - Epoch 61 - Eval Loss: 1.4875, Accuracy: 0.6759, Precision: 0.6868, Recall: 0.6759, F1-Score: 0.6748
2025-01-13 17:50:06,885 - INFO - Epoch 62 - Train Loss: 0.0668, Accuracy: 0.9756, Precision: 0.9756, Recall: 0.9756, F1-Score: 0.9756
2025-01-13 17:50:08,914 - INFO - Epoch 62 - Eval Loss: 1.4701, Accuracy: 0.6780, Precision: 0.6949, Recall: 0.6780, F1-Score: 0.6820
2025-01-13 17:50:12,220 - INFO - Epoch 63 - Train Loss: 0.0591, Accuracy: 0.9802, Precision: 0.9802, Recall: 0.9802, F1-Score: 0.9802
2025-01-13 17:50:14,232 - INFO - Epoch 63 - Eval Loss: 1.4492, Accuracy: 0.6874, Precision: 0.6910, Recall: 0.6874, F1-Score: 0.6870
2025-01-13 17:50:17,609 - INFO - Epoch 64 - Train Loss: 0.0544, Accuracy: 0.9818, Precision: 0.9818, Recall: 0.9818, F1-Score: 0.9818
2025-01-13 17:50:19,825 - INFO - Epoch 64 - Eval Loss: 1.4438, Accuracy: 0.6886, Precision: 0.6936, Recall: 0.6886, F1-Score: 0.6889
2025-01-13 17:50:23,317 - INFO - Epoch 65 - Train Loss: 0.0614, Accuracy: 0.9788, Precision: 0.9789, Recall: 0.9788, F1-Score: 0.9788
2025-01-13 17:50:25,266 - INFO - Epoch 65 - Eval Loss: 1.4693, Accuracy: 0.6829, Precision: 0.6893, Recall: 0.6829, F1-Score: 0.6790
2025-01-13 17:50:28,629 - INFO - Epoch 66 - Train Loss: 0.0618, Accuracy: 0.9784, Precision: 0.9784, Recall: 0.9784, F1-Score: 0.9784
2025-01-13 17:50:30,607 - INFO - Epoch 66 - Eval Loss: 1.4696, Accuracy: 0.6786, Precision: 0.6895, Recall: 0.6786, F1-Score: 0.6778
2025-01-13 17:50:33,982 - INFO - Epoch 67 - Train Loss: 0.0545, Accuracy: 0.9820, Precision: 0.9820, Recall: 0.9820, F1-Score: 0.9820
2025-01-13 17:50:35,875 - INFO - Epoch 67 - Eval Loss: 1.4994, Accuracy: 0.6864, Precision: 0.6955, Recall: 0.6864, F1-Score: 0.6858
2025-01-13 17:50:39,246 - INFO - Epoch 68 - Train Loss: 0.0548, Accuracy: 0.9790, Precision: 0.9791, Recall: 0.9790, F1-Score: 0.9790
2025-01-13 17:50:41,194 - INFO - Epoch 68 - Eval Loss: 1.5364, Accuracy: 0.6700, Precision: 0.6855, Recall: 0.6700, F1-Score: 0.6699
2025-01-13 17:50:44,557 - INFO - Epoch 69 - Train Loss: 0.0524, Accuracy: 0.9800, Precision: 0.9800, Recall: 0.9800, F1-Score: 0.9800
2025-01-13 17:50:46,502 - INFO - Epoch 69 - Eval Loss: 1.4740, Accuracy: 0.6923, Precision: 0.6948, Recall: 0.6923, F1-Score: 0.6903
2025-01-13 17:50:49,962 - INFO - Epoch 70 - Train Loss: 0.0584, Accuracy: 0.9792, Precision: 0.9793, Recall: 0.9792, F1-Score: 0.9792
2025-01-13 17:50:52,318 - INFO - Epoch 70 - Eval Loss: 1.4964, Accuracy: 0.6834, Precision: 0.6964, Recall: 0.6834, F1-Score: 0.6854
2025-01-13 17:50:55,783 - INFO - Epoch 71 - Train Loss: 0.0469, Accuracy: 0.9848, Precision: 0.9848, Recall: 0.9848, F1-Score: 0.9848
2025-01-13 17:50:57,815 - INFO - Epoch 71 - Eval Loss: 1.4841, Accuracy: 0.6835, Precision: 0.6867, Recall: 0.6835, F1-Score: 0.6821
2025-01-13 17:51:01,331 - INFO - Epoch 72 - Train Loss: 0.0481, Accuracy: 0.9844, Precision: 0.9845, Recall: 0.9844, F1-Score: 0.9844
2025-01-13 17:51:03,350 - INFO - Epoch 72 - Eval Loss: 1.5080, Accuracy: 0.6861, Precision: 0.6893, Recall: 0.6861, F1-Score: 0.6841
2025-01-13 17:51:06,853 - INFO - Epoch 73 - Train Loss: 0.0463, Accuracy: 0.9840, Precision: 0.9840, Recall: 0.9840, F1-Score: 0.9840
2025-01-13 17:51:08,789 - INFO - Epoch 73 - Eval Loss: 1.5697, Accuracy: 0.6776, Precision: 0.6979, Recall: 0.6776, F1-Score: 0.6838
2025-01-13 17:51:12,422 - INFO - Epoch 74 - Train Loss: 0.0435, Accuracy: 0.9858, Precision: 0.9858, Recall: 0.9858, F1-Score: 0.9858
2025-01-13 17:51:14,347 - INFO - Epoch 74 - Eval Loss: 1.5600, Accuracy: 0.6743, Precision: 0.6815, Recall: 0.6743, F1-Score: 0.6739
2025-01-13 17:51:17,754 - INFO - Epoch 75 - Train Loss: 0.0455, Accuracy: 0.9848, Precision: 0.9849, Recall: 0.9848, F1-Score: 0.9848
2025-01-13 17:51:19,737 - INFO - Epoch 75 - Eval Loss: 1.4867, Accuracy: 0.6933, Precision: 0.6956, Recall: 0.6933, F1-Score: 0.6927
2025-01-13 17:51:23,232 - INFO - Epoch 76 - Train Loss: 0.0536, Accuracy: 0.9818, Precision: 0.9818, Recall: 0.9818, F1-Score: 0.9818
2025-01-13 17:51:25,338 - INFO - Epoch 76 - Eval Loss: 1.5652, Accuracy: 0.6929, Precision: 0.6964, Recall: 0.6929, F1-Score: 0.6919
2025-01-13 17:51:28,805 - INFO - Epoch 77 - Train Loss: 0.0444, Accuracy: 0.9828, Precision: 0.9828, Recall: 0.9828, F1-Score: 0.9828
2025-01-13 17:51:30,970 - INFO - Epoch 77 - Eval Loss: 1.4719, Accuracy: 0.6886, Precision: 0.6940, Recall: 0.6886, F1-Score: 0.6895
2025-01-13 17:51:34,401 - INFO - Epoch 78 - Train Loss: 0.0541, Accuracy: 0.9808, Precision: 0.9809, Recall: 0.9808, F1-Score: 0.9808
2025-01-13 17:51:36,360 - INFO - Epoch 78 - Eval Loss: 1.4890, Accuracy: 0.6891, Precision: 0.7016, Recall: 0.6891, F1-Score: 0.6889
2025-01-13 17:51:39,962 - INFO - Epoch 79 - Train Loss: 0.0451, Accuracy: 0.9840, Precision: 0.9840, Recall: 0.9840, F1-Score: 0.9840
2025-01-13 17:51:41,928 - INFO - Epoch 79 - Eval Loss: 1.5653, Accuracy: 0.6816, Precision: 0.7013, Recall: 0.6816, F1-Score: 0.6767
2025-01-13 17:51:45,648 - INFO - Epoch 80 - Train Loss: 0.0427, Accuracy: 0.9852, Precision: 0.9853, Recall: 0.9852, F1-Score: 0.9852
2025-01-13 17:51:47,763 - INFO - Epoch 80 - Eval Loss: 1.5052, Accuracy: 0.6786, Precision: 0.6852, Recall: 0.6786, F1-Score: 0.6802
2025-01-13 17:51:51,146 - INFO - Epoch 81 - Train Loss: 0.0423, Accuracy: 0.9858, Precision: 0.9858, Recall: 0.9858, F1-Score: 0.9858
2025-01-13 17:51:53,116 - INFO - Epoch 81 - Eval Loss: 1.5380, Accuracy: 0.6890, Precision: 0.6938, Recall: 0.6890, F1-Score: 0.6895
2025-01-13 17:51:56,553 - INFO - Epoch 82 - Train Loss: 0.0391, Accuracy: 0.9866, Precision: 0.9866, Recall: 0.9866, F1-Score: 0.9866
2025-01-13 17:51:58,477 - INFO - Epoch 82 - Eval Loss: 1.6404, Accuracy: 0.6823, Precision: 0.6915, Recall: 0.6823, F1-Score: 0.6806
2025-01-13 17:52:01,934 - INFO - Epoch 83 - Train Loss: 0.0392, Accuracy: 0.9878, Precision: 0.9878, Recall: 0.9878, F1-Score: 0.9878
2025-01-13 17:52:04,350 - INFO - Epoch 83 - Eval Loss: 1.6486, Accuracy: 0.6765, Precision: 0.6919, Recall: 0.6765, F1-Score: 0.6780
2025-01-13 17:52:07,775 - INFO - Epoch 84 - Train Loss: 0.0481, Accuracy: 0.9844, Precision: 0.9844, Recall: 0.9844, F1-Score: 0.9844
2025-01-13 17:52:09,752 - INFO - Epoch 84 - Eval Loss: 1.5121, Accuracy: 0.6873, Precision: 0.6958, Recall: 0.6872, F1-Score: 0.6900
2025-01-13 17:52:13,150 - INFO - Epoch 85 - Train Loss: 0.0382, Accuracy: 0.9890, Precision: 0.9890, Recall: 0.9890, F1-Score: 0.9890
2025-01-13 17:52:15,173 - INFO - Epoch 85 - Eval Loss: 1.4844, Accuracy: 0.6899, Precision: 0.6949, Recall: 0.6899, F1-Score: 0.6892
2025-01-13 17:52:18,730 - INFO - Epoch 86 - Train Loss: 0.0363, Accuracy: 0.9884, Precision: 0.9884, Recall: 0.9884, F1-Score: 0.9884
2025-01-13 17:52:20,702 - INFO - Epoch 86 - Eval Loss: 1.5695, Accuracy: 0.6836, Precision: 0.6853, Recall: 0.6836, F1-Score: 0.6801
2025-01-13 17:52:24,227 - INFO - Epoch 87 - Train Loss: 0.0445, Accuracy: 0.9846, Precision: 0.9846, Recall: 0.9846, F1-Score: 0.9846
2025-01-13 17:52:26,275 - INFO - Epoch 87 - Eval Loss: 1.5955, Accuracy: 0.6829, Precision: 0.6988, Recall: 0.6829, F1-Score: 0.6857
2025-01-13 17:52:29,725 - INFO - Epoch 88 - Train Loss: 0.0422, Accuracy: 0.9870, Precision: 0.9870, Recall: 0.9870, F1-Score: 0.9870
2025-01-13 17:52:31,808 - INFO - Epoch 88 - Eval Loss: 1.5841, Accuracy: 0.6847, Precision: 0.6919, Recall: 0.6847, F1-Score: 0.6819
2025-01-13 17:52:35,164 - INFO - Epoch 89 - Train Loss: 0.0433, Accuracy: 0.9860, Precision: 0.9860, Recall: 0.9860, F1-Score: 0.9860
2025-01-13 17:52:37,289 - INFO - Epoch 89 - Eval Loss: 1.5536, Accuracy: 0.6804, Precision: 0.6891, Recall: 0.6804, F1-Score: 0.6802
2025-01-13 17:52:40,803 - INFO - Epoch 90 - Train Loss: 0.0339, Accuracy: 0.9902, Precision: 0.9902, Recall: 0.9902, F1-Score: 0.9902
2025-01-13 17:52:42,869 - INFO - Epoch 90 - Eval Loss: 1.5999, Accuracy: 0.6835, Precision: 0.6900, Recall: 0.6835, F1-Score: 0.6805
2025-01-13 17:52:46,403 - INFO - Epoch 91 - Train Loss: 0.0345, Accuracy: 0.9890, Precision: 0.9890, Recall: 0.9890, F1-Score: 0.9890
2025-01-13 17:52:48,293 - INFO - Epoch 91 - Eval Loss: 1.5880, Accuracy: 0.6913, Precision: 0.6998, Recall: 0.6913, F1-Score: 0.6932
2025-01-13 17:52:51,962 - INFO - Epoch 92 - Train Loss: 0.0408, Accuracy: 0.9860, Precision: 0.9860, Recall: 0.9860, F1-Score: 0.9860
2025-01-13 17:52:53,850 - INFO - Epoch 92 - Eval Loss: 1.5721, Accuracy: 0.6884, Precision: 0.7076, Recall: 0.6884, F1-Score: 0.6915
2025-01-13 17:52:57,353 - INFO - Epoch 93 - Train Loss: 0.0345, Accuracy: 0.9904, Precision: 0.9904, Recall: 0.9904, F1-Score: 0.9904
2025-01-13 17:52:59,477 - INFO - Epoch 93 - Eval Loss: 1.5193, Accuracy: 0.6973, Precision: 0.7077, Recall: 0.6972, F1-Score: 0.6961
2025-01-13 17:53:02,828 - INFO - Epoch 94 - Train Loss: 0.0321, Accuracy: 0.9884, Precision: 0.9884, Recall: 0.9884, F1-Score: 0.9884
2025-01-13 17:53:04,840 - INFO - Epoch 94 - Eval Loss: 1.5118, Accuracy: 0.6977, Precision: 0.7046, Recall: 0.6978, F1-Score: 0.6999
2025-01-13 17:53:08,219 - INFO - Epoch 95 - Train Loss: 0.0315, Accuracy: 0.9890, Precision: 0.9890, Recall: 0.9890, F1-Score: 0.9890
2025-01-13 17:53:10,502 - INFO - Epoch 95 - Eval Loss: 1.6495, Accuracy: 0.6907, Precision: 0.6926, Recall: 0.6907, F1-Score: 0.6871
2025-01-13 17:53:13,921 - INFO - Epoch 96 - Train Loss: 0.0346, Accuracy: 0.9890, Precision: 0.9890, Recall: 0.9890, F1-Score: 0.9890
2025-01-13 17:53:15,976 - INFO - Epoch 96 - Eval Loss: 1.5799, Accuracy: 0.6889, Precision: 0.6889, Recall: 0.6889, F1-Score: 0.6869
2025-01-13 17:53:19,483 - INFO - Epoch 97 - Train Loss: 0.0299, Accuracy: 0.9910, Precision: 0.9910, Recall: 0.9910, F1-Score: 0.9910
2025-01-13 17:53:21,340 - INFO - Epoch 97 - Eval Loss: 1.5612, Accuracy: 0.6954, Precision: 0.6998, Recall: 0.6954, F1-Score: 0.6958
2025-01-13 17:53:24,875 - INFO - Epoch 98 - Train Loss: 0.0324, Accuracy: 0.9890, Precision: 0.9890, Recall: 0.9890, F1-Score: 0.9890
2025-01-13 17:53:26,892 - INFO - Epoch 98 - Eval Loss: 1.5638, Accuracy: 0.6961, Precision: 0.6973, Recall: 0.6961, F1-Score: 0.6949
2025-01-13 17:53:30,431 - INFO - Epoch 99 - Train Loss: 0.0330, Accuracy: 0.9896, Precision: 0.9896, Recall: 0.9896, F1-Score: 0.9896
2025-01-13 17:53:32,311 - INFO - Epoch 99 - Eval Loss: 1.6097, Accuracy: 0.6856, Precision: 0.6967, Recall: 0.6856, F1-Score: 0.6892
2025-01-13 17:53:32,311 - INFO - Training finished
