2025-01-13 18:07:12,026 - INFO - Log file created at log/width_multiplier/stl10_lr0.001_adam_wm1.0_20250113-180712.log
2025-01-13 18:07:12,074 - INFO - Using device cuda:2
2025-01-13 18:07:29,098 - INFO - Epoch 0 - Train Loss: 2.0446, Accuracy: 0.2402, Precision: 0.2350, Recall: 0.2402, F1-Score: 0.2347
2025-01-13 18:07:31,512 - INFO - Epoch 0 - Eval Loss: 2.6285, Accuracy: 0.1000, Precision: 0.0100, Recall: 0.1000, F1-Score: 0.0182
2025-01-13 18:07:35,748 - INFO - Epoch 1 - Train Loss: 1.5779, Accuracy: 0.3992, Precision: 0.3957, Recall: 0.3992, F1-Score: 0.3950
2025-01-13 18:07:38,122 - INFO - Epoch 1 - Eval Loss: 3.1520, Accuracy: 0.1000, Precision: 0.0100, Recall: 0.1000, F1-Score: 0.0182
2025-01-13 18:07:42,475 - INFO - Epoch 2 - Train Loss: 1.4295, Accuracy: 0.4604, Precision: 0.4565, Recall: 0.4604, F1-Score: 0.4547
2025-01-13 18:07:44,759 - INFO - Epoch 2 - Eval Loss: 2.9676, Accuracy: 0.1160, Precision: 0.1503, Recall: 0.1160, F1-Score: 0.0470
2025-01-13 18:07:49,164 - INFO - Epoch 3 - Train Loss: 1.3135, Accuracy: 0.5124, Precision: 0.5044, Recall: 0.5124, F1-Score: 0.5058
2025-01-13 18:07:51,510 - INFO - Epoch 3 - Eval Loss: 1.6587, Accuracy: 0.3811, Precision: 0.5314, Recall: 0.3811, F1-Score: 0.3616
2025-01-13 18:07:55,873 - INFO - Epoch 4 - Train Loss: 1.2029, Accuracy: 0.5488, Precision: 0.5441, Recall: 0.5488, F1-Score: 0.5455
2025-01-13 18:07:58,365 - INFO - Epoch 4 - Eval Loss: 1.3438, Accuracy: 0.4993, Precision: 0.5476, Recall: 0.4992, F1-Score: 0.4942
2025-01-13 18:08:02,674 - INFO - Epoch 5 - Train Loss: 1.1238, Accuracy: 0.5814, Precision: 0.5790, Recall: 0.5814, F1-Score: 0.5793
2025-01-13 18:08:05,065 - INFO - Epoch 5 - Eval Loss: 1.2166, Accuracy: 0.5553, Precision: 0.5758, Recall: 0.5552, F1-Score: 0.5478
2025-01-13 18:08:09,407 - INFO - Epoch 6 - Train Loss: 1.0142, Accuracy: 0.6310, Precision: 0.6278, Recall: 0.6310, F1-Score: 0.6289
2025-01-13 18:08:11,668 - INFO - Epoch 6 - Eval Loss: 1.1608, Accuracy: 0.5890, Precision: 0.5989, Recall: 0.5890, F1-Score: 0.5849
2025-01-13 18:08:16,075 - INFO - Epoch 7 - Train Loss: 0.9323, Accuracy: 0.6518, Precision: 0.6502, Recall: 0.6518, F1-Score: 0.6508
2025-01-13 18:08:18,377 - INFO - Epoch 7 - Eval Loss: 1.1625, Accuracy: 0.5996, Precision: 0.6171, Recall: 0.5996, F1-Score: 0.5957
2025-01-13 18:08:22,731 - INFO - Epoch 8 - Train Loss: 0.8676, Accuracy: 0.6904, Precision: 0.6883, Recall: 0.6904, F1-Score: 0.6888
2025-01-13 18:08:25,188 - INFO - Epoch 8 - Eval Loss: 1.1118, Accuracy: 0.6075, Precision: 0.6186, Recall: 0.6075, F1-Score: 0.6031
2025-01-13 18:08:29,461 - INFO - Epoch 9 - Train Loss: 0.8164, Accuracy: 0.6962, Precision: 0.6940, Recall: 0.6962, F1-Score: 0.6948
2025-01-13 18:08:32,087 - INFO - Epoch 9 - Eval Loss: 1.0577, Accuracy: 0.6301, Precision: 0.6440, Recall: 0.6301, F1-Score: 0.6293
2025-01-13 18:08:36,379 - INFO - Epoch 10 - Train Loss: 0.7633, Accuracy: 0.7326, Precision: 0.7319, Recall: 0.7326, F1-Score: 0.7319
2025-01-13 18:08:38,745 - INFO - Epoch 10 - Eval Loss: 1.1763, Accuracy: 0.6065, Precision: 0.6173, Recall: 0.6065, F1-Score: 0.5966
2025-01-13 18:08:43,153 - INFO - Epoch 11 - Train Loss: 0.7206, Accuracy: 0.7404, Precision: 0.7379, Recall: 0.7404, F1-Score: 0.7387
2025-01-13 18:08:45,479 - INFO - Epoch 11 - Eval Loss: 1.0718, Accuracy: 0.6375, Precision: 0.6352, Recall: 0.6375, F1-Score: 0.6341
2025-01-13 18:08:49,831 - INFO - Epoch 12 - Train Loss: 0.6626, Accuracy: 0.7618, Precision: 0.7625, Recall: 0.7618, F1-Score: 0.7620
2025-01-13 18:08:52,169 - INFO - Epoch 12 - Eval Loss: 1.1163, Accuracy: 0.6346, Precision: 0.6344, Recall: 0.6346, F1-Score: 0.6286
2025-01-13 18:08:56,496 - INFO - Epoch 13 - Train Loss: 0.5865, Accuracy: 0.7898, Precision: 0.7888, Recall: 0.7898, F1-Score: 0.7889
2025-01-13 18:08:58,813 - INFO - Epoch 13 - Eval Loss: 1.1328, Accuracy: 0.6484, Precision: 0.6499, Recall: 0.6484, F1-Score: 0.6367
2025-01-13 18:09:03,163 - INFO - Epoch 14 - Train Loss: 0.5310, Accuracy: 0.8120, Precision: 0.8131, Recall: 0.8120, F1-Score: 0.8124
2025-01-13 18:09:05,573 - INFO - Epoch 14 - Eval Loss: 1.1611, Accuracy: 0.6328, Precision: 0.6711, Recall: 0.6328, F1-Score: 0.6304
2025-01-13 18:09:09,881 - INFO - Epoch 15 - Train Loss: 0.4796, Accuracy: 0.8338, Precision: 0.8333, Recall: 0.8338, F1-Score: 0.8334
2025-01-13 18:09:12,343 - INFO - Epoch 15 - Eval Loss: 1.1804, Accuracy: 0.6376, Precision: 0.6531, Recall: 0.6376, F1-Score: 0.6357
2025-01-13 18:09:16,651 - INFO - Epoch 16 - Train Loss: 0.4520, Accuracy: 0.8372, Precision: 0.8374, Recall: 0.8372, F1-Score: 0.8372
2025-01-13 18:09:19,185 - INFO - Epoch 16 - Eval Loss: 1.1778, Accuracy: 0.6392, Precision: 0.6520, Recall: 0.6392, F1-Score: 0.6361
2025-01-13 18:09:23,528 - INFO - Epoch 17 - Train Loss: 0.3902, Accuracy: 0.8596, Precision: 0.8593, Recall: 0.8596, F1-Score: 0.8594
2025-01-13 18:09:26,058 - INFO - Epoch 17 - Eval Loss: 1.2689, Accuracy: 0.6376, Precision: 0.6667, Recall: 0.6376, F1-Score: 0.6357
2025-01-13 18:09:30,420 - INFO - Epoch 18 - Train Loss: 0.3685, Accuracy: 0.8734, Precision: 0.8735, Recall: 0.8734, F1-Score: 0.8734
2025-01-13 18:09:32,874 - INFO - Epoch 18 - Eval Loss: 1.2872, Accuracy: 0.6424, Precision: 0.6697, Recall: 0.6424, F1-Score: 0.6337
2025-01-13 18:09:37,293 - INFO - Epoch 19 - Train Loss: 0.3313, Accuracy: 0.8868, Precision: 0.8868, Recall: 0.8868, F1-Score: 0.8868
2025-01-13 18:09:39,624 - INFO - Epoch 19 - Eval Loss: 1.2881, Accuracy: 0.6499, Precision: 0.6711, Recall: 0.6499, F1-Score: 0.6406
2025-01-13 18:09:43,890 - INFO - Epoch 20 - Train Loss: 0.3024, Accuracy: 0.8954, Precision: 0.8955, Recall: 0.8954, F1-Score: 0.8954
2025-01-13 18:09:46,283 - INFO - Epoch 20 - Eval Loss: 1.1808, Accuracy: 0.6671, Precision: 0.6803, Recall: 0.6671, F1-Score: 0.6643
2025-01-13 18:09:50,553 - INFO - Epoch 21 - Train Loss: 0.2531, Accuracy: 0.9138, Precision: 0.9137, Recall: 0.9138, F1-Score: 0.9137
2025-01-13 18:09:53,037 - INFO - Epoch 21 - Eval Loss: 1.2654, Accuracy: 0.6659, Precision: 0.6692, Recall: 0.6659, F1-Score: 0.6594
2025-01-13 18:09:57,365 - INFO - Epoch 22 - Train Loss: 0.2380, Accuracy: 0.9242, Precision: 0.9243, Recall: 0.9242, F1-Score: 0.9242
2025-01-13 18:09:59,806 - INFO - Epoch 22 - Eval Loss: 1.1706, Accuracy: 0.6725, Precision: 0.6731, Recall: 0.6725, F1-Score: 0.6708
2025-01-13 18:10:04,204 - INFO - Epoch 23 - Train Loss: 0.2295, Accuracy: 0.9214, Precision: 0.9216, Recall: 0.9214, F1-Score: 0.9214
2025-01-13 18:10:06,670 - INFO - Epoch 23 - Eval Loss: 1.2075, Accuracy: 0.6729, Precision: 0.6885, Recall: 0.6729, F1-Score: 0.6741
2025-01-13 18:10:11,017 - INFO - Epoch 24 - Train Loss: 0.2168, Accuracy: 0.9304, Precision: 0.9304, Recall: 0.9304, F1-Score: 0.9303
2025-01-13 18:10:13,405 - INFO - Epoch 24 - Eval Loss: 1.1964, Accuracy: 0.6743, Precision: 0.6821, Recall: 0.6743, F1-Score: 0.6730
2025-01-13 18:10:17,716 - INFO - Epoch 25 - Train Loss: 0.1932, Accuracy: 0.9320, Precision: 0.9323, Recall: 0.9320, F1-Score: 0.9321
2025-01-13 18:10:20,094 - INFO - Epoch 25 - Eval Loss: 1.3569, Accuracy: 0.6586, Precision: 0.6813, Recall: 0.6586, F1-Score: 0.6584
2025-01-13 18:10:24,469 - INFO - Epoch 26 - Train Loss: 0.2061, Accuracy: 0.9282, Precision: 0.9281, Recall: 0.9282, F1-Score: 0.9281
2025-01-13 18:10:26,897 - INFO - Epoch 26 - Eval Loss: 1.3961, Accuracy: 0.6579, Precision: 0.6824, Recall: 0.6579, F1-Score: 0.6560
2025-01-13 18:10:31,253 - INFO - Epoch 27 - Train Loss: 0.1780, Accuracy: 0.9410, Precision: 0.9412, Recall: 0.9410, F1-Score: 0.9410
2025-01-13 18:10:33,480 - INFO - Epoch 27 - Eval Loss: 1.3248, Accuracy: 0.6697, Precision: 0.6790, Recall: 0.6697, F1-Score: 0.6682
2025-01-13 18:10:37,849 - INFO - Epoch 28 - Train Loss: 0.1614, Accuracy: 0.9454, Precision: 0.9454, Recall: 0.9454, F1-Score: 0.9453
2025-01-13 18:10:40,408 - INFO - Epoch 28 - Eval Loss: 1.3178, Accuracy: 0.6677, Precision: 0.6821, Recall: 0.6678, F1-Score: 0.6686
2025-01-13 18:10:44,804 - INFO - Epoch 29 - Train Loss: 0.1618, Accuracy: 0.9434, Precision: 0.9434, Recall: 0.9434, F1-Score: 0.9433
2025-01-13 18:10:47,206 - INFO - Epoch 29 - Eval Loss: 1.3138, Accuracy: 0.6686, Precision: 0.6968, Recall: 0.6686, F1-Score: 0.6732
2025-01-13 18:10:51,586 - INFO - Epoch 30 - Train Loss: 0.1625, Accuracy: 0.9458, Precision: 0.9459, Recall: 0.9458, F1-Score: 0.9458
2025-01-13 18:10:53,953 - INFO - Epoch 30 - Eval Loss: 1.2778, Accuracy: 0.6763, Precision: 0.6838, Recall: 0.6762, F1-Score: 0.6761
2025-01-13 18:10:58,346 - INFO - Epoch 31 - Train Loss: 0.1335, Accuracy: 0.9542, Precision: 0.9543, Recall: 0.9542, F1-Score: 0.9542
2025-01-13 18:11:00,761 - INFO - Epoch 31 - Eval Loss: 1.3337, Accuracy: 0.6720, Precision: 0.6893, Recall: 0.6720, F1-Score: 0.6749
2025-01-13 18:11:05,096 - INFO - Epoch 32 - Train Loss: 0.1159, Accuracy: 0.9636, Precision: 0.9637, Recall: 0.9636, F1-Score: 0.9636
2025-01-13 18:11:07,525 - INFO - Epoch 32 - Eval Loss: 1.3339, Accuracy: 0.6809, Precision: 0.6816, Recall: 0.6809, F1-Score: 0.6771
2025-01-13 18:11:11,944 - INFO - Epoch 33 - Train Loss: 0.1041, Accuracy: 0.9638, Precision: 0.9639, Recall: 0.9638, F1-Score: 0.9638
2025-01-13 18:11:14,216 - INFO - Epoch 33 - Eval Loss: 1.4765, Accuracy: 0.6679, Precision: 0.6904, Recall: 0.6679, F1-Score: 0.6717
2025-01-13 18:11:18,567 - INFO - Epoch 34 - Train Loss: 0.1023, Accuracy: 0.9656, Precision: 0.9657, Recall: 0.9656, F1-Score: 0.9656
2025-01-13 18:11:20,864 - INFO - Epoch 34 - Eval Loss: 1.2977, Accuracy: 0.6827, Precision: 0.6876, Recall: 0.6827, F1-Score: 0.6822
2025-01-13 18:11:25,217 - INFO - Epoch 35 - Train Loss: 0.1138, Accuracy: 0.9586, Precision: 0.9587, Recall: 0.9586, F1-Score: 0.9586
2025-01-13 18:11:27,530 - INFO - Epoch 35 - Eval Loss: 1.4323, Accuracy: 0.6774, Precision: 0.6931, Recall: 0.6774, F1-Score: 0.6778
2025-01-13 18:11:31,877 - INFO - Epoch 36 - Train Loss: 0.1095, Accuracy: 0.9646, Precision: 0.9647, Recall: 0.9646, F1-Score: 0.9646
2025-01-13 18:11:34,244 - INFO - Epoch 36 - Eval Loss: 1.3281, Accuracy: 0.6835, Precision: 0.6890, Recall: 0.6835, F1-Score: 0.6841
2025-01-13 18:11:38,658 - INFO - Epoch 37 - Train Loss: 0.1106, Accuracy: 0.9608, Precision: 0.9608, Recall: 0.9608, F1-Score: 0.9608
2025-01-13 18:11:41,003 - INFO - Epoch 37 - Eval Loss: 1.3055, Accuracy: 0.6865, Precision: 0.6909, Recall: 0.6865, F1-Score: 0.6858
2025-01-13 18:11:45,349 - INFO - Epoch 38 - Train Loss: 0.1035, Accuracy: 0.9656, Precision: 0.9656, Recall: 0.9656, F1-Score: 0.9656
2025-01-13 18:11:47,837 - INFO - Epoch 38 - Eval Loss: 1.3446, Accuracy: 0.6813, Precision: 0.6845, Recall: 0.6813, F1-Score: 0.6791
2025-01-13 18:11:52,195 - INFO - Epoch 39 - Train Loss: 0.0927, Accuracy: 0.9678, Precision: 0.9679, Recall: 0.9678, F1-Score: 0.9678
2025-01-13 18:11:54,632 - INFO - Epoch 39 - Eval Loss: 1.3774, Accuracy: 0.6806, Precision: 0.6875, Recall: 0.6806, F1-Score: 0.6781
2025-01-13 18:11:59,004 - INFO - Epoch 40 - Train Loss: 0.0907, Accuracy: 0.9722, Precision: 0.9722, Recall: 0.9722, F1-Score: 0.9722
2025-01-13 18:12:01,367 - INFO - Epoch 40 - Eval Loss: 1.3938, Accuracy: 0.6834, Precision: 0.6955, Recall: 0.6834, F1-Score: 0.6841
2025-01-13 18:12:05,750 - INFO - Epoch 41 - Train Loss: 0.0799, Accuracy: 0.9752, Precision: 0.9752, Recall: 0.9752, F1-Score: 0.9752
2025-01-13 18:12:08,138 - INFO - Epoch 41 - Eval Loss: 1.3741, Accuracy: 0.6864, Precision: 0.6981, Recall: 0.6864, F1-Score: 0.6879
2025-01-13 18:12:12,510 - INFO - Epoch 42 - Train Loss: 0.0779, Accuracy: 0.9736, Precision: 0.9737, Recall: 0.9736, F1-Score: 0.9736
2025-01-13 18:12:15,008 - INFO - Epoch 42 - Eval Loss: 1.4637, Accuracy: 0.6727, Precision: 0.6877, Recall: 0.6727, F1-Score: 0.6693
2025-01-13 18:12:19,405 - INFO - Epoch 43 - Train Loss: 0.0720, Accuracy: 0.9746, Precision: 0.9746, Recall: 0.9746, F1-Score: 0.9746
2025-01-13 18:12:21,775 - INFO - Epoch 43 - Eval Loss: 1.3504, Accuracy: 0.6873, Precision: 0.6914, Recall: 0.6872, F1-Score: 0.6879
2025-01-13 18:12:26,064 - INFO - Epoch 44 - Train Loss: 0.0692, Accuracy: 0.9776, Precision: 0.9776, Recall: 0.9776, F1-Score: 0.9776
2025-01-13 18:12:28,402 - INFO - Epoch 44 - Eval Loss: 1.4409, Accuracy: 0.6846, Precision: 0.6889, Recall: 0.6846, F1-Score: 0.6817
2025-01-13 18:12:32,657 - INFO - Epoch 45 - Train Loss: 0.0768, Accuracy: 0.9734, Precision: 0.9734, Recall: 0.9734, F1-Score: 0.9734
2025-01-13 18:12:34,989 - INFO - Epoch 45 - Eval Loss: 1.4288, Accuracy: 0.6847, Precision: 0.7029, Recall: 0.6847, F1-Score: 0.6860
2025-01-13 18:12:39,278 - INFO - Epoch 46 - Train Loss: 0.0702, Accuracy: 0.9786, Precision: 0.9786, Recall: 0.9786, F1-Score: 0.9786
2025-01-13 18:12:41,590 - INFO - Epoch 46 - Eval Loss: 1.4722, Accuracy: 0.6814, Precision: 0.6990, Recall: 0.6814, F1-Score: 0.6820
2025-01-13 18:12:45,966 - INFO - Epoch 47 - Train Loss: 0.0651, Accuracy: 0.9812, Precision: 0.9812, Recall: 0.9812, F1-Score: 0.9812
2025-01-13 18:12:48,305 - INFO - Epoch 47 - Eval Loss: 1.4342, Accuracy: 0.6947, Precision: 0.6926, Recall: 0.6948, F1-Score: 0.6910
2025-01-13 18:12:52,570 - INFO - Epoch 48 - Train Loss: 0.0793, Accuracy: 0.9726, Precision: 0.9726, Recall: 0.9726, F1-Score: 0.9726
2025-01-13 18:12:54,922 - INFO - Epoch 48 - Eval Loss: 1.4359, Accuracy: 0.6819, Precision: 0.6880, Recall: 0.6819, F1-Score: 0.6792
2025-01-13 18:12:59,291 - INFO - Epoch 49 - Train Loss: 0.0661, Accuracy: 0.9774, Precision: 0.9775, Recall: 0.9774, F1-Score: 0.9774
2025-01-13 18:13:01,592 - INFO - Epoch 49 - Eval Loss: 1.3125, Accuracy: 0.6953, Precision: 0.7006, Recall: 0.6952, F1-Score: 0.6967
2025-01-13 18:13:06,005 - INFO - Epoch 50 - Train Loss: 0.0688, Accuracy: 0.9778, Precision: 0.9779, Recall: 0.9778, F1-Score: 0.9778
2025-01-13 18:13:08,262 - INFO - Epoch 50 - Eval Loss: 1.3638, Accuracy: 0.6913, Precision: 0.6991, Recall: 0.6912, F1-Score: 0.6911
2025-01-13 18:13:12,581 - INFO - Epoch 51 - Train Loss: 0.0632, Accuracy: 0.9794, Precision: 0.9795, Recall: 0.9794, F1-Score: 0.9794
2025-01-13 18:13:14,844 - INFO - Epoch 51 - Eval Loss: 1.3789, Accuracy: 0.6906, Precision: 0.6996, Recall: 0.6906, F1-Score: 0.6905
2025-01-13 18:13:19,283 - INFO - Epoch 52 - Train Loss: 0.0564, Accuracy: 0.9816, Precision: 0.9817, Recall: 0.9816, F1-Score: 0.9816
2025-01-13 18:13:21,736 - INFO - Epoch 52 - Eval Loss: 1.4590, Accuracy: 0.6941, Precision: 0.7007, Recall: 0.6941, F1-Score: 0.6930
2025-01-13 18:13:26,186 - INFO - Epoch 53 - Train Loss: 0.0632, Accuracy: 0.9798, Precision: 0.9798, Recall: 0.9798, F1-Score: 0.9798
2025-01-13 18:13:28,431 - INFO - Epoch 53 - Eval Loss: 1.4205, Accuracy: 0.7046, Precision: 0.7100, Recall: 0.7046, F1-Score: 0.7051
2025-01-13 18:13:32,730 - INFO - Epoch 54 - Train Loss: 0.0574, Accuracy: 0.9804, Precision: 0.9804, Recall: 0.9804, F1-Score: 0.9804
2025-01-13 18:13:34,901 - INFO - Epoch 54 - Eval Loss: 1.3961, Accuracy: 0.6961, Precision: 0.7216, Recall: 0.6961, F1-Score: 0.7003
2025-01-13 18:13:39,334 - INFO - Epoch 55 - Train Loss: 0.0516, Accuracy: 0.9836, Precision: 0.9837, Recall: 0.9836, F1-Score: 0.9836
2025-01-13 18:13:41,665 - INFO - Epoch 55 - Eval Loss: 1.4145, Accuracy: 0.6940, Precision: 0.7050, Recall: 0.6940, F1-Score: 0.6955
2025-01-13 18:13:46,156 - INFO - Epoch 56 - Train Loss: 0.0585, Accuracy: 0.9806, Precision: 0.9806, Recall: 0.9806, F1-Score: 0.9806
2025-01-13 18:13:48,435 - INFO - Epoch 56 - Eval Loss: 1.3791, Accuracy: 0.7040, Precision: 0.7090, Recall: 0.7040, F1-Score: 0.6999
2025-01-13 18:13:52,716 - INFO - Epoch 57 - Train Loss: 0.0511, Accuracy: 0.9850, Precision: 0.9850, Recall: 0.9850, F1-Score: 0.9850
2025-01-13 18:13:55,261 - INFO - Epoch 57 - Eval Loss: 1.3922, Accuracy: 0.6914, Precision: 0.6963, Recall: 0.6914, F1-Score: 0.6874
2025-01-13 18:13:59,689 - INFO - Epoch 58 - Train Loss: 0.0479, Accuracy: 0.9848, Precision: 0.9848, Recall: 0.9848, F1-Score: 0.9848
2025-01-13 18:14:01,927 - INFO - Epoch 58 - Eval Loss: 1.3670, Accuracy: 0.7059, Precision: 0.7091, Recall: 0.7059, F1-Score: 0.7052
2025-01-13 18:14:06,190 - INFO - Epoch 59 - Train Loss: 0.0419, Accuracy: 0.9860, Precision: 0.9861, Recall: 0.9860, F1-Score: 0.9860
2025-01-13 18:14:08,525 - INFO - Epoch 59 - Eval Loss: 1.4546, Accuracy: 0.6940, Precision: 0.7098, Recall: 0.6940, F1-Score: 0.6976
2025-01-13 18:14:12,856 - INFO - Epoch 60 - Train Loss: 0.0432, Accuracy: 0.9852, Precision: 0.9852, Recall: 0.9852, F1-Score: 0.9852
2025-01-13 18:14:15,278 - INFO - Epoch 60 - Eval Loss: 1.4121, Accuracy: 0.7011, Precision: 0.7000, Recall: 0.7011, F1-Score: 0.6998
2025-01-13 18:14:19,670 - INFO - Epoch 61 - Train Loss: 0.0474, Accuracy: 0.9872, Precision: 0.9872, Recall: 0.9872, F1-Score: 0.9872
2025-01-13 18:14:21,857 - INFO - Epoch 61 - Eval Loss: 1.4920, Accuracy: 0.6920, Precision: 0.7021, Recall: 0.6920, F1-Score: 0.6941
2025-01-13 18:14:26,160 - INFO - Epoch 62 - Train Loss: 0.0477, Accuracy: 0.9850, Precision: 0.9850, Recall: 0.9850, F1-Score: 0.9850
2025-01-13 18:14:28,465 - INFO - Epoch 62 - Eval Loss: 1.4099, Accuracy: 0.6991, Precision: 0.7020, Recall: 0.6991, F1-Score: 0.6991
2025-01-13 18:14:32,751 - INFO - Epoch 63 - Train Loss: 0.0473, Accuracy: 0.9848, Precision: 0.9848, Recall: 0.9848, F1-Score: 0.9848
2025-01-13 18:14:35,047 - INFO - Epoch 63 - Eval Loss: 1.4387, Accuracy: 0.6973, Precision: 0.7061, Recall: 0.6972, F1-Score: 0.6994
2025-01-13 18:14:39,349 - INFO - Epoch 64 - Train Loss: 0.0407, Accuracy: 0.9872, Precision: 0.9872, Recall: 0.9872, F1-Score: 0.9872
2025-01-13 18:14:41,635 - INFO - Epoch 64 - Eval Loss: 1.3933, Accuracy: 0.6983, Precision: 0.7031, Recall: 0.6982, F1-Score: 0.6984
2025-01-13 18:14:46,001 - INFO - Epoch 65 - Train Loss: 0.0384, Accuracy: 0.9886, Precision: 0.9886, Recall: 0.9886, F1-Score: 0.9886
2025-01-13 18:14:48,318 - INFO - Epoch 65 - Eval Loss: 1.4190, Accuracy: 0.7003, Precision: 0.7074, Recall: 0.7002, F1-Score: 0.7021
2025-01-13 18:14:52,633 - INFO - Epoch 66 - Train Loss: 0.0430, Accuracy: 0.9858, Precision: 0.9858, Recall: 0.9858, F1-Score: 0.9858
2025-01-13 18:14:54,948 - INFO - Epoch 66 - Eval Loss: 1.4124, Accuracy: 0.7055, Precision: 0.7062, Recall: 0.7055, F1-Score: 0.7032
2025-01-13 18:14:59,192 - INFO - Epoch 67 - Train Loss: 0.0410, Accuracy: 0.9860, Precision: 0.9860, Recall: 0.9860, F1-Score: 0.9860
2025-01-13 18:15:01,468 - INFO - Epoch 67 - Eval Loss: 1.4722, Accuracy: 0.6889, Precision: 0.7051, Recall: 0.6889, F1-Score: 0.6892
2025-01-13 18:15:05,683 - INFO - Epoch 68 - Train Loss: 0.0529, Accuracy: 0.9814, Precision: 0.9814, Recall: 0.9814, F1-Score: 0.9814
2025-01-13 18:15:08,107 - INFO - Epoch 68 - Eval Loss: 1.4577, Accuracy: 0.6924, Precision: 0.7012, Recall: 0.6924, F1-Score: 0.6941
2025-01-13 18:15:12,465 - INFO - Epoch 69 - Train Loss: 0.0449, Accuracy: 0.9852, Precision: 0.9852, Recall: 0.9852, F1-Score: 0.9852
2025-01-13 18:15:14,843 - INFO - Epoch 69 - Eval Loss: 1.4937, Accuracy: 0.6977, Precision: 0.7069, Recall: 0.6977, F1-Score: 0.6962
2025-01-13 18:15:19,158 - INFO - Epoch 70 - Train Loss: 0.0509, Accuracy: 0.9836, Precision: 0.9836, Recall: 0.9836, F1-Score: 0.9836
2025-01-13 18:15:21,499 - INFO - Epoch 70 - Eval Loss: 1.4978, Accuracy: 0.6969, Precision: 0.7045, Recall: 0.6969, F1-Score: 0.6939
2025-01-13 18:15:25,796 - INFO - Epoch 71 - Train Loss: 0.0407, Accuracy: 0.9880, Precision: 0.9880, Recall: 0.9880, F1-Score: 0.9880
2025-01-13 18:15:28,003 - INFO - Epoch 71 - Eval Loss: 1.5172, Accuracy: 0.7014, Precision: 0.7090, Recall: 0.7014, F1-Score: 0.6992
2025-01-13 18:15:32,402 - INFO - Epoch 72 - Train Loss: 0.0438, Accuracy: 0.9846, Precision: 0.9846, Recall: 0.9846, F1-Score: 0.9846
2025-01-13 18:15:34,736 - INFO - Epoch 72 - Eval Loss: 1.4923, Accuracy: 0.6966, Precision: 0.6990, Recall: 0.6966, F1-Score: 0.6933
2025-01-13 18:15:39,069 - INFO - Epoch 73 - Train Loss: 0.0424, Accuracy: 0.9858, Precision: 0.9858, Recall: 0.9858, F1-Score: 0.9858
2025-01-13 18:15:41,446 - INFO - Epoch 73 - Eval Loss: 1.5061, Accuracy: 0.6904, Precision: 0.7015, Recall: 0.6904, F1-Score: 0.6917
2025-01-13 18:15:45,745 - INFO - Epoch 74 - Train Loss: 0.0482, Accuracy: 0.9848, Precision: 0.9848, Recall: 0.9848, F1-Score: 0.9848
2025-01-13 18:15:48,003 - INFO - Epoch 74 - Eval Loss: 1.3937, Accuracy: 0.6953, Precision: 0.7024, Recall: 0.6953, F1-Score: 0.6957
2025-01-13 18:15:52,253 - INFO - Epoch 75 - Train Loss: 0.0480, Accuracy: 0.9846, Precision: 0.9846, Recall: 0.9846, F1-Score: 0.9846
2025-01-13 18:15:54,522 - INFO - Epoch 75 - Eval Loss: 1.4437, Accuracy: 0.6946, Precision: 0.7103, Recall: 0.6946, F1-Score: 0.6971
2025-01-13 18:15:58,791 - INFO - Epoch 76 - Train Loss: 0.0441, Accuracy: 0.9870, Precision: 0.9870, Recall: 0.9870, F1-Score: 0.9870
2025-01-13 18:16:01,114 - INFO - Epoch 76 - Eval Loss: 1.4989, Accuracy: 0.6860, Precision: 0.6922, Recall: 0.6860, F1-Score: 0.6836
2025-01-13 18:16:05,560 - INFO - Epoch 77 - Train Loss: 0.0390, Accuracy: 0.9888, Precision: 0.9888, Recall: 0.9888, F1-Score: 0.9888
2025-01-13 18:16:07,888 - INFO - Epoch 77 - Eval Loss: 1.4502, Accuracy: 0.6909, Precision: 0.6996, Recall: 0.6909, F1-Score: 0.6913
2025-01-13 18:16:12,183 - INFO - Epoch 78 - Train Loss: 0.0374, Accuracy: 0.9866, Precision: 0.9866, Recall: 0.9866, F1-Score: 0.9866
2025-01-13 18:16:14,429 - INFO - Epoch 78 - Eval Loss: 1.5793, Accuracy: 0.6830, Precision: 0.7051, Recall: 0.6830, F1-Score: 0.6840
2025-01-13 18:16:18,713 - INFO - Epoch 79 - Train Loss: 0.0344, Accuracy: 0.9908, Precision: 0.9908, Recall: 0.9908, F1-Score: 0.9908
2025-01-13 18:16:20,983 - INFO - Epoch 79 - Eval Loss: 1.4824, Accuracy: 0.6989, Precision: 0.7012, Recall: 0.6989, F1-Score: 0.6982
2025-01-13 18:16:25,405 - INFO - Epoch 80 - Train Loss: 0.0306, Accuracy: 0.9902, Precision: 0.9902, Recall: 0.9902, F1-Score: 0.9902
2025-01-13 18:16:27,798 - INFO - Epoch 80 - Eval Loss: 1.4497, Accuracy: 0.7106, Precision: 0.7130, Recall: 0.7106, F1-Score: 0.7088
2025-01-13 18:16:32,125 - INFO - Epoch 81 - Train Loss: 0.0418, Accuracy: 0.9856, Precision: 0.9856, Recall: 0.9856, F1-Score: 0.9856
2025-01-13 18:16:34,447 - INFO - Epoch 81 - Eval Loss: 1.4223, Accuracy: 0.6999, Precision: 0.6982, Recall: 0.6999, F1-Score: 0.6970
2025-01-13 18:16:38,734 - INFO - Epoch 82 - Train Loss: 0.0446, Accuracy: 0.9860, Precision: 0.9860, Recall: 0.9860, F1-Score: 0.9860
2025-01-13 18:16:41,133 - INFO - Epoch 82 - Eval Loss: 1.3869, Accuracy: 0.7019, Precision: 0.7112, Recall: 0.7019, F1-Score: 0.7042
2025-01-13 18:16:45,433 - INFO - Epoch 83 - Train Loss: 0.0384, Accuracy: 0.9876, Precision: 0.9876, Recall: 0.9876, F1-Score: 0.9876
2025-01-13 18:16:47,629 - INFO - Epoch 83 - Eval Loss: 1.4755, Accuracy: 0.6977, Precision: 0.7056, Recall: 0.6977, F1-Score: 0.6980
2025-01-13 18:16:52,098 - INFO - Epoch 84 - Train Loss: 0.0373, Accuracy: 0.9866, Precision: 0.9866, Recall: 0.9866, F1-Score: 0.9866
2025-01-13 18:16:54,464 - INFO - Epoch 84 - Eval Loss: 1.5568, Accuracy: 0.6916, Precision: 0.7168, Recall: 0.6916, F1-Score: 0.6942
2025-01-13 18:16:58,755 - INFO - Epoch 85 - Train Loss: 0.0312, Accuracy: 0.9888, Precision: 0.9888, Recall: 0.9888, F1-Score: 0.9888
2025-01-13 18:17:01,028 - INFO - Epoch 85 - Eval Loss: 1.4509, Accuracy: 0.7010, Precision: 0.6995, Recall: 0.7010, F1-Score: 0.6990
2025-01-13 18:17:05,382 - INFO - Epoch 86 - Train Loss: 0.0315, Accuracy: 0.9896, Precision: 0.9896, Recall: 0.9896, F1-Score: 0.9896
2025-01-13 18:17:07,562 - INFO - Epoch 86 - Eval Loss: 1.5342, Accuracy: 0.7040, Precision: 0.7044, Recall: 0.7040, F1-Score: 0.7009
2025-01-13 18:17:12,099 - INFO - Epoch 87 - Train Loss: 0.0308, Accuracy: 0.9904, Precision: 0.9904, Recall: 0.9904, F1-Score: 0.9904
2025-01-13 18:17:14,385 - INFO - Epoch 87 - Eval Loss: 1.4774, Accuracy: 0.7047, Precision: 0.7136, Recall: 0.7047, F1-Score: 0.7050
2025-01-13 18:17:18,726 - INFO - Epoch 88 - Train Loss: 0.0384, Accuracy: 0.9876, Precision: 0.9876, Recall: 0.9876, F1-Score: 0.9876
2025-01-13 18:17:20,982 - INFO - Epoch 88 - Eval Loss: 1.4604, Accuracy: 0.7073, Precision: 0.7043, Recall: 0.7072, F1-Score: 0.7035
2025-01-13 18:17:25,334 - INFO - Epoch 89 - Train Loss: 0.0428, Accuracy: 0.9874, Precision: 0.9874, Recall: 0.9874, F1-Score: 0.9874
2025-01-13 18:17:27,669 - INFO - Epoch 89 - Eval Loss: 1.4208, Accuracy: 0.7055, Precision: 0.7081, Recall: 0.7055, F1-Score: 0.7052
2025-01-13 18:17:32,101 - INFO - Epoch 90 - Train Loss: 0.0417, Accuracy: 0.9856, Precision: 0.9856, Recall: 0.9856, F1-Score: 0.9856
2025-01-13 18:17:34,548 - INFO - Epoch 90 - Eval Loss: 1.4309, Accuracy: 0.7036, Precision: 0.7117, Recall: 0.7036, F1-Score: 0.7047
2025-01-13 18:17:38,961 - INFO - Epoch 91 - Train Loss: 0.0315, Accuracy: 0.9896, Precision: 0.9896, Recall: 0.9896, F1-Score: 0.9896
2025-01-13 18:17:41,257 - INFO - Epoch 91 - Eval Loss: 1.4798, Accuracy: 0.6999, Precision: 0.7079, Recall: 0.6999, F1-Score: 0.6957
2025-01-13 18:17:45,514 - INFO - Epoch 92 - Train Loss: 0.0387, Accuracy: 0.9868, Precision: 0.9868, Recall: 0.9868, F1-Score: 0.9868
2025-01-13 18:17:47,740 - INFO - Epoch 92 - Eval Loss: 1.4273, Accuracy: 0.7046, Precision: 0.7099, Recall: 0.7046, F1-Score: 0.7052
2025-01-13 18:17:52,026 - INFO - Epoch 93 - Train Loss: 0.0342, Accuracy: 0.9864, Precision: 0.9864, Recall: 0.9864, F1-Score: 0.9864
2025-01-13 18:17:54,346 - INFO - Epoch 93 - Eval Loss: 1.6124, Accuracy: 0.6901, Precision: 0.7039, Recall: 0.6901, F1-Score: 0.6871
2025-01-13 18:17:58,693 - INFO - Epoch 94 - Train Loss: 0.0414, Accuracy: 0.9862, Precision: 0.9862, Recall: 0.9862, F1-Score: 0.9862
2025-01-13 18:18:01,000 - INFO - Epoch 94 - Eval Loss: 1.4927, Accuracy: 0.6990, Precision: 0.7043, Recall: 0.6990, F1-Score: 0.6995
2025-01-13 18:18:05,546 - INFO - Epoch 95 - Train Loss: 0.0397, Accuracy: 0.9868, Precision: 0.9868, Recall: 0.9868, F1-Score: 0.9868
2025-01-13 18:18:07,982 - INFO - Epoch 95 - Eval Loss: 1.5152, Accuracy: 0.6973, Precision: 0.7056, Recall: 0.6973, F1-Score: 0.6989
2025-01-13 18:18:12,303 - INFO - Epoch 96 - Train Loss: 0.0537, Accuracy: 0.9822, Precision: 0.9822, Recall: 0.9822, F1-Score: 0.9822
2025-01-13 18:18:14,647 - INFO - Epoch 96 - Eval Loss: 1.4698, Accuracy: 0.6909, Precision: 0.7073, Recall: 0.6909, F1-Score: 0.6956
2025-01-13 18:18:19,089 - INFO - Epoch 97 - Train Loss: 0.0474, Accuracy: 0.9846, Precision: 0.9846, Recall: 0.9846, F1-Score: 0.9846
2025-01-13 18:18:21,467 - INFO - Epoch 97 - Eval Loss: 1.4213, Accuracy: 0.6950, Precision: 0.6966, Recall: 0.6950, F1-Score: 0.6943
2025-01-13 18:18:25,961 - INFO - Epoch 98 - Train Loss: 0.0409, Accuracy: 0.9866, Precision: 0.9866, Recall: 0.9866, F1-Score: 0.9866
2025-01-13 18:18:28,286 - INFO - Epoch 98 - Eval Loss: 1.4848, Accuracy: 0.6961, Precision: 0.7015, Recall: 0.6961, F1-Score: 0.6927
2025-01-13 18:18:32,607 - INFO - Epoch 99 - Train Loss: 0.0370, Accuracy: 0.9888, Precision: 0.9888, Recall: 0.9888, F1-Score: 0.9888
2025-01-13 18:18:34,962 - INFO - Epoch 99 - Eval Loss: 1.5152, Accuracy: 0.6910, Precision: 0.7030, Recall: 0.6910, F1-Score: 0.6920
2025-01-13 18:18:34,962 - INFO - Training finished
