2025-01-13 17:23:10,660 - INFO - Log file created at log/width_multiplier/stl10_lr0.001_adam_wm0.5_20250113-172310.log
2025-01-13 17:23:10,709 - INFO - Using device cuda:2
2025-01-13 17:23:27,514 - INFO - Epoch 0 - Train Loss: 2.0324, Accuracy: 0.2290, Precision: 0.2202, Recall: 0.2290, F1-Score: 0.2199
2025-01-13 17:23:29,170 - INFO - Epoch 0 - Eval Loss: 3.0725, Accuracy: 0.1000, Precision: 0.0100, Recall: 0.1000, F1-Score: 0.0182
2025-01-13 17:23:31,969 - INFO - Epoch 1 - Train Loss: 1.6888, Accuracy: 0.3362, Precision: 0.3334, Recall: 0.3362, F1-Score: 0.3318
2025-01-13 17:23:33,711 - INFO - Epoch 1 - Eval Loss: 3.2214, Accuracy: 0.1000, Precision: 0.0100, Recall: 0.1000, F1-Score: 0.0182
2025-01-13 17:23:36,502 - INFO - Epoch 2 - Train Loss: 1.5324, Accuracy: 0.3990, Precision: 0.3928, Recall: 0.3990, F1-Score: 0.3929
2025-01-13 17:23:38,223 - INFO - Epoch 2 - Eval Loss: 4.4026, Accuracy: 0.1000, Precision: 0.0100, Recall: 0.1000, F1-Score: 0.0182
2025-01-13 17:23:41,172 - INFO - Epoch 3 - Train Loss: 1.4621, Accuracy: 0.4314, Precision: 0.4276, Recall: 0.4314, F1-Score: 0.4278
2025-01-13 17:23:42,716 - INFO - Epoch 3 - Eval Loss: 2.3031, Accuracy: 0.2420, Precision: 0.3429, Recall: 0.2420, F1-Score: 0.1965
2025-01-13 17:23:45,684 - INFO - Epoch 4 - Train Loss: 1.3875, Accuracy: 0.4634, Precision: 0.4600, Recall: 0.4634, F1-Score: 0.4598
2025-01-13 17:23:47,199 - INFO - Epoch 4 - Eval Loss: 1.4296, Accuracy: 0.4612, Precision: 0.4764, Recall: 0.4612, F1-Score: 0.4381
2025-01-13 17:23:50,158 - INFO - Epoch 5 - Train Loss: 1.3183, Accuracy: 0.4990, Precision: 0.4904, Recall: 0.4990, F1-Score: 0.4902
2025-01-13 17:23:51,879 - INFO - Epoch 5 - Eval Loss: 1.4151, Accuracy: 0.4629, Precision: 0.4870, Recall: 0.4629, F1-Score: 0.4463
2025-01-13 17:23:54,698 - INFO - Epoch 6 - Train Loss: 1.2613, Accuracy: 0.5188, Precision: 0.5149, Recall: 0.5188, F1-Score: 0.5146
2025-01-13 17:23:56,297 - INFO - Epoch 6 - Eval Loss: 1.3456, Accuracy: 0.4980, Precision: 0.5088, Recall: 0.4980, F1-Score: 0.4684
2025-01-13 17:23:59,137 - INFO - Epoch 7 - Train Loss: 1.1927, Accuracy: 0.5506, Precision: 0.5472, Recall: 0.5506, F1-Score: 0.5455
2025-01-13 17:24:00,754 - INFO - Epoch 7 - Eval Loss: 1.3259, Accuracy: 0.5056, Precision: 0.5359, Recall: 0.5056, F1-Score: 0.4879
2025-01-13 17:24:03,485 - INFO - Epoch 8 - Train Loss: 1.1292, Accuracy: 0.5794, Precision: 0.5760, Recall: 0.5794, F1-Score: 0.5760
2025-01-13 17:24:05,228 - INFO - Epoch 8 - Eval Loss: 1.2176, Accuracy: 0.5524, Precision: 0.5734, Recall: 0.5524, F1-Score: 0.5457
2025-01-13 17:24:08,224 - INFO - Epoch 9 - Train Loss: 1.0821, Accuracy: 0.6038, Precision: 0.6009, Recall: 0.6038, F1-Score: 0.6016
2025-01-13 17:24:09,795 - INFO - Epoch 9 - Eval Loss: 1.1855, Accuracy: 0.5696, Precision: 0.5741, Recall: 0.5696, F1-Score: 0.5610
2025-01-13 17:24:12,712 - INFO - Epoch 10 - Train Loss: 1.0369, Accuracy: 0.6228, Precision: 0.6206, Recall: 0.6228, F1-Score: 0.6203
2025-01-13 17:24:14,320 - INFO - Epoch 10 - Eval Loss: 1.2264, Accuracy: 0.5549, Precision: 0.5842, Recall: 0.5549, F1-Score: 0.5403
2025-01-13 17:24:17,382 - INFO - Epoch 11 - Train Loss: 0.9693, Accuracy: 0.6488, Precision: 0.6464, Recall: 0.6488, F1-Score: 0.6471
2025-01-13 17:24:18,928 - INFO - Epoch 11 - Eval Loss: 1.1431, Accuracy: 0.5869, Precision: 0.5949, Recall: 0.5869, F1-Score: 0.5736
2025-01-13 17:24:21,738 - INFO - Epoch 12 - Train Loss: 0.9208, Accuracy: 0.6580, Precision: 0.6570, Recall: 0.6580, F1-Score: 0.6571
2025-01-13 17:24:23,453 - INFO - Epoch 12 - Eval Loss: 1.1209, Accuracy: 0.6044, Precision: 0.6214, Recall: 0.6044, F1-Score: 0.6011
2025-01-13 17:24:26,423 - INFO - Epoch 13 - Train Loss: 0.8925, Accuracy: 0.6728, Precision: 0.6696, Recall: 0.6728, F1-Score: 0.6698
2025-01-13 17:24:28,147 - INFO - Epoch 13 - Eval Loss: 1.0897, Accuracy: 0.6141, Precision: 0.6249, Recall: 0.6141, F1-Score: 0.6132
2025-01-13 17:24:31,065 - INFO - Epoch 14 - Train Loss: 0.8428, Accuracy: 0.6840, Precision: 0.6839, Recall: 0.6840, F1-Score: 0.6837
2025-01-13 17:24:32,747 - INFO - Epoch 14 - Eval Loss: 1.0895, Accuracy: 0.6159, Precision: 0.6157, Recall: 0.6159, F1-Score: 0.6136
2025-01-13 17:24:35,536 - INFO - Epoch 15 - Train Loss: 0.7911, Accuracy: 0.7048, Precision: 0.7035, Recall: 0.7048, F1-Score: 0.7035
2025-01-13 17:24:37,357 - INFO - Epoch 15 - Eval Loss: 1.1111, Accuracy: 0.6136, Precision: 0.6378, Recall: 0.6136, F1-Score: 0.6149
2025-01-13 17:24:40,089 - INFO - Epoch 16 - Train Loss: 0.7384, Accuracy: 0.7378, Precision: 0.7362, Recall: 0.7378, F1-Score: 0.7365
2025-01-13 17:24:41,869 - INFO - Epoch 16 - Eval Loss: 1.1366, Accuracy: 0.6071, Precision: 0.6199, Recall: 0.6071, F1-Score: 0.6052
2025-01-13 17:24:44,639 - INFO - Epoch 17 - Train Loss: 0.7048, Accuracy: 0.7464, Precision: 0.7457, Recall: 0.7464, F1-Score: 0.7458
2025-01-13 17:24:46,296 - INFO - Epoch 17 - Eval Loss: 1.1097, Accuracy: 0.6292, Precision: 0.6213, Recall: 0.6293, F1-Score: 0.6225
2025-01-13 17:24:49,113 - INFO - Epoch 18 - Train Loss: 0.6728, Accuracy: 0.7568, Precision: 0.7551, Recall: 0.7568, F1-Score: 0.7556
2025-01-13 17:24:50,694 - INFO - Epoch 18 - Eval Loss: 1.1077, Accuracy: 0.6362, Precision: 0.6523, Recall: 0.6362, F1-Score: 0.6361
2025-01-13 17:24:53,536 - INFO - Epoch 19 - Train Loss: 0.6450, Accuracy: 0.7662, Precision: 0.7650, Recall: 0.7662, F1-Score: 0.7654
2025-01-13 17:24:55,251 - INFO - Epoch 19 - Eval Loss: 1.1177, Accuracy: 0.6202, Precision: 0.6425, Recall: 0.6203, F1-Score: 0.6205
2025-01-13 17:24:57,981 - INFO - Epoch 20 - Train Loss: 0.5988, Accuracy: 0.7892, Precision: 0.7884, Recall: 0.7892, F1-Score: 0.7886
2025-01-13 17:24:59,714 - INFO - Epoch 20 - Eval Loss: 1.1184, Accuracy: 0.6339, Precision: 0.6513, Recall: 0.6339, F1-Score: 0.6344
2025-01-13 17:25:02,503 - INFO - Epoch 21 - Train Loss: 0.5512, Accuracy: 0.7972, Precision: 0.7976, Recall: 0.7972, F1-Score: 0.7973
2025-01-13 17:25:04,161 - INFO - Epoch 21 - Eval Loss: 1.1855, Accuracy: 0.6212, Precision: 0.6496, Recall: 0.6212, F1-Score: 0.6201
2025-01-13 17:25:07,039 - INFO - Epoch 22 - Train Loss: 0.5327, Accuracy: 0.8054, Precision: 0.8064, Recall: 0.8054, F1-Score: 0.8057
2025-01-13 17:25:08,734 - INFO - Epoch 22 - Eval Loss: 1.0992, Accuracy: 0.6518, Precision: 0.6629, Recall: 0.6518, F1-Score: 0.6534
2025-01-13 17:25:11,584 - INFO - Epoch 23 - Train Loss: 0.4990, Accuracy: 0.8172, Precision: 0.8170, Recall: 0.8172, F1-Score: 0.8170
2025-01-13 17:25:13,375 - INFO - Epoch 23 - Eval Loss: 1.3121, Accuracy: 0.6221, Precision: 0.6447, Recall: 0.6221, F1-Score: 0.6154
2025-01-13 17:25:16,185 - INFO - Epoch 24 - Train Loss: 0.4956, Accuracy: 0.8212, Precision: 0.8213, Recall: 0.8212, F1-Score: 0.8211
2025-01-13 17:25:17,849 - INFO - Epoch 24 - Eval Loss: 1.2706, Accuracy: 0.6172, Precision: 0.6349, Recall: 0.6172, F1-Score: 0.6053
2025-01-13 17:25:20,787 - INFO - Epoch 25 - Train Loss: 0.4758, Accuracy: 0.8302, Precision: 0.8302, Recall: 0.8302, F1-Score: 0.8301
2025-01-13 17:25:22,441 - INFO - Epoch 25 - Eval Loss: 1.2291, Accuracy: 0.6319, Precision: 0.6526, Recall: 0.6319, F1-Score: 0.6287
2025-01-13 17:25:25,338 - INFO - Epoch 26 - Train Loss: 0.4083, Accuracy: 0.8562, Precision: 0.8561, Recall: 0.8562, F1-Score: 0.8561
2025-01-13 17:25:27,100 - INFO - Epoch 26 - Eval Loss: 1.1714, Accuracy: 0.6519, Precision: 0.6671, Recall: 0.6519, F1-Score: 0.6547
2025-01-13 17:25:29,917 - INFO - Epoch 27 - Train Loss: 0.3968, Accuracy: 0.8590, Precision: 0.8596, Recall: 0.8590, F1-Score: 0.8592
2025-01-13 17:25:31,609 - INFO - Epoch 27 - Eval Loss: 1.3961, Accuracy: 0.6166, Precision: 0.6712, Recall: 0.6166, F1-Score: 0.6186
2025-01-13 17:25:34,394 - INFO - Epoch 28 - Train Loss: 0.3844, Accuracy: 0.8678, Precision: 0.8681, Recall: 0.8678, F1-Score: 0.8679
2025-01-13 17:25:35,968 - INFO - Epoch 28 - Eval Loss: 1.1827, Accuracy: 0.6454, Precision: 0.6776, Recall: 0.6454, F1-Score: 0.6525
2025-01-13 17:25:39,088 - INFO - Epoch 29 - Train Loss: 0.3703, Accuracy: 0.8708, Precision: 0.8713, Recall: 0.8708, F1-Score: 0.8709
2025-01-13 17:25:40,731 - INFO - Epoch 29 - Eval Loss: 1.2118, Accuracy: 0.6518, Precision: 0.6621, Recall: 0.6518, F1-Score: 0.6477
2025-01-13 17:25:43,489 - INFO - Epoch 30 - Train Loss: 0.3234, Accuracy: 0.8860, Precision: 0.8864, Recall: 0.8860, F1-Score: 0.8861
2025-01-13 17:25:45,263 - INFO - Epoch 30 - Eval Loss: 1.2395, Accuracy: 0.6476, Precision: 0.6528, Recall: 0.6476, F1-Score: 0.6431
2025-01-13 17:25:48,140 - INFO - Epoch 31 - Train Loss: 0.2967, Accuracy: 0.8978, Precision: 0.8978, Recall: 0.8978, F1-Score: 0.8977
2025-01-13 17:25:49,743 - INFO - Epoch 31 - Eval Loss: 1.2371, Accuracy: 0.6597, Precision: 0.6719, Recall: 0.6598, F1-Score: 0.6611
2025-01-13 17:25:52,688 - INFO - Epoch 32 - Train Loss: 0.2825, Accuracy: 0.9040, Precision: 0.9040, Recall: 0.9040, F1-Score: 0.9040
2025-01-13 17:25:54,426 - INFO - Epoch 32 - Eval Loss: 1.2696, Accuracy: 0.6526, Precision: 0.6775, Recall: 0.6526, F1-Score: 0.6563
2025-01-13 17:25:57,236 - INFO - Epoch 33 - Train Loss: 0.2907, Accuracy: 0.8988, Precision: 0.8989, Recall: 0.8988, F1-Score: 0.8988
2025-01-13 17:25:59,106 - INFO - Epoch 33 - Eval Loss: 1.2822, Accuracy: 0.6510, Precision: 0.6637, Recall: 0.6510, F1-Score: 0.6521
2025-01-13 17:26:01,901 - INFO - Epoch 34 - Train Loss: 0.2656, Accuracy: 0.9062, Precision: 0.9063, Recall: 0.9062, F1-Score: 0.9062
2025-01-13 17:26:03,476 - INFO - Epoch 34 - Eval Loss: 1.2823, Accuracy: 0.6530, Precision: 0.6702, Recall: 0.6530, F1-Score: 0.6537
2025-01-13 17:26:06,264 - INFO - Epoch 35 - Train Loss: 0.2541, Accuracy: 0.9102, Precision: 0.9101, Recall: 0.9102, F1-Score: 0.9101
2025-01-13 17:26:07,979 - INFO - Epoch 35 - Eval Loss: 1.3335, Accuracy: 0.6609, Precision: 0.6643, Recall: 0.6609, F1-Score: 0.6578
2025-01-13 17:26:10,793 - INFO - Epoch 36 - Train Loss: 0.2440, Accuracy: 0.9164, Precision: 0.9170, Recall: 0.9164, F1-Score: 0.9166
2025-01-13 17:26:12,613 - INFO - Epoch 36 - Eval Loss: 1.3188, Accuracy: 0.6492, Precision: 0.6576, Recall: 0.6492, F1-Score: 0.6473
2025-01-13 17:26:15,385 - INFO - Epoch 37 - Train Loss: 0.2304, Accuracy: 0.9200, Precision: 0.9199, Recall: 0.9200, F1-Score: 0.9199
2025-01-13 17:26:17,073 - INFO - Epoch 37 - Eval Loss: 1.3256, Accuracy: 0.6474, Precision: 0.6666, Recall: 0.6474, F1-Score: 0.6501
2025-01-13 17:26:19,885 - INFO - Epoch 38 - Train Loss: 0.2234, Accuracy: 0.9266, Precision: 0.9266, Recall: 0.9266, F1-Score: 0.9266
2025-01-13 17:26:21,610 - INFO - Epoch 38 - Eval Loss: 1.2484, Accuracy: 0.6635, Precision: 0.6763, Recall: 0.6635, F1-Score: 0.6661
2025-01-13 17:26:24,473 - INFO - Epoch 39 - Train Loss: 0.1982, Accuracy: 0.9296, Precision: 0.9297, Recall: 0.9296, F1-Score: 0.9296
2025-01-13 17:26:26,129 - INFO - Epoch 39 - Eval Loss: 1.3879, Accuracy: 0.6476, Precision: 0.6805, Recall: 0.6476, F1-Score: 0.6499
2025-01-13 17:26:29,000 - INFO - Epoch 40 - Train Loss: 0.1835, Accuracy: 0.9366, Precision: 0.9366, Recall: 0.9366, F1-Score: 0.9366
2025-01-13 17:26:30,528 - INFO - Epoch 40 - Eval Loss: 1.3363, Accuracy: 0.6615, Precision: 0.6757, Recall: 0.6615, F1-Score: 0.6634
2025-01-13 17:26:33,336 - INFO - Epoch 41 - Train Loss: 0.1801, Accuracy: 0.9368, Precision: 0.9370, Recall: 0.9368, F1-Score: 0.9368
2025-01-13 17:26:34,953 - INFO - Epoch 41 - Eval Loss: 1.3160, Accuracy: 0.6724, Precision: 0.6792, Recall: 0.6724, F1-Score: 0.6703
2025-01-13 17:26:37,760 - INFO - Epoch 42 - Train Loss: 0.1647, Accuracy: 0.9464, Precision: 0.9465, Recall: 0.9464, F1-Score: 0.9464
2025-01-13 17:26:39,404 - INFO - Epoch 42 - Eval Loss: 1.4070, Accuracy: 0.6577, Precision: 0.6761, Recall: 0.6577, F1-Score: 0.6590
2025-01-13 17:26:42,354 - INFO - Epoch 43 - Train Loss: 0.1574, Accuracy: 0.9466, Precision: 0.9467, Recall: 0.9466, F1-Score: 0.9466
2025-01-13 17:26:44,152 - INFO - Epoch 43 - Eval Loss: 1.3636, Accuracy: 0.6689, Precision: 0.6745, Recall: 0.6689, F1-Score: 0.6676
2025-01-13 17:26:46,922 - INFO - Epoch 44 - Train Loss: 0.1534, Accuracy: 0.9498, Precision: 0.9499, Recall: 0.9498, F1-Score: 0.9498
2025-01-13 17:26:48,587 - INFO - Epoch 44 - Eval Loss: 1.4009, Accuracy: 0.6656, Precision: 0.6778, Recall: 0.6656, F1-Score: 0.6645
2025-01-13 17:26:51,474 - INFO - Epoch 45 - Train Loss: 0.1437, Accuracy: 0.9522, Precision: 0.9521, Recall: 0.9522, F1-Score: 0.9521
2025-01-13 17:26:53,024 - INFO - Epoch 45 - Eval Loss: 1.3932, Accuracy: 0.6676, Precision: 0.6806, Recall: 0.6676, F1-Score: 0.6658
2025-01-13 17:26:56,070 - INFO - Epoch 46 - Train Loss: 0.1417, Accuracy: 0.9510, Precision: 0.9510, Recall: 0.9510, F1-Score: 0.9510
2025-01-13 17:26:57,903 - INFO - Epoch 46 - Eval Loss: 1.4326, Accuracy: 0.6700, Precision: 0.6971, Recall: 0.6700, F1-Score: 0.6747
2025-01-13 17:27:00,706 - INFO - Epoch 47 - Train Loss: 0.1285, Accuracy: 0.9568, Precision: 0.9568, Recall: 0.9568, F1-Score: 0.9568
2025-01-13 17:27:02,444 - INFO - Epoch 47 - Eval Loss: 1.3984, Accuracy: 0.6661, Precision: 0.6748, Recall: 0.6661, F1-Score: 0.6663
2025-01-13 17:27:05,275 - INFO - Epoch 48 - Train Loss: 0.1536, Accuracy: 0.9470, Precision: 0.9471, Recall: 0.9470, F1-Score: 0.9470
2025-01-13 17:27:06,948 - INFO - Epoch 48 - Eval Loss: 1.3742, Accuracy: 0.6707, Precision: 0.6799, Recall: 0.6707, F1-Score: 0.6724
2025-01-13 17:27:09,724 - INFO - Epoch 49 - Train Loss: 0.1298, Accuracy: 0.9562, Precision: 0.9563, Recall: 0.9562, F1-Score: 0.9562
2025-01-13 17:27:11,493 - INFO - Epoch 49 - Eval Loss: 1.3482, Accuracy: 0.6750, Precision: 0.6821, Recall: 0.6750, F1-Score: 0.6762
2025-01-13 17:27:14,250 - INFO - Epoch 50 - Train Loss: 0.1463, Accuracy: 0.9500, Precision: 0.9501, Recall: 0.9500, F1-Score: 0.9500
2025-01-13 17:27:15,883 - INFO - Epoch 50 - Eval Loss: 1.3486, Accuracy: 0.6740, Precision: 0.6886, Recall: 0.6740, F1-Score: 0.6772
2025-01-13 17:27:18,639 - INFO - Epoch 51 - Train Loss: 0.1300, Accuracy: 0.9560, Precision: 0.9561, Recall: 0.9560, F1-Score: 0.9560
2025-01-13 17:27:20,346 - INFO - Epoch 51 - Eval Loss: 1.4425, Accuracy: 0.6671, Precision: 0.6818, Recall: 0.6671, F1-Score: 0.6665
2025-01-13 17:27:23,143 - INFO - Epoch 52 - Train Loss: 0.1169, Accuracy: 0.9602, Precision: 0.9602, Recall: 0.9602, F1-Score: 0.9602
2025-01-13 17:27:24,819 - INFO - Epoch 52 - Eval Loss: 1.4887, Accuracy: 0.6590, Precision: 0.6770, Recall: 0.6590, F1-Score: 0.6610
2025-01-13 17:27:27,729 - INFO - Epoch 53 - Train Loss: 0.1133, Accuracy: 0.9630, Precision: 0.9631, Recall: 0.9630, F1-Score: 0.9630
2025-01-13 17:27:29,400 - INFO - Epoch 53 - Eval Loss: 1.4399, Accuracy: 0.6766, Precision: 0.6796, Recall: 0.6766, F1-Score: 0.6705
2025-01-13 17:27:32,414 - INFO - Epoch 54 - Train Loss: 0.1167, Accuracy: 0.9576, Precision: 0.9577, Recall: 0.9576, F1-Score: 0.9576
2025-01-13 17:27:34,115 - INFO - Epoch 54 - Eval Loss: 1.3961, Accuracy: 0.6810, Precision: 0.6918, Recall: 0.6810, F1-Score: 0.6835
2025-01-13 17:27:37,026 - INFO - Epoch 55 - Train Loss: 0.1215, Accuracy: 0.9582, Precision: 0.9583, Recall: 0.9582, F1-Score: 0.9582
2025-01-13 17:27:38,677 - INFO - Epoch 55 - Eval Loss: 1.4577, Accuracy: 0.6664, Precision: 0.6744, Recall: 0.6664, F1-Score: 0.6659
2025-01-13 17:27:41,506 - INFO - Epoch 56 - Train Loss: 0.1137, Accuracy: 0.9616, Precision: 0.9617, Recall: 0.9616, F1-Score: 0.9616
2025-01-13 17:27:43,169 - INFO - Epoch 56 - Eval Loss: 1.4063, Accuracy: 0.6786, Precision: 0.6830, Recall: 0.6786, F1-Score: 0.6788
2025-01-13 17:27:45,994 - INFO - Epoch 57 - Train Loss: 0.0984, Accuracy: 0.9656, Precision: 0.9657, Recall: 0.9656, F1-Score: 0.9656
2025-01-13 17:27:47,769 - INFO - Epoch 57 - Eval Loss: 1.4173, Accuracy: 0.6815, Precision: 0.6817, Recall: 0.6815, F1-Score: 0.6790
2025-01-13 17:27:50,615 - INFO - Epoch 58 - Train Loss: 0.1031, Accuracy: 0.9660, Precision: 0.9660, Recall: 0.9660, F1-Score: 0.9660
2025-01-13 17:27:52,268 - INFO - Epoch 58 - Eval Loss: 1.4233, Accuracy: 0.6789, Precision: 0.6876, Recall: 0.6789, F1-Score: 0.6810
2025-01-13 17:27:55,243 - INFO - Epoch 59 - Train Loss: 0.0938, Accuracy: 0.9670, Precision: 0.9671, Recall: 0.9670, F1-Score: 0.9670
2025-01-13 17:27:56,828 - INFO - Epoch 59 - Eval Loss: 1.4885, Accuracy: 0.6785, Precision: 0.6942, Recall: 0.6785, F1-Score: 0.6792
2025-01-13 17:27:59,682 - INFO - Epoch 60 - Train Loss: 0.0847, Accuracy: 0.9728, Precision: 0.9728, Recall: 0.9728, F1-Score: 0.9728
2025-01-13 17:28:01,442 - INFO - Epoch 60 - Eval Loss: 1.4274, Accuracy: 0.6846, Precision: 0.6900, Recall: 0.6846, F1-Score: 0.6827
2025-01-13 17:28:04,167 - INFO - Epoch 61 - Train Loss: 0.0832, Accuracy: 0.9704, Precision: 0.9705, Recall: 0.9704, F1-Score: 0.9704
2025-01-13 17:28:05,887 - INFO - Epoch 61 - Eval Loss: 1.4616, Accuracy: 0.6745, Precision: 0.6801, Recall: 0.6745, F1-Score: 0.6748
2025-01-13 17:28:08,853 - INFO - Epoch 62 - Train Loss: 0.0833, Accuracy: 0.9712, Precision: 0.9712, Recall: 0.9712, F1-Score: 0.9712
2025-01-13 17:28:10,684 - INFO - Epoch 62 - Eval Loss: 1.4821, Accuracy: 0.6785, Precision: 0.6806, Recall: 0.6785, F1-Score: 0.6768
2025-01-13 17:28:13,549 - INFO - Epoch 63 - Train Loss: 0.0910, Accuracy: 0.9702, Precision: 0.9702, Recall: 0.9702, F1-Score: 0.9702
2025-01-13 17:28:15,229 - INFO - Epoch 63 - Eval Loss: 1.4427, Accuracy: 0.6800, Precision: 0.6808, Recall: 0.6800, F1-Score: 0.6784
2025-01-13 17:28:18,025 - INFO - Epoch 64 - Train Loss: 0.0894, Accuracy: 0.9688, Precision: 0.9688, Recall: 0.9688, F1-Score: 0.9688
2025-01-13 17:28:19,701 - INFO - Epoch 64 - Eval Loss: 1.4663, Accuracy: 0.6717, Precision: 0.6776, Recall: 0.6717, F1-Score: 0.6717
2025-01-13 17:28:22,520 - INFO - Epoch 65 - Train Loss: 0.0757, Accuracy: 0.9760, Precision: 0.9760, Recall: 0.9760, F1-Score: 0.9760
2025-01-13 17:28:24,157 - INFO - Epoch 65 - Eval Loss: 1.4935, Accuracy: 0.6789, Precision: 0.6900, Recall: 0.6789, F1-Score: 0.6806
2025-01-13 17:28:27,098 - INFO - Epoch 66 - Train Loss: 0.0754, Accuracy: 0.9742, Precision: 0.9743, Recall: 0.9742, F1-Score: 0.9742
2025-01-13 17:28:28,830 - INFO - Epoch 66 - Eval Loss: 1.5585, Accuracy: 0.6714, Precision: 0.6761, Recall: 0.6714, F1-Score: 0.6674
2025-01-13 17:28:31,570 - INFO - Epoch 67 - Train Loss: 0.0665, Accuracy: 0.9770, Precision: 0.9771, Recall: 0.9770, F1-Score: 0.9770
2025-01-13 17:28:33,329 - INFO - Epoch 67 - Eval Loss: 1.6056, Accuracy: 0.6717, Precision: 0.6784, Recall: 0.6718, F1-Score: 0.6675
2025-01-13 17:28:36,241 - INFO - Epoch 68 - Train Loss: 0.0746, Accuracy: 0.9752, Precision: 0.9753, Recall: 0.9752, F1-Score: 0.9752
2025-01-13 17:28:37,905 - INFO - Epoch 68 - Eval Loss: 1.4713, Accuracy: 0.6864, Precision: 0.6959, Recall: 0.6864, F1-Score: 0.6860
2025-01-13 17:28:40,694 - INFO - Epoch 69 - Train Loss: 0.0753, Accuracy: 0.9748, Precision: 0.9749, Recall: 0.9748, F1-Score: 0.9748
2025-01-13 17:28:42,392 - INFO - Epoch 69 - Eval Loss: 1.4614, Accuracy: 0.6779, Precision: 0.6835, Recall: 0.6779, F1-Score: 0.6773
2025-01-13 17:28:45,236 - INFO - Epoch 70 - Train Loss: 0.0708, Accuracy: 0.9796, Precision: 0.9796, Recall: 0.9796, F1-Score: 0.9796
2025-01-13 17:28:46,939 - INFO - Epoch 70 - Eval Loss: 1.4407, Accuracy: 0.6833, Precision: 0.6836, Recall: 0.6832, F1-Score: 0.6818
2025-01-13 17:28:49,730 - INFO - Epoch 71 - Train Loss: 0.0581, Accuracy: 0.9798, Precision: 0.9799, Recall: 0.9798, F1-Score: 0.9798
2025-01-13 17:28:51,364 - INFO - Epoch 71 - Eval Loss: 1.4880, Accuracy: 0.6825, Precision: 0.6948, Recall: 0.6825, F1-Score: 0.6849
2025-01-13 17:28:54,155 - INFO - Epoch 72 - Train Loss: 0.0581, Accuracy: 0.9800, Precision: 0.9800, Recall: 0.9800, F1-Score: 0.9800
2025-01-13 17:28:55,739 - INFO - Epoch 72 - Eval Loss: 1.5301, Accuracy: 0.6797, Precision: 0.6816, Recall: 0.6798, F1-Score: 0.6775
2025-01-13 17:28:58,557 - INFO - Epoch 73 - Train Loss: 0.0581, Accuracy: 0.9810, Precision: 0.9810, Recall: 0.9810, F1-Score: 0.9810
2025-01-13 17:29:00,263 - INFO - Epoch 73 - Eval Loss: 1.5822, Accuracy: 0.6867, Precision: 0.6849, Recall: 0.6868, F1-Score: 0.6827
2025-01-13 17:29:03,092 - INFO - Epoch 74 - Train Loss: 0.0560, Accuracy: 0.9802, Precision: 0.9802, Recall: 0.9802, F1-Score: 0.9802
2025-01-13 17:29:04,684 - INFO - Epoch 74 - Eval Loss: 1.5383, Accuracy: 0.6820, Precision: 0.6926, Recall: 0.6820, F1-Score: 0.6843
2025-01-13 17:29:07,436 - INFO - Epoch 75 - Train Loss: 0.0635, Accuracy: 0.9800, Precision: 0.9800, Recall: 0.9800, F1-Score: 0.9800
2025-01-13 17:29:09,077 - INFO - Epoch 75 - Eval Loss: 1.5867, Accuracy: 0.6764, Precision: 0.6831, Recall: 0.6764, F1-Score: 0.6767
2025-01-13 17:29:11,838 - INFO - Epoch 76 - Train Loss: 0.0663, Accuracy: 0.9792, Precision: 0.9793, Recall: 0.9792, F1-Score: 0.9792
2025-01-13 17:29:13,517 - INFO - Epoch 76 - Eval Loss: 1.5546, Accuracy: 0.6726, Precision: 0.6770, Recall: 0.6726, F1-Score: 0.6694
2025-01-13 17:29:16,392 - INFO - Epoch 77 - Train Loss: 0.0645, Accuracy: 0.9778, Precision: 0.9779, Recall: 0.9778, F1-Score: 0.9778
2025-01-13 17:29:18,151 - INFO - Epoch 77 - Eval Loss: 1.4948, Accuracy: 0.6855, Precision: 0.6963, Recall: 0.6855, F1-Score: 0.6876
2025-01-13 17:29:20,952 - INFO - Epoch 78 - Train Loss: 0.0694, Accuracy: 0.9764, Precision: 0.9764, Recall: 0.9764, F1-Score: 0.9764
2025-01-13 17:29:22,672 - INFO - Epoch 78 - Eval Loss: 1.5077, Accuracy: 0.6853, Precision: 0.6936, Recall: 0.6852, F1-Score: 0.6855
2025-01-13 17:29:25,599 - INFO - Epoch 79 - Train Loss: 0.0634, Accuracy: 0.9790, Precision: 0.9791, Recall: 0.9790, F1-Score: 0.9790
2025-01-13 17:29:27,249 - INFO - Epoch 79 - Eval Loss: 1.6192, Accuracy: 0.6650, Precision: 0.6784, Recall: 0.6650, F1-Score: 0.6646
2025-01-13 17:29:30,146 - INFO - Epoch 80 - Train Loss: 0.0668, Accuracy: 0.9764, Precision: 0.9764, Recall: 0.9764, F1-Score: 0.9764
2025-01-13 17:29:31,776 - INFO - Epoch 80 - Eval Loss: 1.5297, Accuracy: 0.6791, Precision: 0.6888, Recall: 0.6791, F1-Score: 0.6788
2025-01-13 17:29:34,560 - INFO - Epoch 81 - Train Loss: 0.0611, Accuracy: 0.9778, Precision: 0.9778, Recall: 0.9778, F1-Score: 0.9778
2025-01-13 17:29:36,351 - INFO - Epoch 81 - Eval Loss: 1.4898, Accuracy: 0.6839, Precision: 0.6910, Recall: 0.6839, F1-Score: 0.6853
2025-01-13 17:29:39,255 - INFO - Epoch 82 - Train Loss: 0.0552, Accuracy: 0.9808, Precision: 0.9808, Recall: 0.9808, F1-Score: 0.9808
2025-01-13 17:29:40,989 - INFO - Epoch 82 - Eval Loss: 1.5264, Accuracy: 0.6859, Precision: 0.6872, Recall: 0.6859, F1-Score: 0.6837
2025-01-13 17:29:43,904 - INFO - Epoch 83 - Train Loss: 0.0508, Accuracy: 0.9854, Precision: 0.9854, Recall: 0.9854, F1-Score: 0.9854
2025-01-13 17:29:45,614 - INFO - Epoch 83 - Eval Loss: 1.5863, Accuracy: 0.6796, Precision: 0.6841, Recall: 0.6796, F1-Score: 0.6777
2025-01-13 17:29:48,389 - INFO - Epoch 84 - Train Loss: 0.0526, Accuracy: 0.9834, Precision: 0.9834, Recall: 0.9834, F1-Score: 0.9834
2025-01-13 17:29:50,119 - INFO - Epoch 84 - Eval Loss: 1.7334, Accuracy: 0.6614, Precision: 0.6737, Recall: 0.6614, F1-Score: 0.6567
2025-01-13 17:29:53,008 - INFO - Epoch 85 - Train Loss: 0.0520, Accuracy: 0.9834, Precision: 0.9834, Recall: 0.9834, F1-Score: 0.9834
2025-01-13 17:29:54,540 - INFO - Epoch 85 - Eval Loss: 1.5498, Accuracy: 0.6890, Precision: 0.6895, Recall: 0.6890, F1-Score: 0.6869
2025-01-13 17:29:57,283 - INFO - Epoch 86 - Train Loss: 0.0482, Accuracy: 0.9842, Precision: 0.9842, Recall: 0.9842, F1-Score: 0.9842
2025-01-13 17:29:58,968 - INFO - Epoch 86 - Eval Loss: 1.6697, Accuracy: 0.6724, Precision: 0.6858, Recall: 0.6724, F1-Score: 0.6739
2025-01-13 17:30:01,746 - INFO - Epoch 87 - Train Loss: 0.0424, Accuracy: 0.9860, Precision: 0.9860, Recall: 0.9860, F1-Score: 0.9860
2025-01-13 17:30:03,389 - INFO - Epoch 87 - Eval Loss: 1.5418, Accuracy: 0.6896, Precision: 0.6943, Recall: 0.6896, F1-Score: 0.6889
2025-01-13 17:30:06,164 - INFO - Epoch 88 - Train Loss: 0.0451, Accuracy: 0.9846, Precision: 0.9846, Recall: 0.9846, F1-Score: 0.9846
2025-01-13 17:30:07,845 - INFO - Epoch 88 - Eval Loss: 1.6068, Accuracy: 0.6846, Precision: 0.6959, Recall: 0.6846, F1-Score: 0.6871
2025-01-13 17:30:10,601 - INFO - Epoch 89 - Train Loss: 0.0445, Accuracy: 0.9854, Precision: 0.9854, Recall: 0.9854, F1-Score: 0.9854
2025-01-13 17:30:12,289 - INFO - Epoch 89 - Eval Loss: 1.6134, Accuracy: 0.6819, Precision: 0.6840, Recall: 0.6819, F1-Score: 0.6783
2025-01-13 17:30:15,178 - INFO - Epoch 90 - Train Loss: 0.0429, Accuracy: 0.9848, Precision: 0.9848, Recall: 0.9848, F1-Score: 0.9848
2025-01-13 17:30:16,741 - INFO - Epoch 90 - Eval Loss: 1.6493, Accuracy: 0.6810, Precision: 0.6879, Recall: 0.6810, F1-Score: 0.6798
2025-01-13 17:30:19,554 - INFO - Epoch 91 - Train Loss: 0.0519, Accuracy: 0.9808, Precision: 0.9808, Recall: 0.9808, F1-Score: 0.9808
2025-01-13 17:30:21,229 - INFO - Epoch 91 - Eval Loss: 1.5848, Accuracy: 0.6856, Precision: 0.6937, Recall: 0.6856, F1-Score: 0.6857
2025-01-13 17:30:24,020 - INFO - Epoch 92 - Train Loss: 0.0565, Accuracy: 0.9798, Precision: 0.9799, Recall: 0.9798, F1-Score: 0.9798
2025-01-13 17:30:25,700 - INFO - Epoch 92 - Eval Loss: 1.5971, Accuracy: 0.6827, Precision: 0.6928, Recall: 0.6827, F1-Score: 0.6844
2025-01-13 17:30:28,618 - INFO - Epoch 93 - Train Loss: 0.0491, Accuracy: 0.9828, Precision: 0.9828, Recall: 0.9828, F1-Score: 0.9828
2025-01-13 17:30:30,213 - INFO - Epoch 93 - Eval Loss: 1.6760, Accuracy: 0.6673, Precision: 0.6735, Recall: 0.6673, F1-Score: 0.6607
2025-01-13 17:30:33,120 - INFO - Epoch 94 - Train Loss: 0.0591, Accuracy: 0.9808, Precision: 0.9808, Recall: 0.9808, F1-Score: 0.9808
2025-01-13 17:30:34,854 - INFO - Epoch 94 - Eval Loss: 1.5989, Accuracy: 0.6825, Precision: 0.6943, Recall: 0.6825, F1-Score: 0.6848
2025-01-13 17:30:37,674 - INFO - Epoch 95 - Train Loss: 0.0547, Accuracy: 0.9822, Precision: 0.9822, Recall: 0.9822, F1-Score: 0.9822
2025-01-13 17:30:39,336 - INFO - Epoch 95 - Eval Loss: 1.7920, Accuracy: 0.6569, Precision: 0.6830, Recall: 0.6569, F1-Score: 0.6559
2025-01-13 17:30:42,201 - INFO - Epoch 96 - Train Loss: 0.0602, Accuracy: 0.9786, Precision: 0.9786, Recall: 0.9786, F1-Score: 0.9786
2025-01-13 17:30:43,777 - INFO - Epoch 96 - Eval Loss: 1.5568, Accuracy: 0.6793, Precision: 0.6871, Recall: 0.6793, F1-Score: 0.6788
2025-01-13 17:30:46,617 - INFO - Epoch 97 - Train Loss: 0.0602, Accuracy: 0.9806, Precision: 0.9806, Recall: 0.9806, F1-Score: 0.9806
2025-01-13 17:30:48,339 - INFO - Epoch 97 - Eval Loss: 1.6094, Accuracy: 0.6764, Precision: 0.6939, Recall: 0.6764, F1-Score: 0.6796
2025-01-13 17:30:51,253 - INFO - Epoch 98 - Train Loss: 0.0516, Accuracy: 0.9802, Precision: 0.9802, Recall: 0.9802, F1-Score: 0.9802
2025-01-13 17:30:53,021 - INFO - Epoch 98 - Eval Loss: 1.5361, Accuracy: 0.6835, Precision: 0.6881, Recall: 0.6835, F1-Score: 0.6839
2025-01-13 17:30:55,778 - INFO - Epoch 99 - Train Loss: 0.0466, Accuracy: 0.9854, Precision: 0.9854, Recall: 0.9854, F1-Score: 0.9854
2025-01-13 17:30:57,359 - INFO - Epoch 99 - Eval Loss: 1.5376, Accuracy: 0.6834, Precision: 0.6844, Recall: 0.6834, F1-Score: 0.6825
2025-01-13 17:30:57,359 - INFO - Training finished
