2025-01-13 18:36:06,274 - INFO - Log file created at log/width_multiplier/stl10_lr0.001_adam_wm1.25_20250113-183606.log
2025-01-13 18:36:06,321 - INFO - Using device cuda:2
2025-01-13 18:36:23,936 - INFO - Epoch 0 - Train Loss: 2.1814, Accuracy: 0.2234, Precision: 0.2197, Recall: 0.2234, F1-Score: 0.2165
2025-01-13 18:36:26,954 - INFO - Epoch 0 - Eval Loss: 2.4970, Accuracy: 0.1000, Precision: 0.0100, Recall: 0.1000, F1-Score: 0.0182
2025-01-13 18:36:32,444 - INFO - Epoch 1 - Train Loss: 1.5679, Accuracy: 0.3860, Precision: 0.3848, Recall: 0.3860, F1-Score: 0.3814
2025-01-13 18:36:35,539 - INFO - Epoch 1 - Eval Loss: 3.9553, Accuracy: 0.1000, Precision: 0.0100, Recall: 0.1000, F1-Score: 0.0182
2025-01-13 18:36:41,116 - INFO - Epoch 2 - Train Loss: 1.4213, Accuracy: 0.4560, Precision: 0.4527, Recall: 0.4560, F1-Score: 0.4524
2025-01-13 18:36:44,106 - INFO - Epoch 2 - Eval Loss: 3.2285, Accuracy: 0.1013, Precision: 0.0915, Recall: 0.1012, F1-Score: 0.0218
2025-01-13 18:36:49,574 - INFO - Epoch 3 - Train Loss: 1.2837, Accuracy: 0.5258, Precision: 0.5232, Recall: 0.5258, F1-Score: 0.5233
2025-01-13 18:36:52,574 - INFO - Epoch 3 - Eval Loss: 1.8566, Accuracy: 0.3535, Precision: 0.4906, Recall: 0.3535, F1-Score: 0.3253
2025-01-13 18:36:58,107 - INFO - Epoch 4 - Train Loss: 1.1942, Accuracy: 0.5532, Precision: 0.5478, Recall: 0.5532, F1-Score: 0.5495
2025-01-13 18:37:01,094 - INFO - Epoch 4 - Eval Loss: 1.4100, Accuracy: 0.4763, Precision: 0.5426, Recall: 0.4763, F1-Score: 0.4528
2025-01-13 18:37:06,535 - INFO - Epoch 5 - Train Loss: 1.0923, Accuracy: 0.6026, Precision: 0.5996, Recall: 0.6026, F1-Score: 0.5998
2025-01-13 18:37:09,422 - INFO - Epoch 5 - Eval Loss: 1.2327, Accuracy: 0.5539, Precision: 0.5804, Recall: 0.5539, F1-Score: 0.5440
2025-01-13 18:37:14,713 - INFO - Epoch 6 - Train Loss: 1.0117, Accuracy: 0.6236, Precision: 0.6232, Recall: 0.6236, F1-Score: 0.6227
2025-01-13 18:37:17,567 - INFO - Epoch 6 - Eval Loss: 1.2348, Accuracy: 0.5501, Precision: 0.5894, Recall: 0.5501, F1-Score: 0.5494
2025-01-13 18:37:22,921 - INFO - Epoch 7 - Train Loss: 0.9320, Accuracy: 0.6596, Precision: 0.6558, Recall: 0.6596, F1-Score: 0.6570
2025-01-13 18:37:25,682 - INFO - Epoch 7 - Eval Loss: 1.3351, Accuracy: 0.5443, Precision: 0.6123, Recall: 0.5443, F1-Score: 0.5430
2025-01-13 18:37:30,971 - INFO - Epoch 8 - Train Loss: 0.8478, Accuracy: 0.6908, Precision: 0.6884, Recall: 0.6908, F1-Score: 0.6892
2025-01-13 18:37:33,816 - INFO - Epoch 8 - Eval Loss: 1.2539, Accuracy: 0.5810, Precision: 0.6013, Recall: 0.5810, F1-Score: 0.5680
2025-01-13 18:37:39,142 - INFO - Epoch 9 - Train Loss: 0.7707, Accuracy: 0.7246, Precision: 0.7233, Recall: 0.7246, F1-Score: 0.7236
2025-01-13 18:37:41,980 - INFO - Epoch 9 - Eval Loss: 1.1475, Accuracy: 0.6091, Precision: 0.6154, Recall: 0.6091, F1-Score: 0.5972
2025-01-13 18:37:47,328 - INFO - Epoch 10 - Train Loss: 0.7230, Accuracy: 0.7344, Precision: 0.7329, Recall: 0.7344, F1-Score: 0.7334
2025-01-13 18:37:50,041 - INFO - Epoch 10 - Eval Loss: 1.2424, Accuracy: 0.5958, Precision: 0.6216, Recall: 0.5958, F1-Score: 0.5811
2025-01-13 18:37:55,400 - INFO - Epoch 11 - Train Loss: 0.6747, Accuracy: 0.7546, Precision: 0.7537, Recall: 0.7546, F1-Score: 0.7540
2025-01-13 18:37:58,154 - INFO - Epoch 11 - Eval Loss: 1.1338, Accuracy: 0.6302, Precision: 0.6394, Recall: 0.6302, F1-Score: 0.6268
2025-01-13 18:38:03,465 - INFO - Epoch 12 - Train Loss: 0.5743, Accuracy: 0.7928, Precision: 0.7921, Recall: 0.7928, F1-Score: 0.7922
2025-01-13 18:38:06,315 - INFO - Epoch 12 - Eval Loss: 1.3066, Accuracy: 0.6102, Precision: 0.6504, Recall: 0.6103, F1-Score: 0.5930
2025-01-13 18:38:11,543 - INFO - Epoch 13 - Train Loss: 0.5493, Accuracy: 0.8038, Precision: 0.8034, Recall: 0.8038, F1-Score: 0.8031
2025-01-13 18:38:14,353 - INFO - Epoch 13 - Eval Loss: 1.1658, Accuracy: 0.6439, Precision: 0.6587, Recall: 0.6439, F1-Score: 0.6444
2025-01-13 18:38:19,599 - INFO - Epoch 14 - Train Loss: 0.4954, Accuracy: 0.8242, Precision: 0.8232, Recall: 0.8242, F1-Score: 0.8237
2025-01-13 18:38:22,319 - INFO - Epoch 14 - Eval Loss: 1.1547, Accuracy: 0.6478, Precision: 0.6574, Recall: 0.6478, F1-Score: 0.6470
2025-01-13 18:38:27,648 - INFO - Epoch 15 - Train Loss: 0.4477, Accuracy: 0.8442, Precision: 0.8446, Recall: 0.8442, F1-Score: 0.8443
2025-01-13 18:38:30,396 - INFO - Epoch 15 - Eval Loss: 1.3795, Accuracy: 0.6148, Precision: 0.6516, Recall: 0.6148, F1-Score: 0.5947
2025-01-13 18:38:35,725 - INFO - Epoch 16 - Train Loss: 0.3911, Accuracy: 0.8646, Precision: 0.8642, Recall: 0.8646, F1-Score: 0.8641
2025-01-13 18:38:38,715 - INFO - Epoch 16 - Eval Loss: 1.2031, Accuracy: 0.6479, Precision: 0.6660, Recall: 0.6479, F1-Score: 0.6457
2025-01-13 18:38:44,099 - INFO - Epoch 17 - Train Loss: 0.3558, Accuracy: 0.8744, Precision: 0.8743, Recall: 0.8744, F1-Score: 0.8743
2025-01-13 18:38:46,900 - INFO - Epoch 17 - Eval Loss: 1.2030, Accuracy: 0.6595, Precision: 0.6725, Recall: 0.6595, F1-Score: 0.6533
2025-01-13 18:38:52,317 - INFO - Epoch 18 - Train Loss: 0.3138, Accuracy: 0.8856, Precision: 0.8853, Recall: 0.8856, F1-Score: 0.8853
2025-01-13 18:38:55,165 - INFO - Epoch 18 - Eval Loss: 1.2428, Accuracy: 0.6576, Precision: 0.6755, Recall: 0.6576, F1-Score: 0.6538
2025-01-13 18:39:00,491 - INFO - Epoch 19 - Train Loss: 0.2840, Accuracy: 0.9030, Precision: 0.9033, Recall: 0.9030, F1-Score: 0.9031
2025-01-13 18:39:03,289 - INFO - Epoch 19 - Eval Loss: 1.2394, Accuracy: 0.6651, Precision: 0.6658, Recall: 0.6651, F1-Score: 0.6562
2025-01-13 18:39:08,698 - INFO - Epoch 20 - Train Loss: 0.2593, Accuracy: 0.9118, Precision: 0.9121, Recall: 0.9118, F1-Score: 0.9119
2025-01-13 18:39:11,545 - INFO - Epoch 20 - Eval Loss: 1.2252, Accuracy: 0.6635, Precision: 0.6730, Recall: 0.6635, F1-Score: 0.6631
2025-01-13 18:39:16,856 - INFO - Epoch 21 - Train Loss: 0.2523, Accuracy: 0.9148, Precision: 0.9146, Recall: 0.9148, F1-Score: 0.9146
2025-01-13 18:39:19,647 - INFO - Epoch 21 - Eval Loss: 1.4498, Accuracy: 0.6264, Precision: 0.6681, Recall: 0.6264, F1-Score: 0.6244
2025-01-13 18:39:24,891 - INFO - Epoch 22 - Train Loss: 0.2351, Accuracy: 0.9188, Precision: 0.9188, Recall: 0.9188, F1-Score: 0.9188
2025-01-13 18:39:27,630 - INFO - Epoch 22 - Eval Loss: 1.3562, Accuracy: 0.6575, Precision: 0.6698, Recall: 0.6575, F1-Score: 0.6521
2025-01-13 18:39:32,909 - INFO - Epoch 23 - Train Loss: 0.2297, Accuracy: 0.9238, Precision: 0.9240, Recall: 0.9238, F1-Score: 0.9238
2025-01-13 18:39:35,821 - INFO - Epoch 23 - Eval Loss: 1.2529, Accuracy: 0.6709, Precision: 0.6840, Recall: 0.6709, F1-Score: 0.6733
2025-01-13 18:39:41,106 - INFO - Epoch 24 - Train Loss: 0.1921, Accuracy: 0.9376, Precision: 0.9379, Recall: 0.9376, F1-Score: 0.9376
2025-01-13 18:39:44,201 - INFO - Epoch 24 - Eval Loss: 1.4124, Accuracy: 0.6512, Precision: 0.6518, Recall: 0.6512, F1-Score: 0.6427
2025-01-13 18:39:49,670 - INFO - Epoch 25 - Train Loss: 0.1807, Accuracy: 0.9358, Precision: 0.9358, Recall: 0.9358, F1-Score: 0.9358
2025-01-13 18:39:52,567 - INFO - Epoch 25 - Eval Loss: 1.3452, Accuracy: 0.6704, Precision: 0.6867, Recall: 0.6704, F1-Score: 0.6657
2025-01-13 18:39:57,836 - INFO - Epoch 26 - Train Loss: 0.1874, Accuracy: 0.9340, Precision: 0.9340, Recall: 0.9340, F1-Score: 0.9340
2025-01-13 18:40:00,730 - INFO - Epoch 26 - Eval Loss: 1.2800, Accuracy: 0.6781, Precision: 0.6809, Recall: 0.6781, F1-Score: 0.6759
2025-01-13 18:40:06,101 - INFO - Epoch 27 - Train Loss: 0.1621, Accuracy: 0.9444, Precision: 0.9445, Recall: 0.9444, F1-Score: 0.9444
2025-01-13 18:40:08,922 - INFO - Epoch 27 - Eval Loss: 1.2566, Accuracy: 0.6823, Precision: 0.6823, Recall: 0.6823, F1-Score: 0.6769
2025-01-13 18:40:14,294 - INFO - Epoch 28 - Train Loss: 0.1407, Accuracy: 0.9524, Precision: 0.9525, Recall: 0.9524, F1-Score: 0.9524
2025-01-13 18:40:17,025 - INFO - Epoch 28 - Eval Loss: 1.3000, Accuracy: 0.6895, Precision: 0.7031, Recall: 0.6895, F1-Score: 0.6911
2025-01-13 18:40:22,269 - INFO - Epoch 29 - Train Loss: 0.1325, Accuracy: 0.9532, Precision: 0.9533, Recall: 0.9532, F1-Score: 0.9532
2025-01-13 18:40:25,101 - INFO - Epoch 29 - Eval Loss: 1.3992, Accuracy: 0.6637, Precision: 0.6719, Recall: 0.6637, F1-Score: 0.6590
2025-01-13 18:40:30,509 - INFO - Epoch 30 - Train Loss: 0.1085, Accuracy: 0.9642, Precision: 0.9643, Recall: 0.9642, F1-Score: 0.9642
2025-01-13 18:40:33,449 - INFO - Epoch 30 - Eval Loss: 1.2865, Accuracy: 0.6896, Precision: 0.6923, Recall: 0.6896, F1-Score: 0.6876
2025-01-13 18:40:38,797 - INFO - Epoch 31 - Train Loss: 0.1051, Accuracy: 0.9660, Precision: 0.9660, Recall: 0.9660, F1-Score: 0.9660
2025-01-13 18:40:41,655 - INFO - Epoch 31 - Eval Loss: 1.3174, Accuracy: 0.6907, Precision: 0.6985, Recall: 0.6907, F1-Score: 0.6917
2025-01-13 18:40:47,068 - INFO - Epoch 32 - Train Loss: 0.1094, Accuracy: 0.9614, Precision: 0.9615, Recall: 0.9614, F1-Score: 0.9614
2025-01-13 18:40:49,836 - INFO - Epoch 32 - Eval Loss: 1.4289, Accuracy: 0.6775, Precision: 0.6889, Recall: 0.6775, F1-Score: 0.6768
2025-01-13 18:40:55,150 - INFO - Epoch 33 - Train Loss: 0.1180, Accuracy: 0.9618, Precision: 0.9619, Recall: 0.9618, F1-Score: 0.9618
2025-01-13 18:40:57,926 - INFO - Epoch 33 - Eval Loss: 1.3542, Accuracy: 0.6737, Precision: 0.6837, Recall: 0.6737, F1-Score: 0.6730
2025-01-13 18:41:03,206 - INFO - Epoch 34 - Train Loss: 0.1065, Accuracy: 0.9652, Precision: 0.9652, Recall: 0.9652, F1-Score: 0.9652
2025-01-13 18:41:05,867 - INFO - Epoch 34 - Eval Loss: 1.3686, Accuracy: 0.6886, Precision: 0.6972, Recall: 0.6886, F1-Score: 0.6891
2025-01-13 18:41:11,157 - INFO - Epoch 35 - Train Loss: 0.0967, Accuracy: 0.9674, Precision: 0.9675, Recall: 0.9674, F1-Score: 0.9674
2025-01-13 18:41:13,919 - INFO - Epoch 35 - Eval Loss: 1.4215, Accuracy: 0.6724, Precision: 0.6815, Recall: 0.6724, F1-Score: 0.6687
2025-01-13 18:41:19,160 - INFO - Epoch 36 - Train Loss: 0.0860, Accuracy: 0.9708, Precision: 0.9709, Recall: 0.9708, F1-Score: 0.9708
2025-01-13 18:41:21,940 - INFO - Epoch 36 - Eval Loss: 1.3474, Accuracy: 0.6906, Precision: 0.7008, Recall: 0.6906, F1-Score: 0.6897
2025-01-13 18:41:27,216 - INFO - Epoch 37 - Train Loss: 0.0923, Accuracy: 0.9710, Precision: 0.9710, Recall: 0.9710, F1-Score: 0.9710
2025-01-13 18:41:29,932 - INFO - Epoch 37 - Eval Loss: 1.3982, Accuracy: 0.6884, Precision: 0.6978, Recall: 0.6884, F1-Score: 0.6894
2025-01-13 18:41:35,409 - INFO - Epoch 38 - Train Loss: 0.0819, Accuracy: 0.9726, Precision: 0.9726, Recall: 0.9726, F1-Score: 0.9726
2025-01-13 18:41:38,185 - INFO - Epoch 38 - Eval Loss: 1.3287, Accuracy: 0.6936, Precision: 0.6981, Recall: 0.6936, F1-Score: 0.6906
2025-01-13 18:41:43,626 - INFO - Epoch 39 - Train Loss: 0.0753, Accuracy: 0.9746, Precision: 0.9746, Recall: 0.9746, F1-Score: 0.9746
2025-01-13 18:41:46,339 - INFO - Epoch 39 - Eval Loss: 1.3801, Accuracy: 0.6876, Precision: 0.7021, Recall: 0.6876, F1-Score: 0.6906
2025-01-13 18:41:51,689 - INFO - Epoch 40 - Train Loss: 0.0684, Accuracy: 0.9764, Precision: 0.9764, Recall: 0.9764, F1-Score: 0.9764
2025-01-13 18:41:54,557 - INFO - Epoch 40 - Eval Loss: 1.4257, Accuracy: 0.6859, Precision: 0.7008, Recall: 0.6859, F1-Score: 0.6844
2025-01-13 18:41:59,812 - INFO - Epoch 41 - Train Loss: 0.0721, Accuracy: 0.9762, Precision: 0.9762, Recall: 0.9762, F1-Score: 0.9762
2025-01-13 18:42:02,636 - INFO - Epoch 41 - Eval Loss: 1.4168, Accuracy: 0.6814, Precision: 0.6938, Recall: 0.6814, F1-Score: 0.6838
2025-01-13 18:42:08,079 - INFO - Epoch 42 - Train Loss: 0.0688, Accuracy: 0.9768, Precision: 0.9768, Recall: 0.9768, F1-Score: 0.9768
2025-01-13 18:42:10,944 - INFO - Epoch 42 - Eval Loss: 1.4012, Accuracy: 0.6923, Precision: 0.7003, Recall: 0.6922, F1-Score: 0.6908
2025-01-13 18:42:16,189 - INFO - Epoch 43 - Train Loss: 0.0656, Accuracy: 0.9796, Precision: 0.9797, Recall: 0.9796, F1-Score: 0.9796
2025-01-13 18:42:19,053 - INFO - Epoch 43 - Eval Loss: 1.3138, Accuracy: 0.7015, Precision: 0.7008, Recall: 0.7015, F1-Score: 0.6980
2025-01-13 18:42:24,428 - INFO - Epoch 44 - Train Loss: 0.0683, Accuracy: 0.9768, Precision: 0.9768, Recall: 0.9768, F1-Score: 0.9768
2025-01-13 18:42:27,350 - INFO - Epoch 44 - Eval Loss: 1.4170, Accuracy: 0.6897, Precision: 0.6980, Recall: 0.6897, F1-Score: 0.6884
2025-01-13 18:42:32,764 - INFO - Epoch 45 - Train Loss: 0.0683, Accuracy: 0.9756, Precision: 0.9757, Recall: 0.9756, F1-Score: 0.9756
2025-01-13 18:42:35,556 - INFO - Epoch 45 - Eval Loss: 1.3460, Accuracy: 0.6901, Precision: 0.6998, Recall: 0.6901, F1-Score: 0.6907
2025-01-13 18:42:40,864 - INFO - Epoch 46 - Train Loss: 0.0650, Accuracy: 0.9798, Precision: 0.9798, Recall: 0.9798, F1-Score: 0.9798
2025-01-13 18:42:43,592 - INFO - Epoch 46 - Eval Loss: 1.3935, Accuracy: 0.6933, Precision: 0.7088, Recall: 0.6933, F1-Score: 0.6915
2025-01-13 18:42:49,010 - INFO - Epoch 47 - Train Loss: 0.0651, Accuracy: 0.9792, Precision: 0.9792, Recall: 0.9792, F1-Score: 0.9792
2025-01-13 18:42:51,874 - INFO - Epoch 47 - Eval Loss: 1.3942, Accuracy: 0.6973, Precision: 0.7027, Recall: 0.6972, F1-Score: 0.6974
2025-01-13 18:42:57,233 - INFO - Epoch 48 - Train Loss: 0.0677, Accuracy: 0.9782, Precision: 0.9782, Recall: 0.9782, F1-Score: 0.9782
2025-01-13 18:43:00,069 - INFO - Epoch 48 - Eval Loss: 1.4600, Accuracy: 0.6836, Precision: 0.6952, Recall: 0.6836, F1-Score: 0.6781
2025-01-13 18:43:05,427 - INFO - Epoch 49 - Train Loss: 0.0611, Accuracy: 0.9806, Precision: 0.9806, Recall: 0.9806, F1-Score: 0.9806
2025-01-13 18:43:08,260 - INFO - Epoch 49 - Eval Loss: 1.4576, Accuracy: 0.6823, Precision: 0.6867, Recall: 0.6823, F1-Score: 0.6779
2025-01-13 18:43:13,650 - INFO - Epoch 50 - Train Loss: 0.0654, Accuracy: 0.9794, Precision: 0.9794, Recall: 0.9794, F1-Score: 0.9794
2025-01-13 18:43:16,461 - INFO - Epoch 50 - Eval Loss: 1.5097, Accuracy: 0.6833, Precision: 0.7023, Recall: 0.6832, F1-Score: 0.6809
2025-01-13 18:43:21,790 - INFO - Epoch 51 - Train Loss: 0.0593, Accuracy: 0.9780, Precision: 0.9780, Recall: 0.9780, F1-Score: 0.9780
2025-01-13 18:43:24,620 - INFO - Epoch 51 - Eval Loss: 1.4146, Accuracy: 0.6910, Precision: 0.7059, Recall: 0.6910, F1-Score: 0.6945
2025-01-13 18:43:29,957 - INFO - Epoch 52 - Train Loss: 0.0475, Accuracy: 0.9850, Precision: 0.9851, Recall: 0.9850, F1-Score: 0.9850
2025-01-13 18:43:32,827 - INFO - Epoch 52 - Eval Loss: 1.3060, Accuracy: 0.6989, Precision: 0.7095, Recall: 0.6989, F1-Score: 0.7014
2025-01-13 18:43:38,145 - INFO - Epoch 53 - Train Loss: 0.0458, Accuracy: 0.9832, Precision: 0.9832, Recall: 0.9832, F1-Score: 0.9832
2025-01-13 18:43:40,989 - INFO - Epoch 53 - Eval Loss: 1.3036, Accuracy: 0.7093, Precision: 0.7137, Recall: 0.7093, F1-Score: 0.7092
2025-01-13 18:43:46,340 - INFO - Epoch 54 - Train Loss: 0.0423, Accuracy: 0.9860, Precision: 0.9860, Recall: 0.9860, F1-Score: 0.9860
2025-01-13 18:43:49,263 - INFO - Epoch 54 - Eval Loss: 1.3297, Accuracy: 0.7057, Precision: 0.7087, Recall: 0.7057, F1-Score: 0.7060
2025-01-13 18:43:54,637 - INFO - Epoch 55 - Train Loss: 0.0401, Accuracy: 0.9856, Precision: 0.9857, Recall: 0.9856, F1-Score: 0.9856
2025-01-13 18:43:57,475 - INFO - Epoch 55 - Eval Loss: 1.4178, Accuracy: 0.6949, Precision: 0.7067, Recall: 0.6949, F1-Score: 0.6960
2025-01-13 18:44:02,823 - INFO - Epoch 56 - Train Loss: 0.0435, Accuracy: 0.9862, Precision: 0.9862, Recall: 0.9862, F1-Score: 0.9862
2025-01-13 18:44:05,688 - INFO - Epoch 56 - Eval Loss: 1.4696, Accuracy: 0.6934, Precision: 0.7030, Recall: 0.6934, F1-Score: 0.6909
2025-01-13 18:44:10,989 - INFO - Epoch 57 - Train Loss: 0.0527, Accuracy: 0.9810, Precision: 0.9811, Recall: 0.9810, F1-Score: 0.9810
2025-01-13 18:44:13,927 - INFO - Epoch 57 - Eval Loss: 1.6529, Accuracy: 0.6549, Precision: 0.6737, Recall: 0.6549, F1-Score: 0.6492
2025-01-13 18:44:19,287 - INFO - Epoch 58 - Train Loss: 0.0596, Accuracy: 0.9802, Precision: 0.9802, Recall: 0.9802, F1-Score: 0.9802
2025-01-13 18:44:22,177 - INFO - Epoch 58 - Eval Loss: 1.5209, Accuracy: 0.6865, Precision: 0.7004, Recall: 0.6865, F1-Score: 0.6869
2025-01-13 18:44:27,577 - INFO - Epoch 59 - Train Loss: 0.0715, Accuracy: 0.9754, Precision: 0.9754, Recall: 0.9754, F1-Score: 0.9754
2025-01-13 18:44:30,413 - INFO - Epoch 59 - Eval Loss: 1.5361, Accuracy: 0.6779, Precision: 0.7024, Recall: 0.6779, F1-Score: 0.6797
2025-01-13 18:44:35,764 - INFO - Epoch 60 - Train Loss: 0.0653, Accuracy: 0.9788, Precision: 0.9788, Recall: 0.9788, F1-Score: 0.9788
2025-01-13 18:44:38,633 - INFO - Epoch 60 - Eval Loss: 1.3516, Accuracy: 0.6903, Precision: 0.6942, Recall: 0.6902, F1-Score: 0.6909
2025-01-13 18:44:43,905 - INFO - Epoch 61 - Train Loss: 0.0552, Accuracy: 0.9838, Precision: 0.9838, Recall: 0.9838, F1-Score: 0.9838
2025-01-13 18:44:46,717 - INFO - Epoch 61 - Eval Loss: 1.5198, Accuracy: 0.6960, Precision: 0.7163, Recall: 0.6960, F1-Score: 0.6968
2025-01-13 18:44:52,020 - INFO - Epoch 62 - Train Loss: 0.0517, Accuracy: 0.9842, Precision: 0.9842, Recall: 0.9842, F1-Score: 0.9842
2025-01-13 18:44:54,888 - INFO - Epoch 62 - Eval Loss: 1.4782, Accuracy: 0.6999, Precision: 0.7126, Recall: 0.6999, F1-Score: 0.6989
2025-01-13 18:45:00,229 - INFO - Epoch 63 - Train Loss: 0.0454, Accuracy: 0.9864, Precision: 0.9864, Recall: 0.9864, F1-Score: 0.9864
2025-01-13 18:45:02,961 - INFO - Epoch 63 - Eval Loss: 1.4535, Accuracy: 0.6866, Precision: 0.6976, Recall: 0.6866, F1-Score: 0.6895
2025-01-13 18:45:08,211 - INFO - Epoch 64 - Train Loss: 0.0404, Accuracy: 0.9886, Precision: 0.9886, Recall: 0.9886, F1-Score: 0.9886
2025-01-13 18:45:11,013 - INFO - Epoch 64 - Eval Loss: 1.4676, Accuracy: 0.7004, Precision: 0.7140, Recall: 0.7004, F1-Score: 0.7018
2025-01-13 18:45:16,348 - INFO - Epoch 65 - Train Loss: 0.0330, Accuracy: 0.9906, Precision: 0.9906, Recall: 0.9906, F1-Score: 0.9906
2025-01-13 18:45:19,164 - INFO - Epoch 65 - Eval Loss: 1.4169, Accuracy: 0.7097, Precision: 0.7149, Recall: 0.7097, F1-Score: 0.7082
2025-01-13 18:45:24,613 - INFO - Epoch 66 - Train Loss: 0.0388, Accuracy: 0.9866, Precision: 0.9866, Recall: 0.9866, F1-Score: 0.9866
2025-01-13 18:45:27,489 - INFO - Epoch 66 - Eval Loss: 1.4073, Accuracy: 0.7025, Precision: 0.7150, Recall: 0.7025, F1-Score: 0.7043
2025-01-13 18:45:32,816 - INFO - Epoch 67 - Train Loss: 0.0354, Accuracy: 0.9898, Precision: 0.9898, Recall: 0.9898, F1-Score: 0.9898
2025-01-13 18:45:35,628 - INFO - Epoch 67 - Eval Loss: 1.4011, Accuracy: 0.6959, Precision: 0.6994, Recall: 0.6959, F1-Score: 0.6940
2025-01-13 18:45:41,019 - INFO - Epoch 68 - Train Loss: 0.0422, Accuracy: 0.9856, Precision: 0.9856, Recall: 0.9856, F1-Score: 0.9856
2025-01-13 18:45:43,752 - INFO - Epoch 68 - Eval Loss: 1.3820, Accuracy: 0.7021, Precision: 0.7108, Recall: 0.7021, F1-Score: 0.7029
2025-01-13 18:45:48,961 - INFO - Epoch 69 - Train Loss: 0.0403, Accuracy: 0.9868, Precision: 0.9868, Recall: 0.9868, F1-Score: 0.9868
2025-01-13 18:45:51,774 - INFO - Epoch 69 - Eval Loss: 1.5057, Accuracy: 0.6906, Precision: 0.6978, Recall: 0.6906, F1-Score: 0.6900
2025-01-13 18:45:57,065 - INFO - Epoch 70 - Train Loss: 0.0407, Accuracy: 0.9876, Precision: 0.9876, Recall: 0.9876, F1-Score: 0.9876
2025-01-13 18:45:59,852 - INFO - Epoch 70 - Eval Loss: 1.4864, Accuracy: 0.6964, Precision: 0.7062, Recall: 0.6964, F1-Score: 0.6990
2025-01-13 18:46:05,185 - INFO - Epoch 71 - Train Loss: 0.0422, Accuracy: 0.9872, Precision: 0.9872, Recall: 0.9872, F1-Score: 0.9872
2025-01-13 18:46:07,903 - INFO - Epoch 71 - Eval Loss: 1.4489, Accuracy: 0.7019, Precision: 0.7090, Recall: 0.7019, F1-Score: 0.7018
2025-01-13 18:46:13,342 - INFO - Epoch 72 - Train Loss: 0.0388, Accuracy: 0.9860, Precision: 0.9860, Recall: 0.9860, F1-Score: 0.9860
2025-01-13 18:46:16,051 - INFO - Epoch 72 - Eval Loss: 1.4812, Accuracy: 0.7041, Precision: 0.7162, Recall: 0.7041, F1-Score: 0.7052
2025-01-13 18:46:21,374 - INFO - Epoch 73 - Train Loss: 0.0493, Accuracy: 0.9842, Precision: 0.9842, Recall: 0.9842, F1-Score: 0.9842
2025-01-13 18:46:24,284 - INFO - Epoch 73 - Eval Loss: 1.4915, Accuracy: 0.6900, Precision: 0.7126, Recall: 0.6900, F1-Score: 0.6954
2025-01-13 18:46:29,588 - INFO - Epoch 74 - Train Loss: 0.0525, Accuracy: 0.9840, Precision: 0.9840, Recall: 0.9840, F1-Score: 0.9840
2025-01-13 18:46:32,386 - INFO - Epoch 74 - Eval Loss: 1.4632, Accuracy: 0.6915, Precision: 0.6969, Recall: 0.6915, F1-Score: 0.6903
2025-01-13 18:46:37,689 - INFO - Epoch 75 - Train Loss: 0.0340, Accuracy: 0.9896, Precision: 0.9896, Recall: 0.9896, F1-Score: 0.9896
2025-01-13 18:46:40,568 - INFO - Epoch 75 - Eval Loss: 1.4065, Accuracy: 0.7001, Precision: 0.7061, Recall: 0.7001, F1-Score: 0.7001
2025-01-13 18:46:45,836 - INFO - Epoch 76 - Train Loss: 0.0443, Accuracy: 0.9850, Precision: 0.9851, Recall: 0.9850, F1-Score: 0.9850
2025-01-13 18:46:48,660 - INFO - Epoch 76 - Eval Loss: 1.3413, Accuracy: 0.7103, Precision: 0.7148, Recall: 0.7103, F1-Score: 0.7105
2025-01-13 18:46:53,934 - INFO - Epoch 77 - Train Loss: 0.0376, Accuracy: 0.9870, Precision: 0.9871, Recall: 0.9870, F1-Score: 0.9870
2025-01-13 18:46:56,920 - INFO - Epoch 77 - Eval Loss: 1.4032, Accuracy: 0.7111, Precision: 0.7180, Recall: 0.7111, F1-Score: 0.7086
2025-01-13 18:47:02,208 - INFO - Epoch 78 - Train Loss: 0.0317, Accuracy: 0.9900, Precision: 0.9900, Recall: 0.9900, F1-Score: 0.9900
2025-01-13 18:47:05,109 - INFO - Epoch 78 - Eval Loss: 1.4370, Accuracy: 0.6984, Precision: 0.7072, Recall: 0.6984, F1-Score: 0.6984
2025-01-13 18:47:10,458 - INFO - Epoch 79 - Train Loss: 0.0293, Accuracy: 0.9902, Precision: 0.9902, Recall: 0.9902, F1-Score: 0.9902
2025-01-13 18:47:13,317 - INFO - Epoch 79 - Eval Loss: 1.3844, Accuracy: 0.7084, Precision: 0.7145, Recall: 0.7084, F1-Score: 0.7089
2025-01-13 18:47:18,637 - INFO - Epoch 80 - Train Loss: 0.0306, Accuracy: 0.9894, Precision: 0.9894, Recall: 0.9894, F1-Score: 0.9894
2025-01-13 18:47:21,558 - INFO - Epoch 80 - Eval Loss: 1.5066, Accuracy: 0.6957, Precision: 0.7078, Recall: 0.6957, F1-Score: 0.6946
2025-01-13 18:47:26,999 - INFO - Epoch 81 - Train Loss: 0.0269, Accuracy: 0.9926, Precision: 0.9926, Recall: 0.9926, F1-Score: 0.9926
2025-01-13 18:47:29,813 - INFO - Epoch 81 - Eval Loss: 1.4628, Accuracy: 0.7063, Precision: 0.7132, Recall: 0.7063, F1-Score: 0.7061
2025-01-13 18:47:35,202 - INFO - Epoch 82 - Train Loss: 0.0287, Accuracy: 0.9910, Precision: 0.9910, Recall: 0.9910, F1-Score: 0.9910
2025-01-13 18:47:38,050 - INFO - Epoch 82 - Eval Loss: 1.3601, Accuracy: 0.7179, Precision: 0.7208, Recall: 0.7179, F1-Score: 0.7171
2025-01-13 18:47:43,308 - INFO - Epoch 83 - Train Loss: 0.0307, Accuracy: 0.9902, Precision: 0.9902, Recall: 0.9902, F1-Score: 0.9902
2025-01-13 18:47:46,202 - INFO - Epoch 83 - Eval Loss: 1.3484, Accuracy: 0.7097, Precision: 0.7153, Recall: 0.7097, F1-Score: 0.7116
2025-01-13 18:47:51,551 - INFO - Epoch 84 - Train Loss: 0.0316, Accuracy: 0.9902, Precision: 0.9902, Recall: 0.9902, F1-Score: 0.9902
2025-01-13 18:47:54,509 - INFO - Epoch 84 - Eval Loss: 1.4288, Accuracy: 0.7137, Precision: 0.7230, Recall: 0.7137, F1-Score: 0.7147
2025-01-13 18:47:59,941 - INFO - Epoch 85 - Train Loss: 0.0388, Accuracy: 0.9868, Precision: 0.9868, Recall: 0.9868, F1-Score: 0.9868
2025-01-13 18:48:02,676 - INFO - Epoch 85 - Eval Loss: 1.4144, Accuracy: 0.7114, Precision: 0.7165, Recall: 0.7114, F1-Score: 0.7125
2025-01-13 18:48:07,960 - INFO - Epoch 86 - Train Loss: 0.0375, Accuracy: 0.9894, Precision: 0.9894, Recall: 0.9894, F1-Score: 0.9894
2025-01-13 18:48:10,772 - INFO - Epoch 86 - Eval Loss: 1.3949, Accuracy: 0.7129, Precision: 0.7130, Recall: 0.7129, F1-Score: 0.7116
2025-01-13 18:48:16,103 - INFO - Epoch 87 - Train Loss: 0.0377, Accuracy: 0.9874, Precision: 0.9874, Recall: 0.9874, F1-Score: 0.9874
2025-01-13 18:48:18,896 - INFO - Epoch 87 - Eval Loss: 1.4251, Accuracy: 0.7033, Precision: 0.7050, Recall: 0.7032, F1-Score: 0.7020
2025-01-13 18:48:24,288 - INFO - Epoch 88 - Train Loss: 0.0440, Accuracy: 0.9874, Precision: 0.9875, Recall: 0.9874, F1-Score: 0.9874
2025-01-13 18:48:27,232 - INFO - Epoch 88 - Eval Loss: 1.5236, Accuracy: 0.6905, Precision: 0.7002, Recall: 0.6905, F1-Score: 0.6909
2025-01-13 18:48:32,813 - INFO - Epoch 89 - Train Loss: 0.0485, Accuracy: 0.9824, Precision: 0.9824, Recall: 0.9824, F1-Score: 0.9824
2025-01-13 18:48:35,735 - INFO - Epoch 89 - Eval Loss: 1.4762, Accuracy: 0.6989, Precision: 0.7142, Recall: 0.6989, F1-Score: 0.7002
2025-01-13 18:48:41,346 - INFO - Epoch 90 - Train Loss: 0.0415, Accuracy: 0.9856, Precision: 0.9857, Recall: 0.9856, F1-Score: 0.9856
2025-01-13 18:48:44,272 - INFO - Epoch 90 - Eval Loss: 1.4300, Accuracy: 0.7009, Precision: 0.7075, Recall: 0.7009, F1-Score: 0.7007
2025-01-13 18:48:49,756 - INFO - Epoch 91 - Train Loss: 0.0351, Accuracy: 0.9878, Precision: 0.9878, Recall: 0.9878, F1-Score: 0.9878
2025-01-13 18:48:52,685 - INFO - Epoch 91 - Eval Loss: 1.4974, Accuracy: 0.6986, Precision: 0.7166, Recall: 0.6986, F1-Score: 0.7002
2025-01-13 18:48:58,180 - INFO - Epoch 92 - Train Loss: 0.0362, Accuracy: 0.9892, Precision: 0.9892, Recall: 0.9892, F1-Score: 0.9892
2025-01-13 18:49:01,280 - INFO - Epoch 92 - Eval Loss: 1.4238, Accuracy: 0.7009, Precision: 0.7022, Recall: 0.7009, F1-Score: 0.6992
2025-01-13 18:49:06,902 - INFO - Epoch 93 - Train Loss: 0.0385, Accuracy: 0.9860, Precision: 0.9860, Recall: 0.9860, F1-Score: 0.9860
2025-01-13 18:49:09,961 - INFO - Epoch 93 - Eval Loss: 1.4428, Accuracy: 0.7015, Precision: 0.7017, Recall: 0.7015, F1-Score: 0.6973
2025-01-13 18:49:15,630 - INFO - Epoch 94 - Train Loss: 0.0369, Accuracy: 0.9880, Precision: 0.9880, Recall: 0.9880, F1-Score: 0.9880
2025-01-13 18:49:18,611 - INFO - Epoch 94 - Eval Loss: 1.3499, Accuracy: 0.7120, Precision: 0.7163, Recall: 0.7120, F1-Score: 0.7121
2025-01-13 18:49:24,181 - INFO - Epoch 95 - Train Loss: 0.0334, Accuracy: 0.9902, Precision: 0.9902, Recall: 0.9902, F1-Score: 0.9902
2025-01-13 18:49:26,985 - INFO - Epoch 95 - Eval Loss: 1.3961, Accuracy: 0.7120, Precision: 0.7141, Recall: 0.7120, F1-Score: 0.7119
2025-01-13 18:49:32,530 - INFO - Epoch 96 - Train Loss: 0.0326, Accuracy: 0.9892, Precision: 0.9892, Recall: 0.9892, F1-Score: 0.9892
2025-01-13 18:49:35,397 - INFO - Epoch 96 - Eval Loss: 1.4182, Accuracy: 0.7081, Precision: 0.7104, Recall: 0.7081, F1-Score: 0.7073
2025-01-13 18:49:40,942 - INFO - Epoch 97 - Train Loss: 0.0265, Accuracy: 0.9900, Precision: 0.9900, Recall: 0.9900, F1-Score: 0.9900
2025-01-13 18:49:44,012 - INFO - Epoch 97 - Eval Loss: 1.4672, Accuracy: 0.7019, Precision: 0.7118, Recall: 0.7019, F1-Score: 0.7018
2025-01-13 18:49:49,473 - INFO - Epoch 98 - Train Loss: 0.0188, Accuracy: 0.9958, Precision: 0.9958, Recall: 0.9958, F1-Score: 0.9958
2025-01-13 18:49:52,389 - INFO - Epoch 98 - Eval Loss: 1.4505, Accuracy: 0.7090, Precision: 0.7164, Recall: 0.7090, F1-Score: 0.7098
2025-01-13 18:49:57,825 - INFO - Epoch 99 - Train Loss: 0.0174, Accuracy: 0.9948, Precision: 0.9948, Recall: 0.9948, F1-Score: 0.9948
2025-01-13 18:50:00,604 - INFO - Epoch 99 - Eval Loss: 1.4513, Accuracy: 0.7114, Precision: 0.7131, Recall: 0.7114, F1-Score: 0.7110
2025-01-13 18:50:00,604 - INFO - Training finished
