2025-01-13 17:47:26,514 - INFO - Log file created at log/optimizer/cifar10_lr0.001_adam_wm1_20250113-174726.log
2025-01-13 17:47:26,561 - INFO - Using device cuda:3
2025-01-13 17:47:37,958 - INFO - Epoch 0 - Train Loss: 1.7628, Accuracy: 0.3618, Precision: 0.3558, Recall: 0.3618, F1-Score: 0.3570
2025-01-13 17:47:39,291 - INFO - Epoch 0 - Eval Loss: 1.4017, Accuracy: 0.4870, Precision: 0.4858, Recall: 0.4870, F1-Score: 0.4714
2025-01-13 17:47:46,269 - INFO - Epoch 1 - Train Loss: 1.3736, Accuracy: 0.5019, Precision: 0.4970, Recall: 0.5019, F1-Score: 0.4987
2025-01-13 17:47:47,595 - INFO - Epoch 1 - Eval Loss: 1.1971, Accuracy: 0.5586, Precision: 0.5697, Recall: 0.5586, F1-Score: 0.5440
2025-01-13 17:47:54,557 - INFO - Epoch 2 - Train Loss: 1.2085, Accuracy: 0.5667, Precision: 0.5629, Recall: 0.5667, F1-Score: 0.5645
2025-01-13 17:47:55,860 - INFO - Epoch 2 - Eval Loss: 1.0391, Accuracy: 0.6270, Precision: 0.6250, Recall: 0.6270, F1-Score: 0.6197
2025-01-13 17:48:02,968 - INFO - Epoch 3 - Train Loss: 1.0708, Accuracy: 0.6189, Precision: 0.6164, Recall: 0.6189, F1-Score: 0.6174
2025-01-13 17:48:04,061 - INFO - Epoch 3 - Eval Loss: 0.9729, Accuracy: 0.6501, Precision: 0.6620, Recall: 0.6501, F1-Score: 0.6484
2025-01-13 17:48:10,859 - INFO - Epoch 4 - Train Loss: 0.9835, Accuracy: 0.6514, Precision: 0.6494, Recall: 0.6514, F1-Score: 0.6502
2025-01-13 17:48:12,025 - INFO - Epoch 4 - Eval Loss: 0.8579, Accuracy: 0.6975, Precision: 0.6981, Recall: 0.6975, F1-Score: 0.6954
2025-01-13 17:48:18,983 - INFO - Epoch 5 - Train Loss: 0.8980, Accuracy: 0.6803, Precision: 0.6788, Recall: 0.6803, F1-Score: 0.6794
2025-01-13 17:48:20,112 - INFO - Epoch 5 - Eval Loss: 0.8010, Accuracy: 0.7225, Precision: 0.7236, Recall: 0.7225, F1-Score: 0.7212
2025-01-13 17:48:27,172 - INFO - Epoch 6 - Train Loss: 0.8261, Accuracy: 0.7089, Precision: 0.7078, Recall: 0.7089, F1-Score: 0.7082
2025-01-13 17:48:28,394 - INFO - Epoch 6 - Eval Loss: 0.7587, Accuracy: 0.7317, Precision: 0.7331, Recall: 0.7317, F1-Score: 0.7290
2025-01-13 17:48:35,297 - INFO - Epoch 7 - Train Loss: 0.7806, Accuracy: 0.7242, Precision: 0.7237, Recall: 0.7242, F1-Score: 0.7239
2025-01-13 17:48:36,485 - INFO - Epoch 7 - Eval Loss: 0.7866, Accuracy: 0.7268, Precision: 0.7314, Recall: 0.7268, F1-Score: 0.7211
2025-01-13 17:48:43,383 - INFO - Epoch 8 - Train Loss: 0.7360, Accuracy: 0.7413, Precision: 0.7402, Recall: 0.7413, F1-Score: 0.7406
2025-01-13 17:48:44,544 - INFO - Epoch 8 - Eval Loss: 0.6909, Accuracy: 0.7645, Precision: 0.7658, Recall: 0.7645, F1-Score: 0.7626
2025-01-13 17:48:51,398 - INFO - Epoch 9 - Train Loss: 0.7031, Accuracy: 0.7514, Precision: 0.7508, Recall: 0.7514, F1-Score: 0.7510
2025-01-13 17:48:52,608 - INFO - Epoch 9 - Eval Loss: 0.6732, Accuracy: 0.7703, Precision: 0.7741, Recall: 0.7703, F1-Score: 0.7694
2025-01-13 17:48:59,399 - INFO - Epoch 10 - Train Loss: 0.6757, Accuracy: 0.7627, Precision: 0.7622, Recall: 0.7627, F1-Score: 0.7623
2025-01-13 17:49:00,490 - INFO - Epoch 10 - Eval Loss: 0.6556, Accuracy: 0.7763, Precision: 0.7796, Recall: 0.7763, F1-Score: 0.7766
2025-01-13 17:49:07,325 - INFO - Epoch 11 - Train Loss: 0.6449, Accuracy: 0.7738, Precision: 0.7736, Recall: 0.7738, F1-Score: 0.7736
2025-01-13 17:49:08,545 - INFO - Epoch 11 - Eval Loss: 0.6237, Accuracy: 0.7858, Precision: 0.7869, Recall: 0.7858, F1-Score: 0.7840
2025-01-13 17:49:15,351 - INFO - Epoch 12 - Train Loss: 0.6299, Accuracy: 0.7790, Precision: 0.7783, Recall: 0.7790, F1-Score: 0.7785
2025-01-13 17:49:16,549 - INFO - Epoch 12 - Eval Loss: 0.5934, Accuracy: 0.7977, Precision: 0.8001, Recall: 0.7977, F1-Score: 0.7977
2025-01-13 17:49:23,318 - INFO - Epoch 13 - Train Loss: 0.6028, Accuracy: 0.7895, Precision: 0.7891, Recall: 0.7895, F1-Score: 0.7892
2025-01-13 17:49:24,458 - INFO - Epoch 13 - Eval Loss: 0.5872, Accuracy: 0.7952, Precision: 0.7958, Recall: 0.7952, F1-Score: 0.7928
2025-01-13 17:49:31,256 - INFO - Epoch 14 - Train Loss: 0.5880, Accuracy: 0.7927, Precision: 0.7919, Recall: 0.7927, F1-Score: 0.7922
2025-01-13 17:49:32,411 - INFO - Epoch 14 - Eval Loss: 0.5943, Accuracy: 0.8006, Precision: 0.8012, Recall: 0.8006, F1-Score: 0.7989
2025-01-13 17:49:39,155 - INFO - Epoch 15 - Train Loss: 0.5655, Accuracy: 0.8020, Precision: 0.8016, Recall: 0.8020, F1-Score: 0.8017
2025-01-13 17:49:40,314 - INFO - Epoch 15 - Eval Loss: 0.5680, Accuracy: 0.8062, Precision: 0.8084, Recall: 0.8062, F1-Score: 0.8058
2025-01-13 17:49:47,008 - INFO - Epoch 16 - Train Loss: 0.5475, Accuracy: 0.8075, Precision: 0.8073, Recall: 0.8075, F1-Score: 0.8073
2025-01-13 17:49:48,190 - INFO - Epoch 16 - Eval Loss: 0.5603, Accuracy: 0.8149, Precision: 0.8183, Recall: 0.8149, F1-Score: 0.8142
2025-01-13 17:49:54,958 - INFO - Epoch 17 - Train Loss: 0.5377, Accuracy: 0.8095, Precision: 0.8094, Recall: 0.8095, F1-Score: 0.8093
2025-01-13 17:49:56,117 - INFO - Epoch 17 - Eval Loss: 0.5447, Accuracy: 0.8162, Precision: 0.8162, Recall: 0.8162, F1-Score: 0.8156
2025-01-13 17:50:02,947 - INFO - Epoch 18 - Train Loss: 0.5261, Accuracy: 0.8159, Precision: 0.8156, Recall: 0.8159, F1-Score: 0.8156
2025-01-13 17:50:04,097 - INFO - Epoch 18 - Eval Loss: 0.5281, Accuracy: 0.8211, Precision: 0.8203, Recall: 0.8211, F1-Score: 0.8197
2025-01-13 17:50:10,846 - INFO - Epoch 19 - Train Loss: 0.5067, Accuracy: 0.8245, Precision: 0.8244, Recall: 0.8245, F1-Score: 0.8244
2025-01-13 17:50:12,030 - INFO - Epoch 19 - Eval Loss: 0.5359, Accuracy: 0.8187, Precision: 0.8193, Recall: 0.8187, F1-Score: 0.8172
2025-01-13 17:50:18,879 - INFO - Epoch 20 - Train Loss: 0.4950, Accuracy: 0.8271, Precision: 0.8268, Recall: 0.8271, F1-Score: 0.8269
2025-01-13 17:50:20,105 - INFO - Epoch 20 - Eval Loss: 0.5320, Accuracy: 0.8198, Precision: 0.8221, Recall: 0.8198, F1-Score: 0.8170
2025-01-13 17:50:26,947 - INFO - Epoch 21 - Train Loss: 0.4841, Accuracy: 0.8313, Precision: 0.8312, Recall: 0.8313, F1-Score: 0.8312
2025-01-13 17:50:28,093 - INFO - Epoch 21 - Eval Loss: 0.5374, Accuracy: 0.8211, Precision: 0.8231, Recall: 0.8211, F1-Score: 0.8213
2025-01-13 17:50:34,852 - INFO - Epoch 22 - Train Loss: 0.4785, Accuracy: 0.8343, Precision: 0.8341, Recall: 0.8343, F1-Score: 0.8341
2025-01-13 17:50:36,016 - INFO - Epoch 22 - Eval Loss: 0.4960, Accuracy: 0.8344, Precision: 0.8340, Recall: 0.8344, F1-Score: 0.8339
2025-01-13 17:50:42,883 - INFO - Epoch 23 - Train Loss: 0.4670, Accuracy: 0.8345, Precision: 0.8342, Recall: 0.8345, F1-Score: 0.8343
2025-01-13 17:50:44,033 - INFO - Epoch 23 - Eval Loss: 0.5138, Accuracy: 0.8317, Precision: 0.8330, Recall: 0.8317, F1-Score: 0.8302
2025-01-13 17:50:50,814 - INFO - Epoch 24 - Train Loss: 0.4538, Accuracy: 0.8411, Precision: 0.8409, Recall: 0.8411, F1-Score: 0.8409
2025-01-13 17:50:52,021 - INFO - Epoch 24 - Eval Loss: 0.4982, Accuracy: 0.8333, Precision: 0.8350, Recall: 0.8333, F1-Score: 0.8334
2025-01-13 17:50:58,884 - INFO - Epoch 25 - Train Loss: 0.4502, Accuracy: 0.8424, Precision: 0.8422, Recall: 0.8424, F1-Score: 0.8422
2025-01-13 17:51:00,094 - INFO - Epoch 25 - Eval Loss: 0.4814, Accuracy: 0.8389, Precision: 0.8397, Recall: 0.8389, F1-Score: 0.8389
2025-01-13 17:51:06,966 - INFO - Epoch 26 - Train Loss: 0.4338, Accuracy: 0.8497, Precision: 0.8496, Recall: 0.8497, F1-Score: 0.8495
2025-01-13 17:51:08,154 - INFO - Epoch 26 - Eval Loss: 0.5094, Accuracy: 0.8272, Precision: 0.8316, Recall: 0.8272, F1-Score: 0.8267
2025-01-13 17:51:14,889 - INFO - Epoch 27 - Train Loss: 0.4291, Accuracy: 0.8496, Precision: 0.8496, Recall: 0.8496, F1-Score: 0.8495
2025-01-13 17:51:16,096 - INFO - Epoch 27 - Eval Loss: 0.4984, Accuracy: 0.8341, Precision: 0.8350, Recall: 0.8341, F1-Score: 0.8330
2025-01-13 17:51:22,869 - INFO - Epoch 28 - Train Loss: 0.4234, Accuracy: 0.8539, Precision: 0.8537, Recall: 0.8539, F1-Score: 0.8537
2025-01-13 17:51:24,094 - INFO - Epoch 28 - Eval Loss: 0.4844, Accuracy: 0.8394, Precision: 0.8403, Recall: 0.8394, F1-Score: 0.8386
2025-01-13 17:51:30,827 - INFO - Epoch 29 - Train Loss: 0.4117, Accuracy: 0.8553, Precision: 0.8551, Recall: 0.8553, F1-Score: 0.8552
2025-01-13 17:51:32,048 - INFO - Epoch 29 - Eval Loss: 0.4850, Accuracy: 0.8387, Precision: 0.8439, Recall: 0.8387, F1-Score: 0.8387
2025-01-13 17:51:38,825 - INFO - Epoch 30 - Train Loss: 0.4099, Accuracy: 0.8566, Precision: 0.8566, Recall: 0.8566, F1-Score: 0.8565
2025-01-13 17:51:39,970 - INFO - Epoch 30 - Eval Loss: 0.4684, Accuracy: 0.8441, Precision: 0.8451, Recall: 0.8441, F1-Score: 0.8436
2025-01-13 17:51:46,751 - INFO - Epoch 31 - Train Loss: 0.4017, Accuracy: 0.8580, Precision: 0.8579, Recall: 0.8580, F1-Score: 0.8579
2025-01-13 17:51:47,929 - INFO - Epoch 31 - Eval Loss: 0.4820, Accuracy: 0.8356, Precision: 0.8369, Recall: 0.8356, F1-Score: 0.8347
2025-01-13 17:51:54,702 - INFO - Epoch 32 - Train Loss: 0.3944, Accuracy: 0.8612, Precision: 0.8612, Recall: 0.8612, F1-Score: 0.8611
2025-01-13 17:51:55,873 - INFO - Epoch 32 - Eval Loss: 0.4589, Accuracy: 0.8472, Precision: 0.8467, Recall: 0.8472, F1-Score: 0.8467
2025-01-13 17:52:02,637 - INFO - Epoch 33 - Train Loss: 0.3864, Accuracy: 0.8630, Precision: 0.8627, Recall: 0.8630, F1-Score: 0.8628
2025-01-13 17:52:03,762 - INFO - Epoch 33 - Eval Loss: 0.4533, Accuracy: 0.8457, Precision: 0.8463, Recall: 0.8457, F1-Score: 0.8451
2025-01-13 17:52:10,508 - INFO - Epoch 34 - Train Loss: 0.3809, Accuracy: 0.8661, Precision: 0.8661, Recall: 0.8661, F1-Score: 0.8661
2025-01-13 17:52:11,704 - INFO - Epoch 34 - Eval Loss: 0.4400, Accuracy: 0.8490, Precision: 0.8486, Recall: 0.8490, F1-Score: 0.8482
2025-01-13 17:52:18,454 - INFO - Epoch 35 - Train Loss: 0.3737, Accuracy: 0.8693, Precision: 0.8691, Recall: 0.8693, F1-Score: 0.8692
2025-01-13 17:52:19,626 - INFO - Epoch 35 - Eval Loss: 0.4498, Accuracy: 0.8495, Precision: 0.8501, Recall: 0.8495, F1-Score: 0.8490
2025-01-13 17:52:26,372 - INFO - Epoch 36 - Train Loss: 0.3677, Accuracy: 0.8716, Precision: 0.8715, Recall: 0.8716, F1-Score: 0.8716
2025-01-13 17:52:27,590 - INFO - Epoch 36 - Eval Loss: 0.4491, Accuracy: 0.8501, Precision: 0.8493, Recall: 0.8501, F1-Score: 0.8487
2025-01-13 17:52:34,434 - INFO - Epoch 37 - Train Loss: 0.3657, Accuracy: 0.8732, Precision: 0.8732, Recall: 0.8732, F1-Score: 0.8732
2025-01-13 17:52:35,638 - INFO - Epoch 37 - Eval Loss: 0.4311, Accuracy: 0.8568, Precision: 0.8571, Recall: 0.8568, F1-Score: 0.8561
2025-01-13 17:52:42,418 - INFO - Epoch 38 - Train Loss: 0.3593, Accuracy: 0.8745, Precision: 0.8744, Recall: 0.8745, F1-Score: 0.8744
2025-01-13 17:52:43,623 - INFO - Epoch 38 - Eval Loss: 0.4574, Accuracy: 0.8482, Precision: 0.8520, Recall: 0.8482, F1-Score: 0.8487
2025-01-13 17:52:50,455 - INFO - Epoch 39 - Train Loss: 0.3505, Accuracy: 0.8765, Precision: 0.8764, Recall: 0.8765, F1-Score: 0.8764
2025-01-13 17:52:51,664 - INFO - Epoch 39 - Eval Loss: 0.4371, Accuracy: 0.8552, Precision: 0.8578, Recall: 0.8552, F1-Score: 0.8554
2025-01-13 17:52:58,503 - INFO - Epoch 40 - Train Loss: 0.3438, Accuracy: 0.8805, Precision: 0.8803, Recall: 0.8805, F1-Score: 0.8804
2025-01-13 17:52:59,684 - INFO - Epoch 40 - Eval Loss: 0.4236, Accuracy: 0.8610, Precision: 0.8617, Recall: 0.8610, F1-Score: 0.8611
2025-01-13 17:53:06,526 - INFO - Epoch 41 - Train Loss: 0.3445, Accuracy: 0.8792, Precision: 0.8791, Recall: 0.8792, F1-Score: 0.8791
2025-01-13 17:53:07,728 - INFO - Epoch 41 - Eval Loss: 0.4245, Accuracy: 0.8594, Precision: 0.8618, Recall: 0.8594, F1-Score: 0.8602
2025-01-13 17:53:14,516 - INFO - Epoch 42 - Train Loss: 0.3275, Accuracy: 0.8863, Precision: 0.8864, Recall: 0.8863, F1-Score: 0.8863
2025-01-13 17:53:15,671 - INFO - Epoch 42 - Eval Loss: 0.4375, Accuracy: 0.8540, Precision: 0.8534, Recall: 0.8540, F1-Score: 0.8530
2025-01-13 17:53:22,500 - INFO - Epoch 43 - Train Loss: 0.3311, Accuracy: 0.8836, Precision: 0.8836, Recall: 0.8836, F1-Score: 0.8835
2025-01-13 17:53:23,642 - INFO - Epoch 43 - Eval Loss: 0.4407, Accuracy: 0.8529, Precision: 0.8526, Recall: 0.8529, F1-Score: 0.8512
2025-01-13 17:53:30,468 - INFO - Epoch 44 - Train Loss: 0.3346, Accuracy: 0.8831, Precision: 0.8830, Recall: 0.8831, F1-Score: 0.8830
2025-01-13 17:53:31,706 - INFO - Epoch 44 - Eval Loss: 0.4258, Accuracy: 0.8608, Precision: 0.8606, Recall: 0.8608, F1-Score: 0.8603
2025-01-13 17:53:38,556 - INFO - Epoch 45 - Train Loss: 0.3267, Accuracy: 0.8858, Precision: 0.8858, Recall: 0.8858, F1-Score: 0.8857
2025-01-13 17:53:39,579 - INFO - Epoch 45 - Eval Loss: 0.4313, Accuracy: 0.8559, Precision: 0.8571, Recall: 0.8559, F1-Score: 0.8559
2025-01-13 17:53:46,496 - INFO - Epoch 46 - Train Loss: 0.3193, Accuracy: 0.8884, Precision: 0.8882, Recall: 0.8884, F1-Score: 0.8882
2025-01-13 17:53:47,824 - INFO - Epoch 46 - Eval Loss: 0.4477, Accuracy: 0.8560, Precision: 0.8552, Recall: 0.8560, F1-Score: 0.8541
2025-01-13 17:53:54,698 - INFO - Epoch 47 - Train Loss: 0.3181, Accuracy: 0.8881, Precision: 0.8880, Recall: 0.8881, F1-Score: 0.8880
2025-01-13 17:53:55,802 - INFO - Epoch 47 - Eval Loss: 0.4223, Accuracy: 0.8605, Precision: 0.8629, Recall: 0.8605, F1-Score: 0.8610
2025-01-13 17:54:02,757 - INFO - Epoch 48 - Train Loss: 0.3092, Accuracy: 0.8927, Precision: 0.8928, Recall: 0.8927, F1-Score: 0.8927
2025-01-13 17:54:04,066 - INFO - Epoch 48 - Eval Loss: 0.4253, Accuracy: 0.8603, Precision: 0.8608, Recall: 0.8603, F1-Score: 0.8600
2025-01-13 17:54:11,017 - INFO - Epoch 49 - Train Loss: 0.3065, Accuracy: 0.8921, Precision: 0.8922, Recall: 0.8921, F1-Score: 0.8921
2025-01-13 17:54:12,326 - INFO - Epoch 49 - Eval Loss: 0.4116, Accuracy: 0.8659, Precision: 0.8683, Recall: 0.8659, F1-Score: 0.8666
2025-01-13 17:54:19,423 - INFO - Epoch 50 - Train Loss: 0.3019, Accuracy: 0.8948, Precision: 0.8947, Recall: 0.8948, F1-Score: 0.8947
2025-01-13 17:54:20,688 - INFO - Epoch 50 - Eval Loss: 0.4448, Accuracy: 0.8584, Precision: 0.8584, Recall: 0.8584, F1-Score: 0.8576
2025-01-13 17:54:27,628 - INFO - Epoch 51 - Train Loss: 0.3002, Accuracy: 0.8948, Precision: 0.8947, Recall: 0.8948, F1-Score: 0.8948
2025-01-13 17:54:28,908 - INFO - Epoch 51 - Eval Loss: 0.4424, Accuracy: 0.8549, Precision: 0.8588, Recall: 0.8549, F1-Score: 0.8555
2025-01-13 17:54:35,841 - INFO - Epoch 52 - Train Loss: 0.2968, Accuracy: 0.8963, Precision: 0.8962, Recall: 0.8963, F1-Score: 0.8962
2025-01-13 17:54:37,085 - INFO - Epoch 52 - Eval Loss: 0.4310, Accuracy: 0.8578, Precision: 0.8615, Recall: 0.8578, F1-Score: 0.8583
2025-01-13 17:54:44,171 - INFO - Epoch 53 - Train Loss: 0.2928, Accuracy: 0.8968, Precision: 0.8967, Recall: 0.8968, F1-Score: 0.8967
2025-01-13 17:54:45,365 - INFO - Epoch 53 - Eval Loss: 0.4134, Accuracy: 0.8648, Precision: 0.8670, Recall: 0.8648, F1-Score: 0.8654
2025-01-13 17:54:52,593 - INFO - Epoch 54 - Train Loss: 0.2883, Accuracy: 0.8981, Precision: 0.8981, Recall: 0.8981, F1-Score: 0.8981
2025-01-13 17:54:54,021 - INFO - Epoch 54 - Eval Loss: 0.4191, Accuracy: 0.8652, Precision: 0.8663, Recall: 0.8652, F1-Score: 0.8650
2025-01-13 17:55:01,037 - INFO - Epoch 55 - Train Loss: 0.2869, Accuracy: 0.9001, Precision: 0.9001, Recall: 0.9001, F1-Score: 0.9001
2025-01-13 17:55:02,454 - INFO - Epoch 55 - Eval Loss: 0.4077, Accuracy: 0.8683, Precision: 0.8676, Recall: 0.8683, F1-Score: 0.8678
2025-01-13 17:55:09,358 - INFO - Epoch 56 - Train Loss: 0.2777, Accuracy: 0.9028, Precision: 0.9028, Recall: 0.9028, F1-Score: 0.9027
2025-01-13 17:55:10,814 - INFO - Epoch 56 - Eval Loss: 0.4048, Accuracy: 0.8678, Precision: 0.8694, Recall: 0.8678, F1-Score: 0.8679
2025-01-13 17:55:17,869 - INFO - Epoch 57 - Train Loss: 0.2805, Accuracy: 0.9009, Precision: 0.9010, Recall: 0.9009, F1-Score: 0.9009
2025-01-13 17:55:19,312 - INFO - Epoch 57 - Eval Loss: 0.4384, Accuracy: 0.8585, Precision: 0.8568, Recall: 0.8585, F1-Score: 0.8564
2025-01-13 17:55:26,259 - INFO - Epoch 58 - Train Loss: 0.2745, Accuracy: 0.9030, Precision: 0.9030, Recall: 0.9030, F1-Score: 0.9030
2025-01-13 17:55:27,600 - INFO - Epoch 58 - Eval Loss: 0.4210, Accuracy: 0.8637, Precision: 0.8639, Recall: 0.8637, F1-Score: 0.8631
2025-01-13 17:55:34,595 - INFO - Epoch 59 - Train Loss: 0.2700, Accuracy: 0.9046, Precision: 0.9045, Recall: 0.9046, F1-Score: 0.9045
2025-01-13 17:55:35,917 - INFO - Epoch 59 - Eval Loss: 0.4177, Accuracy: 0.8665, Precision: 0.8669, Recall: 0.8665, F1-Score: 0.8659
2025-01-13 17:55:42,871 - INFO - Epoch 60 - Train Loss: 0.2693, Accuracy: 0.9051, Precision: 0.9051, Recall: 0.9051, F1-Score: 0.9051
2025-01-13 17:55:44,190 - INFO - Epoch 60 - Eval Loss: 0.4402, Accuracy: 0.8555, Precision: 0.8587, Recall: 0.8555, F1-Score: 0.8550
2025-01-13 17:55:51,250 - INFO - Epoch 61 - Train Loss: 0.2647, Accuracy: 0.9075, Precision: 0.9076, Recall: 0.9075, F1-Score: 0.9075
2025-01-13 17:55:52,637 - INFO - Epoch 61 - Eval Loss: 0.4128, Accuracy: 0.8683, Precision: 0.8682, Recall: 0.8683, F1-Score: 0.8676
2025-01-13 17:55:59,674 - INFO - Epoch 62 - Train Loss: 0.2646, Accuracy: 0.9059, Precision: 0.9059, Recall: 0.9059, F1-Score: 0.9059
2025-01-13 17:56:01,080 - INFO - Epoch 62 - Eval Loss: 0.4046, Accuracy: 0.8687, Precision: 0.8707, Recall: 0.8687, F1-Score: 0.8688
2025-01-13 17:56:08,091 - INFO - Epoch 63 - Train Loss: 0.2589, Accuracy: 0.9085, Precision: 0.9085, Recall: 0.9085, F1-Score: 0.9084
2025-01-13 17:56:09,356 - INFO - Epoch 63 - Eval Loss: 0.4062, Accuracy: 0.8714, Precision: 0.8723, Recall: 0.8714, F1-Score: 0.8711
2025-01-13 17:56:16,344 - INFO - Epoch 64 - Train Loss: 0.2526, Accuracy: 0.9114, Precision: 0.9115, Recall: 0.9114, F1-Score: 0.9114
2025-01-13 17:56:17,702 - INFO - Epoch 64 - Eval Loss: 0.4125, Accuracy: 0.8668, Precision: 0.8686, Recall: 0.8668, F1-Score: 0.8668
2025-01-13 17:56:24,697 - INFO - Epoch 65 - Train Loss: 0.2514, Accuracy: 0.9121, Precision: 0.9121, Recall: 0.9121, F1-Score: 0.9121
2025-01-13 17:56:26,032 - INFO - Epoch 65 - Eval Loss: 0.4123, Accuracy: 0.8642, Precision: 0.8663, Recall: 0.8642, F1-Score: 0.8643
2025-01-13 17:56:33,128 - INFO - Epoch 66 - Train Loss: 0.2480, Accuracy: 0.9133, Precision: 0.9132, Recall: 0.9133, F1-Score: 0.9132
2025-01-13 17:56:34,482 - INFO - Epoch 66 - Eval Loss: 0.4377, Accuracy: 0.8596, Precision: 0.8654, Recall: 0.8596, F1-Score: 0.8613
2025-01-13 17:56:41,555 - INFO - Epoch 67 - Train Loss: 0.2466, Accuracy: 0.9119, Precision: 0.9119, Recall: 0.9119, F1-Score: 0.9119
2025-01-13 17:56:42,923 - INFO - Epoch 67 - Eval Loss: 0.4432, Accuracy: 0.8621, Precision: 0.8653, Recall: 0.8621, F1-Score: 0.8623
2025-01-13 17:56:50,104 - INFO - Epoch 68 - Train Loss: 0.2428, Accuracy: 0.9145, Precision: 0.9145, Recall: 0.9145, F1-Score: 0.9145
2025-01-13 17:56:51,464 - INFO - Epoch 68 - Eval Loss: 0.4557, Accuracy: 0.8584, Precision: 0.8599, Recall: 0.8584, F1-Score: 0.8572
2025-01-13 17:56:58,509 - INFO - Epoch 69 - Train Loss: 0.2432, Accuracy: 0.9160, Precision: 0.9159, Recall: 0.9160, F1-Score: 0.9159
2025-01-13 17:56:59,919 - INFO - Epoch 69 - Eval Loss: 0.3989, Accuracy: 0.8703, Precision: 0.8706, Recall: 0.8703, F1-Score: 0.8703
2025-01-13 17:57:07,107 - INFO - Epoch 70 - Train Loss: 0.2347, Accuracy: 0.9171, Precision: 0.9171, Recall: 0.9171, F1-Score: 0.9171
2025-01-13 17:57:08,577 - INFO - Epoch 70 - Eval Loss: 0.4147, Accuracy: 0.8671, Precision: 0.8681, Recall: 0.8671, F1-Score: 0.8673
2025-01-13 17:57:15,670 - INFO - Epoch 71 - Train Loss: 0.2331, Accuracy: 0.9175, Precision: 0.9175, Recall: 0.9175, F1-Score: 0.9175
2025-01-13 17:57:17,097 - INFO - Epoch 71 - Eval Loss: 0.4454, Accuracy: 0.8635, Precision: 0.8654, Recall: 0.8635, F1-Score: 0.8629
2025-01-13 17:57:24,143 - INFO - Epoch 72 - Train Loss: 0.2336, Accuracy: 0.9181, Precision: 0.9182, Recall: 0.9181, F1-Score: 0.9181
2025-01-13 17:57:25,512 - INFO - Epoch 72 - Eval Loss: 0.4149, Accuracy: 0.8673, Precision: 0.8682, Recall: 0.8673, F1-Score: 0.8671
2025-01-13 17:57:32,550 - INFO - Epoch 73 - Train Loss: 0.2311, Accuracy: 0.9191, Precision: 0.9190, Recall: 0.9191, F1-Score: 0.9190
2025-01-13 17:57:33,973 - INFO - Epoch 73 - Eval Loss: 0.4277, Accuracy: 0.8701, Precision: 0.8698, Recall: 0.8701, F1-Score: 0.8697
2025-01-13 17:57:40,910 - INFO - Epoch 74 - Train Loss: 0.2319, Accuracy: 0.9190, Precision: 0.9190, Recall: 0.9190, F1-Score: 0.9190
2025-01-13 17:57:42,389 - INFO - Epoch 74 - Eval Loss: 0.4178, Accuracy: 0.8673, Precision: 0.8687, Recall: 0.8673, F1-Score: 0.8669
2025-01-13 17:57:49,451 - INFO - Epoch 75 - Train Loss: 0.2237, Accuracy: 0.9201, Precision: 0.9201, Recall: 0.9201, F1-Score: 0.9201
2025-01-13 17:57:50,856 - INFO - Epoch 75 - Eval Loss: 0.4372, Accuracy: 0.8642, Precision: 0.8698, Recall: 0.8642, F1-Score: 0.8652
2025-01-13 17:57:57,799 - INFO - Epoch 76 - Train Loss: 0.2233, Accuracy: 0.9216, Precision: 0.9216, Recall: 0.9216, F1-Score: 0.9216
2025-01-13 17:57:59,154 - INFO - Epoch 76 - Eval Loss: 0.4073, Accuracy: 0.8780, Precision: 0.8780, Recall: 0.8780, F1-Score: 0.8779
2025-01-13 17:58:06,285 - INFO - Epoch 77 - Train Loss: 0.2207, Accuracy: 0.9212, Precision: 0.9212, Recall: 0.9212, F1-Score: 0.9212
2025-01-13 17:58:07,635 - INFO - Epoch 77 - Eval Loss: 0.4132, Accuracy: 0.8701, Precision: 0.8723, Recall: 0.8701, F1-Score: 0.8703
2025-01-13 17:58:14,663 - INFO - Epoch 78 - Train Loss: 0.2187, Accuracy: 0.9231, Precision: 0.9230, Recall: 0.9231, F1-Score: 0.9230
2025-01-13 17:58:16,058 - INFO - Epoch 78 - Eval Loss: 0.4065, Accuracy: 0.8757, Precision: 0.8764, Recall: 0.8757, F1-Score: 0.8757
2025-01-13 17:58:23,145 - INFO - Epoch 79 - Train Loss: 0.2218, Accuracy: 0.9216, Precision: 0.9216, Recall: 0.9216, F1-Score: 0.9216
2025-01-13 17:58:24,509 - INFO - Epoch 79 - Eval Loss: 0.4047, Accuracy: 0.8734, Precision: 0.8747, Recall: 0.8734, F1-Score: 0.8733
2025-01-13 17:58:31,464 - INFO - Epoch 80 - Train Loss: 0.2187, Accuracy: 0.9219, Precision: 0.9218, Recall: 0.9219, F1-Score: 0.9219
2025-01-13 17:58:32,813 - INFO - Epoch 80 - Eval Loss: 0.4105, Accuracy: 0.8731, Precision: 0.8735, Recall: 0.8731, F1-Score: 0.8727
2025-01-13 17:58:39,969 - INFO - Epoch 81 - Train Loss: 0.2129, Accuracy: 0.9251, Precision: 0.9251, Recall: 0.9251, F1-Score: 0.9250
2025-01-13 17:58:41,319 - INFO - Epoch 81 - Eval Loss: 0.4124, Accuracy: 0.8752, Precision: 0.8780, Recall: 0.8752, F1-Score: 0.8757
2025-01-13 17:58:48,358 - INFO - Epoch 82 - Train Loss: 0.2107, Accuracy: 0.9275, Precision: 0.9275, Recall: 0.9275, F1-Score: 0.9275
2025-01-13 17:58:49,767 - INFO - Epoch 82 - Eval Loss: 0.3970, Accuracy: 0.8782, Precision: 0.8787, Recall: 0.8782, F1-Score: 0.8775
2025-01-13 17:58:56,802 - INFO - Epoch 83 - Train Loss: 0.2046, Accuracy: 0.9280, Precision: 0.9280, Recall: 0.9280, F1-Score: 0.9280
2025-01-13 17:58:58,125 - INFO - Epoch 83 - Eval Loss: 0.4516, Accuracy: 0.8625, Precision: 0.8681, Recall: 0.8625, F1-Score: 0.8635
2025-01-13 17:59:05,161 - INFO - Epoch 84 - Train Loss: 0.2112, Accuracy: 0.9253, Precision: 0.9253, Recall: 0.9253, F1-Score: 0.9253
2025-01-13 17:59:06,655 - INFO - Epoch 84 - Eval Loss: 0.4130, Accuracy: 0.8731, Precision: 0.8754, Recall: 0.8731, F1-Score: 0.8735
2025-01-13 17:59:13,664 - INFO - Epoch 85 - Train Loss: 0.2095, Accuracy: 0.9262, Precision: 0.9263, Recall: 0.9262, F1-Score: 0.9262
2025-01-13 17:59:14,997 - INFO - Epoch 85 - Eval Loss: 0.3990, Accuracy: 0.8750, Precision: 0.8769, Recall: 0.8750, F1-Score: 0.8756
2025-01-13 17:59:22,065 - INFO - Epoch 86 - Train Loss: 0.2031, Accuracy: 0.9279, Precision: 0.9279, Recall: 0.9279, F1-Score: 0.9279
2025-01-13 17:59:23,417 - INFO - Epoch 86 - Eval Loss: 0.3963, Accuracy: 0.8788, Precision: 0.8779, Recall: 0.8788, F1-Score: 0.8781
2025-01-13 17:59:30,444 - INFO - Epoch 87 - Train Loss: 0.1955, Accuracy: 0.9313, Precision: 0.9313, Recall: 0.9313, F1-Score: 0.9313
2025-01-13 17:59:31,705 - INFO - Epoch 87 - Eval Loss: 0.4046, Accuracy: 0.8770, Precision: 0.8771, Recall: 0.8770, F1-Score: 0.8759
2025-01-13 17:59:38,670 - INFO - Epoch 88 - Train Loss: 0.2002, Accuracy: 0.9294, Precision: 0.9293, Recall: 0.9294, F1-Score: 0.9293
2025-01-13 17:59:39,912 - INFO - Epoch 88 - Eval Loss: 0.4283, Accuracy: 0.8699, Precision: 0.8725, Recall: 0.8699, F1-Score: 0.8703
2025-01-13 17:59:46,916 - INFO - Epoch 89 - Train Loss: 0.2017, Accuracy: 0.9293, Precision: 0.9294, Recall: 0.9293, F1-Score: 0.9293
2025-01-13 17:59:48,256 - INFO - Epoch 89 - Eval Loss: 0.4089, Accuracy: 0.8741, Precision: 0.8760, Recall: 0.8741, F1-Score: 0.8744
2025-01-13 17:59:55,377 - INFO - Epoch 90 - Train Loss: 0.1942, Accuracy: 0.9310, Precision: 0.9310, Recall: 0.9310, F1-Score: 0.9310
2025-01-13 17:59:56,670 - INFO - Epoch 90 - Eval Loss: 0.4220, Accuracy: 0.8734, Precision: 0.8747, Recall: 0.8734, F1-Score: 0.8729
2025-01-13 18:00:03,851 - INFO - Epoch 91 - Train Loss: 0.1955, Accuracy: 0.9303, Precision: 0.9303, Recall: 0.9303, F1-Score: 0.9303
2025-01-13 18:00:05,283 - INFO - Epoch 91 - Eval Loss: 0.4166, Accuracy: 0.8699, Precision: 0.8715, Recall: 0.8699, F1-Score: 0.8693
2025-01-13 18:00:12,362 - INFO - Epoch 92 - Train Loss: 0.1946, Accuracy: 0.9315, Precision: 0.9315, Recall: 0.9315, F1-Score: 0.9315
2025-01-13 18:00:13,662 - INFO - Epoch 92 - Eval Loss: 0.4226, Accuracy: 0.8713, Precision: 0.8755, Recall: 0.8713, F1-Score: 0.8723
2025-01-13 18:00:20,771 - INFO - Epoch 93 - Train Loss: 0.1896, Accuracy: 0.9322, Precision: 0.9322, Recall: 0.9322, F1-Score: 0.9322
2025-01-13 18:00:22,121 - INFO - Epoch 93 - Eval Loss: 0.4435, Accuracy: 0.8669, Precision: 0.8708, Recall: 0.8669, F1-Score: 0.8666
2025-01-13 18:00:29,283 - INFO - Epoch 94 - Train Loss: 0.1924, Accuracy: 0.9314, Precision: 0.9315, Recall: 0.9314, F1-Score: 0.9314
2025-01-13 18:00:30,817 - INFO - Epoch 94 - Eval Loss: 0.4106, Accuracy: 0.8774, Precision: 0.8776, Recall: 0.8774, F1-Score: 0.8768
2025-01-13 18:00:37,974 - INFO - Epoch 95 - Train Loss: 0.1889, Accuracy: 0.9333, Precision: 0.9332, Recall: 0.9333, F1-Score: 0.9332
2025-01-13 18:00:39,416 - INFO - Epoch 95 - Eval Loss: 0.4139, Accuracy: 0.8754, Precision: 0.8787, Recall: 0.8754, F1-Score: 0.8761
2025-01-13 18:00:46,537 - INFO - Epoch 96 - Train Loss: 0.1826, Accuracy: 0.9351, Precision: 0.9351, Recall: 0.9351, F1-Score: 0.9351
2025-01-13 18:00:48,019 - INFO - Epoch 96 - Eval Loss: 0.4137, Accuracy: 0.8722, Precision: 0.8723, Recall: 0.8722, F1-Score: 0.8716
2025-01-13 18:00:55,161 - INFO - Epoch 97 - Train Loss: 0.1832, Accuracy: 0.9342, Precision: 0.9342, Recall: 0.9342, F1-Score: 0.9342
2025-01-13 18:00:56,529 - INFO - Epoch 97 - Eval Loss: 0.4087, Accuracy: 0.8755, Precision: 0.8768, Recall: 0.8755, F1-Score: 0.8748
2025-01-13 18:01:03,750 - INFO - Epoch 98 - Train Loss: 0.1847, Accuracy: 0.9341, Precision: 0.9341, Recall: 0.9341, F1-Score: 0.9341
2025-01-13 18:01:05,166 - INFO - Epoch 98 - Eval Loss: 0.4281, Accuracy: 0.8746, Precision: 0.8744, Recall: 0.8746, F1-Score: 0.8740
2025-01-13 18:01:12,282 - INFO - Epoch 99 - Train Loss: 0.1815, Accuracy: 0.9353, Precision: 0.9354, Recall: 0.9353, F1-Score: 0.9354
2025-01-13 18:01:13,729 - INFO - Epoch 99 - Eval Loss: 0.4074, Accuracy: 0.8775, Precision: 0.8777, Recall: 0.8775, F1-Score: 0.8762
2025-01-13 18:01:13,729 - INFO - Training finished
