2025-01-13 18:12:56,113 - INFO - Log file created at log/optimizer/cifar10_lr0.001_sgd_wm1_20250113-181256.log
2025-01-13 18:12:56,162 - INFO - Using device cuda:3
2025-01-13 18:13:07,214 - INFO - Epoch 0 - Train Loss: 2.1870, Accuracy: 0.2047, Precision: 0.1995, Recall: 0.2047, F1-Score: 0.1995
2025-01-13 18:13:08,332 - INFO - Epoch 0 - Eval Loss: 1.8846, Accuracy: 0.3163, Precision: 0.3074, Recall: 0.3163, F1-Score: 0.3020
2025-01-13 18:13:14,793 - INFO - Epoch 1 - Train Loss: 1.8802, Accuracy: 0.3096, Precision: 0.3015, Recall: 0.3096, F1-Score: 0.3005
2025-01-13 18:13:15,920 - INFO - Epoch 1 - Eval Loss: 1.6923, Accuracy: 0.3789, Precision: 0.3683, Recall: 0.3789, F1-Score: 0.3670
2025-01-13 18:13:22,358 - INFO - Epoch 2 - Train Loss: 1.7527, Accuracy: 0.3518, Precision: 0.3453, Recall: 0.3518, F1-Score: 0.3445
2025-01-13 18:13:23,425 - INFO - Epoch 2 - Eval Loss: 1.5858, Accuracy: 0.4152, Precision: 0.4066, Recall: 0.4152, F1-Score: 0.4052
2025-01-13 18:13:29,928 - INFO - Epoch 3 - Train Loss: 1.6735, Accuracy: 0.3822, Precision: 0.3777, Recall: 0.3822, F1-Score: 0.3770
2025-01-13 18:13:31,049 - INFO - Epoch 3 - Eval Loss: 1.5093, Accuracy: 0.4421, Precision: 0.4355, Recall: 0.4421, F1-Score: 0.4339
2025-01-13 18:13:37,477 - INFO - Epoch 4 - Train Loss: 1.6123, Accuracy: 0.4074, Precision: 0.4029, Recall: 0.4074, F1-Score: 0.4026
2025-01-13 18:13:38,539 - INFO - Epoch 4 - Eval Loss: 1.4661, Accuracy: 0.4627, Precision: 0.4563, Recall: 0.4627, F1-Score: 0.4526
2025-01-13 18:13:45,099 - INFO - Epoch 5 - Train Loss: 1.5690, Accuracy: 0.4221, Precision: 0.4169, Recall: 0.4221, F1-Score: 0.4170
2025-01-13 18:13:46,197 - INFO - Epoch 5 - Eval Loss: 1.4243, Accuracy: 0.4816, Precision: 0.4743, Recall: 0.4816, F1-Score: 0.4729
2025-01-13 18:13:52,611 - INFO - Epoch 6 - Train Loss: 1.5312, Accuracy: 0.4388, Precision: 0.4337, Recall: 0.4388, F1-Score: 0.4340
2025-01-13 18:13:53,877 - INFO - Epoch 6 - Eval Loss: 1.3919, Accuracy: 0.4927, Precision: 0.4840, Recall: 0.4927, F1-Score: 0.4841
2025-01-13 18:14:00,382 - INFO - Epoch 7 - Train Loss: 1.4962, Accuracy: 0.4530, Precision: 0.4477, Recall: 0.4530, F1-Score: 0.4484
2025-01-13 18:14:01,512 - INFO - Epoch 7 - Eval Loss: 1.3555, Accuracy: 0.5096, Precision: 0.5024, Recall: 0.5096, F1-Score: 0.5026
2025-01-13 18:14:08,007 - INFO - Epoch 8 - Train Loss: 1.4660, Accuracy: 0.4670, Precision: 0.4620, Recall: 0.4670, F1-Score: 0.4628
2025-01-13 18:14:09,139 - INFO - Epoch 8 - Eval Loss: 1.3313, Accuracy: 0.5183, Precision: 0.5127, Recall: 0.5183, F1-Score: 0.5125
2025-01-13 18:14:15,584 - INFO - Epoch 9 - Train Loss: 1.4363, Accuracy: 0.4801, Precision: 0.4751, Recall: 0.4801, F1-Score: 0.4760
2025-01-13 18:14:16,722 - INFO - Epoch 9 - Eval Loss: 1.3141, Accuracy: 0.5265, Precision: 0.5190, Recall: 0.5265, F1-Score: 0.5179
2025-01-13 18:14:23,106 - INFO - Epoch 10 - Train Loss: 1.4079, Accuracy: 0.4895, Precision: 0.4844, Recall: 0.4895, F1-Score: 0.4855
2025-01-13 18:14:24,098 - INFO - Epoch 10 - Eval Loss: 1.2859, Accuracy: 0.5373, Precision: 0.5296, Recall: 0.5373, F1-Score: 0.5287
2025-01-13 18:14:30,518 - INFO - Epoch 11 - Train Loss: 1.3893, Accuracy: 0.4980, Precision: 0.4933, Recall: 0.4980, F1-Score: 0.4945
2025-01-13 18:14:31,558 - INFO - Epoch 11 - Eval Loss: 1.2658, Accuracy: 0.5458, Precision: 0.5402, Recall: 0.5458, F1-Score: 0.5387
2025-01-13 18:14:37,985 - INFO - Epoch 12 - Train Loss: 1.3630, Accuracy: 0.5083, Precision: 0.5031, Recall: 0.5083, F1-Score: 0.5048
2025-01-13 18:14:39,113 - INFO - Epoch 12 - Eval Loss: 1.2443, Accuracy: 0.5554, Precision: 0.5500, Recall: 0.5554, F1-Score: 0.5492
2025-01-13 18:14:45,623 - INFO - Epoch 13 - Train Loss: 1.3385, Accuracy: 0.5190, Precision: 0.5141, Recall: 0.5190, F1-Score: 0.5157
2025-01-13 18:14:46,807 - INFO - Epoch 13 - Eval Loss: 1.2257, Accuracy: 0.5650, Precision: 0.5578, Recall: 0.5650, F1-Score: 0.5585
2025-01-13 18:14:53,275 - INFO - Epoch 14 - Train Loss: 1.3134, Accuracy: 0.5266, Precision: 0.5219, Recall: 0.5266, F1-Score: 0.5235
2025-01-13 18:14:54,461 - INFO - Epoch 14 - Eval Loss: 1.2074, Accuracy: 0.5660, Precision: 0.5580, Recall: 0.5660, F1-Score: 0.5576
2025-01-13 18:15:00,870 - INFO - Epoch 15 - Train Loss: 1.2979, Accuracy: 0.5310, Precision: 0.5260, Recall: 0.5310, F1-Score: 0.5277
2025-01-13 18:15:01,952 - INFO - Epoch 15 - Eval Loss: 1.1819, Accuracy: 0.5737, Precision: 0.5662, Recall: 0.5737, F1-Score: 0.5675
2025-01-13 18:15:08,322 - INFO - Epoch 16 - Train Loss: 1.2774, Accuracy: 0.5403, Precision: 0.5357, Recall: 0.5403, F1-Score: 0.5373
2025-01-13 18:15:09,433 - INFO - Epoch 16 - Eval Loss: 1.1627, Accuracy: 0.5837, Precision: 0.5762, Recall: 0.5837, F1-Score: 0.5765
2025-01-13 18:15:15,835 - INFO - Epoch 17 - Train Loss: 1.2518, Accuracy: 0.5499, Precision: 0.5455, Recall: 0.5499, F1-Score: 0.5471
2025-01-13 18:15:16,950 - INFO - Epoch 17 - Eval Loss: 1.1466, Accuracy: 0.5924, Precision: 0.5863, Recall: 0.5924, F1-Score: 0.5873
2025-01-13 18:15:23,404 - INFO - Epoch 18 - Train Loss: 1.2374, Accuracy: 0.5552, Precision: 0.5506, Recall: 0.5552, F1-Score: 0.5523
2025-01-13 18:15:24,515 - INFO - Epoch 18 - Eval Loss: 1.1267, Accuracy: 0.5982, Precision: 0.5924, Recall: 0.5982, F1-Score: 0.5935
2025-01-13 18:15:30,889 - INFO - Epoch 19 - Train Loss: 1.2200, Accuracy: 0.5619, Precision: 0.5578, Recall: 0.5619, F1-Score: 0.5594
2025-01-13 18:15:32,074 - INFO - Epoch 19 - Eval Loss: 1.1160, Accuracy: 0.5982, Precision: 0.5909, Recall: 0.5982, F1-Score: 0.5910
2025-01-13 18:15:38,672 - INFO - Epoch 20 - Train Loss: 1.1996, Accuracy: 0.5716, Precision: 0.5674, Recall: 0.5716, F1-Score: 0.5689
2025-01-13 18:15:39,877 - INFO - Epoch 20 - Eval Loss: 1.0962, Accuracy: 0.6102, Precision: 0.6053, Recall: 0.6102, F1-Score: 0.6054
2025-01-13 18:15:46,264 - INFO - Epoch 21 - Train Loss: 1.1822, Accuracy: 0.5735, Precision: 0.5696, Recall: 0.5735, F1-Score: 0.5712
2025-01-13 18:15:47,482 - INFO - Epoch 21 - Eval Loss: 1.0874, Accuracy: 0.6103, Precision: 0.6046, Recall: 0.6103, F1-Score: 0.6051
2025-01-13 18:15:53,946 - INFO - Epoch 22 - Train Loss: 1.1671, Accuracy: 0.5858, Precision: 0.5817, Recall: 0.5858, F1-Score: 0.5833
2025-01-13 18:15:55,111 - INFO - Epoch 22 - Eval Loss: 1.0702, Accuracy: 0.6180, Precision: 0.6138, Recall: 0.6180, F1-Score: 0.6149
2025-01-13 18:16:01,484 - INFO - Epoch 23 - Train Loss: 1.1500, Accuracy: 0.5876, Precision: 0.5842, Recall: 0.5876, F1-Score: 0.5856
2025-01-13 18:16:02,711 - INFO - Epoch 23 - Eval Loss: 1.0512, Accuracy: 0.6239, Precision: 0.6174, Recall: 0.6239, F1-Score: 0.6180
2025-01-13 18:16:09,071 - INFO - Epoch 24 - Train Loss: 1.1330, Accuracy: 0.5960, Precision: 0.5924, Recall: 0.5960, F1-Score: 0.5938
2025-01-13 18:16:10,066 - INFO - Epoch 24 - Eval Loss: 1.0349, Accuracy: 0.6313, Precision: 0.6264, Recall: 0.6313, F1-Score: 0.6277
2025-01-13 18:16:16,557 - INFO - Epoch 25 - Train Loss: 1.1166, Accuracy: 0.5990, Precision: 0.5956, Recall: 0.5990, F1-Score: 0.5970
2025-01-13 18:16:17,669 - INFO - Epoch 25 - Eval Loss: 1.0349, Accuracy: 0.6299, Precision: 0.6256, Recall: 0.6299, F1-Score: 0.6251
2025-01-13 18:16:24,115 - INFO - Epoch 26 - Train Loss: 1.1063, Accuracy: 0.6056, Precision: 0.6025, Recall: 0.6056, F1-Score: 0.6037
2025-01-13 18:16:25,207 - INFO - Epoch 26 - Eval Loss: 1.0165, Accuracy: 0.6390, Precision: 0.6346, Recall: 0.6390, F1-Score: 0.6356
2025-01-13 18:16:31,726 - INFO - Epoch 27 - Train Loss: 1.0878, Accuracy: 0.6115, Precision: 0.6083, Recall: 0.6115, F1-Score: 0.6096
2025-01-13 18:16:32,850 - INFO - Epoch 27 - Eval Loss: 1.0103, Accuracy: 0.6416, Precision: 0.6380, Recall: 0.6416, F1-Score: 0.6387
2025-01-13 18:16:39,376 - INFO - Epoch 28 - Train Loss: 1.0774, Accuracy: 0.6158, Precision: 0.6127, Recall: 0.6158, F1-Score: 0.6140
2025-01-13 18:16:40,489 - INFO - Epoch 28 - Eval Loss: 0.9994, Accuracy: 0.6466, Precision: 0.6417, Recall: 0.6466, F1-Score: 0.6430
2025-01-13 18:16:46,875 - INFO - Epoch 29 - Train Loss: 1.0647, Accuracy: 0.6192, Precision: 0.6161, Recall: 0.6192, F1-Score: 0.6174
2025-01-13 18:16:47,953 - INFO - Epoch 29 - Eval Loss: 0.9889, Accuracy: 0.6507, Precision: 0.6457, Recall: 0.6507, F1-Score: 0.6465
2025-01-13 18:16:54,382 - INFO - Epoch 30 - Train Loss: 1.0570, Accuracy: 0.6244, Precision: 0.6213, Recall: 0.6244, F1-Score: 0.6225
2025-01-13 18:16:55,528 - INFO - Epoch 30 - Eval Loss: 0.9792, Accuracy: 0.6524, Precision: 0.6481, Recall: 0.6524, F1-Score: 0.6487
2025-01-13 18:17:01,904 - INFO - Epoch 31 - Train Loss: 1.0370, Accuracy: 0.6296, Precision: 0.6270, Recall: 0.6296, F1-Score: 0.6281
2025-01-13 18:17:02,975 - INFO - Epoch 31 - Eval Loss: 0.9678, Accuracy: 0.6568, Precision: 0.6525, Recall: 0.6568, F1-Score: 0.6539
2025-01-13 18:17:09,345 - INFO - Epoch 32 - Train Loss: 1.0296, Accuracy: 0.6328, Precision: 0.6302, Recall: 0.6328, F1-Score: 0.6313
2025-01-13 18:17:10,405 - INFO - Epoch 32 - Eval Loss: 0.9613, Accuracy: 0.6574, Precision: 0.6536, Recall: 0.6574, F1-Score: 0.6545
2025-01-13 18:17:16,880 - INFO - Epoch 33 - Train Loss: 1.0126, Accuracy: 0.6391, Precision: 0.6368, Recall: 0.6391, F1-Score: 0.6378
2025-01-13 18:17:17,972 - INFO - Epoch 33 - Eval Loss: 0.9474, Accuracy: 0.6639, Precision: 0.6603, Recall: 0.6639, F1-Score: 0.6611
2025-01-13 18:17:24,443 - INFO - Epoch 34 - Train Loss: 1.0019, Accuracy: 0.6435, Precision: 0.6410, Recall: 0.6435, F1-Score: 0.6421
2025-01-13 18:17:25,565 - INFO - Epoch 34 - Eval Loss: 0.9392, Accuracy: 0.6690, Precision: 0.6646, Recall: 0.6690, F1-Score: 0.6660
2025-01-13 18:17:32,118 - INFO - Epoch 35 - Train Loss: 0.9900, Accuracy: 0.6469, Precision: 0.6445, Recall: 0.6469, F1-Score: 0.6455
2025-01-13 18:17:33,301 - INFO - Epoch 35 - Eval Loss: 0.9254, Accuracy: 0.6717, Precision: 0.6678, Recall: 0.6717, F1-Score: 0.6688
2025-01-13 18:17:39,699 - INFO - Epoch 36 - Train Loss: 0.9797, Accuracy: 0.6512, Precision: 0.6487, Recall: 0.6512, F1-Score: 0.6498
2025-01-13 18:17:40,841 - INFO - Epoch 36 - Eval Loss: 0.9189, Accuracy: 0.6766, Precision: 0.6740, Recall: 0.6766, F1-Score: 0.6748
2025-01-13 18:17:47,352 - INFO - Epoch 37 - Train Loss: 0.9724, Accuracy: 0.6531, Precision: 0.6511, Recall: 0.6531, F1-Score: 0.6519
2025-01-13 18:17:48,470 - INFO - Epoch 37 - Eval Loss: 0.9156, Accuracy: 0.6732, Precision: 0.6692, Recall: 0.6732, F1-Score: 0.6699
2025-01-13 18:17:54,793 - INFO - Epoch 38 - Train Loss: 0.9563, Accuracy: 0.6590, Precision: 0.6572, Recall: 0.6590, F1-Score: 0.6579
2025-01-13 18:17:55,916 - INFO - Epoch 38 - Eval Loss: 0.9081, Accuracy: 0.6789, Precision: 0.6743, Recall: 0.6789, F1-Score: 0.6750
2025-01-13 18:18:02,291 - INFO - Epoch 39 - Train Loss: 0.9534, Accuracy: 0.6613, Precision: 0.6589, Recall: 0.6613, F1-Score: 0.6600
2025-01-13 18:18:03,481 - INFO - Epoch 39 - Eval Loss: 0.9020, Accuracy: 0.6843, Precision: 0.6812, Recall: 0.6843, F1-Score: 0.6808
2025-01-13 18:18:09,987 - INFO - Epoch 40 - Train Loss: 0.9361, Accuracy: 0.6666, Precision: 0.6644, Recall: 0.6666, F1-Score: 0.6654
2025-01-13 18:18:11,117 - INFO - Epoch 40 - Eval Loss: 0.8927, Accuracy: 0.6858, Precision: 0.6843, Recall: 0.6858, F1-Score: 0.6837
2025-01-13 18:18:17,537 - INFO - Epoch 41 - Train Loss: 0.9259, Accuracy: 0.6697, Precision: 0.6680, Recall: 0.6697, F1-Score: 0.6687
2025-01-13 18:18:18,701 - INFO - Epoch 41 - Eval Loss: 0.8810, Accuracy: 0.6892, Precision: 0.6863, Recall: 0.6892, F1-Score: 0.6864
2025-01-13 18:18:25,269 - INFO - Epoch 42 - Train Loss: 0.9177, Accuracy: 0.6743, Precision: 0.6722, Recall: 0.6743, F1-Score: 0.6731
2025-01-13 18:18:26,357 - INFO - Epoch 42 - Eval Loss: 0.8694, Accuracy: 0.6922, Precision: 0.6898, Recall: 0.6922, F1-Score: 0.6904
2025-01-13 18:18:32,958 - INFO - Epoch 43 - Train Loss: 0.9063, Accuracy: 0.6777, Precision: 0.6759, Recall: 0.6777, F1-Score: 0.6767
2025-01-13 18:18:34,174 - INFO - Epoch 43 - Eval Loss: 0.8719, Accuracy: 0.6919, Precision: 0.6881, Recall: 0.6919, F1-Score: 0.6886
2025-01-13 18:18:40,659 - INFO - Epoch 44 - Train Loss: 0.8987, Accuracy: 0.6814, Precision: 0.6793, Recall: 0.6814, F1-Score: 0.6802
2025-01-13 18:18:41,769 - INFO - Epoch 44 - Eval Loss: 0.8680, Accuracy: 0.6919, Precision: 0.6900, Recall: 0.6919, F1-Score: 0.6896
2025-01-13 18:18:48,155 - INFO - Epoch 45 - Train Loss: 0.8916, Accuracy: 0.6833, Precision: 0.6815, Recall: 0.6833, F1-Score: 0.6823
2025-01-13 18:18:49,340 - INFO - Epoch 45 - Eval Loss: 0.8526, Accuracy: 0.6970, Precision: 0.6945, Recall: 0.6970, F1-Score: 0.6949
2025-01-13 18:18:55,980 - INFO - Epoch 46 - Train Loss: 0.8814, Accuracy: 0.6868, Precision: 0.6849, Recall: 0.6868, F1-Score: 0.6857
2025-01-13 18:18:57,251 - INFO - Epoch 46 - Eval Loss: 0.8438, Accuracy: 0.7021, Precision: 0.6997, Recall: 0.7021, F1-Score: 0.7002
2025-01-13 18:19:03,932 - INFO - Epoch 47 - Train Loss: 0.8707, Accuracy: 0.6880, Precision: 0.6862, Recall: 0.6880, F1-Score: 0.6870
2025-01-13 18:19:05,173 - INFO - Epoch 47 - Eval Loss: 0.8429, Accuracy: 0.7077, Precision: 0.7053, Recall: 0.7077, F1-Score: 0.7058
2025-01-13 18:19:11,637 - INFO - Epoch 48 - Train Loss: 0.8638, Accuracy: 0.6942, Precision: 0.6927, Recall: 0.6942, F1-Score: 0.6934
2025-01-13 18:19:12,741 - INFO - Epoch 48 - Eval Loss: 0.8327, Accuracy: 0.7076, Precision: 0.7044, Recall: 0.7076, F1-Score: 0.7053
2025-01-13 18:19:19,270 - INFO - Epoch 49 - Train Loss: 0.8548, Accuracy: 0.6961, Precision: 0.6943, Recall: 0.6961, F1-Score: 0.6951
2025-01-13 18:19:20,506 - INFO - Epoch 49 - Eval Loss: 0.8317, Accuracy: 0.7080, Precision: 0.7060, Recall: 0.7080, F1-Score: 0.7060
2025-01-13 18:19:27,011 - INFO - Epoch 50 - Train Loss: 0.8471, Accuracy: 0.6987, Precision: 0.6970, Recall: 0.6987, F1-Score: 0.6977
2025-01-13 18:19:28,215 - INFO - Epoch 50 - Eval Loss: 0.8256, Accuracy: 0.7099, Precision: 0.7072, Recall: 0.7099, F1-Score: 0.7075
2025-01-13 18:19:34,690 - INFO - Epoch 51 - Train Loss: 0.8371, Accuracy: 0.7025, Precision: 0.7012, Recall: 0.7025, F1-Score: 0.7017
2025-01-13 18:19:35,985 - INFO - Epoch 51 - Eval Loss: 0.8157, Accuracy: 0.7126, Precision: 0.7099, Recall: 0.7126, F1-Score: 0.7108
2025-01-13 18:19:42,629 - INFO - Epoch 52 - Train Loss: 0.8291, Accuracy: 0.7058, Precision: 0.7043, Recall: 0.7058, F1-Score: 0.7049
2025-01-13 18:19:43,841 - INFO - Epoch 52 - Eval Loss: 0.8100, Accuracy: 0.7157, Precision: 0.7135, Recall: 0.7157, F1-Score: 0.7140
2025-01-13 18:19:50,417 - INFO - Epoch 53 - Train Loss: 0.8214, Accuracy: 0.7081, Precision: 0.7067, Recall: 0.7081, F1-Score: 0.7073
2025-01-13 18:19:51,608 - INFO - Epoch 53 - Eval Loss: 0.8053, Accuracy: 0.7164, Precision: 0.7160, Recall: 0.7164, F1-Score: 0.7155
2025-01-13 18:19:58,111 - INFO - Epoch 54 - Train Loss: 0.8171, Accuracy: 0.7103, Precision: 0.7086, Recall: 0.7103, F1-Score: 0.7093
2025-01-13 18:19:59,310 - INFO - Epoch 54 - Eval Loss: 0.7925, Accuracy: 0.7235, Precision: 0.7211, Recall: 0.7235, F1-Score: 0.7217
2025-01-13 18:20:05,819 - INFO - Epoch 55 - Train Loss: 0.8051, Accuracy: 0.7144, Precision: 0.7128, Recall: 0.7144, F1-Score: 0.7135
2025-01-13 18:20:07,153 - INFO - Epoch 55 - Eval Loss: 0.7901, Accuracy: 0.7230, Precision: 0.7212, Recall: 0.7230, F1-Score: 0.7219
2025-01-13 18:20:13,692 - INFO - Epoch 56 - Train Loss: 0.8037, Accuracy: 0.7147, Precision: 0.7136, Recall: 0.7147, F1-Score: 0.7141
2025-01-13 18:20:14,899 - INFO - Epoch 56 - Eval Loss: 0.7943, Accuracy: 0.7267, Precision: 0.7248, Recall: 0.7267, F1-Score: 0.7242
2025-01-13 18:20:21,350 - INFO - Epoch 57 - Train Loss: 0.7954, Accuracy: 0.7185, Precision: 0.7170, Recall: 0.7185, F1-Score: 0.7176
2025-01-13 18:20:22,550 - INFO - Epoch 57 - Eval Loss: 0.7866, Accuracy: 0.7246, Precision: 0.7211, Recall: 0.7246, F1-Score: 0.7220
2025-01-13 18:20:29,026 - INFO - Epoch 58 - Train Loss: 0.7857, Accuracy: 0.7208, Precision: 0.7194, Recall: 0.7208, F1-Score: 0.7200
2025-01-13 18:20:30,251 - INFO - Epoch 58 - Eval Loss: 0.7835, Accuracy: 0.7289, Precision: 0.7282, Recall: 0.7289, F1-Score: 0.7272
2025-01-13 18:20:36,792 - INFO - Epoch 59 - Train Loss: 0.7771, Accuracy: 0.7264, Precision: 0.7248, Recall: 0.7264, F1-Score: 0.7255
2025-01-13 18:20:38,026 - INFO - Epoch 59 - Eval Loss: 0.7731, Accuracy: 0.7302, Precision: 0.7263, Recall: 0.7302, F1-Score: 0.7273
2025-01-13 18:20:44,601 - INFO - Epoch 60 - Train Loss: 0.7716, Accuracy: 0.7257, Precision: 0.7242, Recall: 0.7257, F1-Score: 0.7248
2025-01-13 18:20:45,808 - INFO - Epoch 60 - Eval Loss: 0.7764, Accuracy: 0.7298, Precision: 0.7268, Recall: 0.7298, F1-Score: 0.7268
2025-01-13 18:20:52,314 - INFO - Epoch 61 - Train Loss: 0.7703, Accuracy: 0.7268, Precision: 0.7255, Recall: 0.7268, F1-Score: 0.7260
2025-01-13 18:20:53,511 - INFO - Epoch 61 - Eval Loss: 0.7610, Accuracy: 0.7348, Precision: 0.7332, Recall: 0.7348, F1-Score: 0.7337
2025-01-13 18:20:59,962 - INFO - Epoch 62 - Train Loss: 0.7623, Accuracy: 0.7295, Precision: 0.7283, Recall: 0.7295, F1-Score: 0.7288
2025-01-13 18:21:01,200 - INFO - Epoch 62 - Eval Loss: 0.7593, Accuracy: 0.7391, Precision: 0.7392, Recall: 0.7391, F1-Score: 0.7388
2025-01-13 18:21:07,833 - INFO - Epoch 63 - Train Loss: 0.7437, Accuracy: 0.7378, Precision: 0.7365, Recall: 0.7378, F1-Score: 0.7370
2025-01-13 18:21:09,124 - INFO - Epoch 63 - Eval Loss: 0.7564, Accuracy: 0.7360, Precision: 0.7356, Recall: 0.7360, F1-Score: 0.7354
2025-01-13 18:21:15,702 - INFO - Epoch 64 - Train Loss: 0.7434, Accuracy: 0.7377, Precision: 0.7365, Recall: 0.7377, F1-Score: 0.7370
2025-01-13 18:21:16,910 - INFO - Epoch 64 - Eval Loss: 0.7461, Accuracy: 0.7425, Precision: 0.7404, Recall: 0.7425, F1-Score: 0.7409
2025-01-13 18:21:23,483 - INFO - Epoch 65 - Train Loss: 0.7374, Accuracy: 0.7395, Precision: 0.7384, Recall: 0.7395, F1-Score: 0.7389
2025-01-13 18:21:24,741 - INFO - Epoch 65 - Eval Loss: 0.7553, Accuracy: 0.7401, Precision: 0.7400, Recall: 0.7401, F1-Score: 0.7396
2025-01-13 18:21:31,185 - INFO - Epoch 66 - Train Loss: 0.7324, Accuracy: 0.7398, Precision: 0.7387, Recall: 0.7398, F1-Score: 0.7391
2025-01-13 18:21:32,369 - INFO - Epoch 66 - Eval Loss: 0.7391, Accuracy: 0.7445, Precision: 0.7449, Recall: 0.7445, F1-Score: 0.7444
2025-01-13 18:21:38,831 - INFO - Epoch 67 - Train Loss: 0.7220, Accuracy: 0.7451, Precision: 0.7441, Recall: 0.7451, F1-Score: 0.7446
2025-01-13 18:21:40,096 - INFO - Epoch 67 - Eval Loss: 0.7406, Accuracy: 0.7452, Precision: 0.7450, Recall: 0.7452, F1-Score: 0.7446
2025-01-13 18:21:46,730 - INFO - Epoch 68 - Train Loss: 0.7169, Accuracy: 0.7485, Precision: 0.7475, Recall: 0.7485, F1-Score: 0.7480
2025-01-13 18:21:47,821 - INFO - Epoch 68 - Eval Loss: 0.7346, Accuracy: 0.7439, Precision: 0.7425, Recall: 0.7439, F1-Score: 0.7429
2025-01-13 18:21:54,254 - INFO - Epoch 69 - Train Loss: 0.7109, Accuracy: 0.7474, Precision: 0.7461, Recall: 0.7474, F1-Score: 0.7466
2025-01-13 18:21:55,523 - INFO - Epoch 69 - Eval Loss: 0.7296, Accuracy: 0.7462, Precision: 0.7437, Recall: 0.7462, F1-Score: 0.7446
2025-01-13 18:22:02,019 - INFO - Epoch 70 - Train Loss: 0.6989, Accuracy: 0.7545, Precision: 0.7538, Recall: 0.7545, F1-Score: 0.7541
2025-01-13 18:22:03,178 - INFO - Epoch 70 - Eval Loss: 0.7283, Accuracy: 0.7505, Precision: 0.7487, Recall: 0.7505, F1-Score: 0.7490
2025-01-13 18:22:09,730 - INFO - Epoch 71 - Train Loss: 0.6979, Accuracy: 0.7539, Precision: 0.7530, Recall: 0.7539, F1-Score: 0.7533
2025-01-13 18:22:10,992 - INFO - Epoch 71 - Eval Loss: 0.7231, Accuracy: 0.7497, Precision: 0.7472, Recall: 0.7497, F1-Score: 0.7478
2025-01-13 18:22:17,580 - INFO - Epoch 72 - Train Loss: 0.6957, Accuracy: 0.7533, Precision: 0.7523, Recall: 0.7533, F1-Score: 0.7527
2025-01-13 18:22:18,711 - INFO - Epoch 72 - Eval Loss: 0.7240, Accuracy: 0.7499, Precision: 0.7499, Recall: 0.7499, F1-Score: 0.7496
2025-01-13 18:22:25,121 - INFO - Epoch 73 - Train Loss: 0.6903, Accuracy: 0.7558, Precision: 0.7552, Recall: 0.7558, F1-Score: 0.7554
2025-01-13 18:22:26,385 - INFO - Epoch 73 - Eval Loss: 0.7202, Accuracy: 0.7517, Precision: 0.7500, Recall: 0.7517, F1-Score: 0.7502
2025-01-13 18:22:32,907 - INFO - Epoch 74 - Train Loss: 0.6825, Accuracy: 0.7598, Precision: 0.7588, Recall: 0.7598, F1-Score: 0.7593
2025-01-13 18:22:34,145 - INFO - Epoch 74 - Eval Loss: 0.7196, Accuracy: 0.7505, Precision: 0.7493, Recall: 0.7505, F1-Score: 0.7493
2025-01-13 18:22:40,694 - INFO - Epoch 75 - Train Loss: 0.6774, Accuracy: 0.7609, Precision: 0.7599, Recall: 0.7609, F1-Score: 0.7603
2025-01-13 18:22:41,923 - INFO - Epoch 75 - Eval Loss: 0.7124, Accuracy: 0.7553, Precision: 0.7546, Recall: 0.7553, F1-Score: 0.7547
2025-01-13 18:22:48,416 - INFO - Epoch 76 - Train Loss: 0.6694, Accuracy: 0.7621, Precision: 0.7613, Recall: 0.7621, F1-Score: 0.7616
2025-01-13 18:22:49,555 - INFO - Epoch 76 - Eval Loss: 0.7051, Accuracy: 0.7539, Precision: 0.7533, Recall: 0.7539, F1-Score: 0.7533
2025-01-13 18:22:56,070 - INFO - Epoch 77 - Train Loss: 0.6631, Accuracy: 0.7662, Precision: 0.7654, Recall: 0.7662, F1-Score: 0.7657
2025-01-13 18:22:57,335 - INFO - Epoch 77 - Eval Loss: 0.7069, Accuracy: 0.7553, Precision: 0.7529, Recall: 0.7553, F1-Score: 0.7535
2025-01-13 18:23:03,758 - INFO - Epoch 78 - Train Loss: 0.6637, Accuracy: 0.7654, Precision: 0.7647, Recall: 0.7654, F1-Score: 0.7650
2025-01-13 18:23:04,955 - INFO - Epoch 78 - Eval Loss: 0.6972, Accuracy: 0.7602, Precision: 0.7586, Recall: 0.7602, F1-Score: 0.7591
2025-01-13 18:23:11,485 - INFO - Epoch 79 - Train Loss: 0.6499, Accuracy: 0.7718, Precision: 0.7708, Recall: 0.7718, F1-Score: 0.7712
2025-01-13 18:23:12,741 - INFO - Epoch 79 - Eval Loss: 0.6968, Accuracy: 0.7576, Precision: 0.7568, Recall: 0.7576, F1-Score: 0.7569
2025-01-13 18:23:19,294 - INFO - Epoch 80 - Train Loss: 0.6446, Accuracy: 0.7722, Precision: 0.7715, Recall: 0.7722, F1-Score: 0.7718
2025-01-13 18:23:20,465 - INFO - Epoch 80 - Eval Loss: 0.6940, Accuracy: 0.7626, Precision: 0.7615, Recall: 0.7626, F1-Score: 0.7618
2025-01-13 18:23:26,861 - INFO - Epoch 81 - Train Loss: 0.6433, Accuracy: 0.7722, Precision: 0.7716, Recall: 0.7722, F1-Score: 0.7719
2025-01-13 18:23:28,034 - INFO - Epoch 81 - Eval Loss: 0.6888, Accuracy: 0.7620, Precision: 0.7613, Recall: 0.7620, F1-Score: 0.7614
2025-01-13 18:23:34,592 - INFO - Epoch 82 - Train Loss: 0.6399, Accuracy: 0.7721, Precision: 0.7711, Recall: 0.7721, F1-Score: 0.7716
2025-01-13 18:23:35,790 - INFO - Epoch 82 - Eval Loss: 0.6921, Accuracy: 0.7624, Precision: 0.7607, Recall: 0.7624, F1-Score: 0.7609
2025-01-13 18:23:42,258 - INFO - Epoch 83 - Train Loss: 0.6329, Accuracy: 0.7757, Precision: 0.7753, Recall: 0.7757, F1-Score: 0.7755
2025-01-13 18:23:43,632 - INFO - Epoch 83 - Eval Loss: 0.6867, Accuracy: 0.7662, Precision: 0.7653, Recall: 0.7662, F1-Score: 0.7648
2025-01-13 18:23:50,263 - INFO - Epoch 84 - Train Loss: 0.6283, Accuracy: 0.7759, Precision: 0.7751, Recall: 0.7759, F1-Score: 0.7755
2025-01-13 18:23:51,355 - INFO - Epoch 84 - Eval Loss: 0.6876, Accuracy: 0.7679, Precision: 0.7670, Recall: 0.7679, F1-Score: 0.7669
2025-01-13 18:23:57,713 - INFO - Epoch 85 - Train Loss: 0.6205, Accuracy: 0.7801, Precision: 0.7795, Recall: 0.7801, F1-Score: 0.7798
2025-01-13 18:23:58,905 - INFO - Epoch 85 - Eval Loss: 0.6829, Accuracy: 0.7651, Precision: 0.7633, Recall: 0.7651, F1-Score: 0.7640
2025-01-13 18:24:05,502 - INFO - Epoch 86 - Train Loss: 0.6196, Accuracy: 0.7817, Precision: 0.7808, Recall: 0.7817, F1-Score: 0.7812
2025-01-13 18:24:06,691 - INFO - Epoch 86 - Eval Loss: 0.6802, Accuracy: 0.7665, Precision: 0.7653, Recall: 0.7665, F1-Score: 0.7657
2025-01-13 18:24:13,283 - INFO - Epoch 87 - Train Loss: 0.6161, Accuracy: 0.7826, Precision: 0.7821, Recall: 0.7826, F1-Score: 0.7823
2025-01-13 18:24:14,790 - INFO - Epoch 87 - Eval Loss: 0.6811, Accuracy: 0.7651, Precision: 0.7631, Recall: 0.7651, F1-Score: 0.7637
2025-01-13 18:24:21,405 - INFO - Epoch 88 - Train Loss: 0.6119, Accuracy: 0.7839, Precision: 0.7832, Recall: 0.7839, F1-Score: 0.7835
2025-01-13 18:24:22,777 - INFO - Epoch 88 - Eval Loss: 0.6756, Accuracy: 0.7667, Precision: 0.7651, Recall: 0.7667, F1-Score: 0.7656
2025-01-13 18:24:29,335 - INFO - Epoch 89 - Train Loss: 0.6061, Accuracy: 0.7845, Precision: 0.7837, Recall: 0.7845, F1-Score: 0.7841
2025-01-13 18:24:30,726 - INFO - Epoch 89 - Eval Loss: 0.6766, Accuracy: 0.7654, Precision: 0.7638, Recall: 0.7654, F1-Score: 0.7642
2025-01-13 18:24:37,370 - INFO - Epoch 90 - Train Loss: 0.5965, Accuracy: 0.7891, Precision: 0.7884, Recall: 0.7891, F1-Score: 0.7887
2025-01-13 18:24:38,823 - INFO - Epoch 90 - Eval Loss: 0.6765, Accuracy: 0.7671, Precision: 0.7653, Recall: 0.7671, F1-Score: 0.7655
2025-01-13 18:24:45,478 - INFO - Epoch 91 - Train Loss: 0.5902, Accuracy: 0.7913, Precision: 0.7906, Recall: 0.7913, F1-Score: 0.7909
2025-01-13 18:24:46,972 - INFO - Epoch 91 - Eval Loss: 0.6824, Accuracy: 0.7667, Precision: 0.7663, Recall: 0.7667, F1-Score: 0.7658
2025-01-13 18:24:53,670 - INFO - Epoch 92 - Train Loss: 0.5874, Accuracy: 0.7911, Precision: 0.7903, Recall: 0.7911, F1-Score: 0.7906
2025-01-13 18:24:55,046 - INFO - Epoch 92 - Eval Loss: 0.6724, Accuracy: 0.7700, Precision: 0.7690, Recall: 0.7700, F1-Score: 0.7691
2025-01-13 18:25:01,879 - INFO - Epoch 93 - Train Loss: 0.5865, Accuracy: 0.7927, Precision: 0.7921, Recall: 0.7927, F1-Score: 0.7923
2025-01-13 18:25:03,341 - INFO - Epoch 93 - Eval Loss: 0.6783, Accuracy: 0.7664, Precision: 0.7664, Recall: 0.7664, F1-Score: 0.7661
2025-01-13 18:25:09,905 - INFO - Epoch 94 - Train Loss: 0.5786, Accuracy: 0.7946, Precision: 0.7939, Recall: 0.7946, F1-Score: 0.7942
2025-01-13 18:25:11,234 - INFO - Epoch 94 - Eval Loss: 0.6758, Accuracy: 0.7655, Precision: 0.7638, Recall: 0.7655, F1-Score: 0.7639
2025-01-13 18:25:17,884 - INFO - Epoch 95 - Train Loss: 0.5762, Accuracy: 0.7951, Precision: 0.7947, Recall: 0.7951, F1-Score: 0.7949
2025-01-13 18:25:19,266 - INFO - Epoch 95 - Eval Loss: 0.6745, Accuracy: 0.7661, Precision: 0.7660, Recall: 0.7661, F1-Score: 0.7657
2025-01-13 18:25:25,944 - INFO - Epoch 96 - Train Loss: 0.5742, Accuracy: 0.7952, Precision: 0.7945, Recall: 0.7952, F1-Score: 0.7948
2025-01-13 18:25:27,380 - INFO - Epoch 96 - Eval Loss: 0.6816, Accuracy: 0.7652, Precision: 0.7664, Recall: 0.7652, F1-Score: 0.7649
2025-01-13 18:25:34,047 - INFO - Epoch 97 - Train Loss: 0.5688, Accuracy: 0.7963, Precision: 0.7956, Recall: 0.7963, F1-Score: 0.7959
2025-01-13 18:25:35,393 - INFO - Epoch 97 - Eval Loss: 0.6625, Accuracy: 0.7730, Precision: 0.7726, Recall: 0.7730, F1-Score: 0.7722
2025-01-13 18:25:42,005 - INFO - Epoch 98 - Train Loss: 0.5652, Accuracy: 0.7994, Precision: 0.7989, Recall: 0.7994, F1-Score: 0.7991
2025-01-13 18:25:43,442 - INFO - Epoch 98 - Eval Loss: 0.6650, Accuracy: 0.7721, Precision: 0.7725, Recall: 0.7721, F1-Score: 0.7717
2025-01-13 18:25:50,059 - INFO - Epoch 99 - Train Loss: 0.5583, Accuracy: 0.8026, Precision: 0.8021, Recall: 0.8026, F1-Score: 0.8023
2025-01-13 18:25:51,477 - INFO - Epoch 99 - Eval Loss: 0.6597, Accuracy: 0.7746, Precision: 0.7742, Recall: 0.7746, F1-Score: 0.7741
2025-01-13 18:25:51,477 - INFO - Training finished
