2025-01-13 17:12:58,899 - INFO - Log file created at log/patch_size/stl10_lr0.001_adam_wm1_20250113-171258.log
2025-01-13 17:12:58,945 - INFO - Using device cuda:3
2025-01-13 17:13:16,691 - INFO - Epoch 0 - Train Loss: 2.0743, Accuracy: 0.2326, Precision: 0.2265, Recall: 0.2326, F1-Score: 0.2272
2025-01-13 17:13:18,970 - INFO - Epoch 0 - Eval Loss: 3.1184, Accuracy: 0.1000, Precision: 0.0100, Recall: 0.1000, F1-Score: 0.0182
2025-01-13 17:13:23,052 - INFO - Epoch 1 - Train Loss: 1.6378, Accuracy: 0.3696, Precision: 0.3630, Recall: 0.3696, F1-Score: 0.3646
2025-01-13 17:13:25,138 - INFO - Epoch 1 - Eval Loss: 3.3734, Accuracy: 0.1019, Precision: 0.0223, Recall: 0.1019, F1-Score: 0.0272
2025-01-13 17:13:29,358 - INFO - Epoch 2 - Train Loss: 1.4786, Accuracy: 0.4302, Precision: 0.4227, Recall: 0.4302, F1-Score: 0.4212
2025-01-13 17:13:31,527 - INFO - Epoch 2 - Eval Loss: 3.5464, Accuracy: 0.1205, Precision: 0.0238, Recall: 0.1205, F1-Score: 0.0389
2025-01-13 17:13:35,627 - INFO - Epoch 3 - Train Loss: 1.3463, Accuracy: 0.4952, Precision: 0.4891, Recall: 0.4952, F1-Score: 0.4890
2025-01-13 17:13:37,760 - INFO - Epoch 3 - Eval Loss: 1.7875, Accuracy: 0.3415, Precision: 0.4821, Recall: 0.3415, F1-Score: 0.3120
2025-01-13 17:13:41,876 - INFO - Epoch 4 - Train Loss: 1.2429, Accuracy: 0.5310, Precision: 0.5270, Recall: 0.5310, F1-Score: 0.5280
2025-01-13 17:13:43,968 - INFO - Epoch 4 - Eval Loss: 1.5442, Accuracy: 0.4621, Precision: 0.5122, Recall: 0.4621, F1-Score: 0.4229
2025-01-13 17:13:48,161 - INFO - Epoch 5 - Train Loss: 1.1433, Accuracy: 0.5758, Precision: 0.5700, Recall: 0.5758, F1-Score: 0.5706
2025-01-13 17:13:50,405 - INFO - Epoch 5 - Eval Loss: 1.2357, Accuracy: 0.5466, Precision: 0.5420, Recall: 0.5466, F1-Score: 0.5360
2025-01-13 17:13:54,467 - INFO - Epoch 6 - Train Loss: 1.0440, Accuracy: 0.6156, Precision: 0.6136, Recall: 0.6156, F1-Score: 0.6134
2025-01-13 17:13:56,556 - INFO - Epoch 6 - Eval Loss: 1.2427, Accuracy: 0.5606, Precision: 0.5815, Recall: 0.5606, F1-Score: 0.5388
2025-01-13 17:14:00,695 - INFO - Epoch 7 - Train Loss: 0.9694, Accuracy: 0.6494, Precision: 0.6483, Recall: 0.6494, F1-Score: 0.6485
2025-01-13 17:14:02,914 - INFO - Epoch 7 - Eval Loss: 1.2421, Accuracy: 0.5641, Precision: 0.6089, Recall: 0.5641, F1-Score: 0.5466
2025-01-13 17:14:07,005 - INFO - Epoch 8 - Train Loss: 0.8907, Accuracy: 0.6814, Precision: 0.6797, Recall: 0.6814, F1-Score: 0.6801
2025-01-13 17:14:09,027 - INFO - Epoch 8 - Eval Loss: 1.1836, Accuracy: 0.5958, Precision: 0.6080, Recall: 0.5958, F1-Score: 0.5801
2025-01-13 17:14:13,272 - INFO - Epoch 9 - Train Loss: 0.8372, Accuracy: 0.6982, Precision: 0.6961, Recall: 0.6982, F1-Score: 0.6964
2025-01-13 17:14:15,383 - INFO - Epoch 9 - Eval Loss: 1.0854, Accuracy: 0.6228, Precision: 0.6228, Recall: 0.6227, F1-Score: 0.6145
2025-01-13 17:14:19,629 - INFO - Epoch 10 - Train Loss: 0.7665, Accuracy: 0.7128, Precision: 0.7121, Recall: 0.7128, F1-Score: 0.7121
2025-01-13 17:14:21,791 - INFO - Epoch 10 - Eval Loss: 1.2014, Accuracy: 0.6092, Precision: 0.6341, Recall: 0.6092, F1-Score: 0.5984
2025-01-13 17:14:25,975 - INFO - Epoch 11 - Train Loss: 0.7134, Accuracy: 0.7462, Precision: 0.7453, Recall: 0.7462, F1-Score: 0.7456
2025-01-13 17:14:28,133 - INFO - Epoch 11 - Eval Loss: 1.0614, Accuracy: 0.6316, Precision: 0.6313, Recall: 0.6316, F1-Score: 0.6244
2025-01-13 17:14:32,360 - INFO - Epoch 12 - Train Loss: 0.6585, Accuracy: 0.7662, Precision: 0.7648, Recall: 0.7662, F1-Score: 0.7652
2025-01-13 17:14:34,465 - INFO - Epoch 12 - Eval Loss: 1.1949, Accuracy: 0.6195, Precision: 0.6410, Recall: 0.6195, F1-Score: 0.6179
2025-01-13 17:14:38,709 - INFO - Epoch 13 - Train Loss: 0.6291, Accuracy: 0.7754, Precision: 0.7762, Recall: 0.7754, F1-Score: 0.7757
2025-01-13 17:14:40,889 - INFO - Epoch 13 - Eval Loss: 1.0875, Accuracy: 0.6405, Precision: 0.6421, Recall: 0.6405, F1-Score: 0.6381
2025-01-13 17:14:44,961 - INFO - Epoch 14 - Train Loss: 0.5377, Accuracy: 0.8100, Precision: 0.8105, Recall: 0.8100, F1-Score: 0.8098
2025-01-13 17:14:47,080 - INFO - Epoch 14 - Eval Loss: 1.0955, Accuracy: 0.6500, Precision: 0.6529, Recall: 0.6500, F1-Score: 0.6459
2025-01-13 17:14:51,266 - INFO - Epoch 15 - Train Loss: 0.4813, Accuracy: 0.8306, Precision: 0.8303, Recall: 0.8306, F1-Score: 0.8304
2025-01-13 17:14:53,416 - INFO - Epoch 15 - Eval Loss: 1.1602, Accuracy: 0.6445, Precision: 0.6644, Recall: 0.6445, F1-Score: 0.6392
2025-01-13 17:14:57,654 - INFO - Epoch 16 - Train Loss: 0.4431, Accuracy: 0.8416, Precision: 0.8413, Recall: 0.8416, F1-Score: 0.8414
2025-01-13 17:14:59,874 - INFO - Epoch 16 - Eval Loss: 1.2837, Accuracy: 0.6332, Precision: 0.6411, Recall: 0.6333, F1-Score: 0.6232
2025-01-13 17:15:03,963 - INFO - Epoch 17 - Train Loss: 0.4255, Accuracy: 0.8504, Precision: 0.8500, Recall: 0.8504, F1-Score: 0.8501
2025-01-13 17:15:06,070 - INFO - Epoch 17 - Eval Loss: 1.1754, Accuracy: 0.6469, Precision: 0.6720, Recall: 0.6469, F1-Score: 0.6429
2025-01-13 17:15:10,317 - INFO - Epoch 18 - Train Loss: 0.3853, Accuracy: 0.8608, Precision: 0.8608, Recall: 0.8608, F1-Score: 0.8607
2025-01-13 17:15:12,464 - INFO - Epoch 18 - Eval Loss: 1.1730, Accuracy: 0.6619, Precision: 0.6699, Recall: 0.6619, F1-Score: 0.6569
2025-01-13 17:15:16,539 - INFO - Epoch 19 - Train Loss: 0.3370, Accuracy: 0.8810, Precision: 0.8814, Recall: 0.8810, F1-Score: 0.8811
2025-01-13 17:15:18,598 - INFO - Epoch 19 - Eval Loss: 1.2357, Accuracy: 0.6566, Precision: 0.6652, Recall: 0.6566, F1-Score: 0.6512
2025-01-13 17:15:22,813 - INFO - Epoch 20 - Train Loss: 0.3228, Accuracy: 0.8854, Precision: 0.8853, Recall: 0.8854, F1-Score: 0.8853
2025-01-13 17:15:24,950 - INFO - Epoch 20 - Eval Loss: 1.2192, Accuracy: 0.6552, Precision: 0.6725, Recall: 0.6552, F1-Score: 0.6587
2025-01-13 17:15:29,121 - INFO - Epoch 21 - Train Loss: 0.2923, Accuracy: 0.9010, Precision: 0.9009, Recall: 0.9010, F1-Score: 0.9008
2025-01-13 17:15:31,420 - INFO - Epoch 21 - Eval Loss: 1.2496, Accuracy: 0.6542, Precision: 0.6777, Recall: 0.6542, F1-Score: 0.6547
2025-01-13 17:15:35,550 - INFO - Epoch 22 - Train Loss: 0.2685, Accuracy: 0.9034, Precision: 0.9036, Recall: 0.9034, F1-Score: 0.9034
2025-01-13 17:15:37,679 - INFO - Epoch 22 - Eval Loss: 1.2460, Accuracy: 0.6774, Precision: 0.6889, Recall: 0.6774, F1-Score: 0.6747
2025-01-13 17:15:41,865 - INFO - Epoch 23 - Train Loss: 0.2393, Accuracy: 0.9152, Precision: 0.9152, Recall: 0.9152, F1-Score: 0.9152
2025-01-13 17:15:43,952 - INFO - Epoch 23 - Eval Loss: 1.2442, Accuracy: 0.6664, Precision: 0.6814, Recall: 0.6664, F1-Score: 0.6687
2025-01-13 17:15:48,170 - INFO - Epoch 24 - Train Loss: 0.2120, Accuracy: 0.9270, Precision: 0.9272, Recall: 0.9270, F1-Score: 0.9270
2025-01-13 17:15:50,195 - INFO - Epoch 24 - Eval Loss: 1.3302, Accuracy: 0.6619, Precision: 0.6777, Recall: 0.6619, F1-Score: 0.6633
2025-01-13 17:15:54,408 - INFO - Epoch 25 - Train Loss: 0.1982, Accuracy: 0.9290, Precision: 0.9290, Recall: 0.9290, F1-Score: 0.9289
2025-01-13 17:15:56,446 - INFO - Epoch 25 - Eval Loss: 1.2956, Accuracy: 0.6697, Precision: 0.6809, Recall: 0.6697, F1-Score: 0.6657
2025-01-13 17:16:00,678 - INFO - Epoch 26 - Train Loss: 0.2004, Accuracy: 0.9370, Precision: 0.9370, Recall: 0.9370, F1-Score: 0.9370
2025-01-13 17:16:02,736 - INFO - Epoch 26 - Eval Loss: 1.2303, Accuracy: 0.6705, Precision: 0.6840, Recall: 0.6705, F1-Score: 0.6737
2025-01-13 17:16:06,919 - INFO - Epoch 27 - Train Loss: 0.1860, Accuracy: 0.9388, Precision: 0.9389, Recall: 0.9388, F1-Score: 0.9388
2025-01-13 17:16:09,006 - INFO - Epoch 27 - Eval Loss: 1.2961, Accuracy: 0.6687, Precision: 0.6743, Recall: 0.6687, F1-Score: 0.6651
2025-01-13 17:16:13,186 - INFO - Epoch 28 - Train Loss: 0.1545, Accuracy: 0.9458, Precision: 0.9460, Recall: 0.9458, F1-Score: 0.9459
2025-01-13 17:16:15,332 - INFO - Epoch 28 - Eval Loss: 1.3032, Accuracy: 0.6720, Precision: 0.6869, Recall: 0.6720, F1-Score: 0.6743
2025-01-13 17:16:19,534 - INFO - Epoch 29 - Train Loss: 0.1509, Accuracy: 0.9510, Precision: 0.9511, Recall: 0.9510, F1-Score: 0.9510
2025-01-13 17:16:21,710 - INFO - Epoch 29 - Eval Loss: 1.2926, Accuracy: 0.6827, Precision: 0.6867, Recall: 0.6828, F1-Score: 0.6807
2025-01-13 17:16:25,805 - INFO - Epoch 30 - Train Loss: 0.1383, Accuracy: 0.9506, Precision: 0.9506, Recall: 0.9506, F1-Score: 0.9506
2025-01-13 17:16:27,926 - INFO - Epoch 30 - Eval Loss: 1.3085, Accuracy: 0.6789, Precision: 0.6814, Recall: 0.6789, F1-Score: 0.6738
2025-01-13 17:16:32,115 - INFO - Epoch 31 - Train Loss: 0.1447, Accuracy: 0.9512, Precision: 0.9512, Recall: 0.9512, F1-Score: 0.9512
2025-01-13 17:16:34,336 - INFO - Epoch 31 - Eval Loss: 1.3009, Accuracy: 0.6826, Precision: 0.6835, Recall: 0.6826, F1-Score: 0.6767
2025-01-13 17:16:38,538 - INFO - Epoch 32 - Train Loss: 0.1260, Accuracy: 0.9564, Precision: 0.9564, Recall: 0.9564, F1-Score: 0.9564
2025-01-13 17:16:40,645 - INFO - Epoch 32 - Eval Loss: 1.2764, Accuracy: 0.6759, Precision: 0.6872, Recall: 0.6759, F1-Score: 0.6767
2025-01-13 17:16:44,846 - INFO - Epoch 33 - Train Loss: 0.1034, Accuracy: 0.9648, Precision: 0.9648, Recall: 0.9648, F1-Score: 0.9648
2025-01-13 17:16:46,891 - INFO - Epoch 33 - Eval Loss: 1.4207, Accuracy: 0.6823, Precision: 0.7014, Recall: 0.6823, F1-Score: 0.6835
2025-01-13 17:16:51,106 - INFO - Epoch 34 - Train Loss: 0.0917, Accuracy: 0.9688, Precision: 0.9688, Recall: 0.9688, F1-Score: 0.9688
2025-01-13 17:16:53,317 - INFO - Epoch 34 - Eval Loss: 1.4108, Accuracy: 0.6741, Precision: 0.6889, Recall: 0.6741, F1-Score: 0.6752
2025-01-13 17:16:57,561 - INFO - Epoch 35 - Train Loss: 0.0885, Accuracy: 0.9726, Precision: 0.9727, Recall: 0.9726, F1-Score: 0.9726
2025-01-13 17:16:59,668 - INFO - Epoch 35 - Eval Loss: 1.3302, Accuracy: 0.6906, Precision: 0.6952, Recall: 0.6906, F1-Score: 0.6901
2025-01-13 17:17:03,726 - INFO - Epoch 36 - Train Loss: 0.0855, Accuracy: 0.9758, Precision: 0.9758, Recall: 0.9758, F1-Score: 0.9758
2025-01-13 17:17:05,919 - INFO - Epoch 36 - Eval Loss: 1.2625, Accuracy: 0.6941, Precision: 0.6925, Recall: 0.6941, F1-Score: 0.6905
2025-01-13 17:17:10,148 - INFO - Epoch 37 - Train Loss: 0.0908, Accuracy: 0.9696, Precision: 0.9696, Recall: 0.9696, F1-Score: 0.9696
2025-01-13 17:17:12,411 - INFO - Epoch 37 - Eval Loss: 1.3622, Accuracy: 0.6921, Precision: 0.6952, Recall: 0.6921, F1-Score: 0.6904
2025-01-13 17:17:16,562 - INFO - Epoch 38 - Train Loss: 0.0986, Accuracy: 0.9674, Precision: 0.9674, Recall: 0.9674, F1-Score: 0.9674
2025-01-13 17:17:18,750 - INFO - Epoch 38 - Eval Loss: 1.3961, Accuracy: 0.6796, Precision: 0.6905, Recall: 0.6796, F1-Score: 0.6824
2025-01-13 17:17:22,943 - INFO - Epoch 39 - Train Loss: 0.1094, Accuracy: 0.9616, Precision: 0.9617, Recall: 0.9616, F1-Score: 0.9616
2025-01-13 17:17:25,200 - INFO - Epoch 39 - Eval Loss: 1.3647, Accuracy: 0.6855, Precision: 0.6921, Recall: 0.6855, F1-Score: 0.6826
2025-01-13 17:17:29,341 - INFO - Epoch 40 - Train Loss: 0.0953, Accuracy: 0.9684, Precision: 0.9685, Recall: 0.9684, F1-Score: 0.9684
2025-01-13 17:17:31,528 - INFO - Epoch 40 - Eval Loss: 1.2893, Accuracy: 0.6931, Precision: 0.6949, Recall: 0.6931, F1-Score: 0.6887
2025-01-13 17:17:35,643 - INFO - Epoch 41 - Train Loss: 0.0859, Accuracy: 0.9728, Precision: 0.9728, Recall: 0.9728, F1-Score: 0.9728
2025-01-13 17:17:37,717 - INFO - Epoch 41 - Eval Loss: 1.3238, Accuracy: 0.7001, Precision: 0.7042, Recall: 0.7001, F1-Score: 0.6994
2025-01-13 17:17:41,951 - INFO - Epoch 42 - Train Loss: 0.0673, Accuracy: 0.9776, Precision: 0.9776, Recall: 0.9776, F1-Score: 0.9776
2025-01-13 17:17:44,114 - INFO - Epoch 42 - Eval Loss: 1.3907, Accuracy: 0.6941, Precision: 0.6995, Recall: 0.6941, F1-Score: 0.6948
2025-01-13 17:17:48,323 - INFO - Epoch 43 - Train Loss: 0.0646, Accuracy: 0.9774, Precision: 0.9774, Recall: 0.9774, F1-Score: 0.9774
2025-01-13 17:17:50,485 - INFO - Epoch 43 - Eval Loss: 1.3528, Accuracy: 0.6965, Precision: 0.7027, Recall: 0.6965, F1-Score: 0.6966
2025-01-13 17:17:54,640 - INFO - Epoch 44 - Train Loss: 0.0690, Accuracy: 0.9778, Precision: 0.9778, Recall: 0.9778, F1-Score: 0.9778
2025-01-13 17:17:56,756 - INFO - Epoch 44 - Eval Loss: 1.3936, Accuracy: 0.6951, Precision: 0.6985, Recall: 0.6951, F1-Score: 0.6955
2025-01-13 17:18:01,019 - INFO - Epoch 45 - Train Loss: 0.0686, Accuracy: 0.9770, Precision: 0.9771, Recall: 0.9770, F1-Score: 0.9770
2025-01-13 17:18:03,025 - INFO - Epoch 45 - Eval Loss: 1.5050, Accuracy: 0.6817, Precision: 0.6856, Recall: 0.6817, F1-Score: 0.6771
2025-01-13 17:18:07,236 - INFO - Epoch 46 - Train Loss: 0.0609, Accuracy: 0.9796, Precision: 0.9796, Recall: 0.9796, F1-Score: 0.9796
2025-01-13 17:18:09,298 - INFO - Epoch 46 - Eval Loss: 1.4093, Accuracy: 0.6955, Precision: 0.7039, Recall: 0.6955, F1-Score: 0.6954
2025-01-13 17:18:13,550 - INFO - Epoch 47 - Train Loss: 0.0665, Accuracy: 0.9774, Precision: 0.9774, Recall: 0.9774, F1-Score: 0.9774
2025-01-13 17:18:15,590 - INFO - Epoch 47 - Eval Loss: 1.3748, Accuracy: 0.6897, Precision: 0.6917, Recall: 0.6898, F1-Score: 0.6893
2025-01-13 17:18:19,804 - INFO - Epoch 48 - Train Loss: 0.0666, Accuracy: 0.9794, Precision: 0.9794, Recall: 0.9794, F1-Score: 0.9794
2025-01-13 17:18:21,949 - INFO - Epoch 48 - Eval Loss: 1.4921, Accuracy: 0.6759, Precision: 0.6993, Recall: 0.6759, F1-Score: 0.6797
2025-01-13 17:18:26,168 - INFO - Epoch 49 - Train Loss: 0.0610, Accuracy: 0.9790, Precision: 0.9790, Recall: 0.9790, F1-Score: 0.9790
2025-01-13 17:18:28,413 - INFO - Epoch 49 - Eval Loss: 1.3420, Accuracy: 0.6927, Precision: 0.6980, Recall: 0.6927, F1-Score: 0.6932
2025-01-13 17:18:32,599 - INFO - Epoch 50 - Train Loss: 0.0612, Accuracy: 0.9788, Precision: 0.9788, Recall: 0.9788, F1-Score: 0.9788
2025-01-13 17:18:34,721 - INFO - Epoch 50 - Eval Loss: 1.3803, Accuracy: 0.6963, Precision: 0.7090, Recall: 0.6963, F1-Score: 0.6987
2025-01-13 17:18:38,970 - INFO - Epoch 51 - Train Loss: 0.0603, Accuracy: 0.9808, Precision: 0.9808, Recall: 0.9808, F1-Score: 0.9808
2025-01-13 17:18:41,081 - INFO - Epoch 51 - Eval Loss: 1.3385, Accuracy: 0.6927, Precision: 0.6999, Recall: 0.6927, F1-Score: 0.6947
2025-01-13 17:18:45,237 - INFO - Epoch 52 - Train Loss: 0.0554, Accuracy: 0.9800, Precision: 0.9800, Recall: 0.9800, F1-Score: 0.9800
2025-01-13 17:18:47,299 - INFO - Epoch 52 - Eval Loss: 1.4114, Accuracy: 0.6886, Precision: 0.6938, Recall: 0.6886, F1-Score: 0.6866
2025-01-13 17:18:51,500 - INFO - Epoch 53 - Train Loss: 0.0557, Accuracy: 0.9818, Precision: 0.9819, Recall: 0.9818, F1-Score: 0.9818
2025-01-13 17:18:53,663 - INFO - Epoch 53 - Eval Loss: 1.6520, Accuracy: 0.6806, Precision: 0.6949, Recall: 0.6806, F1-Score: 0.6753
2025-01-13 17:18:57,851 - INFO - Epoch 54 - Train Loss: 0.0514, Accuracy: 0.9808, Precision: 0.9808, Recall: 0.9808, F1-Score: 0.9808
2025-01-13 17:19:00,079 - INFO - Epoch 54 - Eval Loss: 1.4163, Accuracy: 0.6914, Precision: 0.6958, Recall: 0.6914, F1-Score: 0.6911
2025-01-13 17:19:04,277 - INFO - Epoch 55 - Train Loss: 0.0559, Accuracy: 0.9822, Precision: 0.9822, Recall: 0.9822, F1-Score: 0.9822
2025-01-13 17:19:06,332 - INFO - Epoch 55 - Eval Loss: 1.3852, Accuracy: 0.6951, Precision: 0.7014, Recall: 0.6951, F1-Score: 0.6955
2025-01-13 17:19:10,543 - INFO - Epoch 56 - Train Loss: 0.0496, Accuracy: 0.9820, Precision: 0.9820, Recall: 0.9820, F1-Score: 0.9820
2025-01-13 17:19:12,603 - INFO - Epoch 56 - Eval Loss: 1.3777, Accuracy: 0.7007, Precision: 0.7086, Recall: 0.7007, F1-Score: 0.7030
2025-01-13 17:19:16,816 - INFO - Epoch 57 - Train Loss: 0.0492, Accuracy: 0.9846, Precision: 0.9846, Recall: 0.9846, F1-Score: 0.9846
2025-01-13 17:19:18,948 - INFO - Epoch 57 - Eval Loss: 1.4069, Accuracy: 0.6980, Precision: 0.7045, Recall: 0.6980, F1-Score: 0.6983
2025-01-13 17:19:23,075 - INFO - Epoch 58 - Train Loss: 0.0472, Accuracy: 0.9824, Precision: 0.9825, Recall: 0.9824, F1-Score: 0.9824
2025-01-13 17:19:25,172 - INFO - Epoch 58 - Eval Loss: 1.4268, Accuracy: 0.6946, Precision: 0.6968, Recall: 0.6946, F1-Score: 0.6915
2025-01-13 17:19:29,429 - INFO - Epoch 59 - Train Loss: 0.0460, Accuracy: 0.9836, Precision: 0.9836, Recall: 0.9836, F1-Score: 0.9836
2025-01-13 17:19:31,682 - INFO - Epoch 59 - Eval Loss: 1.4254, Accuracy: 0.6963, Precision: 0.7092, Recall: 0.6963, F1-Score: 0.6998
2025-01-13 17:19:35,864 - INFO - Epoch 60 - Train Loss: 0.0619, Accuracy: 0.9796, Precision: 0.9796, Recall: 0.9796, F1-Score: 0.9796
2025-01-13 17:19:38,044 - INFO - Epoch 60 - Eval Loss: 1.4244, Accuracy: 0.6830, Precision: 0.6913, Recall: 0.6830, F1-Score: 0.6825
2025-01-13 17:19:42,263 - INFO - Epoch 61 - Train Loss: 0.0527, Accuracy: 0.9828, Precision: 0.9828, Recall: 0.9828, F1-Score: 0.9828
2025-01-13 17:19:44,350 - INFO - Epoch 61 - Eval Loss: 1.3921, Accuracy: 0.6979, Precision: 0.7083, Recall: 0.6979, F1-Score: 0.6972
2025-01-13 17:19:48,562 - INFO - Epoch 62 - Train Loss: 0.0528, Accuracy: 0.9828, Precision: 0.9829, Recall: 0.9828, F1-Score: 0.9828
2025-01-13 17:19:50,642 - INFO - Epoch 62 - Eval Loss: 1.3946, Accuracy: 0.6945, Precision: 0.6987, Recall: 0.6945, F1-Score: 0.6947
2025-01-13 17:19:54,814 - INFO - Epoch 63 - Train Loss: 0.0428, Accuracy: 0.9858, Precision: 0.9858, Recall: 0.9858, F1-Score: 0.9858
2025-01-13 17:19:56,920 - INFO - Epoch 63 - Eval Loss: 1.5564, Accuracy: 0.6971, Precision: 0.7069, Recall: 0.6971, F1-Score: 0.6960
2025-01-13 17:20:01,018 - INFO - Epoch 64 - Train Loss: 0.0501, Accuracy: 0.9826, Precision: 0.9826, Recall: 0.9826, F1-Score: 0.9826
2025-01-13 17:20:03,252 - INFO - Epoch 64 - Eval Loss: 1.4969, Accuracy: 0.6907, Precision: 0.7114, Recall: 0.6907, F1-Score: 0.6936
2025-01-13 17:20:07,460 - INFO - Epoch 65 - Train Loss: 0.0398, Accuracy: 0.9860, Precision: 0.9860, Recall: 0.9860, F1-Score: 0.9860
2025-01-13 17:20:09,643 - INFO - Epoch 65 - Eval Loss: 1.5050, Accuracy: 0.7009, Precision: 0.7120, Recall: 0.7009, F1-Score: 0.7018
2025-01-13 17:20:13,777 - INFO - Epoch 66 - Train Loss: 0.0412, Accuracy: 0.9862, Precision: 0.9862, Recall: 0.9862, F1-Score: 0.9862
2025-01-13 17:20:15,852 - INFO - Epoch 66 - Eval Loss: 1.4529, Accuracy: 0.6974, Precision: 0.6947, Recall: 0.6974, F1-Score: 0.6930
2025-01-13 17:20:20,075 - INFO - Epoch 67 - Train Loss: 0.0444, Accuracy: 0.9850, Precision: 0.9850, Recall: 0.9850, F1-Score: 0.9850
2025-01-13 17:20:22,271 - INFO - Epoch 67 - Eval Loss: 1.4489, Accuracy: 0.7017, Precision: 0.7030, Recall: 0.7017, F1-Score: 0.6991
2025-01-13 17:20:26,513 - INFO - Epoch 68 - Train Loss: 0.0409, Accuracy: 0.9864, Precision: 0.9864, Recall: 0.9864, F1-Score: 0.9864
2025-01-13 17:20:28,755 - INFO - Epoch 68 - Eval Loss: 1.4175, Accuracy: 0.7050, Precision: 0.7133, Recall: 0.7050, F1-Score: 0.7055
2025-01-13 17:20:32,890 - INFO - Epoch 69 - Train Loss: 0.0399, Accuracy: 0.9854, Precision: 0.9854, Recall: 0.9854, F1-Score: 0.9854
2025-01-13 17:20:35,137 - INFO - Epoch 69 - Eval Loss: 1.5227, Accuracy: 0.6869, Precision: 0.6905, Recall: 0.6869, F1-Score: 0.6853
2025-01-13 17:20:39,319 - INFO - Epoch 70 - Train Loss: 0.0465, Accuracy: 0.9836, Precision: 0.9836, Recall: 0.9836, F1-Score: 0.9836
2025-01-13 17:20:41,546 - INFO - Epoch 70 - Eval Loss: 1.4742, Accuracy: 0.6934, Precision: 0.6984, Recall: 0.6934, F1-Score: 0.6951
2025-01-13 17:20:45,715 - INFO - Epoch 71 - Train Loss: 0.0430, Accuracy: 0.9858, Precision: 0.9858, Recall: 0.9858, F1-Score: 0.9858
2025-01-13 17:20:47,795 - INFO - Epoch 71 - Eval Loss: 1.4785, Accuracy: 0.6903, Precision: 0.6952, Recall: 0.6903, F1-Score: 0.6897
2025-01-13 17:20:51,964 - INFO - Epoch 72 - Train Loss: 0.0424, Accuracy: 0.9864, Precision: 0.9864, Recall: 0.9864, F1-Score: 0.9864
2025-01-13 17:20:54,091 - INFO - Epoch 72 - Eval Loss: 1.4532, Accuracy: 0.6989, Precision: 0.7010, Recall: 0.6989, F1-Score: 0.6960
2025-01-13 17:20:58,213 - INFO - Epoch 73 - Train Loss: 0.0438, Accuracy: 0.9848, Precision: 0.9848, Recall: 0.9848, F1-Score: 0.9848
2025-01-13 17:21:00,382 - INFO - Epoch 73 - Eval Loss: 1.4502, Accuracy: 0.6980, Precision: 0.7054, Recall: 0.6980, F1-Score: 0.6994
2025-01-13 17:21:04,529 - INFO - Epoch 74 - Train Loss: 0.0373, Accuracy: 0.9872, Precision: 0.9872, Recall: 0.9872, F1-Score: 0.9872
2025-01-13 17:21:06,592 - INFO - Epoch 74 - Eval Loss: 1.4469, Accuracy: 0.6985, Precision: 0.7079, Recall: 0.6985, F1-Score: 0.7003
2025-01-13 17:21:10,818 - INFO - Epoch 75 - Train Loss: 0.0411, Accuracy: 0.9862, Precision: 0.9862, Recall: 0.9862, F1-Score: 0.9862
2025-01-13 17:21:12,957 - INFO - Epoch 75 - Eval Loss: 1.3776, Accuracy: 0.7063, Precision: 0.7133, Recall: 0.7062, F1-Score: 0.7082
2025-01-13 17:21:17,104 - INFO - Epoch 76 - Train Loss: 0.0414, Accuracy: 0.9852, Precision: 0.9852, Recall: 0.9852, F1-Score: 0.9852
2025-01-13 17:21:19,185 - INFO - Epoch 76 - Eval Loss: 1.3910, Accuracy: 0.6993, Precision: 0.7083, Recall: 0.6992, F1-Score: 0.6995
2025-01-13 17:21:23,421 - INFO - Epoch 77 - Train Loss: 0.0387, Accuracy: 0.9866, Precision: 0.9867, Recall: 0.9866, F1-Score: 0.9866
2025-01-13 17:21:25,664 - INFO - Epoch 77 - Eval Loss: 1.5432, Accuracy: 0.6915, Precision: 0.7095, Recall: 0.6915, F1-Score: 0.6908
2025-01-13 17:21:29,842 - INFO - Epoch 78 - Train Loss: 0.0399, Accuracy: 0.9872, Precision: 0.9873, Recall: 0.9872, F1-Score: 0.9872
2025-01-13 17:21:31,929 - INFO - Epoch 78 - Eval Loss: 1.4173, Accuracy: 0.7055, Precision: 0.7104, Recall: 0.7055, F1-Score: 0.7033
2025-01-13 17:21:36,145 - INFO - Epoch 79 - Train Loss: 0.0345, Accuracy: 0.9878, Precision: 0.9878, Recall: 0.9878, F1-Score: 0.9878
2025-01-13 17:21:38,416 - INFO - Epoch 79 - Eval Loss: 1.3880, Accuracy: 0.7026, Precision: 0.7155, Recall: 0.7026, F1-Score: 0.7035
2025-01-13 17:21:42,681 - INFO - Epoch 80 - Train Loss: 0.0372, Accuracy: 0.9870, Precision: 0.9870, Recall: 0.9870, F1-Score: 0.9870
2025-01-13 17:21:44,847 - INFO - Epoch 80 - Eval Loss: 1.4243, Accuracy: 0.7034, Precision: 0.7069, Recall: 0.7034, F1-Score: 0.7023
2025-01-13 17:21:49,068 - INFO - Epoch 81 - Train Loss: 0.0415, Accuracy: 0.9864, Precision: 0.9864, Recall: 0.9864, F1-Score: 0.9864
2025-01-13 17:21:51,183 - INFO - Epoch 81 - Eval Loss: 1.3795, Accuracy: 0.7040, Precision: 0.7079, Recall: 0.7040, F1-Score: 0.7044
2025-01-13 17:21:55,268 - INFO - Epoch 82 - Train Loss: 0.0445, Accuracy: 0.9862, Precision: 0.9862, Recall: 0.9862, F1-Score: 0.9862
2025-01-13 17:21:57,423 - INFO - Epoch 82 - Eval Loss: 1.4103, Accuracy: 0.7084, Precision: 0.7137, Recall: 0.7084, F1-Score: 0.7080
2025-01-13 17:22:01,577 - INFO - Epoch 83 - Train Loss: 0.0442, Accuracy: 0.9866, Precision: 0.9866, Recall: 0.9866, F1-Score: 0.9866
2025-01-13 17:22:03,689 - INFO - Epoch 83 - Eval Loss: 1.4964, Accuracy: 0.6960, Precision: 0.7055, Recall: 0.6960, F1-Score: 0.6920
2025-01-13 17:22:07,834 - INFO - Epoch 84 - Train Loss: 0.0346, Accuracy: 0.9896, Precision: 0.9896, Recall: 0.9896, F1-Score: 0.9896
2025-01-13 17:22:10,036 - INFO - Epoch 84 - Eval Loss: 1.4430, Accuracy: 0.7103, Precision: 0.7115, Recall: 0.7103, F1-Score: 0.7082
2025-01-13 17:22:14,253 - INFO - Epoch 85 - Train Loss: 0.0356, Accuracy: 0.9880, Precision: 0.9880, Recall: 0.9880, F1-Score: 0.9880
2025-01-13 17:22:16,316 - INFO - Epoch 85 - Eval Loss: 1.5965, Accuracy: 0.6893, Precision: 0.7028, Recall: 0.6893, F1-Score: 0.6910
2025-01-13 17:22:20,503 - INFO - Epoch 86 - Train Loss: 0.0477, Accuracy: 0.9848, Precision: 0.9848, Recall: 0.9848, F1-Score: 0.9848
2025-01-13 17:22:22,637 - INFO - Epoch 86 - Eval Loss: 1.4934, Accuracy: 0.6966, Precision: 0.7084, Recall: 0.6966, F1-Score: 0.6966
2025-01-13 17:22:26,784 - INFO - Epoch 87 - Train Loss: 0.0442, Accuracy: 0.9852, Precision: 0.9852, Recall: 0.9852, F1-Score: 0.9852
2025-01-13 17:22:29,015 - INFO - Epoch 87 - Eval Loss: 1.5790, Accuracy: 0.6833, Precision: 0.6952, Recall: 0.6832, F1-Score: 0.6817
2025-01-13 17:22:33,209 - INFO - Epoch 88 - Train Loss: 0.0423, Accuracy: 0.9862, Precision: 0.9862, Recall: 0.9862, F1-Score: 0.9862
2025-01-13 17:22:35,366 - INFO - Epoch 88 - Eval Loss: 1.3870, Accuracy: 0.6967, Precision: 0.6969, Recall: 0.6967, F1-Score: 0.6958
2025-01-13 17:22:39,504 - INFO - Epoch 89 - Train Loss: 0.0431, Accuracy: 0.9844, Precision: 0.9845, Recall: 0.9844, F1-Score: 0.9844
2025-01-13 17:22:41,678 - INFO - Epoch 89 - Eval Loss: 1.5368, Accuracy: 0.6880, Precision: 0.7091, Recall: 0.6880, F1-Score: 0.6923
2025-01-13 17:22:45,799 - INFO - Epoch 90 - Train Loss: 0.0491, Accuracy: 0.9850, Precision: 0.9850, Recall: 0.9850, F1-Score: 0.9850
2025-01-13 17:22:47,933 - INFO - Epoch 90 - Eval Loss: 1.4683, Accuracy: 0.6976, Precision: 0.7002, Recall: 0.6976, F1-Score: 0.6948
2025-01-13 17:22:52,098 - INFO - Epoch 91 - Train Loss: 0.0403, Accuracy: 0.9858, Precision: 0.9858, Recall: 0.9858, F1-Score: 0.9858
2025-01-13 17:22:54,361 - INFO - Epoch 91 - Eval Loss: 1.4115, Accuracy: 0.7034, Precision: 0.7106, Recall: 0.7034, F1-Score: 0.7039
2025-01-13 17:22:58,626 - INFO - Epoch 92 - Train Loss: 0.0357, Accuracy: 0.9874, Precision: 0.9874, Recall: 0.9874, F1-Score: 0.9874
2025-01-13 17:23:00,806 - INFO - Epoch 92 - Eval Loss: 1.4885, Accuracy: 0.6980, Precision: 0.7114, Recall: 0.6980, F1-Score: 0.7009
2025-01-13 17:23:05,036 - INFO - Epoch 93 - Train Loss: 0.0289, Accuracy: 0.9908, Precision: 0.9908, Recall: 0.9908, F1-Score: 0.9908
2025-01-13 17:23:07,322 - INFO - Epoch 93 - Eval Loss: 1.4614, Accuracy: 0.7027, Precision: 0.7134, Recall: 0.7027, F1-Score: 0.7044
2025-01-13 17:23:11,471 - INFO - Epoch 94 - Train Loss: 0.0295, Accuracy: 0.9900, Precision: 0.9900, Recall: 0.9900, F1-Score: 0.9900
2025-01-13 17:23:13,464 - INFO - Epoch 94 - Eval Loss: 1.3939, Accuracy: 0.7103, Precision: 0.7149, Recall: 0.7103, F1-Score: 0.7095
2025-01-13 17:23:17,557 - INFO - Epoch 95 - Train Loss: 0.0326, Accuracy: 0.9908, Precision: 0.9908, Recall: 0.9908, F1-Score: 0.9908
2025-01-13 17:23:19,634 - INFO - Epoch 95 - Eval Loss: 1.3802, Accuracy: 0.7024, Precision: 0.7090, Recall: 0.7024, F1-Score: 0.7023
2025-01-13 17:23:23,848 - INFO - Epoch 96 - Train Loss: 0.0292, Accuracy: 0.9912, Precision: 0.9912, Recall: 0.9912, F1-Score: 0.9912
2025-01-13 17:23:26,077 - INFO - Epoch 96 - Eval Loss: 1.4113, Accuracy: 0.7049, Precision: 0.7069, Recall: 0.7049, F1-Score: 0.7037
2025-01-13 17:23:30,249 - INFO - Epoch 97 - Train Loss: 0.0360, Accuracy: 0.9876, Precision: 0.9876, Recall: 0.9876, F1-Score: 0.9876
2025-01-13 17:23:32,450 - INFO - Epoch 97 - Eval Loss: 1.4733, Accuracy: 0.6987, Precision: 0.7035, Recall: 0.6988, F1-Score: 0.6978
2025-01-13 17:23:36,918 - INFO - Epoch 98 - Train Loss: 0.0279, Accuracy: 0.9904, Precision: 0.9904, Recall: 0.9904, F1-Score: 0.9904
2025-01-13 17:23:39,281 - INFO - Epoch 98 - Eval Loss: 1.4474, Accuracy: 0.7031, Precision: 0.7045, Recall: 0.7031, F1-Score: 0.7010
2025-01-13 17:23:43,483 - INFO - Epoch 99 - Train Loss: 0.0256, Accuracy: 0.9912, Precision: 0.9912, Recall: 0.9912, F1-Score: 0.9912
2025-01-13 17:23:45,688 - INFO - Epoch 99 - Eval Loss: 1.4618, Accuracy: 0.7063, Precision: 0.7056, Recall: 0.7063, F1-Score: 0.7037
2025-01-13 17:23:45,688 - INFO - Training finished
