2025-01-13 17:23:48,748 - INFO - Log file created at log/patch_size/stl10_lr0.001_adam_wm1_20250113-172348.log
2025-01-13 17:23:48,797 - INFO - Using device cuda:3
2025-01-13 17:24:07,237 - INFO - Epoch 0 - Train Loss: 2.0153, Accuracy: 0.2420, Precision: 0.2339, Recall: 0.2420, F1-Score: 0.2359
2025-01-13 17:24:09,633 - INFO - Epoch 0 - Eval Loss: 2.4356, Accuracy: 0.1000, Precision: 0.0100, Recall: 0.1000, F1-Score: 0.0182
2025-01-13 17:24:13,934 - INFO - Epoch 1 - Train Loss: 1.5749, Accuracy: 0.3856, Precision: 0.3785, Recall: 0.3856, F1-Score: 0.3766
2025-01-13 17:24:16,251 - INFO - Epoch 1 - Eval Loss: 2.9766, Accuracy: 0.1003, Precision: 0.0114, Recall: 0.1002, F1-Score: 0.0203
2025-01-13 17:24:20,565 - INFO - Epoch 2 - Train Loss: 1.4162, Accuracy: 0.4600, Precision: 0.4580, Recall: 0.4600, F1-Score: 0.4563
2025-01-13 17:24:22,912 - INFO - Epoch 2 - Eval Loss: 3.2874, Accuracy: 0.1249, Precision: 0.0641, Recall: 0.1249, F1-Score: 0.0548
2025-01-13 17:24:27,215 - INFO - Epoch 3 - Train Loss: 1.2972, Accuracy: 0.5160, Precision: 0.5112, Recall: 0.5160, F1-Score: 0.5110
2025-01-13 17:24:29,551 - INFO - Epoch 3 - Eval Loss: 1.7145, Accuracy: 0.3776, Precision: 0.4997, Recall: 0.3776, F1-Score: 0.3490
2025-01-13 17:24:33,973 - INFO - Epoch 4 - Train Loss: 1.1881, Accuracy: 0.5582, Precision: 0.5551, Recall: 0.5582, F1-Score: 0.5554
2025-01-13 17:24:36,413 - INFO - Epoch 4 - Eval Loss: 1.2399, Accuracy: 0.5477, Precision: 0.5738, Recall: 0.5477, F1-Score: 0.5404
2025-01-13 17:24:40,742 - INFO - Epoch 5 - Train Loss: 1.0854, Accuracy: 0.5974, Precision: 0.5930, Recall: 0.5974, F1-Score: 0.5933
2025-01-13 17:24:43,111 - INFO - Epoch 5 - Eval Loss: 1.1745, Accuracy: 0.5833, Precision: 0.6002, Recall: 0.5833, F1-Score: 0.5797
2025-01-13 17:24:47,487 - INFO - Epoch 6 - Train Loss: 1.0082, Accuracy: 0.6226, Precision: 0.6203, Recall: 0.6226, F1-Score: 0.6208
2025-01-13 17:24:49,956 - INFO - Epoch 6 - Eval Loss: 1.1278, Accuracy: 0.6006, Precision: 0.6123, Recall: 0.6006, F1-Score: 0.5903
2025-01-13 17:24:54,361 - INFO - Epoch 7 - Train Loss: 0.9304, Accuracy: 0.6610, Precision: 0.6581, Recall: 0.6610, F1-Score: 0.6587
2025-01-13 17:24:56,840 - INFO - Epoch 7 - Eval Loss: 1.1295, Accuracy: 0.5989, Precision: 0.6271, Recall: 0.5989, F1-Score: 0.5906
2025-01-13 17:25:01,280 - INFO - Epoch 8 - Train Loss: 0.8573, Accuracy: 0.6878, Precision: 0.6857, Recall: 0.6878, F1-Score: 0.6863
2025-01-13 17:25:03,624 - INFO - Epoch 8 - Eval Loss: 1.0186, Accuracy: 0.6356, Precision: 0.6513, Recall: 0.6356, F1-Score: 0.6378
2025-01-13 17:25:08,458 - INFO - Epoch 9 - Train Loss: 0.8167, Accuracy: 0.6996, Precision: 0.6997, Recall: 0.6996, F1-Score: 0.6996
2025-01-13 17:25:10,772 - INFO - Epoch 9 - Eval Loss: 1.0413, Accuracy: 0.6339, Precision: 0.6396, Recall: 0.6339, F1-Score: 0.6233
2025-01-13 17:25:15,333 - INFO - Epoch 10 - Train Loss: 0.7555, Accuracy: 0.7260, Precision: 0.7243, Recall: 0.7260, F1-Score: 0.7244
2025-01-13 17:25:17,632 - INFO - Epoch 10 - Eval Loss: 1.0255, Accuracy: 0.6438, Precision: 0.6565, Recall: 0.6438, F1-Score: 0.6386
2025-01-13 17:25:22,287 - INFO - Epoch 11 - Train Loss: 0.6918, Accuracy: 0.7448, Precision: 0.7459, Recall: 0.7448, F1-Score: 0.7451
2025-01-13 17:25:24,646 - INFO - Epoch 11 - Eval Loss: 0.9659, Accuracy: 0.6705, Precision: 0.6721, Recall: 0.6705, F1-Score: 0.6649
2025-01-13 17:25:29,277 - INFO - Epoch 12 - Train Loss: 0.6206, Accuracy: 0.7778, Precision: 0.7764, Recall: 0.7778, F1-Score: 0.7769
2025-01-13 17:25:31,718 - INFO - Epoch 12 - Eval Loss: 1.0327, Accuracy: 0.6464, Precision: 0.6589, Recall: 0.6464, F1-Score: 0.6444
2025-01-13 17:25:36,210 - INFO - Epoch 13 - Train Loss: 0.5810, Accuracy: 0.7896, Precision: 0.7895, Recall: 0.7896, F1-Score: 0.7893
2025-01-13 17:25:38,817 - INFO - Epoch 13 - Eval Loss: 1.0372, Accuracy: 0.6631, Precision: 0.6768, Recall: 0.6631, F1-Score: 0.6628
2025-01-13 17:25:43,398 - INFO - Epoch 14 - Train Loss: 0.5338, Accuracy: 0.8116, Precision: 0.8112, Recall: 0.8116, F1-Score: 0.8112
2025-01-13 17:25:45,975 - INFO - Epoch 14 - Eval Loss: 1.0078, Accuracy: 0.6733, Precision: 0.6773, Recall: 0.6733, F1-Score: 0.6693
2025-01-13 17:25:50,437 - INFO - Epoch 15 - Train Loss: 0.4906, Accuracy: 0.8276, Precision: 0.8282, Recall: 0.8276, F1-Score: 0.8276
2025-01-13 17:25:52,890 - INFO - Epoch 15 - Eval Loss: 1.0214, Accuracy: 0.6747, Precision: 0.6764, Recall: 0.6747, F1-Score: 0.6678
2025-01-13 17:25:57,514 - INFO - Epoch 16 - Train Loss: 0.4675, Accuracy: 0.8332, Precision: 0.8328, Recall: 0.8332, F1-Score: 0.8328
2025-01-13 17:25:59,963 - INFO - Epoch 16 - Eval Loss: 1.1239, Accuracy: 0.6571, Precision: 0.6724, Recall: 0.6571, F1-Score: 0.6559
2025-01-13 17:26:04,481 - INFO - Epoch 17 - Train Loss: 0.4108, Accuracy: 0.8512, Precision: 0.8515, Recall: 0.8512, F1-Score: 0.8513
2025-01-13 17:26:06,883 - INFO - Epoch 17 - Eval Loss: 1.0320, Accuracy: 0.6835, Precision: 0.6874, Recall: 0.6835, F1-Score: 0.6813
2025-01-13 17:26:11,370 - INFO - Epoch 18 - Train Loss: 0.3433, Accuracy: 0.8810, Precision: 0.8812, Recall: 0.8810, F1-Score: 0.8809
2025-01-13 17:26:13,978 - INFO - Epoch 18 - Eval Loss: 1.1226, Accuracy: 0.6683, Precision: 0.6715, Recall: 0.6682, F1-Score: 0.6653
2025-01-13 17:26:18,360 - INFO - Epoch 19 - Train Loss: 0.3444, Accuracy: 0.8778, Precision: 0.8780, Recall: 0.8778, F1-Score: 0.8778
2025-01-13 17:26:20,892 - INFO - Epoch 19 - Eval Loss: 1.0731, Accuracy: 0.6709, Precision: 0.6856, Recall: 0.6709, F1-Score: 0.6725
2025-01-13 17:26:25,432 - INFO - Epoch 20 - Train Loss: 0.3094, Accuracy: 0.8908, Precision: 0.8910, Recall: 0.8908, F1-Score: 0.8908
2025-01-13 17:26:27,840 - INFO - Epoch 20 - Eval Loss: 1.0611, Accuracy: 0.6811, Precision: 0.6834, Recall: 0.6811, F1-Score: 0.6792
2025-01-13 17:26:32,516 - INFO - Epoch 21 - Train Loss: 0.2793, Accuracy: 0.9056, Precision: 0.9059, Recall: 0.9056, F1-Score: 0.9057
2025-01-13 17:26:34,848 - INFO - Epoch 21 - Eval Loss: 1.3028, Accuracy: 0.6756, Precision: 0.6893, Recall: 0.6756, F1-Score: 0.6710
2025-01-13 17:26:39,468 - INFO - Epoch 22 - Train Loss: 0.2424, Accuracy: 0.9180, Precision: 0.9178, Recall: 0.9180, F1-Score: 0.9177
2025-01-13 17:26:41,767 - INFO - Epoch 22 - Eval Loss: 1.1345, Accuracy: 0.6907, Precision: 0.6932, Recall: 0.6907, F1-Score: 0.6878
2025-01-13 17:26:46,424 - INFO - Epoch 23 - Train Loss: 0.2316, Accuracy: 0.9206, Precision: 0.9206, Recall: 0.9206, F1-Score: 0.9205
2025-01-13 17:26:48,749 - INFO - Epoch 23 - Eval Loss: 1.1762, Accuracy: 0.6756, Precision: 0.6935, Recall: 0.6756, F1-Score: 0.6791
2025-01-13 17:26:53,281 - INFO - Epoch 24 - Train Loss: 0.2298, Accuracy: 0.9212, Precision: 0.9211, Recall: 0.9212, F1-Score: 0.9211
2025-01-13 17:26:55,607 - INFO - Epoch 24 - Eval Loss: 1.1324, Accuracy: 0.6809, Precision: 0.6971, Recall: 0.6809, F1-Score: 0.6834
2025-01-13 17:27:00,220 - INFO - Epoch 25 - Train Loss: 0.2079, Accuracy: 0.9270, Precision: 0.9273, Recall: 0.9270, F1-Score: 0.9271
2025-01-13 17:27:03,066 - INFO - Epoch 25 - Eval Loss: 1.1263, Accuracy: 0.6983, Precision: 0.7036, Recall: 0.6983, F1-Score: 0.6962
2025-01-13 17:27:07,489 - INFO - Epoch 26 - Train Loss: 0.1887, Accuracy: 0.9378, Precision: 0.9378, Recall: 0.9378, F1-Score: 0.9378
2025-01-13 17:27:10,079 - INFO - Epoch 26 - Eval Loss: 1.2953, Accuracy: 0.6831, Precision: 0.7081, Recall: 0.6831, F1-Score: 0.6833
2025-01-13 17:27:14,826 - INFO - Epoch 27 - Train Loss: 0.2035, Accuracy: 0.9292, Precision: 0.9296, Recall: 0.9292, F1-Score: 0.9293
2025-01-13 17:27:17,381 - INFO - Epoch 27 - Eval Loss: 1.1304, Accuracy: 0.7011, Precision: 0.7023, Recall: 0.7011, F1-Score: 0.7011
2025-01-13 17:27:21,821 - INFO - Epoch 28 - Train Loss: 0.1833, Accuracy: 0.9350, Precision: 0.9350, Recall: 0.9350, F1-Score: 0.9349
2025-01-13 17:27:24,353 - INFO - Epoch 28 - Eval Loss: 1.2210, Accuracy: 0.6896, Precision: 0.7093, Recall: 0.6896, F1-Score: 0.6926
2025-01-13 17:27:28,808 - INFO - Epoch 29 - Train Loss: 0.1548, Accuracy: 0.9472, Precision: 0.9474, Recall: 0.9472, F1-Score: 0.9473
2025-01-13 17:27:31,322 - INFO - Epoch 29 - Eval Loss: 1.1888, Accuracy: 0.6970, Precision: 0.7037, Recall: 0.6970, F1-Score: 0.6919
2025-01-13 17:27:35,764 - INFO - Epoch 30 - Train Loss: 0.1426, Accuracy: 0.9506, Precision: 0.9507, Recall: 0.9506, F1-Score: 0.9506
2025-01-13 17:27:38,146 - INFO - Epoch 30 - Eval Loss: 1.2421, Accuracy: 0.6869, Precision: 0.6999, Recall: 0.6869, F1-Score: 0.6850
2025-01-13 17:27:42,560 - INFO - Epoch 31 - Train Loss: 0.1324, Accuracy: 0.9544, Precision: 0.9544, Recall: 0.9544, F1-Score: 0.9544
2025-01-13 17:27:44,966 - INFO - Epoch 31 - Eval Loss: 1.1670, Accuracy: 0.7045, Precision: 0.7170, Recall: 0.7045, F1-Score: 0.7074
2025-01-13 17:27:49,377 - INFO - Epoch 32 - Train Loss: 0.1033, Accuracy: 0.9648, Precision: 0.9649, Recall: 0.9648, F1-Score: 0.9648
2025-01-13 17:27:51,792 - INFO - Epoch 32 - Eval Loss: 1.1978, Accuracy: 0.6983, Precision: 0.7074, Recall: 0.6983, F1-Score: 0.7006
2025-01-13 17:27:56,365 - INFO - Epoch 33 - Train Loss: 0.0972, Accuracy: 0.9694, Precision: 0.9695, Recall: 0.9694, F1-Score: 0.9694
2025-01-13 17:27:58,711 - INFO - Epoch 33 - Eval Loss: 1.2356, Accuracy: 0.7023, Precision: 0.7069, Recall: 0.7023, F1-Score: 0.7026
2025-01-13 17:28:03,317 - INFO - Epoch 34 - Train Loss: 0.1035, Accuracy: 0.9622, Precision: 0.9622, Recall: 0.9622, F1-Score: 0.9622
2025-01-13 17:28:05,609 - INFO - Epoch 34 - Eval Loss: 1.2320, Accuracy: 0.6976, Precision: 0.6996, Recall: 0.6976, F1-Score: 0.6937
2025-01-13 17:28:10,221 - INFO - Epoch 35 - Train Loss: 0.0980, Accuracy: 0.9682, Precision: 0.9682, Recall: 0.9682, F1-Score: 0.9682
2025-01-13 17:28:12,604 - INFO - Epoch 35 - Eval Loss: 1.2639, Accuracy: 0.6955, Precision: 0.6975, Recall: 0.6955, F1-Score: 0.6951
2025-01-13 17:28:17,023 - INFO - Epoch 36 - Train Loss: 0.0943, Accuracy: 0.9720, Precision: 0.9721, Recall: 0.9720, F1-Score: 0.9720
2025-01-13 17:28:19,452 - INFO - Epoch 36 - Eval Loss: 1.3379, Accuracy: 0.6870, Precision: 0.7042, Recall: 0.6870, F1-Score: 0.6889
2025-01-13 17:28:24,079 - INFO - Epoch 37 - Train Loss: 0.0840, Accuracy: 0.9732, Precision: 0.9733, Recall: 0.9732, F1-Score: 0.9732
2025-01-13 17:28:26,730 - INFO - Epoch 37 - Eval Loss: 1.2687, Accuracy: 0.7016, Precision: 0.7058, Recall: 0.7016, F1-Score: 0.7009
2025-01-13 17:28:31,284 - INFO - Epoch 38 - Train Loss: 0.0958, Accuracy: 0.9684, Precision: 0.9684, Recall: 0.9684, F1-Score: 0.9684
2025-01-13 17:28:34,074 - INFO - Epoch 38 - Eval Loss: 1.3079, Accuracy: 0.6887, Precision: 0.6908, Recall: 0.6887, F1-Score: 0.6854
2025-01-13 17:28:38,609 - INFO - Epoch 39 - Train Loss: 0.0922, Accuracy: 0.9688, Precision: 0.9689, Recall: 0.9688, F1-Score: 0.9688
2025-01-13 17:28:40,988 - INFO - Epoch 39 - Eval Loss: 1.2562, Accuracy: 0.6960, Precision: 0.7073, Recall: 0.6960, F1-Score: 0.6983
2025-01-13 17:28:45,526 - INFO - Epoch 40 - Train Loss: 0.0900, Accuracy: 0.9698, Precision: 0.9699, Recall: 0.9698, F1-Score: 0.9698
2025-01-13 17:28:48,002 - INFO - Epoch 40 - Eval Loss: 1.2766, Accuracy: 0.6951, Precision: 0.7050, Recall: 0.6951, F1-Score: 0.6969
2025-01-13 17:28:52,375 - INFO - Epoch 41 - Train Loss: 0.0833, Accuracy: 0.9728, Precision: 0.9728, Recall: 0.9728, F1-Score: 0.9728
2025-01-13 17:28:54,753 - INFO - Epoch 41 - Eval Loss: 1.3370, Accuracy: 0.7020, Precision: 0.7075, Recall: 0.7020, F1-Score: 0.7008
2025-01-13 17:28:59,326 - INFO - Epoch 42 - Train Loss: 0.0805, Accuracy: 0.9752, Precision: 0.9752, Recall: 0.9752, F1-Score: 0.9752
2025-01-13 17:29:01,805 - INFO - Epoch 42 - Eval Loss: 1.3178, Accuracy: 0.6997, Precision: 0.7105, Recall: 0.6998, F1-Score: 0.7021
2025-01-13 17:29:06,322 - INFO - Epoch 43 - Train Loss: 0.0769, Accuracy: 0.9742, Precision: 0.9742, Recall: 0.9742, F1-Score: 0.9742
2025-01-13 17:29:08,680 - INFO - Epoch 43 - Eval Loss: 1.2911, Accuracy: 0.6893, Precision: 0.6968, Recall: 0.6893, F1-Score: 0.6901
2025-01-13 17:29:13,354 - INFO - Epoch 44 - Train Loss: 0.0771, Accuracy: 0.9736, Precision: 0.9736, Recall: 0.9736, F1-Score: 0.9736
2025-01-13 17:29:15,744 - INFO - Epoch 44 - Eval Loss: 1.3879, Accuracy: 0.6911, Precision: 0.6935, Recall: 0.6911, F1-Score: 0.6900
2025-01-13 17:29:20,313 - INFO - Epoch 45 - Train Loss: 0.0733, Accuracy: 0.9742, Precision: 0.9742, Recall: 0.9742, F1-Score: 0.9742
2025-01-13 17:29:22,580 - INFO - Epoch 45 - Eval Loss: 1.2861, Accuracy: 0.7051, Precision: 0.7147, Recall: 0.7051, F1-Score: 0.7065
2025-01-13 17:29:27,156 - INFO - Epoch 46 - Train Loss: 0.0666, Accuracy: 0.9800, Precision: 0.9800, Recall: 0.9800, F1-Score: 0.9800
2025-01-13 17:29:29,616 - INFO - Epoch 46 - Eval Loss: 1.3328, Accuracy: 0.6976, Precision: 0.7117, Recall: 0.6976, F1-Score: 0.7004
2025-01-13 17:29:34,248 - INFO - Epoch 47 - Train Loss: 0.0642, Accuracy: 0.9774, Precision: 0.9774, Recall: 0.9774, F1-Score: 0.9774
2025-01-13 17:29:36,541 - INFO - Epoch 47 - Eval Loss: 1.2651, Accuracy: 0.7075, Precision: 0.7164, Recall: 0.7075, F1-Score: 0.7098
2025-01-13 17:29:41,102 - INFO - Epoch 48 - Train Loss: 0.0681, Accuracy: 0.9758, Precision: 0.9758, Recall: 0.9758, F1-Score: 0.9758
2025-01-13 17:29:43,569 - INFO - Epoch 48 - Eval Loss: 1.2647, Accuracy: 0.7060, Precision: 0.7096, Recall: 0.7060, F1-Score: 0.7042
2025-01-13 17:29:48,061 - INFO - Epoch 49 - Train Loss: 0.0650, Accuracy: 0.9802, Precision: 0.9803, Recall: 0.9802, F1-Score: 0.9802
2025-01-13 17:29:50,733 - INFO - Epoch 49 - Eval Loss: 1.2716, Accuracy: 0.7133, Precision: 0.7134, Recall: 0.7133, F1-Score: 0.7123
2025-01-13 17:29:55,297 - INFO - Epoch 50 - Train Loss: 0.0720, Accuracy: 0.9746, Precision: 0.9747, Recall: 0.9746, F1-Score: 0.9746
2025-01-13 17:29:57,941 - INFO - Epoch 50 - Eval Loss: 1.2072, Accuracy: 0.7219, Precision: 0.7278, Recall: 0.7219, F1-Score: 0.7236
2025-01-13 17:30:02,420 - INFO - Epoch 51 - Train Loss: 0.0616, Accuracy: 0.9790, Precision: 0.9791, Recall: 0.9790, F1-Score: 0.9790
2025-01-13 17:30:04,929 - INFO - Epoch 51 - Eval Loss: 1.3497, Accuracy: 0.7011, Precision: 0.7097, Recall: 0.7011, F1-Score: 0.7001
2025-01-13 17:30:09,463 - INFO - Epoch 52 - Train Loss: 0.0631, Accuracy: 0.9782, Precision: 0.9782, Recall: 0.9782, F1-Score: 0.9782
2025-01-13 17:30:11,763 - INFO - Epoch 52 - Eval Loss: 1.3686, Accuracy: 0.7017, Precision: 0.7125, Recall: 0.7018, F1-Score: 0.6996
2025-01-13 17:30:16,239 - INFO - Epoch 53 - Train Loss: 0.0682, Accuracy: 0.9778, Precision: 0.9778, Recall: 0.9778, F1-Score: 0.9778
2025-01-13 17:30:18,570 - INFO - Epoch 53 - Eval Loss: 1.3765, Accuracy: 0.7040, Precision: 0.7186, Recall: 0.7040, F1-Score: 0.7045
2025-01-13 17:30:23,038 - INFO - Epoch 54 - Train Loss: 0.0713, Accuracy: 0.9744, Precision: 0.9745, Recall: 0.9744, F1-Score: 0.9744
2025-01-13 17:30:25,539 - INFO - Epoch 54 - Eval Loss: 1.3318, Accuracy: 0.7007, Precision: 0.7192, Recall: 0.7007, F1-Score: 0.7023
2025-01-13 17:30:30,055 - INFO - Epoch 55 - Train Loss: 0.0615, Accuracy: 0.9802, Precision: 0.9803, Recall: 0.9802, F1-Score: 0.9802
2025-01-13 17:30:32,603 - INFO - Epoch 55 - Eval Loss: 1.2883, Accuracy: 0.7043, Precision: 0.7082, Recall: 0.7042, F1-Score: 0.7039
2025-01-13 17:30:37,155 - INFO - Epoch 56 - Train Loss: 0.0584, Accuracy: 0.9802, Precision: 0.9802, Recall: 0.9802, F1-Score: 0.9802
2025-01-13 17:30:39,787 - INFO - Epoch 56 - Eval Loss: 1.2974, Accuracy: 0.7125, Precision: 0.7162, Recall: 0.7125, F1-Score: 0.7124
2025-01-13 17:30:44,342 - INFO - Epoch 57 - Train Loss: 0.0601, Accuracy: 0.9792, Precision: 0.9793, Recall: 0.9792, F1-Score: 0.9792
2025-01-13 17:30:46,752 - INFO - Epoch 57 - Eval Loss: 1.3690, Accuracy: 0.7050, Precision: 0.7123, Recall: 0.7050, F1-Score: 0.7043
2025-01-13 17:30:51,352 - INFO - Epoch 58 - Train Loss: 0.0520, Accuracy: 0.9834, Precision: 0.9834, Recall: 0.9834, F1-Score: 0.9834
2025-01-13 17:30:53,831 - INFO - Epoch 58 - Eval Loss: 1.3188, Accuracy: 0.7160, Precision: 0.7208, Recall: 0.7160, F1-Score: 0.7157
2025-01-13 17:30:58,517 - INFO - Epoch 59 - Train Loss: 0.0494, Accuracy: 0.9862, Precision: 0.9862, Recall: 0.9862, F1-Score: 0.9862
2025-01-13 17:31:00,775 - INFO - Epoch 59 - Eval Loss: 1.3695, Accuracy: 0.7026, Precision: 0.7132, Recall: 0.7026, F1-Score: 0.7020
2025-01-13 17:31:05,397 - INFO - Epoch 60 - Train Loss: 0.0441, Accuracy: 0.9864, Precision: 0.9864, Recall: 0.9864, F1-Score: 0.9864
2025-01-13 17:31:07,659 - INFO - Epoch 60 - Eval Loss: 1.2737, Accuracy: 0.7120, Precision: 0.7162, Recall: 0.7120, F1-Score: 0.7121
2025-01-13 17:31:12,135 - INFO - Epoch 61 - Train Loss: 0.0449, Accuracy: 0.9862, Precision: 0.9862, Recall: 0.9862, F1-Score: 0.9862
2025-01-13 17:31:14,539 - INFO - Epoch 61 - Eval Loss: 1.3048, Accuracy: 0.7176, Precision: 0.7190, Recall: 0.7176, F1-Score: 0.7172
2025-01-13 17:31:19,059 - INFO - Epoch 62 - Train Loss: 0.0445, Accuracy: 0.9854, Precision: 0.9854, Recall: 0.9854, F1-Score: 0.9854
2025-01-13 17:31:21,439 - INFO - Epoch 62 - Eval Loss: 1.3128, Accuracy: 0.7077, Precision: 0.7120, Recall: 0.7078, F1-Score: 0.7077
2025-01-13 17:31:25,825 - INFO - Epoch 63 - Train Loss: 0.0397, Accuracy: 0.9876, Precision: 0.9876, Recall: 0.9876, F1-Score: 0.9876
2025-01-13 17:31:28,094 - INFO - Epoch 63 - Eval Loss: 1.3189, Accuracy: 0.7215, Precision: 0.7225, Recall: 0.7215, F1-Score: 0.7207
2025-01-13 17:31:32,303 - INFO - Epoch 64 - Train Loss: 0.0361, Accuracy: 0.9898, Precision: 0.9898, Recall: 0.9898, F1-Score: 0.9898
2025-01-13 17:31:34,728 - INFO - Epoch 64 - Eval Loss: 1.2495, Accuracy: 0.7234, Precision: 0.7264, Recall: 0.7234, F1-Score: 0.7243
2025-01-13 17:31:39,043 - INFO - Epoch 65 - Train Loss: 0.0355, Accuracy: 0.9886, Precision: 0.9886, Recall: 0.9886, F1-Score: 0.9886
2025-01-13 17:31:41,384 - INFO - Epoch 65 - Eval Loss: 1.3484, Accuracy: 0.7085, Precision: 0.7182, Recall: 0.7085, F1-Score: 0.7084
2025-01-13 17:31:45,701 - INFO - Epoch 66 - Train Loss: 0.0405, Accuracy: 0.9874, Precision: 0.9874, Recall: 0.9874, F1-Score: 0.9874
2025-01-13 17:31:47,982 - INFO - Epoch 66 - Eval Loss: 1.3552, Accuracy: 0.7036, Precision: 0.7072, Recall: 0.7036, F1-Score: 0.7016
2025-01-13 17:31:52,280 - INFO - Epoch 67 - Train Loss: 0.0471, Accuracy: 0.9838, Precision: 0.9838, Recall: 0.9838, F1-Score: 0.9838
2025-01-13 17:31:54,547 - INFO - Epoch 67 - Eval Loss: 1.3840, Accuracy: 0.7045, Precision: 0.7103, Recall: 0.7045, F1-Score: 0.7020
2025-01-13 17:31:58,890 - INFO - Epoch 68 - Train Loss: 0.0387, Accuracy: 0.9906, Precision: 0.9906, Recall: 0.9906, F1-Score: 0.9906
2025-01-13 17:32:01,290 - INFO - Epoch 68 - Eval Loss: 1.4019, Accuracy: 0.7021, Precision: 0.7145, Recall: 0.7021, F1-Score: 0.7041
2025-01-13 17:32:05,671 - INFO - Epoch 69 - Train Loss: 0.0422, Accuracy: 0.9846, Precision: 0.9846, Recall: 0.9846, F1-Score: 0.9846
2025-01-13 17:32:08,213 - INFO - Epoch 69 - Eval Loss: 1.3839, Accuracy: 0.7097, Precision: 0.7215, Recall: 0.7097, F1-Score: 0.7099
2025-01-13 17:32:12,696 - INFO - Epoch 70 - Train Loss: 0.0395, Accuracy: 0.9878, Precision: 0.9879, Recall: 0.9878, F1-Score: 0.9878
2025-01-13 17:32:15,231 - INFO - Epoch 70 - Eval Loss: 1.3813, Accuracy: 0.7199, Precision: 0.7213, Recall: 0.7199, F1-Score: 0.7175
2025-01-13 17:32:19,573 - INFO - Epoch 71 - Train Loss: 0.0390, Accuracy: 0.9860, Precision: 0.9860, Recall: 0.9860, F1-Score: 0.9860
2025-01-13 17:32:21,969 - INFO - Epoch 71 - Eval Loss: 1.3389, Accuracy: 0.7208, Precision: 0.7245, Recall: 0.7208, F1-Score: 0.7212
2025-01-13 17:32:26,231 - INFO - Epoch 72 - Train Loss: 0.0418, Accuracy: 0.9880, Precision: 0.9880, Recall: 0.9880, F1-Score: 0.9880
2025-01-13 17:32:28,651 - INFO - Epoch 72 - Eval Loss: 1.2703, Accuracy: 0.7220, Precision: 0.7209, Recall: 0.7220, F1-Score: 0.7204
2025-01-13 17:32:32,981 - INFO - Epoch 73 - Train Loss: 0.0372, Accuracy: 0.9878, Precision: 0.9878, Recall: 0.9878, F1-Score: 0.9878
2025-01-13 17:32:35,445 - INFO - Epoch 73 - Eval Loss: 1.3022, Accuracy: 0.7129, Precision: 0.7225, Recall: 0.7129, F1-Score: 0.7138
2025-01-13 17:32:39,813 - INFO - Epoch 74 - Train Loss: 0.0417, Accuracy: 0.9860, Precision: 0.9860, Recall: 0.9860, F1-Score: 0.9860
2025-01-13 17:32:42,100 - INFO - Epoch 74 - Eval Loss: 1.3856, Accuracy: 0.7114, Precision: 0.7202, Recall: 0.7114, F1-Score: 0.7090
2025-01-13 17:32:46,397 - INFO - Epoch 75 - Train Loss: 0.0426, Accuracy: 0.9870, Precision: 0.9870, Recall: 0.9870, F1-Score: 0.9870
2025-01-13 17:32:48,693 - INFO - Epoch 75 - Eval Loss: 1.3889, Accuracy: 0.7047, Precision: 0.7110, Recall: 0.7047, F1-Score: 0.7059
2025-01-13 17:32:53,056 - INFO - Epoch 76 - Train Loss: 0.0359, Accuracy: 0.9880, Precision: 0.9880, Recall: 0.9880, F1-Score: 0.9880
2025-01-13 17:32:55,349 - INFO - Epoch 76 - Eval Loss: 1.3713, Accuracy: 0.7106, Precision: 0.7208, Recall: 0.7106, F1-Score: 0.7119
2025-01-13 17:32:59,722 - INFO - Epoch 77 - Train Loss: 0.0363, Accuracy: 0.9888, Precision: 0.9888, Recall: 0.9888, F1-Score: 0.9888
2025-01-13 17:33:02,031 - INFO - Epoch 77 - Eval Loss: 1.5165, Accuracy: 0.6993, Precision: 0.7136, Recall: 0.6992, F1-Score: 0.6993
2025-01-13 17:33:06,322 - INFO - Epoch 78 - Train Loss: 0.0388, Accuracy: 0.9872, Precision: 0.9873, Recall: 0.9872, F1-Score: 0.9872
2025-01-13 17:33:08,548 - INFO - Epoch 78 - Eval Loss: 1.3428, Accuracy: 0.7071, Precision: 0.7158, Recall: 0.7071, F1-Score: 0.7077
2025-01-13 17:33:12,891 - INFO - Epoch 79 - Train Loss: 0.0412, Accuracy: 0.9848, Precision: 0.9848, Recall: 0.9848, F1-Score: 0.9848
2025-01-13 17:33:15,057 - INFO - Epoch 79 - Eval Loss: 1.3818, Accuracy: 0.7086, Precision: 0.7139, Recall: 0.7086, F1-Score: 0.7064
2025-01-13 17:33:19,391 - INFO - Epoch 80 - Train Loss: 0.0358, Accuracy: 0.9906, Precision: 0.9906, Recall: 0.9906, F1-Score: 0.9906
2025-01-13 17:33:21,875 - INFO - Epoch 80 - Eval Loss: 1.3011, Accuracy: 0.7063, Precision: 0.7141, Recall: 0.7063, F1-Score: 0.7063
2025-01-13 17:33:26,318 - INFO - Epoch 81 - Train Loss: 0.0368, Accuracy: 0.9872, Precision: 0.9872, Recall: 0.9872, F1-Score: 0.9872
2025-01-13 17:33:28,789 - INFO - Epoch 81 - Eval Loss: 1.3828, Accuracy: 0.7179, Precision: 0.7226, Recall: 0.7179, F1-Score: 0.7151
2025-01-13 17:33:33,107 - INFO - Epoch 82 - Train Loss: 0.0333, Accuracy: 0.9898, Precision: 0.9898, Recall: 0.9898, F1-Score: 0.9898
2025-01-13 17:33:35,341 - INFO - Epoch 82 - Eval Loss: 1.3100, Accuracy: 0.7229, Precision: 0.7256, Recall: 0.7229, F1-Score: 0.7225
2025-01-13 17:33:39,660 - INFO - Epoch 83 - Train Loss: 0.0401, Accuracy: 0.9874, Precision: 0.9874, Recall: 0.9874, F1-Score: 0.9874
2025-01-13 17:33:42,085 - INFO - Epoch 83 - Eval Loss: 1.4863, Accuracy: 0.6984, Precision: 0.7123, Recall: 0.6984, F1-Score: 0.6989
2025-01-13 17:33:46,452 - INFO - Epoch 84 - Train Loss: 0.0375, Accuracy: 0.9892, Precision: 0.9892, Recall: 0.9892, F1-Score: 0.9892
2025-01-13 17:33:48,833 - INFO - Epoch 84 - Eval Loss: 1.3398, Accuracy: 0.7190, Precision: 0.7200, Recall: 0.7190, F1-Score: 0.7188
2025-01-13 17:33:53,226 - INFO - Epoch 85 - Train Loss: 0.0338, Accuracy: 0.9884, Precision: 0.9884, Recall: 0.9884, F1-Score: 0.9884
2025-01-13 17:33:55,613 - INFO - Epoch 85 - Eval Loss: 1.3377, Accuracy: 0.7149, Precision: 0.7193, Recall: 0.7149, F1-Score: 0.7141
2025-01-13 17:33:59,951 - INFO - Epoch 86 - Train Loss: 0.0313, Accuracy: 0.9888, Precision: 0.9888, Recall: 0.9888, F1-Score: 0.9888
2025-01-13 17:34:02,131 - INFO - Epoch 86 - Eval Loss: 1.5058, Accuracy: 0.6973, Precision: 0.7205, Recall: 0.6973, F1-Score: 0.6991
2025-01-13 17:34:06,477 - INFO - Epoch 87 - Train Loss: 0.0377, Accuracy: 0.9880, Precision: 0.9880, Recall: 0.9880, F1-Score: 0.9880
2025-01-13 17:34:08,880 - INFO - Epoch 87 - Eval Loss: 1.2669, Accuracy: 0.7249, Precision: 0.7253, Recall: 0.7249, F1-Score: 0.7242
2025-01-13 17:34:13,172 - INFO - Epoch 88 - Train Loss: 0.0252, Accuracy: 0.9916, Precision: 0.9916, Recall: 0.9916, F1-Score: 0.9916
2025-01-13 17:34:15,482 - INFO - Epoch 88 - Eval Loss: 1.3827, Accuracy: 0.7075, Precision: 0.7207, Recall: 0.7075, F1-Score: 0.7099
2025-01-13 17:34:19,794 - INFO - Epoch 89 - Train Loss: 0.0323, Accuracy: 0.9908, Precision: 0.9908, Recall: 0.9908, F1-Score: 0.9908
2025-01-13 17:34:22,180 - INFO - Epoch 89 - Eval Loss: 1.3343, Accuracy: 0.7248, Precision: 0.7323, Recall: 0.7248, F1-Score: 0.7270
2025-01-13 17:34:26,608 - INFO - Epoch 90 - Train Loss: 0.0295, Accuracy: 0.9912, Precision: 0.9912, Recall: 0.9912, F1-Score: 0.9912
2025-01-13 17:34:29,013 - INFO - Epoch 90 - Eval Loss: 1.3068, Accuracy: 0.7200, Precision: 0.7225, Recall: 0.7200, F1-Score: 0.7186
2025-01-13 17:34:33,265 - INFO - Epoch 91 - Train Loss: 0.0280, Accuracy: 0.9928, Precision: 0.9928, Recall: 0.9928, F1-Score: 0.9928
2025-01-13 17:34:35,593 - INFO - Epoch 91 - Eval Loss: 1.2935, Accuracy: 0.7180, Precision: 0.7223, Recall: 0.7180, F1-Score: 0.7173
2025-01-13 17:34:39,972 - INFO - Epoch 92 - Train Loss: 0.0250, Accuracy: 0.9920, Precision: 0.9920, Recall: 0.9920, F1-Score: 0.9920
2025-01-13 17:34:42,237 - INFO - Epoch 92 - Eval Loss: 1.3449, Accuracy: 0.7171, Precision: 0.7218, Recall: 0.7171, F1-Score: 0.7159
2025-01-13 17:34:46,545 - INFO - Epoch 93 - Train Loss: 0.0295, Accuracy: 0.9916, Precision: 0.9916, Recall: 0.9916, F1-Score: 0.9916
2025-01-13 17:34:48,914 - INFO - Epoch 93 - Eval Loss: 1.2922, Accuracy: 0.7216, Precision: 0.7283, Recall: 0.7216, F1-Score: 0.7237
2025-01-13 17:34:53,233 - INFO - Epoch 94 - Train Loss: 0.0287, Accuracy: 0.9910, Precision: 0.9910, Recall: 0.9910, F1-Score: 0.9910
2025-01-13 17:34:55,616 - INFO - Epoch 94 - Eval Loss: 1.3533, Accuracy: 0.7252, Precision: 0.7310, Recall: 0.7253, F1-Score: 0.7263
2025-01-13 17:34:59,866 - INFO - Epoch 95 - Train Loss: 0.0260, Accuracy: 0.9918, Precision: 0.9918, Recall: 0.9918, F1-Score: 0.9918
2025-01-13 17:35:02,197 - INFO - Epoch 95 - Eval Loss: 1.3518, Accuracy: 0.7171, Precision: 0.7143, Recall: 0.7171, F1-Score: 0.7143
2025-01-13 17:35:06,494 - INFO - Epoch 96 - Train Loss: 0.0331, Accuracy: 0.9890, Precision: 0.9890, Recall: 0.9890, F1-Score: 0.9890
2025-01-13 17:35:08,899 - INFO - Epoch 96 - Eval Loss: 1.4058, Accuracy: 0.7215, Precision: 0.7276, Recall: 0.7215, F1-Score: 0.7233
2025-01-13 17:35:13,321 - INFO - Epoch 97 - Train Loss: 0.0268, Accuracy: 0.9912, Precision: 0.9912, Recall: 0.9912, F1-Score: 0.9912
2025-01-13 17:35:15,729 - INFO - Epoch 97 - Eval Loss: 1.3871, Accuracy: 0.7145, Precision: 0.7230, Recall: 0.7145, F1-Score: 0.7161
2025-01-13 17:35:20,079 - INFO - Epoch 98 - Train Loss: 0.0328, Accuracy: 0.9892, Precision: 0.9892, Recall: 0.9892, F1-Score: 0.9892
2025-01-13 17:35:22,365 - INFO - Epoch 98 - Eval Loss: 1.3312, Accuracy: 0.7214, Precision: 0.7212, Recall: 0.7214, F1-Score: 0.7205
2025-01-13 17:35:26,717 - INFO - Epoch 99 - Train Loss: 0.0247, Accuracy: 0.9924, Precision: 0.9924, Recall: 0.9924, F1-Score: 0.9924
2025-01-13 17:35:28,955 - INFO - Epoch 99 - Eval Loss: 1.3974, Accuracy: 0.7130, Precision: 0.7234, Recall: 0.7130, F1-Score: 0.7145
2025-01-13 17:35:28,955 - INFO - Training finished
