2025-01-13 17:35:31,727 - INFO - Log file created at log/patch_size/stl10_lr0.001_adam_wm1_20250113-173531.log
2025-01-13 17:35:31,770 - INFO - Using device cuda:3
2025-01-13 17:35:49,140 - INFO - Epoch 0 - Train Loss: 1.9934, Accuracy: 0.2310, Precision: 0.2264, Recall: 0.2310, F1-Score: 0.2270
2025-01-13 17:35:51,564 - INFO - Epoch 0 - Eval Loss: 2.6325, Accuracy: 0.1000, Precision: 0.0100, Recall: 0.1000, F1-Score: 0.0182
2025-01-13 17:35:55,915 - INFO - Epoch 1 - Train Loss: 1.5777, Accuracy: 0.3896, Precision: 0.3864, Recall: 0.3896, F1-Score: 0.3830
2025-01-13 17:35:58,305 - INFO - Epoch 1 - Eval Loss: 3.1816, Accuracy: 0.1000, Precision: 0.0100, Recall: 0.1000, F1-Score: 0.0182
2025-01-13 17:36:02,800 - INFO - Epoch 2 - Train Loss: 1.4174, Accuracy: 0.4582, Precision: 0.4529, Recall: 0.4582, F1-Score: 0.4528
2025-01-13 17:36:05,252 - INFO - Epoch 2 - Eval Loss: 3.2966, Accuracy: 0.1338, Precision: 0.1894, Recall: 0.1337, F1-Score: 0.0629
2025-01-13 17:36:09,873 - INFO - Epoch 3 - Train Loss: 1.3209, Accuracy: 0.5050, Precision: 0.5019, Recall: 0.5050, F1-Score: 0.5007
2025-01-13 17:36:12,426 - INFO - Epoch 3 - Eval Loss: 1.6116, Accuracy: 0.4031, Precision: 0.5000, Recall: 0.4031, F1-Score: 0.4107
2025-01-13 17:36:16,748 - INFO - Epoch 4 - Train Loss: 1.1969, Accuracy: 0.5490, Precision: 0.5445, Recall: 0.5490, F1-Score: 0.5453
2025-01-13 17:36:19,255 - INFO - Epoch 4 - Eval Loss: 1.3747, Accuracy: 0.4913, Precision: 0.5379, Recall: 0.4913, F1-Score: 0.4732
2025-01-13 17:36:23,701 - INFO - Epoch 5 - Train Loss: 1.1117, Accuracy: 0.5860, Precision: 0.5833, Recall: 0.5860, F1-Score: 0.5832
2025-01-13 17:36:26,113 - INFO - Epoch 5 - Eval Loss: 1.4609, Accuracy: 0.4896, Precision: 0.5451, Recall: 0.4896, F1-Score: 0.4733
2025-01-13 17:36:30,573 - INFO - Epoch 6 - Train Loss: 1.0762, Accuracy: 0.6062, Precision: 0.6014, Recall: 0.6062, F1-Score: 0.6026
2025-01-13 17:36:33,129 - INFO - Epoch 6 - Eval Loss: 1.1839, Accuracy: 0.5674, Precision: 0.6029, Recall: 0.5674, F1-Score: 0.5736
2025-01-13 17:36:37,721 - INFO - Epoch 7 - Train Loss: 0.9800, Accuracy: 0.6370, Precision: 0.6374, Recall: 0.6370, F1-Score: 0.6366
2025-01-13 17:36:40,150 - INFO - Epoch 7 - Eval Loss: 1.2893, Accuracy: 0.5415, Precision: 0.6044, Recall: 0.5415, F1-Score: 0.5328
2025-01-13 17:36:44,625 - INFO - Epoch 8 - Train Loss: 0.8890, Accuracy: 0.6760, Precision: 0.6744, Recall: 0.6760, F1-Score: 0.6747
2025-01-13 17:36:47,222 - INFO - Epoch 8 - Eval Loss: 1.1145, Accuracy: 0.6035, Precision: 0.6103, Recall: 0.6035, F1-Score: 0.5977
2025-01-13 17:36:51,764 - INFO - Epoch 9 - Train Loss: 0.8356, Accuracy: 0.6908, Precision: 0.6884, Recall: 0.6908, F1-Score: 0.6891
2025-01-13 17:36:54,268 - INFO - Epoch 9 - Eval Loss: 1.1357, Accuracy: 0.6111, Precision: 0.6191, Recall: 0.6111, F1-Score: 0.6044
2025-01-13 17:36:58,911 - INFO - Epoch 10 - Train Loss: 0.7759, Accuracy: 0.7204, Precision: 0.7202, Recall: 0.7204, F1-Score: 0.7201
2025-01-13 17:37:01,520 - INFO - Epoch 10 - Eval Loss: 1.1139, Accuracy: 0.6165, Precision: 0.6309, Recall: 0.6165, F1-Score: 0.6169
2025-01-13 17:37:06,013 - INFO - Epoch 11 - Train Loss: 0.6950, Accuracy: 0.7460, Precision: 0.7444, Recall: 0.7460, F1-Score: 0.7449
2025-01-13 17:37:08,602 - INFO - Epoch 11 - Eval Loss: 1.1299, Accuracy: 0.6231, Precision: 0.6493, Recall: 0.6231, F1-Score: 0.6110
2025-01-13 17:37:13,228 - INFO - Epoch 12 - Train Loss: 0.6486, Accuracy: 0.7670, Precision: 0.7659, Recall: 0.7670, F1-Score: 0.7661
2025-01-13 17:37:15,708 - INFO - Epoch 12 - Eval Loss: 1.1152, Accuracy: 0.6280, Precision: 0.6480, Recall: 0.6280, F1-Score: 0.6317
2025-01-13 17:37:20,242 - INFO - Epoch 13 - Train Loss: 0.5819, Accuracy: 0.7888, Precision: 0.7873, Recall: 0.7888, F1-Score: 0.7877
2025-01-13 17:37:22,724 - INFO - Epoch 13 - Eval Loss: 1.1815, Accuracy: 0.6276, Precision: 0.6427, Recall: 0.6276, F1-Score: 0.6212
2025-01-13 17:37:27,170 - INFO - Epoch 14 - Train Loss: 0.5500, Accuracy: 0.8006, Precision: 0.7996, Recall: 0.8006, F1-Score: 0.7997
2025-01-13 17:37:29,643 - INFO - Epoch 14 - Eval Loss: 1.1760, Accuracy: 0.6195, Precision: 0.6244, Recall: 0.6195, F1-Score: 0.6098
2025-01-13 17:37:34,242 - INFO - Epoch 15 - Train Loss: 0.5378, Accuracy: 0.8028, Precision: 0.8033, Recall: 0.8028, F1-Score: 0.8029
2025-01-13 17:37:36,684 - INFO - Epoch 15 - Eval Loss: 1.1810, Accuracy: 0.6381, Precision: 0.6614, Recall: 0.6381, F1-Score: 0.6385
2025-01-13 17:37:41,240 - INFO - Epoch 16 - Train Loss: 0.4882, Accuracy: 0.8280, Precision: 0.8282, Recall: 0.8280, F1-Score: 0.8277
2025-01-13 17:37:43,803 - INFO - Epoch 16 - Eval Loss: 1.1920, Accuracy: 0.6411, Precision: 0.6646, Recall: 0.6411, F1-Score: 0.6436
2025-01-13 17:37:48,224 - INFO - Epoch 17 - Train Loss: 0.4377, Accuracy: 0.8460, Precision: 0.8450, Recall: 0.8460, F1-Score: 0.8453
2025-01-13 17:37:50,947 - INFO - Epoch 17 - Eval Loss: 1.0889, Accuracy: 0.6643, Precision: 0.6665, Recall: 0.6643, F1-Score: 0.6611
2025-01-13 17:37:55,395 - INFO - Epoch 18 - Train Loss: 0.3902, Accuracy: 0.8640, Precision: 0.8641, Recall: 0.8640, F1-Score: 0.8639
2025-01-13 17:37:57,785 - INFO - Epoch 18 - Eval Loss: 1.2525, Accuracy: 0.6426, Precision: 0.6627, Recall: 0.6426, F1-Score: 0.6411
2025-01-13 17:38:02,300 - INFO - Epoch 19 - Train Loss: 0.3385, Accuracy: 0.8820, Precision: 0.8820, Recall: 0.8820, F1-Score: 0.8819
2025-01-13 17:38:04,666 - INFO - Epoch 19 - Eval Loss: 1.2752, Accuracy: 0.6522, Precision: 0.6750, Recall: 0.6522, F1-Score: 0.6488
2025-01-13 17:38:09,297 - INFO - Epoch 20 - Train Loss: 0.3092, Accuracy: 0.8890, Precision: 0.8895, Recall: 0.8890, F1-Score: 0.8892
2025-01-13 17:38:11,786 - INFO - Epoch 20 - Eval Loss: 1.2227, Accuracy: 0.6540, Precision: 0.6615, Recall: 0.6540, F1-Score: 0.6484
2025-01-13 17:38:16,222 - INFO - Epoch 21 - Train Loss: 0.2829, Accuracy: 0.9014, Precision: 0.9018, Recall: 0.9014, F1-Score: 0.9015
2025-01-13 17:38:18,592 - INFO - Epoch 21 - Eval Loss: 1.1767, Accuracy: 0.6636, Precision: 0.6653, Recall: 0.6636, F1-Score: 0.6623
2025-01-13 17:38:23,161 - INFO - Epoch 22 - Train Loss: 0.2572, Accuracy: 0.9130, Precision: 0.9128, Recall: 0.9130, F1-Score: 0.9128
2025-01-13 17:38:25,475 - INFO - Epoch 22 - Eval Loss: 1.3466, Accuracy: 0.6458, Precision: 0.6629, Recall: 0.6457, F1-Score: 0.6429
2025-01-13 17:38:30,016 - INFO - Epoch 23 - Train Loss: 0.2440, Accuracy: 0.9116, Precision: 0.9117, Recall: 0.9116, F1-Score: 0.9116
2025-01-13 17:38:32,619 - INFO - Epoch 23 - Eval Loss: 1.2590, Accuracy: 0.6645, Precision: 0.6747, Recall: 0.6645, F1-Score: 0.6616
2025-01-13 17:38:37,146 - INFO - Epoch 24 - Train Loss: 0.2235, Accuracy: 0.9252, Precision: 0.9253, Recall: 0.9252, F1-Score: 0.9252
2025-01-13 17:38:39,686 - INFO - Epoch 24 - Eval Loss: 1.3369, Accuracy: 0.6586, Precision: 0.6705, Recall: 0.6586, F1-Score: 0.6514
2025-01-13 17:38:44,124 - INFO - Epoch 25 - Train Loss: 0.2090, Accuracy: 0.9278, Precision: 0.9279, Recall: 0.9278, F1-Score: 0.9278
2025-01-13 17:38:46,600 - INFO - Epoch 25 - Eval Loss: 1.2195, Accuracy: 0.6639, Precision: 0.6691, Recall: 0.6639, F1-Score: 0.6622
2025-01-13 17:38:51,133 - INFO - Epoch 26 - Train Loss: 0.1894, Accuracy: 0.9364, Precision: 0.9363, Recall: 0.9364, F1-Score: 0.9363
2025-01-13 17:38:53,635 - INFO - Epoch 26 - Eval Loss: 1.3543, Accuracy: 0.6601, Precision: 0.6711, Recall: 0.6601, F1-Score: 0.6557
2025-01-13 17:38:58,245 - INFO - Epoch 27 - Train Loss: 0.1763, Accuracy: 0.9372, Precision: 0.9373, Recall: 0.9372, F1-Score: 0.9372
2025-01-13 17:39:00,740 - INFO - Epoch 27 - Eval Loss: 1.3186, Accuracy: 0.6753, Precision: 0.6894, Recall: 0.6752, F1-Score: 0.6762
2025-01-13 17:39:05,301 - INFO - Epoch 28 - Train Loss: 0.1500, Accuracy: 0.9504, Precision: 0.9505, Recall: 0.9504, F1-Score: 0.9504
2025-01-13 17:39:07,751 - INFO - Epoch 28 - Eval Loss: 1.3009, Accuracy: 0.6759, Precision: 0.6917, Recall: 0.6759, F1-Score: 0.6798
2025-01-13 17:39:12,262 - INFO - Epoch 29 - Train Loss: 0.1670, Accuracy: 0.9432, Precision: 0.9433, Recall: 0.9432, F1-Score: 0.9432
2025-01-13 17:39:14,897 - INFO - Epoch 29 - Eval Loss: 1.3168, Accuracy: 0.6695, Precision: 0.6810, Recall: 0.6695, F1-Score: 0.6685
2025-01-13 17:39:19,469 - INFO - Epoch 30 - Train Loss: 0.1428, Accuracy: 0.9504, Precision: 0.9505, Recall: 0.9504, F1-Score: 0.9504
2025-01-13 17:39:21,830 - INFO - Epoch 30 - Eval Loss: 1.3753, Accuracy: 0.6549, Precision: 0.6744, Recall: 0.6549, F1-Score: 0.6510
2025-01-13 17:39:26,340 - INFO - Epoch 31 - Train Loss: 0.1358, Accuracy: 0.9570, Precision: 0.9570, Recall: 0.9570, F1-Score: 0.9570
2025-01-13 17:39:28,877 - INFO - Epoch 31 - Eval Loss: 1.2344, Accuracy: 0.6829, Precision: 0.6875, Recall: 0.6829, F1-Score: 0.6839
2025-01-13 17:39:33,434 - INFO - Epoch 32 - Train Loss: 0.1241, Accuracy: 0.9574, Precision: 0.9573, Recall: 0.9574, F1-Score: 0.9573
2025-01-13 17:39:35,933 - INFO - Epoch 32 - Eval Loss: 1.3453, Accuracy: 0.6770, Precision: 0.6826, Recall: 0.6770, F1-Score: 0.6747
2025-01-13 17:39:40,568 - INFO - Epoch 33 - Train Loss: 0.1085, Accuracy: 0.9624, Precision: 0.9625, Recall: 0.9624, F1-Score: 0.9624
2025-01-13 17:39:43,199 - INFO - Epoch 33 - Eval Loss: 1.3312, Accuracy: 0.6801, Precision: 0.6874, Recall: 0.6801, F1-Score: 0.6826
2025-01-13 17:39:47,740 - INFO - Epoch 34 - Train Loss: 0.0950, Accuracy: 0.9692, Precision: 0.9692, Recall: 0.9692, F1-Score: 0.9692
2025-01-13 17:39:50,449 - INFO - Epoch 34 - Eval Loss: 1.3665, Accuracy: 0.6839, Precision: 0.6874, Recall: 0.6839, F1-Score: 0.6819
2025-01-13 17:39:54,954 - INFO - Epoch 35 - Train Loss: 0.0991, Accuracy: 0.9680, Precision: 0.9681, Recall: 0.9680, F1-Score: 0.9680
2025-01-13 17:39:57,579 - INFO - Epoch 35 - Eval Loss: 1.3603, Accuracy: 0.6846, Precision: 0.6847, Recall: 0.6846, F1-Score: 0.6772
2025-01-13 17:40:02,210 - INFO - Epoch 36 - Train Loss: 0.0913, Accuracy: 0.9698, Precision: 0.9698, Recall: 0.9698, F1-Score: 0.9698
2025-01-13 17:40:04,612 - INFO - Epoch 36 - Eval Loss: 1.3576, Accuracy: 0.6863, Precision: 0.7040, Recall: 0.6863, F1-Score: 0.6884
2025-01-13 17:40:09,136 - INFO - Epoch 37 - Train Loss: 0.0912, Accuracy: 0.9688, Precision: 0.9688, Recall: 0.9688, F1-Score: 0.9688
2025-01-13 17:40:11,626 - INFO - Epoch 37 - Eval Loss: 1.3475, Accuracy: 0.6747, Precision: 0.6867, Recall: 0.6748, F1-Score: 0.6764
2025-01-13 17:40:16,009 - INFO - Epoch 38 - Train Loss: 0.0786, Accuracy: 0.9758, Precision: 0.9758, Recall: 0.9758, F1-Score: 0.9758
2025-01-13 17:40:18,441 - INFO - Epoch 38 - Eval Loss: 1.3332, Accuracy: 0.6960, Precision: 0.7014, Recall: 0.6960, F1-Score: 0.6961
2025-01-13 17:40:22,879 - INFO - Epoch 39 - Train Loss: 0.0787, Accuracy: 0.9726, Precision: 0.9727, Recall: 0.9726, F1-Score: 0.9726
2025-01-13 17:40:25,181 - INFO - Epoch 39 - Eval Loss: 1.3476, Accuracy: 0.6850, Precision: 0.6834, Recall: 0.6850, F1-Score: 0.6809
2025-01-13 17:40:29,760 - INFO - Epoch 40 - Train Loss: 0.0726, Accuracy: 0.9740, Precision: 0.9740, Recall: 0.9740, F1-Score: 0.9740
2025-01-13 17:40:32,225 - INFO - Epoch 40 - Eval Loss: 1.3796, Accuracy: 0.6780, Precision: 0.6791, Recall: 0.6780, F1-Score: 0.6744
2025-01-13 17:40:36,858 - INFO - Epoch 41 - Train Loss: 0.0824, Accuracy: 0.9716, Precision: 0.9716, Recall: 0.9716, F1-Score: 0.9716
2025-01-13 17:40:39,366 - INFO - Epoch 41 - Eval Loss: 1.3507, Accuracy: 0.6885, Precision: 0.6883, Recall: 0.6885, F1-Score: 0.6872
2025-01-13 17:40:43,750 - INFO - Epoch 42 - Train Loss: 0.0827, Accuracy: 0.9722, Precision: 0.9722, Recall: 0.9722, F1-Score: 0.9722
2025-01-13 17:40:46,362 - INFO - Epoch 42 - Eval Loss: 1.3989, Accuracy: 0.6796, Precision: 0.6879, Recall: 0.6796, F1-Score: 0.6796
2025-01-13 17:40:50,932 - INFO - Epoch 43 - Train Loss: 0.0957, Accuracy: 0.9664, Precision: 0.9664, Recall: 0.9664, F1-Score: 0.9664
2025-01-13 17:40:53,583 - INFO - Epoch 43 - Eval Loss: 1.4617, Accuracy: 0.6710, Precision: 0.6770, Recall: 0.6710, F1-Score: 0.6658
2025-01-13 17:40:58,234 - INFO - Epoch 44 - Train Loss: 0.0885, Accuracy: 0.9720, Precision: 0.9721, Recall: 0.9720, F1-Score: 0.9720
2025-01-13 17:41:00,719 - INFO - Epoch 44 - Eval Loss: 1.4451, Accuracy: 0.6776, Precision: 0.6965, Recall: 0.6776, F1-Score: 0.6811
2025-01-13 17:41:05,254 - INFO - Epoch 45 - Train Loss: 0.0820, Accuracy: 0.9738, Precision: 0.9739, Recall: 0.9738, F1-Score: 0.9738
2025-01-13 17:41:07,685 - INFO - Epoch 45 - Eval Loss: 1.4982, Accuracy: 0.6806, Precision: 0.6912, Recall: 0.6806, F1-Score: 0.6767
2025-01-13 17:41:12,264 - INFO - Epoch 46 - Train Loss: 0.0788, Accuracy: 0.9738, Precision: 0.9739, Recall: 0.9738, F1-Score: 0.9738
2025-01-13 17:41:14,696 - INFO - Epoch 46 - Eval Loss: 1.4464, Accuracy: 0.6726, Precision: 0.6825, Recall: 0.6726, F1-Score: 0.6731
2025-01-13 17:41:19,312 - INFO - Epoch 47 - Train Loss: 0.0737, Accuracy: 0.9740, Precision: 0.9740, Recall: 0.9740, F1-Score: 0.9740
2025-01-13 17:41:21,782 - INFO - Epoch 47 - Eval Loss: 1.3552, Accuracy: 0.6946, Precision: 0.7016, Recall: 0.6946, F1-Score: 0.6945
2025-01-13 17:41:26,287 - INFO - Epoch 48 - Train Loss: 0.0633, Accuracy: 0.9794, Precision: 0.9794, Recall: 0.9794, F1-Score: 0.9794
2025-01-13 17:41:28,673 - INFO - Epoch 48 - Eval Loss: 1.3717, Accuracy: 0.6877, Precision: 0.6997, Recall: 0.6878, F1-Score: 0.6898
2025-01-13 17:41:33,316 - INFO - Epoch 49 - Train Loss: 0.0586, Accuracy: 0.9820, Precision: 0.9821, Recall: 0.9820, F1-Score: 0.9820
2025-01-13 17:41:35,862 - INFO - Epoch 49 - Eval Loss: 1.3839, Accuracy: 0.6853, Precision: 0.6914, Recall: 0.6853, F1-Score: 0.6853
2025-01-13 17:41:40,360 - INFO - Epoch 50 - Train Loss: 0.0554, Accuracy: 0.9812, Precision: 0.9812, Recall: 0.9812, F1-Score: 0.9812
2025-01-13 17:41:42,977 - INFO - Epoch 50 - Eval Loss: 1.4105, Accuracy: 0.6925, Precision: 0.6930, Recall: 0.6925, F1-Score: 0.6897
2025-01-13 17:41:47,384 - INFO - Epoch 51 - Train Loss: 0.0472, Accuracy: 0.9846, Precision: 0.9846, Recall: 0.9846, F1-Score: 0.9846
2025-01-13 17:41:49,759 - INFO - Epoch 51 - Eval Loss: 1.4543, Accuracy: 0.6879, Precision: 0.6940, Recall: 0.6879, F1-Score: 0.6846
2025-01-13 17:41:54,309 - INFO - Epoch 52 - Train Loss: 0.0474, Accuracy: 0.9848, Precision: 0.9848, Recall: 0.9848, F1-Score: 0.9848
2025-01-13 17:41:56,874 - INFO - Epoch 52 - Eval Loss: 1.3996, Accuracy: 0.6959, Precision: 0.7014, Recall: 0.6959, F1-Score: 0.6954
2025-01-13 17:42:01,446 - INFO - Epoch 53 - Train Loss: 0.0470, Accuracy: 0.9836, Precision: 0.9836, Recall: 0.9836, F1-Score: 0.9836
2025-01-13 17:42:03,860 - INFO - Epoch 53 - Eval Loss: 1.3991, Accuracy: 0.6951, Precision: 0.7029, Recall: 0.6951, F1-Score: 0.6954
2025-01-13 17:42:08,494 - INFO - Epoch 54 - Train Loss: 0.0481, Accuracy: 0.9844, Precision: 0.9844, Recall: 0.9844, F1-Score: 0.9844
2025-01-13 17:42:11,117 - INFO - Epoch 54 - Eval Loss: 1.5234, Accuracy: 0.6756, Precision: 0.6881, Recall: 0.6756, F1-Score: 0.6742
2025-01-13 17:42:15,608 - INFO - Epoch 55 - Train Loss: 0.0547, Accuracy: 0.9816, Precision: 0.9816, Recall: 0.9816, F1-Score: 0.9816
2025-01-13 17:42:18,046 - INFO - Epoch 55 - Eval Loss: 1.4502, Accuracy: 0.6840, Precision: 0.7003, Recall: 0.6840, F1-Score: 0.6863
2025-01-13 17:42:22,544 - INFO - Epoch 56 - Train Loss: 0.0594, Accuracy: 0.9814, Precision: 0.9815, Recall: 0.9814, F1-Score: 0.9814
2025-01-13 17:42:25,001 - INFO - Epoch 56 - Eval Loss: 1.4260, Accuracy: 0.6849, Precision: 0.6900, Recall: 0.6849, F1-Score: 0.6808
2025-01-13 17:42:29,636 - INFO - Epoch 57 - Train Loss: 0.0524, Accuracy: 0.9848, Precision: 0.9848, Recall: 0.9848, F1-Score: 0.9848
2025-01-13 17:42:32,144 - INFO - Epoch 57 - Eval Loss: 1.3735, Accuracy: 0.6896, Precision: 0.6912, Recall: 0.6896, F1-Score: 0.6881
2025-01-13 17:42:36,706 - INFO - Epoch 58 - Train Loss: 0.0464, Accuracy: 0.9850, Precision: 0.9850, Recall: 0.9850, F1-Score: 0.9850
2025-01-13 17:42:39,435 - INFO - Epoch 58 - Eval Loss: 1.3986, Accuracy: 0.6957, Precision: 0.6951, Recall: 0.6958, F1-Score: 0.6921
2025-01-13 17:42:44,087 - INFO - Epoch 59 - Train Loss: 0.0375, Accuracy: 0.9880, Precision: 0.9880, Recall: 0.9880, F1-Score: 0.9880
2025-01-13 17:42:46,581 - INFO - Epoch 59 - Eval Loss: 1.4815, Accuracy: 0.6819, Precision: 0.6924, Recall: 0.6819, F1-Score: 0.6826
2025-01-13 17:42:51,074 - INFO - Epoch 60 - Train Loss: 0.0380, Accuracy: 0.9892, Precision: 0.9892, Recall: 0.9892, F1-Score: 0.9892
2025-01-13 17:42:53,545 - INFO - Epoch 60 - Eval Loss: 1.4741, Accuracy: 0.6883, Precision: 0.6923, Recall: 0.6883, F1-Score: 0.6867
2025-01-13 17:42:58,102 - INFO - Epoch 61 - Train Loss: 0.0410, Accuracy: 0.9866, Precision: 0.9866, Recall: 0.9866, F1-Score: 0.9866
2025-01-13 17:43:00,577 - INFO - Epoch 61 - Eval Loss: 1.4415, Accuracy: 0.6874, Precision: 0.6930, Recall: 0.6874, F1-Score: 0.6887
2025-01-13 17:43:05,171 - INFO - Epoch 62 - Train Loss: 0.0347, Accuracy: 0.9900, Precision: 0.9900, Recall: 0.9900, F1-Score: 0.9900
2025-01-13 17:43:07,733 - INFO - Epoch 62 - Eval Loss: 1.4208, Accuracy: 0.6970, Precision: 0.6972, Recall: 0.6970, F1-Score: 0.6959
2025-01-13 17:43:12,370 - INFO - Epoch 63 - Train Loss: 0.0361, Accuracy: 0.9900, Precision: 0.9900, Recall: 0.9900, F1-Score: 0.9900
2025-01-13 17:43:14,877 - INFO - Epoch 63 - Eval Loss: 1.4257, Accuracy: 0.6940, Precision: 0.7024, Recall: 0.6940, F1-Score: 0.6954
2025-01-13 17:43:19,350 - INFO - Epoch 64 - Train Loss: 0.0336, Accuracy: 0.9876, Precision: 0.9876, Recall: 0.9876, F1-Score: 0.9876
2025-01-13 17:43:21,722 - INFO - Epoch 64 - Eval Loss: 1.4301, Accuracy: 0.6940, Precision: 0.6984, Recall: 0.6940, F1-Score: 0.6939
2025-01-13 17:43:26,096 - INFO - Epoch 65 - Train Loss: 0.0290, Accuracy: 0.9904, Precision: 0.9904, Recall: 0.9904, F1-Score: 0.9904
2025-01-13 17:43:28,478 - INFO - Epoch 65 - Eval Loss: 1.5393, Accuracy: 0.6875, Precision: 0.6975, Recall: 0.6875, F1-Score: 0.6872
2025-01-13 17:43:32,991 - INFO - Epoch 66 - Train Loss: 0.0343, Accuracy: 0.9898, Precision: 0.9898, Recall: 0.9898, F1-Score: 0.9898
2025-01-13 17:43:35,449 - INFO - Epoch 66 - Eval Loss: 1.5136, Accuracy: 0.6977, Precision: 0.7004, Recall: 0.6977, F1-Score: 0.6963
2025-01-13 17:43:39,957 - INFO - Epoch 67 - Train Loss: 0.0427, Accuracy: 0.9854, Precision: 0.9854, Recall: 0.9854, F1-Score: 0.9854
2025-01-13 17:43:42,504 - INFO - Epoch 67 - Eval Loss: 1.5203, Accuracy: 0.6836, Precision: 0.6868, Recall: 0.6836, F1-Score: 0.6808
2025-01-13 17:43:46,875 - INFO - Epoch 68 - Train Loss: 0.0387, Accuracy: 0.9880, Precision: 0.9880, Recall: 0.9880, F1-Score: 0.9880
2025-01-13 17:43:49,561 - INFO - Epoch 68 - Eval Loss: 1.5221, Accuracy: 0.6900, Precision: 0.6995, Recall: 0.6900, F1-Score: 0.6903
2025-01-13 17:43:54,091 - INFO - Epoch 69 - Train Loss: 0.0412, Accuracy: 0.9864, Precision: 0.9864, Recall: 0.9864, F1-Score: 0.9864
2025-01-13 17:43:56,576 - INFO - Epoch 69 - Eval Loss: 1.4045, Accuracy: 0.6966, Precision: 0.7024, Recall: 0.6966, F1-Score: 0.6982
2025-01-13 17:44:01,101 - INFO - Epoch 70 - Train Loss: 0.0421, Accuracy: 0.9882, Precision: 0.9882, Recall: 0.9882, F1-Score: 0.9882
2025-01-13 17:44:03,570 - INFO - Epoch 70 - Eval Loss: 1.5238, Accuracy: 0.6870, Precision: 0.6904, Recall: 0.6870, F1-Score: 0.6832
2025-01-13 17:44:08,157 - INFO - Epoch 71 - Train Loss: 0.0442, Accuracy: 0.9846, Precision: 0.9847, Recall: 0.9846, F1-Score: 0.9846
2025-01-13 17:44:10,595 - INFO - Epoch 71 - Eval Loss: 1.4427, Accuracy: 0.6930, Precision: 0.6929, Recall: 0.6930, F1-Score: 0.6901
2025-01-13 17:44:15,117 - INFO - Epoch 72 - Train Loss: 0.0422, Accuracy: 0.9864, Precision: 0.9864, Recall: 0.9864, F1-Score: 0.9864
2025-01-13 17:44:17,658 - INFO - Epoch 72 - Eval Loss: 1.5183, Accuracy: 0.6801, Precision: 0.6915, Recall: 0.6801, F1-Score: 0.6800
2025-01-13 17:44:22,282 - INFO - Epoch 73 - Train Loss: 0.0459, Accuracy: 0.9844, Precision: 0.9844, Recall: 0.9844, F1-Score: 0.9844
2025-01-13 17:44:24,806 - INFO - Epoch 73 - Eval Loss: 1.4845, Accuracy: 0.6936, Precision: 0.7066, Recall: 0.6936, F1-Score: 0.6976
2025-01-13 17:44:29,297 - INFO - Epoch 74 - Train Loss: 0.0508, Accuracy: 0.9840, Precision: 0.9840, Recall: 0.9840, F1-Score: 0.9840
2025-01-13 17:44:31,684 - INFO - Epoch 74 - Eval Loss: 1.4375, Accuracy: 0.6930, Precision: 0.6999, Recall: 0.6930, F1-Score: 0.6935
2025-01-13 17:44:36,183 - INFO - Epoch 75 - Train Loss: 0.0492, Accuracy: 0.9836, Precision: 0.9836, Recall: 0.9836, F1-Score: 0.9836
2025-01-13 17:44:38,660 - INFO - Epoch 75 - Eval Loss: 1.4581, Accuracy: 0.6939, Precision: 0.6983, Recall: 0.6939, F1-Score: 0.6935
2025-01-13 17:44:43,053 - INFO - Epoch 76 - Train Loss: 0.0494, Accuracy: 0.9828, Precision: 0.9829, Recall: 0.9828, F1-Score: 0.9828
2025-01-13 17:44:45,420 - INFO - Epoch 76 - Eval Loss: 1.5388, Accuracy: 0.6844, Precision: 0.6924, Recall: 0.6844, F1-Score: 0.6812
2025-01-13 17:44:49,820 - INFO - Epoch 77 - Train Loss: 0.0464, Accuracy: 0.9840, Precision: 0.9840, Recall: 0.9840, F1-Score: 0.9840
2025-01-13 17:44:52,304 - INFO - Epoch 77 - Eval Loss: 1.5326, Accuracy: 0.6804, Precision: 0.6843, Recall: 0.6804, F1-Score: 0.6768
2025-01-13 17:44:56,685 - INFO - Epoch 78 - Train Loss: 0.0438, Accuracy: 0.9856, Precision: 0.9856, Recall: 0.9856, F1-Score: 0.9856
2025-01-13 17:44:59,111 - INFO - Epoch 78 - Eval Loss: 1.4406, Accuracy: 0.6960, Precision: 0.7023, Recall: 0.6960, F1-Score: 0.6974
2025-01-13 17:45:03,700 - INFO - Epoch 79 - Train Loss: 0.0406, Accuracy: 0.9872, Precision: 0.9872, Recall: 0.9872, F1-Score: 0.9872
2025-01-13 17:45:06,072 - INFO - Epoch 79 - Eval Loss: 1.4529, Accuracy: 0.6926, Precision: 0.6966, Recall: 0.6926, F1-Score: 0.6910
2025-01-13 17:45:10,525 - INFO - Epoch 80 - Train Loss: 0.0398, Accuracy: 0.9858, Precision: 0.9858, Recall: 0.9858, F1-Score: 0.9858
2025-01-13 17:45:12,988 - INFO - Epoch 80 - Eval Loss: 1.5130, Accuracy: 0.6870, Precision: 0.6989, Recall: 0.6870, F1-Score: 0.6884
2025-01-13 17:45:17,380 - INFO - Epoch 81 - Train Loss: 0.0407, Accuracy: 0.9872, Precision: 0.9872, Recall: 0.9872, F1-Score: 0.9872
2025-01-13 17:45:19,894 - INFO - Epoch 81 - Eval Loss: 1.4741, Accuracy: 0.6959, Precision: 0.6937, Recall: 0.6959, F1-Score: 0.6922
2025-01-13 17:45:24,244 - INFO - Epoch 82 - Train Loss: 0.0448, Accuracy: 0.9858, Precision: 0.9858, Recall: 0.9858, F1-Score: 0.9858
2025-01-13 17:45:26,759 - INFO - Epoch 82 - Eval Loss: 1.5650, Accuracy: 0.6797, Precision: 0.6946, Recall: 0.6797, F1-Score: 0.6801
2025-01-13 17:45:31,202 - INFO - Epoch 83 - Train Loss: 0.0482, Accuracy: 0.9834, Precision: 0.9834, Recall: 0.9834, F1-Score: 0.9834
2025-01-13 17:45:33,621 - INFO - Epoch 83 - Eval Loss: 1.4908, Accuracy: 0.6867, Precision: 0.6997, Recall: 0.6867, F1-Score: 0.6899
2025-01-13 17:45:37,949 - INFO - Epoch 84 - Train Loss: 0.0433, Accuracy: 0.9860, Precision: 0.9860, Recall: 0.9860, F1-Score: 0.9860
2025-01-13 17:45:40,464 - INFO - Epoch 84 - Eval Loss: 1.4796, Accuracy: 0.6909, Precision: 0.6869, Recall: 0.6909, F1-Score: 0.6867
2025-01-13 17:45:44,934 - INFO - Epoch 85 - Train Loss: 0.0476, Accuracy: 0.9856, Precision: 0.9856, Recall: 0.9856, F1-Score: 0.9856
2025-01-13 17:45:47,406 - INFO - Epoch 85 - Eval Loss: 1.5390, Accuracy: 0.6866, Precision: 0.6904, Recall: 0.6866, F1-Score: 0.6827
2025-01-13 17:45:51,712 - INFO - Epoch 86 - Train Loss: 0.0414, Accuracy: 0.9874, Precision: 0.9874, Recall: 0.9874, F1-Score: 0.9874
2025-01-13 17:45:54,205 - INFO - Epoch 86 - Eval Loss: 1.5113, Accuracy: 0.6895, Precision: 0.6988, Recall: 0.6895, F1-Score: 0.6899
2025-01-13 17:45:58,752 - INFO - Epoch 87 - Train Loss: 0.0425, Accuracy: 0.9844, Precision: 0.9844, Recall: 0.9844, F1-Score: 0.9844
2025-01-13 17:46:01,209 - INFO - Epoch 87 - Eval Loss: 1.4745, Accuracy: 0.6955, Precision: 0.6933, Recall: 0.6955, F1-Score: 0.6929
2025-01-13 17:46:05,617 - INFO - Epoch 88 - Train Loss: 0.0440, Accuracy: 0.9860, Precision: 0.9861, Recall: 0.9860, F1-Score: 0.9860
2025-01-13 17:46:08,162 - INFO - Epoch 88 - Eval Loss: 1.4725, Accuracy: 0.6925, Precision: 0.6997, Recall: 0.6925, F1-Score: 0.6890
2025-01-13 17:46:12,565 - INFO - Epoch 89 - Train Loss: 0.0476, Accuracy: 0.9860, Precision: 0.9861, Recall: 0.9860, F1-Score: 0.9860
2025-01-13 17:46:14,953 - INFO - Epoch 89 - Eval Loss: 1.4112, Accuracy: 0.6990, Precision: 0.7053, Recall: 0.6990, F1-Score: 0.6998
2025-01-13 17:46:19,463 - INFO - Epoch 90 - Train Loss: 0.0355, Accuracy: 0.9872, Precision: 0.9873, Recall: 0.9872, F1-Score: 0.9872
2025-01-13 17:46:21,777 - INFO - Epoch 90 - Eval Loss: 1.5307, Accuracy: 0.6846, Precision: 0.7030, Recall: 0.6846, F1-Score: 0.6844
2025-01-13 17:46:26,187 - INFO - Epoch 91 - Train Loss: 0.0387, Accuracy: 0.9878, Precision: 0.9878, Recall: 0.9878, F1-Score: 0.9878
2025-01-13 17:46:28,589 - INFO - Epoch 91 - Eval Loss: 1.4668, Accuracy: 0.6893, Precision: 0.7052, Recall: 0.6893, F1-Score: 0.6932
2025-01-13 17:46:33,125 - INFO - Epoch 92 - Train Loss: 0.0429, Accuracy: 0.9860, Precision: 0.9860, Recall: 0.9860, F1-Score: 0.9860
2025-01-13 17:46:35,681 - INFO - Epoch 92 - Eval Loss: 1.6094, Accuracy: 0.6776, Precision: 0.6816, Recall: 0.6776, F1-Score: 0.6732
2025-01-13 17:46:40,239 - INFO - Epoch 93 - Train Loss: 0.0419, Accuracy: 0.9884, Precision: 0.9885, Recall: 0.9884, F1-Score: 0.9884
2025-01-13 17:46:42,629 - INFO - Epoch 93 - Eval Loss: 1.6607, Accuracy: 0.6825, Precision: 0.7027, Recall: 0.6825, F1-Score: 0.6786
2025-01-13 17:46:47,015 - INFO - Epoch 94 - Train Loss: 0.0365, Accuracy: 0.9880, Precision: 0.9880, Recall: 0.9880, F1-Score: 0.9880
2025-01-13 17:46:49,361 - INFO - Epoch 94 - Eval Loss: 1.4698, Accuracy: 0.6987, Precision: 0.7015, Recall: 0.6987, F1-Score: 0.6966
2025-01-13 17:46:53,797 - INFO - Epoch 95 - Train Loss: 0.0352, Accuracy: 0.9878, Precision: 0.9878, Recall: 0.9878, F1-Score: 0.9878
2025-01-13 17:46:56,240 - INFO - Epoch 95 - Eval Loss: 1.5286, Accuracy: 0.6796, Precision: 0.6874, Recall: 0.6796, F1-Score: 0.6782
2025-01-13 17:47:00,717 - INFO - Epoch 96 - Train Loss: 0.0328, Accuracy: 0.9886, Precision: 0.9886, Recall: 0.9886, F1-Score: 0.9886
2025-01-13 17:47:02,997 - INFO - Epoch 96 - Eval Loss: 1.4747, Accuracy: 0.6976, Precision: 0.7073, Recall: 0.6976, F1-Score: 0.6995
2025-01-13 17:47:07,424 - INFO - Epoch 97 - Train Loss: 0.0361, Accuracy: 0.9876, Precision: 0.9876, Recall: 0.9876, F1-Score: 0.9876
2025-01-13 17:47:09,823 - INFO - Epoch 97 - Eval Loss: 1.4927, Accuracy: 0.6996, Precision: 0.7013, Recall: 0.6996, F1-Score: 0.6975
2025-01-13 17:47:14,140 - INFO - Epoch 98 - Train Loss: 0.0315, Accuracy: 0.9888, Precision: 0.9888, Recall: 0.9888, F1-Score: 0.9888
2025-01-13 17:47:16,589 - INFO - Epoch 98 - Eval Loss: 1.4493, Accuracy: 0.7030, Precision: 0.7156, Recall: 0.7030, F1-Score: 0.7044
2025-01-13 17:47:21,106 - INFO - Epoch 99 - Train Loss: 0.0260, Accuracy: 0.9922, Precision: 0.9922, Recall: 0.9922, F1-Score: 0.9922
2025-01-13 17:47:23,575 - INFO - Epoch 99 - Eval Loss: 1.4220, Accuracy: 0.7031, Precision: 0.7049, Recall: 0.7031, F1-Score: 0.7026
2025-01-13 17:47:23,576 - INFO - Training finished
