2025-01-13 17:48:28,060 - INFO - Log file created at log/lr/stl10_lr0.003_adam_wm1_20250113-174828.log
2025-01-13 17:48:28,103 - INFO - Using device cuda:1
2025-01-13 17:48:45,611 - INFO - Epoch 0 - Train Loss: 2.4515, Accuracy: 0.1882, Precision: 0.1758, Recall: 0.1882, F1-Score: 0.1779
2025-01-13 17:48:48,031 - INFO - Epoch 0 - Eval Loss: 2.7490, Accuracy: 0.1000, Precision: 0.0100, Recall: 0.1000, F1-Score: 0.0182
2025-01-13 17:48:52,304 - INFO - Epoch 1 - Train Loss: 1.6142, Accuracy: 0.3674, Precision: 0.3584, Recall: 0.3674, F1-Score: 0.3518
2025-01-13 17:48:54,649 - INFO - Epoch 1 - Eval Loss: 3.2806, Accuracy: 0.1000, Precision: 0.0100, Recall: 0.1000, F1-Score: 0.0182
2025-01-13 17:48:58,914 - INFO - Epoch 2 - Train Loss: 1.4752, Accuracy: 0.4298, Precision: 0.4297, Recall: 0.4298, F1-Score: 0.4227
2025-01-13 17:49:00,962 - INFO - Epoch 2 - Eval Loss: 2.2687, Accuracy: 0.2289, Precision: 0.4286, Recall: 0.2289, F1-Score: 0.1805
2025-01-13 17:49:05,242 - INFO - Epoch 3 - Train Loss: 1.3770, Accuracy: 0.4698, Precision: 0.4663, Recall: 0.4698, F1-Score: 0.4649
2025-01-13 17:49:07,453 - INFO - Epoch 3 - Eval Loss: 1.5991, Accuracy: 0.3859, Precision: 0.5332, Recall: 0.3859, F1-Score: 0.3760
2025-01-13 17:49:11,733 - INFO - Epoch 4 - Train Loss: 1.2811, Accuracy: 0.5230, Precision: 0.5216, Recall: 0.5230, F1-Score: 0.5204
2025-01-13 17:49:14,159 - INFO - Epoch 4 - Eval Loss: 1.4411, Accuracy: 0.4759, Precision: 0.5249, Recall: 0.4759, F1-Score: 0.4680
2025-01-13 17:49:18,473 - INFO - Epoch 5 - Train Loss: 1.1752, Accuracy: 0.5586, Precision: 0.5522, Recall: 0.5586, F1-Score: 0.5538
2025-01-13 17:49:20,790 - INFO - Epoch 5 - Eval Loss: 1.3682, Accuracy: 0.4890, Precision: 0.5515, Recall: 0.4890, F1-Score: 0.4836
2025-01-13 17:49:25,046 - INFO - Epoch 6 - Train Loss: 1.1162, Accuracy: 0.5888, Precision: 0.5854, Recall: 0.5888, F1-Score: 0.5859
2025-01-13 17:49:27,329 - INFO - Epoch 6 - Eval Loss: 1.2924, Accuracy: 0.5218, Precision: 0.5565, Recall: 0.5218, F1-Score: 0.4887
2025-01-13 17:49:31,538 - INFO - Epoch 7 - Train Loss: 1.0645, Accuracy: 0.6158, Precision: 0.6134, Recall: 0.6158, F1-Score: 0.6137
2025-01-13 17:49:33,693 - INFO - Epoch 7 - Eval Loss: 1.2402, Accuracy: 0.5634, Precision: 0.6129, Recall: 0.5634, F1-Score: 0.5510
2025-01-13 17:49:38,087 - INFO - Epoch 8 - Train Loss: 1.0047, Accuracy: 0.6296, Precision: 0.6265, Recall: 0.6296, F1-Score: 0.6273
2025-01-13 17:49:40,323 - INFO - Epoch 8 - Eval Loss: 1.3452, Accuracy: 0.5250, Precision: 0.5926, Recall: 0.5250, F1-Score: 0.5077
2025-01-13 17:49:44,551 - INFO - Epoch 9 - Train Loss: 0.9345, Accuracy: 0.6594, Precision: 0.6591, Recall: 0.6594, F1-Score: 0.6583
2025-01-13 17:49:46,951 - INFO - Epoch 9 - Eval Loss: 1.0743, Accuracy: 0.6155, Precision: 0.6492, Recall: 0.6155, F1-Score: 0.6201
2025-01-13 17:49:51,360 - INFO - Epoch 10 - Train Loss: 0.8934, Accuracy: 0.6706, Precision: 0.6705, Recall: 0.6706, F1-Score: 0.6703
2025-01-13 17:49:53,748 - INFO - Epoch 10 - Eval Loss: 1.0985, Accuracy: 0.6110, Precision: 0.6173, Recall: 0.6110, F1-Score: 0.6012
2025-01-13 17:49:57,939 - INFO - Epoch 11 - Train Loss: 0.8509, Accuracy: 0.6914, Precision: 0.6910, Recall: 0.6914, F1-Score: 0.6906
2025-01-13 17:50:00,146 - INFO - Epoch 11 - Eval Loss: 1.0836, Accuracy: 0.6170, Precision: 0.6289, Recall: 0.6170, F1-Score: 0.6110
2025-01-13 17:50:04,312 - INFO - Epoch 12 - Train Loss: 0.7742, Accuracy: 0.7160, Precision: 0.7125, Recall: 0.7160, F1-Score: 0.7134
2025-01-13 17:50:06,633 - INFO - Epoch 12 - Eval Loss: 0.9915, Accuracy: 0.6428, Precision: 0.6594, Recall: 0.6428, F1-Score: 0.6419
2025-01-13 17:50:10,886 - INFO - Epoch 13 - Train Loss: 0.7476, Accuracy: 0.7182, Precision: 0.7174, Recall: 0.7182, F1-Score: 0.7173
2025-01-13 17:50:13,123 - INFO - Epoch 13 - Eval Loss: 0.9946, Accuracy: 0.6499, Precision: 0.6628, Recall: 0.6499, F1-Score: 0.6512
2025-01-13 17:50:17,341 - INFO - Epoch 14 - Train Loss: 0.6936, Accuracy: 0.7428, Precision: 0.7428, Recall: 0.7428, F1-Score: 0.7427
2025-01-13 17:50:19,700 - INFO - Epoch 14 - Eval Loss: 1.1350, Accuracy: 0.6221, Precision: 0.6664, Recall: 0.6221, F1-Score: 0.6300
2025-01-13 17:50:24,042 - INFO - Epoch 15 - Train Loss: 0.6444, Accuracy: 0.7612, Precision: 0.7607, Recall: 0.7612, F1-Score: 0.7608
2025-01-13 17:50:26,245 - INFO - Epoch 15 - Eval Loss: 1.1140, Accuracy: 0.6351, Precision: 0.6586, Recall: 0.6351, F1-Score: 0.6247
2025-01-13 17:50:30,538 - INFO - Epoch 16 - Train Loss: 0.5939, Accuracy: 0.7854, Precision: 0.7842, Recall: 0.7854, F1-Score: 0.7843
2025-01-13 17:50:32,673 - INFO - Epoch 16 - Eval Loss: 1.1215, Accuracy: 0.6378, Precision: 0.6527, Recall: 0.6377, F1-Score: 0.6289
2025-01-13 17:50:36,819 - INFO - Epoch 17 - Train Loss: 0.5451, Accuracy: 0.8058, Precision: 0.8051, Recall: 0.8058, F1-Score: 0.8054
2025-01-13 17:50:39,033 - INFO - Epoch 17 - Eval Loss: 1.2020, Accuracy: 0.6260, Precision: 0.6725, Recall: 0.6260, F1-Score: 0.6230
2025-01-13 17:50:43,365 - INFO - Epoch 18 - Train Loss: 0.5630, Accuracy: 0.7992, Precision: 0.7985, Recall: 0.7992, F1-Score: 0.7987
2025-01-13 17:50:45,532 - INFO - Epoch 18 - Eval Loss: 1.1281, Accuracy: 0.6478, Precision: 0.7054, Recall: 0.6478, F1-Score: 0.6506
2025-01-13 17:50:49,756 - INFO - Epoch 19 - Train Loss: 0.4850, Accuracy: 0.8230, Precision: 0.8228, Recall: 0.8230, F1-Score: 0.8227
2025-01-13 17:50:52,185 - INFO - Epoch 19 - Eval Loss: 1.1062, Accuracy: 0.6610, Precision: 0.6861, Recall: 0.6610, F1-Score: 0.6682
2025-01-13 17:50:56,567 - INFO - Epoch 20 - Train Loss: 0.4462, Accuracy: 0.8394, Precision: 0.8393, Recall: 0.8394, F1-Score: 0.8391
2025-01-13 17:50:58,727 - INFO - Epoch 20 - Eval Loss: 1.1189, Accuracy: 0.6704, Precision: 0.6939, Recall: 0.6704, F1-Score: 0.6642
2025-01-13 17:51:03,114 - INFO - Epoch 21 - Train Loss: 0.3857, Accuracy: 0.8628, Precision: 0.8630, Recall: 0.8628, F1-Score: 0.8628
2025-01-13 17:51:05,294 - INFO - Epoch 21 - Eval Loss: 1.0790, Accuracy: 0.6687, Precision: 0.6831, Recall: 0.6687, F1-Score: 0.6697
2025-01-13 17:51:09,464 - INFO - Epoch 22 - Train Loss: 0.4195, Accuracy: 0.8502, Precision: 0.8496, Recall: 0.8502, F1-Score: 0.8498
2025-01-13 17:51:11,721 - INFO - Epoch 22 - Eval Loss: 1.2089, Accuracy: 0.6720, Precision: 0.6815, Recall: 0.6720, F1-Score: 0.6620
2025-01-13 17:51:16,036 - INFO - Epoch 23 - Train Loss: 0.3902, Accuracy: 0.8558, Precision: 0.8561, Recall: 0.8558, F1-Score: 0.8559
2025-01-13 17:51:18,314 - INFO - Epoch 23 - Eval Loss: 1.4398, Accuracy: 0.6314, Precision: 0.6736, Recall: 0.6314, F1-Score: 0.6279
2025-01-13 17:51:22,611 - INFO - Epoch 24 - Train Loss: 0.3284, Accuracy: 0.8846, Precision: 0.8846, Recall: 0.8846, F1-Score: 0.8844
2025-01-13 17:51:24,857 - INFO - Epoch 24 - Eval Loss: 1.1303, Accuracy: 0.6710, Precision: 0.6907, Recall: 0.6710, F1-Score: 0.6734
2025-01-13 17:51:29,118 - INFO - Epoch 25 - Train Loss: 0.3207, Accuracy: 0.8838, Precision: 0.8841, Recall: 0.8838, F1-Score: 0.8839
2025-01-13 17:51:31,491 - INFO - Epoch 25 - Eval Loss: 1.1276, Accuracy: 0.6846, Precision: 0.6979, Recall: 0.6846, F1-Score: 0.6836
2025-01-13 17:51:35,778 - INFO - Epoch 26 - Train Loss: 0.2964, Accuracy: 0.8998, Precision: 0.8994, Recall: 0.8998, F1-Score: 0.8993
2025-01-13 17:51:38,141 - INFO - Epoch 26 - Eval Loss: 1.1325, Accuracy: 0.6845, Precision: 0.7004, Recall: 0.6845, F1-Score: 0.6875
2025-01-13 17:51:42,446 - INFO - Epoch 27 - Train Loss: 0.2687, Accuracy: 0.9080, Precision: 0.9084, Recall: 0.9080, F1-Score: 0.9081
2025-01-13 17:51:44,714 - INFO - Epoch 27 - Eval Loss: 1.1685, Accuracy: 0.6954, Precision: 0.6993, Recall: 0.6954, F1-Score: 0.6892
2025-01-13 17:51:48,994 - INFO - Epoch 28 - Train Loss: 0.2607, Accuracy: 0.9050, Precision: 0.9051, Recall: 0.9050, F1-Score: 0.9050
2025-01-13 17:51:51,171 - INFO - Epoch 28 - Eval Loss: 1.1730, Accuracy: 0.6989, Precision: 0.6990, Recall: 0.6989, F1-Score: 0.6968
2025-01-13 17:51:55,469 - INFO - Epoch 29 - Train Loss: 0.2452, Accuracy: 0.9164, Precision: 0.9164, Recall: 0.9164, F1-Score: 0.9163
2025-01-13 17:51:57,587 - INFO - Epoch 29 - Eval Loss: 1.1937, Accuracy: 0.6945, Precision: 0.7206, Recall: 0.6945, F1-Score: 0.6997
2025-01-13 17:52:01,703 - INFO - Epoch 30 - Train Loss: 0.2342, Accuracy: 0.9196, Precision: 0.9196, Recall: 0.9196, F1-Score: 0.9195
2025-01-13 17:52:04,116 - INFO - Epoch 30 - Eval Loss: 1.2126, Accuracy: 0.6799, Precision: 0.6914, Recall: 0.6799, F1-Score: 0.6781
2025-01-13 17:52:08,364 - INFO - Epoch 31 - Train Loss: 0.2236, Accuracy: 0.9196, Precision: 0.9197, Recall: 0.9196, F1-Score: 0.9197
2025-01-13 17:52:10,733 - INFO - Epoch 31 - Eval Loss: 1.1474, Accuracy: 0.7024, Precision: 0.7102, Recall: 0.7024, F1-Score: 0.7006
2025-01-13 17:52:15,017 - INFO - Epoch 32 - Train Loss: 0.1816, Accuracy: 0.9390, Precision: 0.9390, Recall: 0.9390, F1-Score: 0.9390
2025-01-13 17:52:17,236 - INFO - Epoch 32 - Eval Loss: 1.2718, Accuracy: 0.6806, Precision: 0.6972, Recall: 0.6806, F1-Score: 0.6779
2025-01-13 17:52:21,362 - INFO - Epoch 33 - Train Loss: 0.1932, Accuracy: 0.9314, Precision: 0.9314, Recall: 0.9314, F1-Score: 0.9314
2025-01-13 17:52:23,685 - INFO - Epoch 33 - Eval Loss: 1.3109, Accuracy: 0.6895, Precision: 0.7071, Recall: 0.6895, F1-Score: 0.6882
2025-01-13 17:52:28,030 - INFO - Epoch 34 - Train Loss: 0.1942, Accuracy: 0.9316, Precision: 0.9314, Recall: 0.9316, F1-Score: 0.9314
2025-01-13 17:52:30,338 - INFO - Epoch 34 - Eval Loss: 1.1367, Accuracy: 0.7064, Precision: 0.7108, Recall: 0.7064, F1-Score: 0.7068
2025-01-13 17:52:34,706 - INFO - Epoch 35 - Train Loss: 0.1839, Accuracy: 0.9326, Precision: 0.9326, Recall: 0.9326, F1-Score: 0.9325
2025-01-13 17:52:37,017 - INFO - Epoch 35 - Eval Loss: 1.1328, Accuracy: 0.7145, Precision: 0.7164, Recall: 0.7145, F1-Score: 0.7144
2025-01-13 17:52:41,313 - INFO - Epoch 36 - Train Loss: 0.1469, Accuracy: 0.9504, Precision: 0.9505, Recall: 0.9504, F1-Score: 0.9504
2025-01-13 17:52:43,570 - INFO - Epoch 36 - Eval Loss: 1.1381, Accuracy: 0.7104, Precision: 0.7252, Recall: 0.7104, F1-Score: 0.7150
2025-01-13 17:52:47,925 - INFO - Epoch 37 - Train Loss: 0.1312, Accuracy: 0.9552, Precision: 0.9554, Recall: 0.9552, F1-Score: 0.9552
2025-01-13 17:52:50,329 - INFO - Epoch 37 - Eval Loss: 1.1635, Accuracy: 0.7135, Precision: 0.7181, Recall: 0.7135, F1-Score: 0.7093
2025-01-13 17:52:54,752 - INFO - Epoch 38 - Train Loss: 0.1203, Accuracy: 0.9604, Precision: 0.9605, Recall: 0.9604, F1-Score: 0.9604
2025-01-13 17:52:56,910 - INFO - Epoch 38 - Eval Loss: 1.2248, Accuracy: 0.7103, Precision: 0.7276, Recall: 0.7103, F1-Score: 0.7130
2025-01-13 17:53:01,224 - INFO - Epoch 39 - Train Loss: 0.1232, Accuracy: 0.9574, Precision: 0.9574, Recall: 0.9574, F1-Score: 0.9574
2025-01-13 17:53:03,436 - INFO - Epoch 39 - Eval Loss: 1.2479, Accuracy: 0.6969, Precision: 0.7192, Recall: 0.6969, F1-Score: 0.7021
2025-01-13 17:53:07,781 - INFO - Epoch 40 - Train Loss: 0.1329, Accuracy: 0.9538, Precision: 0.9538, Recall: 0.9538, F1-Score: 0.9538
2025-01-13 17:53:10,160 - INFO - Epoch 40 - Eval Loss: 1.3469, Accuracy: 0.6961, Precision: 0.6973, Recall: 0.6961, F1-Score: 0.6900
2025-01-13 17:53:14,364 - INFO - Epoch 41 - Train Loss: 0.1395, Accuracy: 0.9518, Precision: 0.9519, Recall: 0.9518, F1-Score: 0.9518
2025-01-13 17:53:16,952 - INFO - Epoch 41 - Eval Loss: 1.2227, Accuracy: 0.7060, Precision: 0.7211, Recall: 0.7060, F1-Score: 0.7060
2025-01-13 17:53:21,218 - INFO - Epoch 42 - Train Loss: 0.1206, Accuracy: 0.9548, Precision: 0.9547, Recall: 0.9548, F1-Score: 0.9548
2025-01-13 17:53:23,435 - INFO - Epoch 42 - Eval Loss: 1.1544, Accuracy: 0.7248, Precision: 0.7277, Recall: 0.7248, F1-Score: 0.7243
2025-01-13 17:53:27,764 - INFO - Epoch 43 - Train Loss: 0.1202, Accuracy: 0.9596, Precision: 0.9597, Recall: 0.9596, F1-Score: 0.9596
2025-01-13 17:53:30,199 - INFO - Epoch 43 - Eval Loss: 1.1639, Accuracy: 0.7111, Precision: 0.7159, Recall: 0.7111, F1-Score: 0.7108
2025-01-13 17:53:34,538 - INFO - Epoch 44 - Train Loss: 0.1154, Accuracy: 0.9590, Precision: 0.9590, Recall: 0.9590, F1-Score: 0.9590
2025-01-13 17:53:36,701 - INFO - Epoch 44 - Eval Loss: 1.1646, Accuracy: 0.7127, Precision: 0.7189, Recall: 0.7127, F1-Score: 0.7136
2025-01-13 17:53:40,900 - INFO - Epoch 45 - Train Loss: 0.1014, Accuracy: 0.9630, Precision: 0.9631, Recall: 0.9630, F1-Score: 0.9630
2025-01-13 17:53:43,158 - INFO - Epoch 45 - Eval Loss: 1.3146, Accuracy: 0.7071, Precision: 0.7397, Recall: 0.7071, F1-Score: 0.7144
2025-01-13 17:53:47,270 - INFO - Epoch 46 - Train Loss: 0.1205, Accuracy: 0.9614, Precision: 0.9616, Recall: 0.9614, F1-Score: 0.9615
2025-01-13 17:53:49,433 - INFO - Epoch 46 - Eval Loss: 1.3637, Accuracy: 0.6954, Precision: 0.7318, Recall: 0.6954, F1-Score: 0.7006
2025-01-13 17:53:53,631 - INFO - Epoch 47 - Train Loss: 0.1038, Accuracy: 0.9652, Precision: 0.9652, Recall: 0.9652, F1-Score: 0.9652
2025-01-13 17:53:55,843 - INFO - Epoch 47 - Eval Loss: 1.2089, Accuracy: 0.7176, Precision: 0.7254, Recall: 0.7176, F1-Score: 0.7184
2025-01-13 17:54:00,069 - INFO - Epoch 48 - Train Loss: 0.1006, Accuracy: 0.9646, Precision: 0.9647, Recall: 0.9646, F1-Score: 0.9646
2025-01-13 17:54:02,402 - INFO - Epoch 48 - Eval Loss: 1.2094, Accuracy: 0.7093, Precision: 0.7146, Recall: 0.7093, F1-Score: 0.7043
2025-01-13 17:54:06,647 - INFO - Epoch 49 - Train Loss: 0.1054, Accuracy: 0.9664, Precision: 0.9664, Recall: 0.9664, F1-Score: 0.9664
2025-01-13 17:54:08,910 - INFO - Epoch 49 - Eval Loss: 1.3043, Accuracy: 0.7087, Precision: 0.7403, Recall: 0.7087, F1-Score: 0.7141
2025-01-13 17:54:13,057 - INFO - Epoch 50 - Train Loss: 0.0990, Accuracy: 0.9652, Precision: 0.9652, Recall: 0.9652, F1-Score: 0.9652
2025-01-13 17:54:15,261 - INFO - Epoch 50 - Eval Loss: 1.2856, Accuracy: 0.7054, Precision: 0.7130, Recall: 0.7054, F1-Score: 0.7045
2025-01-13 17:54:19,542 - INFO - Epoch 51 - Train Loss: 0.1009, Accuracy: 0.9646, Precision: 0.9647, Recall: 0.9646, F1-Score: 0.9646
2025-01-13 17:54:21,725 - INFO - Epoch 51 - Eval Loss: 1.2701, Accuracy: 0.7037, Precision: 0.7261, Recall: 0.7038, F1-Score: 0.7061
2025-01-13 17:54:25,945 - INFO - Epoch 52 - Train Loss: 0.0966, Accuracy: 0.9644, Precision: 0.9646, Recall: 0.9644, F1-Score: 0.9644
2025-01-13 17:54:28,084 - INFO - Epoch 52 - Eval Loss: 1.2319, Accuracy: 0.7176, Precision: 0.7280, Recall: 0.7176, F1-Score: 0.7198
2025-01-13 17:54:32,378 - INFO - Epoch 53 - Train Loss: 0.0979, Accuracy: 0.9652, Precision: 0.9652, Recall: 0.9652, F1-Score: 0.9652
2025-01-13 17:54:34,761 - INFO - Epoch 53 - Eval Loss: 1.3204, Accuracy: 0.7086, Precision: 0.7252, Recall: 0.7086, F1-Score: 0.7091
2025-01-13 17:54:39,037 - INFO - Epoch 54 - Train Loss: 0.1000, Accuracy: 0.9668, Precision: 0.9670, Recall: 0.9668, F1-Score: 0.9668
2025-01-13 17:54:41,329 - INFO - Epoch 54 - Eval Loss: 1.1911, Accuracy: 0.7079, Precision: 0.7163, Recall: 0.7079, F1-Score: 0.7071
2025-01-13 17:54:45,519 - INFO - Epoch 55 - Train Loss: 0.0993, Accuracy: 0.9684, Precision: 0.9684, Recall: 0.9684, F1-Score: 0.9684
2025-01-13 17:54:47,881 - INFO - Epoch 55 - Eval Loss: 1.1902, Accuracy: 0.7324, Precision: 0.7389, Recall: 0.7324, F1-Score: 0.7338
2025-01-13 17:54:52,089 - INFO - Epoch 56 - Train Loss: 0.0789, Accuracy: 0.9730, Precision: 0.9731, Recall: 0.9730, F1-Score: 0.9730
2025-01-13 17:54:54,320 - INFO - Epoch 56 - Eval Loss: 1.1873, Accuracy: 0.7242, Precision: 0.7329, Recall: 0.7242, F1-Score: 0.7248
2025-01-13 17:54:58,464 - INFO - Epoch 57 - Train Loss: 0.0699, Accuracy: 0.9774, Precision: 0.9775, Recall: 0.9774, F1-Score: 0.9774
2025-01-13 17:55:00,589 - INFO - Epoch 57 - Eval Loss: 1.2251, Accuracy: 0.7180, Precision: 0.7291, Recall: 0.7180, F1-Score: 0.7173
2025-01-13 17:55:04,886 - INFO - Epoch 58 - Train Loss: 0.0601, Accuracy: 0.9810, Precision: 0.9811, Recall: 0.9810, F1-Score: 0.9810
2025-01-13 17:55:07,088 - INFO - Epoch 58 - Eval Loss: 1.2348, Accuracy: 0.7171, Precision: 0.7276, Recall: 0.7171, F1-Score: 0.7165
2025-01-13 17:55:11,371 - INFO - Epoch 59 - Train Loss: 0.0684, Accuracy: 0.9760, Precision: 0.9760, Recall: 0.9760, F1-Score: 0.9760
2025-01-13 17:55:13,726 - INFO - Epoch 59 - Eval Loss: 1.2321, Accuracy: 0.7260, Precision: 0.7308, Recall: 0.7260, F1-Score: 0.7267
2025-01-13 17:55:17,917 - INFO - Epoch 60 - Train Loss: 0.0789, Accuracy: 0.9734, Precision: 0.9735, Recall: 0.9734, F1-Score: 0.9734
2025-01-13 17:55:20,267 - INFO - Epoch 60 - Eval Loss: 1.2707, Accuracy: 0.7175, Precision: 0.7252, Recall: 0.7175, F1-Score: 0.7177
2025-01-13 17:55:24,482 - INFO - Epoch 61 - Train Loss: 0.0759, Accuracy: 0.9758, Precision: 0.9759, Recall: 0.9758, F1-Score: 0.9758
2025-01-13 17:55:26,806 - INFO - Epoch 61 - Eval Loss: 1.2305, Accuracy: 0.7124, Precision: 0.7161, Recall: 0.7124, F1-Score: 0.7098
2025-01-13 17:55:31,088 - INFO - Epoch 62 - Train Loss: 0.0704, Accuracy: 0.9754, Precision: 0.9754, Recall: 0.9754, F1-Score: 0.9754
2025-01-13 17:55:33,366 - INFO - Epoch 62 - Eval Loss: 1.2052, Accuracy: 0.7229, Precision: 0.7350, Recall: 0.7229, F1-Score: 0.7256
2025-01-13 17:55:37,675 - INFO - Epoch 63 - Train Loss: 0.0775, Accuracy: 0.9730, Precision: 0.9731, Recall: 0.9730, F1-Score: 0.9730
2025-01-13 17:55:39,898 - INFO - Epoch 63 - Eval Loss: 1.2567, Accuracy: 0.7195, Precision: 0.7210, Recall: 0.7195, F1-Score: 0.7163
2025-01-13 17:55:44,239 - INFO - Epoch 64 - Train Loss: 0.0837, Accuracy: 0.9718, Precision: 0.9719, Recall: 0.9718, F1-Score: 0.9718
2025-01-13 17:55:46,487 - INFO - Epoch 64 - Eval Loss: 1.2163, Accuracy: 0.7169, Precision: 0.7253, Recall: 0.7169, F1-Score: 0.7187
2025-01-13 17:55:50,698 - INFO - Epoch 65 - Train Loss: 0.0857, Accuracy: 0.9700, Precision: 0.9701, Recall: 0.9700, F1-Score: 0.9700
2025-01-13 17:55:52,845 - INFO - Epoch 65 - Eval Loss: 1.3075, Accuracy: 0.7086, Precision: 0.7166, Recall: 0.7086, F1-Score: 0.7061
2025-01-13 17:55:57,010 - INFO - Epoch 66 - Train Loss: 0.0843, Accuracy: 0.9720, Precision: 0.9721, Recall: 0.9720, F1-Score: 0.9720
2025-01-13 17:55:59,148 - INFO - Epoch 66 - Eval Loss: 1.4499, Accuracy: 0.6975, Precision: 0.7190, Recall: 0.6975, F1-Score: 0.6963
2025-01-13 17:56:03,306 - INFO - Epoch 67 - Train Loss: 0.0905, Accuracy: 0.9680, Precision: 0.9680, Recall: 0.9680, F1-Score: 0.9680
2025-01-13 17:56:05,653 - INFO - Epoch 67 - Eval Loss: 1.2885, Accuracy: 0.7199, Precision: 0.7340, Recall: 0.7199, F1-Score: 0.7204
2025-01-13 17:56:10,018 - INFO - Epoch 68 - Train Loss: 0.0854, Accuracy: 0.9706, Precision: 0.9707, Recall: 0.9706, F1-Score: 0.9706
2025-01-13 17:56:12,307 - INFO - Epoch 68 - Eval Loss: 1.2946, Accuracy: 0.7087, Precision: 0.7229, Recall: 0.7087, F1-Score: 0.7107
2025-01-13 17:56:16,544 - INFO - Epoch 69 - Train Loss: 0.0887, Accuracy: 0.9710, Precision: 0.9711, Recall: 0.9710, F1-Score: 0.9710
2025-01-13 17:56:18,847 - INFO - Epoch 69 - Eval Loss: 1.2634, Accuracy: 0.7096, Precision: 0.7169, Recall: 0.7096, F1-Score: 0.7083
2025-01-13 17:56:23,095 - INFO - Epoch 70 - Train Loss: 0.0850, Accuracy: 0.9712, Precision: 0.9712, Recall: 0.9712, F1-Score: 0.9712
2025-01-13 17:56:25,385 - INFO - Epoch 70 - Eval Loss: 1.2156, Accuracy: 0.7270, Precision: 0.7368, Recall: 0.7270, F1-Score: 0.7277
2025-01-13 17:56:29,557 - INFO - Epoch 71 - Train Loss: 0.0850, Accuracy: 0.9720, Precision: 0.9721, Recall: 0.9720, F1-Score: 0.9720
2025-01-13 17:56:31,901 - INFO - Epoch 71 - Eval Loss: 1.2746, Accuracy: 0.7133, Precision: 0.7293, Recall: 0.7132, F1-Score: 0.7146
2025-01-13 17:56:36,209 - INFO - Epoch 72 - Train Loss: 0.0808, Accuracy: 0.9720, Precision: 0.9721, Recall: 0.9720, F1-Score: 0.9720
2025-01-13 17:56:38,554 - INFO - Epoch 72 - Eval Loss: 1.2302, Accuracy: 0.7310, Precision: 0.7394, Recall: 0.7310, F1-Score: 0.7323
2025-01-13 17:56:42,847 - INFO - Epoch 73 - Train Loss: 0.0770, Accuracy: 0.9736, Precision: 0.9736, Recall: 0.9736, F1-Score: 0.9736
2025-01-13 17:56:44,985 - INFO - Epoch 73 - Eval Loss: 1.2164, Accuracy: 0.7301, Precision: 0.7389, Recall: 0.7301, F1-Score: 0.7300
2025-01-13 17:56:49,270 - INFO - Epoch 74 - Train Loss: 0.0670, Accuracy: 0.9808, Precision: 0.9808, Recall: 0.9808, F1-Score: 0.9808
2025-01-13 17:56:51,531 - INFO - Epoch 74 - Eval Loss: 1.1400, Accuracy: 0.7324, Precision: 0.7391, Recall: 0.7324, F1-Score: 0.7330
2025-01-13 17:56:55,665 - INFO - Epoch 75 - Train Loss: 0.0701, Accuracy: 0.9772, Precision: 0.9773, Recall: 0.9772, F1-Score: 0.9772
2025-01-13 17:56:57,973 - INFO - Epoch 75 - Eval Loss: 1.1640, Accuracy: 0.7305, Precision: 0.7360, Recall: 0.7305, F1-Score: 0.7291
2025-01-13 17:57:02,239 - INFO - Epoch 76 - Train Loss: 0.0654, Accuracy: 0.9802, Precision: 0.9802, Recall: 0.9802, F1-Score: 0.9802
2025-01-13 17:57:04,598 - INFO - Epoch 76 - Eval Loss: 1.2536, Accuracy: 0.7231, Precision: 0.7402, Recall: 0.7231, F1-Score: 0.7244
2025-01-13 17:57:08,736 - INFO - Epoch 77 - Train Loss: 0.0649, Accuracy: 0.9788, Precision: 0.9788, Recall: 0.9788, F1-Score: 0.9788
2025-01-13 17:57:11,013 - INFO - Epoch 77 - Eval Loss: 1.2761, Accuracy: 0.7169, Precision: 0.7243, Recall: 0.7169, F1-Score: 0.7154
2025-01-13 17:57:15,290 - INFO - Epoch 78 - Train Loss: 0.0606, Accuracy: 0.9806, Precision: 0.9807, Recall: 0.9806, F1-Score: 0.9806
2025-01-13 17:57:17,496 - INFO - Epoch 78 - Eval Loss: 1.3164, Accuracy: 0.7134, Precision: 0.7305, Recall: 0.7134, F1-Score: 0.7152
2025-01-13 17:57:21,841 - INFO - Epoch 79 - Train Loss: 0.0699, Accuracy: 0.9764, Precision: 0.9764, Recall: 0.9764, F1-Score: 0.9764
2025-01-13 17:57:24,044 - INFO - Epoch 79 - Eval Loss: 1.2940, Accuracy: 0.7222, Precision: 0.7411, Recall: 0.7223, F1-Score: 0.7246
2025-01-13 17:57:28,244 - INFO - Epoch 80 - Train Loss: 0.0620, Accuracy: 0.9794, Precision: 0.9794, Recall: 0.9794, F1-Score: 0.9794
2025-01-13 17:57:30,485 - INFO - Epoch 80 - Eval Loss: 1.1967, Accuracy: 0.7232, Precision: 0.7313, Recall: 0.7233, F1-Score: 0.7224
2025-01-13 17:57:34,734 - INFO - Epoch 81 - Train Loss: 0.0614, Accuracy: 0.9786, Precision: 0.9787, Recall: 0.9786, F1-Score: 0.9786
2025-01-13 17:57:36,834 - INFO - Epoch 81 - Eval Loss: 1.2896, Accuracy: 0.7147, Precision: 0.7229, Recall: 0.7147, F1-Score: 0.7129
2025-01-13 17:57:41,137 - INFO - Epoch 82 - Train Loss: 0.0548, Accuracy: 0.9820, Precision: 0.9820, Recall: 0.9820, F1-Score: 0.9820
2025-01-13 17:57:43,325 - INFO - Epoch 82 - Eval Loss: 1.2295, Accuracy: 0.7299, Precision: 0.7344, Recall: 0.7299, F1-Score: 0.7293
2025-01-13 17:57:47,536 - INFO - Epoch 83 - Train Loss: 0.0647, Accuracy: 0.9788, Precision: 0.9789, Recall: 0.9788, F1-Score: 0.9788
2025-01-13 17:57:49,838 - INFO - Epoch 83 - Eval Loss: 1.2616, Accuracy: 0.7262, Precision: 0.7332, Recall: 0.7262, F1-Score: 0.7248
2025-01-13 17:57:54,102 - INFO - Epoch 84 - Train Loss: 0.0619, Accuracy: 0.9794, Precision: 0.9794, Recall: 0.9794, F1-Score: 0.9794
2025-01-13 17:57:56,371 - INFO - Epoch 84 - Eval Loss: 1.3263, Accuracy: 0.7093, Precision: 0.7352, Recall: 0.7093, F1-Score: 0.7124
2025-01-13 17:58:00,505 - INFO - Epoch 85 - Train Loss: 0.0647, Accuracy: 0.9776, Precision: 0.9777, Recall: 0.9776, F1-Score: 0.9776
2025-01-13 17:58:02,712 - INFO - Epoch 85 - Eval Loss: 1.3428, Accuracy: 0.7087, Precision: 0.7266, Recall: 0.7087, F1-Score: 0.7088
2025-01-13 17:58:06,953 - INFO - Epoch 86 - Train Loss: 0.0753, Accuracy: 0.9738, Precision: 0.9738, Recall: 0.9738, F1-Score: 0.9738
2025-01-13 17:58:09,214 - INFO - Epoch 86 - Eval Loss: 1.2150, Accuracy: 0.7282, Precision: 0.7387, Recall: 0.7282, F1-Score: 0.7308
2025-01-13 17:58:13,345 - INFO - Epoch 87 - Train Loss: 0.0706, Accuracy: 0.9772, Precision: 0.9772, Recall: 0.9772, F1-Score: 0.9772
2025-01-13 17:58:15,430 - INFO - Epoch 87 - Eval Loss: 1.5144, Accuracy: 0.6986, Precision: 0.7341, Recall: 0.6986, F1-Score: 0.7013
2025-01-13 17:58:19,713 - INFO - Epoch 88 - Train Loss: 0.0652, Accuracy: 0.9772, Precision: 0.9773, Recall: 0.9772, F1-Score: 0.9772
2025-01-13 17:58:21,858 - INFO - Epoch 88 - Eval Loss: 1.1869, Accuracy: 0.7268, Precision: 0.7316, Recall: 0.7267, F1-Score: 0.7237
2025-01-13 17:58:26,054 - INFO - Epoch 89 - Train Loss: 0.0623, Accuracy: 0.9790, Precision: 0.9790, Recall: 0.9790, F1-Score: 0.9790
2025-01-13 17:58:28,385 - INFO - Epoch 89 - Eval Loss: 1.2011, Accuracy: 0.7371, Precision: 0.7466, Recall: 0.7371, F1-Score: 0.7387
2025-01-13 17:58:32,550 - INFO - Epoch 90 - Train Loss: 0.0554, Accuracy: 0.9818, Precision: 0.9818, Recall: 0.9818, F1-Score: 0.9818
2025-01-13 17:58:34,740 - INFO - Epoch 90 - Eval Loss: 1.2408, Accuracy: 0.7210, Precision: 0.7273, Recall: 0.7210, F1-Score: 0.7208
2025-01-13 17:58:38,936 - INFO - Epoch 91 - Train Loss: 0.0611, Accuracy: 0.9794, Precision: 0.9794, Recall: 0.9794, F1-Score: 0.9794
2025-01-13 17:58:41,147 - INFO - Epoch 91 - Eval Loss: 1.1791, Accuracy: 0.7370, Precision: 0.7441, Recall: 0.7370, F1-Score: 0.7364
2025-01-13 17:58:45,299 - INFO - Epoch 92 - Train Loss: 0.0578, Accuracy: 0.9810, Precision: 0.9810, Recall: 0.9810, F1-Score: 0.9810
2025-01-13 17:58:47,553 - INFO - Epoch 92 - Eval Loss: 1.2879, Accuracy: 0.7151, Precision: 0.7332, Recall: 0.7151, F1-Score: 0.7159
2025-01-13 17:58:51,707 - INFO - Epoch 93 - Train Loss: 0.0578, Accuracy: 0.9780, Precision: 0.9780, Recall: 0.9780, F1-Score: 0.9780
2025-01-13 17:58:53,925 - INFO - Epoch 93 - Eval Loss: 1.2012, Accuracy: 0.7282, Precision: 0.7360, Recall: 0.7283, F1-Score: 0.7290
2025-01-13 17:58:58,228 - INFO - Epoch 94 - Train Loss: 0.0617, Accuracy: 0.9806, Precision: 0.9806, Recall: 0.9806, F1-Score: 0.9806
2025-01-13 17:59:00,589 - INFO - Epoch 94 - Eval Loss: 1.2735, Accuracy: 0.7226, Precision: 0.7277, Recall: 0.7226, F1-Score: 0.7220
2025-01-13 17:59:04,838 - INFO - Epoch 95 - Train Loss: 0.0522, Accuracy: 0.9818, Precision: 0.9819, Recall: 0.9818, F1-Score: 0.9818
2025-01-13 17:59:07,202 - INFO - Epoch 95 - Eval Loss: 1.2627, Accuracy: 0.7295, Precision: 0.7410, Recall: 0.7295, F1-Score: 0.7295
2025-01-13 17:59:11,459 - INFO - Epoch 96 - Train Loss: 0.0598, Accuracy: 0.9806, Precision: 0.9806, Recall: 0.9806, F1-Score: 0.9806
2025-01-13 17:59:13,696 - INFO - Epoch 96 - Eval Loss: 1.3124, Accuracy: 0.7191, Precision: 0.7439, Recall: 0.7191, F1-Score: 0.7229
2025-01-13 17:59:17,896 - INFO - Epoch 97 - Train Loss: 0.0571, Accuracy: 0.9800, Precision: 0.9800, Recall: 0.9800, F1-Score: 0.9800
2025-01-13 17:59:20,212 - INFO - Epoch 97 - Eval Loss: 1.3828, Accuracy: 0.7177, Precision: 0.7435, Recall: 0.7177, F1-Score: 0.7204
2025-01-13 17:59:24,453 - INFO - Epoch 98 - Train Loss: 0.0669, Accuracy: 0.9742, Precision: 0.9742, Recall: 0.9742, F1-Score: 0.9742
2025-01-13 17:59:26,699 - INFO - Epoch 98 - Eval Loss: 1.3375, Accuracy: 0.7126, Precision: 0.7290, Recall: 0.7126, F1-Score: 0.7153
2025-01-13 17:59:30,969 - INFO - Epoch 99 - Train Loss: 0.0544, Accuracy: 0.9804, Precision: 0.9805, Recall: 0.9804, F1-Score: 0.9804
2025-01-13 17:59:33,159 - INFO - Epoch 99 - Eval Loss: 1.2706, Accuracy: 0.7309, Precision: 0.7399, Recall: 0.7309, F1-Score: 0.7311
2025-01-13 17:59:33,160 - INFO - Training finished
