2025-01-13 19:01:06,364 - INFO - Log file created at log/lr/stl10_lr0.1_adam_wm1_20250113-190106.log
2025-01-13 19:01:06,425 - INFO - Using device cuda:1
2025-01-13 19:01:22,319 - INFO - Epoch 0 - Train Loss: 10.2073, Accuracy: 0.1122, Precision: 0.1144, Recall: 0.1122, F1-Score: 0.1109
2025-01-13 19:01:24,745 - INFO - Epoch 0 - Eval Loss: 20170615.7500, Accuracy: 0.1000, Precision: 0.0100, Recall: 0.1000, F1-Score: 0.0182
2025-01-13 19:01:29,051 - INFO - Epoch 1 - Train Loss: 5.2407, Accuracy: 0.1038, Precision: 0.0991, Recall: 0.1038, F1-Score: 0.0970
2025-01-13 19:01:31,383 - INFO - Epoch 1 - Eval Loss: 9680.0780, Accuracy: 0.1000, Precision: 0.0100, Recall: 0.1000, F1-Score: 0.0182
2025-01-13 19:01:35,736 - INFO - Epoch 2 - Train Loss: 3.1234, Accuracy: 0.1210, Precision: 0.1088, Recall: 0.1210, F1-Score: 0.1066
2025-01-13 19:01:38,169 - INFO - Epoch 2 - Eval Loss: 203.3303, Accuracy: 0.1005, Precision: 0.0597, Recall: 0.1005, F1-Score: 0.0602
2025-01-13 19:01:42,457 - INFO - Epoch 3 - Train Loss: 2.4907, Accuracy: 0.1510, Precision: 0.1510, Recall: 0.1510, F1-Score: 0.1444
2025-01-13 19:01:44,835 - INFO - Epoch 3 - Eval Loss: 4.6620, Accuracy: 0.1015, Precision: 0.0249, Recall: 0.1015, F1-Score: 0.0219
2025-01-13 19:01:49,290 - INFO - Epoch 4 - Train Loss: 2.1808, Accuracy: 0.2182, Precision: 0.2218, Recall: 0.2182, F1-Score: 0.2112
2025-01-13 19:01:51,749 - INFO - Epoch 4 - Eval Loss: 5.8369, Accuracy: 0.1151, Precision: 0.0451, Recall: 0.1151, F1-Score: 0.0400
2025-01-13 19:01:56,089 - INFO - Epoch 5 - Train Loss: 1.9504, Accuracy: 0.2452, Precision: 0.2432, Recall: 0.2452, F1-Score: 0.2385
2025-01-13 19:01:58,517 - INFO - Epoch 5 - Eval Loss: 7.3740, Accuracy: 0.1000, Precision: 0.0100, Recall: 0.1000, F1-Score: 0.0182
2025-01-13 19:02:02,935 - INFO - Epoch 6 - Train Loss: 1.8612, Accuracy: 0.2786, Precision: 0.2771, Recall: 0.2786, F1-Score: 0.2747
2025-01-13 19:02:05,377 - INFO - Epoch 6 - Eval Loss: 5.4261, Accuracy: 0.1271, Precision: 0.0272, Recall: 0.1271, F1-Score: 0.0413
2025-01-13 19:02:09,852 - INFO - Epoch 7 - Train Loss: 1.8141, Accuracy: 0.2932, Precision: 0.2823, Recall: 0.2932, F1-Score: 0.2816
2025-01-13 19:02:12,151 - INFO - Epoch 7 - Eval Loss: 5.1374, Accuracy: 0.1000, Precision: 0.0100, Recall: 0.1000, F1-Score: 0.0182
2025-01-13 19:02:16,590 - INFO - Epoch 8 - Train Loss: 1.7614, Accuracy: 0.3210, Precision: 0.3188, Recall: 0.3210, F1-Score: 0.3152
2025-01-13 19:02:18,967 - INFO - Epoch 8 - Eval Loss: 4.4392, Accuracy: 0.1000, Precision: 0.0100, Recall: 0.1000, F1-Score: 0.0182
2025-01-13 19:02:23,332 - INFO - Epoch 9 - Train Loss: 1.7265, Accuracy: 0.3394, Precision: 0.3375, Recall: 0.3394, F1-Score: 0.3326
2025-01-13 19:02:25,645 - INFO - Epoch 9 - Eval Loss: 4.2747, Accuracy: 0.1000, Precision: 0.0100, Recall: 0.1000, F1-Score: 0.0182
2025-01-13 19:02:30,065 - INFO - Epoch 10 - Train Loss: 1.6987, Accuracy: 0.3476, Precision: 0.3444, Recall: 0.3476, F1-Score: 0.3395
2025-01-13 19:02:32,424 - INFO - Epoch 10 - Eval Loss: 3.5447, Accuracy: 0.1000, Precision: 0.0100, Recall: 0.1000, F1-Score: 0.0182
2025-01-13 19:02:36,860 - INFO - Epoch 11 - Train Loss: 1.6336, Accuracy: 0.3686, Precision: 0.3663, Recall: 0.3686, F1-Score: 0.3637
2025-01-13 19:02:39,212 - INFO - Epoch 11 - Eval Loss: 3.3894, Accuracy: 0.1000, Precision: 0.0100, Recall: 0.1000, F1-Score: 0.0182
2025-01-13 19:02:43,630 - INFO - Epoch 12 - Train Loss: 1.6156, Accuracy: 0.3682, Precision: 0.3654, Recall: 0.3682, F1-Score: 0.3617
2025-01-13 19:02:46,008 - INFO - Epoch 12 - Eval Loss: 3.6925, Accuracy: 0.1009, Precision: 0.0469, Recall: 0.1009, F1-Score: 0.0199
2025-01-13 19:02:50,364 - INFO - Epoch 13 - Train Loss: 1.6030, Accuracy: 0.3784, Precision: 0.3713, Recall: 0.3784, F1-Score: 0.3710
2025-01-13 19:02:52,795 - INFO - Epoch 13 - Eval Loss: 3.2340, Accuracy: 0.1025, Precision: 0.0614, Recall: 0.1025, F1-Score: 0.0267
2025-01-13 19:02:57,163 - INFO - Epoch 14 - Train Loss: 1.6115, Accuracy: 0.3888, Precision: 0.3830, Recall: 0.3888, F1-Score: 0.3803
2025-01-13 19:02:59,566 - INFO - Epoch 14 - Eval Loss: 2.1276, Accuracy: 0.2134, Precision: 0.2509, Recall: 0.2134, F1-Score: 0.1256
2025-01-13 19:03:03,930 - INFO - Epoch 15 - Train Loss: 1.5627, Accuracy: 0.3980, Precision: 0.3970, Recall: 0.3980, F1-Score: 0.3929
2025-01-13 19:03:06,290 - INFO - Epoch 15 - Eval Loss: 1.8480, Accuracy: 0.2726, Precision: 0.3532, Recall: 0.2726, F1-Score: 0.2005
2025-01-13 19:03:10,668 - INFO - Epoch 16 - Train Loss: 1.5364, Accuracy: 0.4052, Precision: 0.3965, Recall: 0.4052, F1-Score: 0.3949
2025-01-13 19:03:13,001 - INFO - Epoch 16 - Eval Loss: 2.0917, Accuracy: 0.1761, Precision: 0.2298, Recall: 0.1761, F1-Score: 0.0924
2025-01-13 19:03:17,300 - INFO - Epoch 17 - Train Loss: 1.5334, Accuracy: 0.4140, Precision: 0.4081, Recall: 0.4140, F1-Score: 0.4083
2025-01-13 19:03:19,620 - INFO - Epoch 17 - Eval Loss: 2.1389, Accuracy: 0.2025, Precision: 0.2119, Recall: 0.2025, F1-Score: 0.1528
2025-01-13 19:03:23,992 - INFO - Epoch 18 - Train Loss: 1.5011, Accuracy: 0.4238, Precision: 0.4179, Recall: 0.4238, F1-Score: 0.4191
2025-01-13 19:03:26,495 - INFO - Epoch 18 - Eval Loss: 2.1035, Accuracy: 0.1935, Precision: 0.3778, Recall: 0.1935, F1-Score: 0.1139
2025-01-13 19:03:30,988 - INFO - Epoch 19 - Train Loss: 1.5051, Accuracy: 0.4310, Precision: 0.4230, Recall: 0.4310, F1-Score: 0.4246
2025-01-13 19:03:33,380 - INFO - Epoch 19 - Eval Loss: 2.8580, Accuracy: 0.1608, Precision: 0.3375, Recall: 0.1608, F1-Score: 0.1026
2025-01-13 19:03:37,614 - INFO - Epoch 20 - Train Loss: 1.5132, Accuracy: 0.4252, Precision: 0.4193, Recall: 0.4252, F1-Score: 0.4195
2025-01-13 19:03:39,976 - INFO - Epoch 20 - Eval Loss: 1.6483, Accuracy: 0.3733, Precision: 0.4489, Recall: 0.3733, F1-Score: 0.3498
2025-01-13 19:03:44,310 - INFO - Epoch 21 - Train Loss: 1.4613, Accuracy: 0.4478, Precision: 0.4427, Recall: 0.4478, F1-Score: 0.4413
2025-01-13 19:03:46,654 - INFO - Epoch 21 - Eval Loss: 3.1904, Accuracy: 0.1794, Precision: 0.3528, Recall: 0.1794, F1-Score: 0.1220
2025-01-13 19:03:50,969 - INFO - Epoch 22 - Train Loss: 1.4188, Accuracy: 0.4548, Precision: 0.4508, Recall: 0.4548, F1-Score: 0.4511
2025-01-13 19:03:53,507 - INFO - Epoch 22 - Eval Loss: 2.0337, Accuracy: 0.3070, Precision: 0.4337, Recall: 0.3070, F1-Score: 0.2755
2025-01-13 19:03:57,780 - INFO - Epoch 23 - Train Loss: 1.3929, Accuracy: 0.4668, Precision: 0.4656, Recall: 0.4668, F1-Score: 0.4650
2025-01-13 19:04:00,199 - INFO - Epoch 23 - Eval Loss: 2.3502, Accuracy: 0.2400, Precision: 0.4270, Recall: 0.2400, F1-Score: 0.2106
2025-01-13 19:04:04,657 - INFO - Epoch 24 - Train Loss: 1.3688, Accuracy: 0.4766, Precision: 0.4675, Recall: 0.4766, F1-Score: 0.4690
2025-01-13 19:04:07,006 - INFO - Epoch 24 - Eval Loss: 1.6571, Accuracy: 0.3666, Precision: 0.4250, Recall: 0.3666, F1-Score: 0.3283
2025-01-13 19:04:11,401 - INFO - Epoch 25 - Train Loss: 1.3539, Accuracy: 0.4942, Precision: 0.4905, Recall: 0.4942, F1-Score: 0.4913
2025-01-13 19:04:13,841 - INFO - Epoch 25 - Eval Loss: 2.1612, Accuracy: 0.2950, Precision: 0.4267, Recall: 0.2950, F1-Score: 0.2636
2025-01-13 19:04:18,224 - INFO - Epoch 26 - Train Loss: 1.3219, Accuracy: 0.5114, Precision: 0.5083, Recall: 0.5114, F1-Score: 0.5083
2025-01-13 19:04:20,570 - INFO - Epoch 26 - Eval Loss: 2.5253, Accuracy: 0.2594, Precision: 0.4504, Recall: 0.2594, F1-Score: 0.2268
2025-01-13 19:04:25,011 - INFO - Epoch 27 - Train Loss: 1.3158, Accuracy: 0.5138, Precision: 0.5061, Recall: 0.5138, F1-Score: 0.5083
2025-01-13 19:04:27,438 - INFO - Epoch 27 - Eval Loss: 4.8961, Accuracy: 0.2111, Precision: 0.2672, Recall: 0.2111, F1-Score: 0.1275
2025-01-13 19:04:31,732 - INFO - Epoch 28 - Train Loss: 1.2945, Accuracy: 0.5166, Precision: 0.5122, Recall: 0.5166, F1-Score: 0.5123
2025-01-13 19:04:34,183 - INFO - Epoch 28 - Eval Loss: 1.9817, Accuracy: 0.3495, Precision: 0.4908, Recall: 0.3495, F1-Score: 0.2891
2025-01-13 19:04:38,526 - INFO - Epoch 29 - Train Loss: 1.2537, Accuracy: 0.5366, Precision: 0.5310, Recall: 0.5366, F1-Score: 0.5308
2025-01-13 19:04:40,912 - INFO - Epoch 29 - Eval Loss: 1.8367, Accuracy: 0.4009, Precision: 0.4193, Recall: 0.4009, F1-Score: 0.3383
2025-01-13 19:04:45,368 - INFO - Epoch 30 - Train Loss: 1.2500, Accuracy: 0.5324, Precision: 0.5251, Recall: 0.5324, F1-Score: 0.5278
2025-01-13 19:04:47,676 - INFO - Epoch 30 - Eval Loss: 1.8731, Accuracy: 0.3648, Precision: 0.4646, Recall: 0.3648, F1-Score: 0.3198
2025-01-13 19:04:52,093 - INFO - Epoch 31 - Train Loss: 1.2334, Accuracy: 0.5438, Precision: 0.5378, Recall: 0.5438, F1-Score: 0.5389
2025-01-13 19:04:54,410 - INFO - Epoch 31 - Eval Loss: 1.8957, Accuracy: 0.3514, Precision: 0.4778, Recall: 0.3514, F1-Score: 0.3346
2025-01-13 19:04:58,801 - INFO - Epoch 32 - Train Loss: 1.2273, Accuracy: 0.5422, Precision: 0.5386, Recall: 0.5422, F1-Score: 0.5368
2025-01-13 19:05:01,155 - INFO - Epoch 32 - Eval Loss: 1.7154, Accuracy: 0.3850, Precision: 0.3710, Recall: 0.3850, F1-Score: 0.3380
2025-01-13 19:05:05,501 - INFO - Epoch 33 - Train Loss: 1.1920, Accuracy: 0.5576, Precision: 0.5556, Recall: 0.5576, F1-Score: 0.5560
2025-01-13 19:05:07,860 - INFO - Epoch 33 - Eval Loss: 2.7897, Accuracy: 0.2170, Precision: 0.3690, Recall: 0.2170, F1-Score: 0.1649
2025-01-13 19:05:12,172 - INFO - Epoch 34 - Train Loss: 1.2017, Accuracy: 0.5516, Precision: 0.5450, Recall: 0.5516, F1-Score: 0.5452
2025-01-13 19:05:14,555 - INFO - Epoch 34 - Eval Loss: 1.7696, Accuracy: 0.3634, Precision: 0.5174, Recall: 0.3634, F1-Score: 0.3209
2025-01-13 19:05:18,949 - INFO - Epoch 35 - Train Loss: 1.1926, Accuracy: 0.5618, Precision: 0.5585, Recall: 0.5618, F1-Score: 0.5589
2025-01-13 19:05:21,309 - INFO - Epoch 35 - Eval Loss: 1.3421, Accuracy: 0.5125, Precision: 0.5177, Recall: 0.5125, F1-Score: 0.4890
2025-01-13 19:05:25,784 - INFO - Epoch 36 - Train Loss: 1.1867, Accuracy: 0.5640, Precision: 0.5587, Recall: 0.5640, F1-Score: 0.5592
2025-01-13 19:05:28,138 - INFO - Epoch 36 - Eval Loss: 1.5954, Accuracy: 0.4348, Precision: 0.5059, Recall: 0.4348, F1-Score: 0.4062
2025-01-13 19:05:32,433 - INFO - Epoch 37 - Train Loss: 1.1597, Accuracy: 0.5812, Precision: 0.5765, Recall: 0.5812, F1-Score: 0.5770
2025-01-13 19:05:34,772 - INFO - Epoch 37 - Eval Loss: 1.6736, Accuracy: 0.3922, Precision: 0.5343, Recall: 0.3923, F1-Score: 0.3558
2025-01-13 19:05:39,252 - INFO - Epoch 38 - Train Loss: 1.1404, Accuracy: 0.5800, Precision: 0.5741, Recall: 0.5800, F1-Score: 0.5755
2025-01-13 19:05:41,595 - INFO - Epoch 38 - Eval Loss: 1.7556, Accuracy: 0.3926, Precision: 0.4826, Recall: 0.3926, F1-Score: 0.3512
2025-01-13 19:05:45,965 - INFO - Epoch 39 - Train Loss: 1.1131, Accuracy: 0.5858, Precision: 0.5820, Recall: 0.5858, F1-Score: 0.5828
2025-01-13 19:05:48,266 - INFO - Epoch 39 - Eval Loss: 1.6918, Accuracy: 0.4475, Precision: 0.5338, Recall: 0.4475, F1-Score: 0.3853
2025-01-13 19:05:52,660 - INFO - Epoch 40 - Train Loss: 1.1079, Accuracy: 0.5920, Precision: 0.5869, Recall: 0.5920, F1-Score: 0.5876
2025-01-13 19:05:55,009 - INFO - Epoch 40 - Eval Loss: 1.8392, Accuracy: 0.4116, Precision: 0.4925, Recall: 0.4116, F1-Score: 0.3658
2025-01-13 19:05:59,382 - INFO - Epoch 41 - Train Loss: 1.0959, Accuracy: 0.5976, Precision: 0.5925, Recall: 0.5976, F1-Score: 0.5941
2025-01-13 19:06:01,671 - INFO - Epoch 41 - Eval Loss: 1.5541, Accuracy: 0.4499, Precision: 0.5615, Recall: 0.4499, F1-Score: 0.4327
2025-01-13 19:06:06,020 - INFO - Epoch 42 - Train Loss: 1.1030, Accuracy: 0.5902, Precision: 0.5841, Recall: 0.5902, F1-Score: 0.5856
2025-01-13 19:06:08,407 - INFO - Epoch 42 - Eval Loss: 1.7677, Accuracy: 0.3990, Precision: 0.5523, Recall: 0.3990, F1-Score: 0.3898
2025-01-13 19:06:12,833 - INFO - Epoch 43 - Train Loss: 1.0835, Accuracy: 0.6058, Precision: 0.6011, Recall: 0.6058, F1-Score: 0.6025
2025-01-13 19:06:15,282 - INFO - Epoch 43 - Eval Loss: 1.8048, Accuracy: 0.3960, Precision: 0.3820, Recall: 0.3960, F1-Score: 0.3522
2025-01-13 19:06:19,650 - INFO - Epoch 44 - Train Loss: 1.0869, Accuracy: 0.5986, Precision: 0.5941, Recall: 0.5986, F1-Score: 0.5951
2025-01-13 19:06:22,006 - INFO - Epoch 44 - Eval Loss: 2.5529, Accuracy: 0.3046, Precision: 0.4307, Recall: 0.3046, F1-Score: 0.2066
2025-01-13 19:06:26,432 - INFO - Epoch 45 - Train Loss: 1.0704, Accuracy: 0.6086, Precision: 0.6050, Recall: 0.6086, F1-Score: 0.6063
2025-01-13 19:06:28,788 - INFO - Epoch 45 - Eval Loss: 1.5566, Accuracy: 0.4783, Precision: 0.5111, Recall: 0.4782, F1-Score: 0.4577
2025-01-13 19:06:33,218 - INFO - Epoch 46 - Train Loss: 1.1084, Accuracy: 0.6002, Precision: 0.5954, Recall: 0.6002, F1-Score: 0.5963
2025-01-13 19:06:35,526 - INFO - Epoch 46 - Eval Loss: 3.3129, Accuracy: 0.2686, Precision: 0.4384, Recall: 0.2686, F1-Score: 0.2185
2025-01-13 19:06:39,959 - INFO - Epoch 47 - Train Loss: 1.0606, Accuracy: 0.5990, Precision: 0.5945, Recall: 0.5990, F1-Score: 0.5961
2025-01-13 19:06:42,218 - INFO - Epoch 47 - Eval Loss: 1.7465, Accuracy: 0.4069, Precision: 0.5602, Recall: 0.4069, F1-Score: 0.3693
2025-01-13 19:06:46,605 - INFO - Epoch 48 - Train Loss: 1.0727, Accuracy: 0.6130, Precision: 0.6086, Recall: 0.6130, F1-Score: 0.6096
2025-01-13 19:06:49,026 - INFO - Epoch 48 - Eval Loss: 2.3604, Accuracy: 0.3317, Precision: 0.4775, Recall: 0.3318, F1-Score: 0.2846
2025-01-13 19:06:53,506 - INFO - Epoch 49 - Train Loss: 1.0485, Accuracy: 0.6164, Precision: 0.6124, Recall: 0.6164, F1-Score: 0.6126
2025-01-13 19:06:55,765 - INFO - Epoch 49 - Eval Loss: 1.8949, Accuracy: 0.4113, Precision: 0.5352, Recall: 0.4113, F1-Score: 0.3857
2025-01-13 19:07:00,017 - INFO - Epoch 50 - Train Loss: 1.1014, Accuracy: 0.5874, Precision: 0.5832, Recall: 0.5874, F1-Score: 0.5846
2025-01-13 19:07:02,331 - INFO - Epoch 50 - Eval Loss: 1.3677, Accuracy: 0.4971, Precision: 0.5567, Recall: 0.4971, F1-Score: 0.4761
2025-01-13 19:07:06,637 - INFO - Epoch 51 - Train Loss: 1.0653, Accuracy: 0.6052, Precision: 0.6026, Recall: 0.6052, F1-Score: 0.6030
2025-01-13 19:07:08,847 - INFO - Epoch 51 - Eval Loss: 1.9841, Accuracy: 0.4026, Precision: 0.5508, Recall: 0.4026, F1-Score: 0.3931
2025-01-13 19:07:13,090 - INFO - Epoch 52 - Train Loss: 1.0433, Accuracy: 0.6126, Precision: 0.6097, Recall: 0.6126, F1-Score: 0.6102
2025-01-13 19:07:15,275 - INFO - Epoch 52 - Eval Loss: 1.8045, Accuracy: 0.4019, Precision: 0.5785, Recall: 0.4019, F1-Score: 0.3634
2025-01-13 19:07:19,648 - INFO - Epoch 53 - Train Loss: 1.0307, Accuracy: 0.6232, Precision: 0.6187, Recall: 0.6232, F1-Score: 0.6195
2025-01-13 19:07:21,955 - INFO - Epoch 53 - Eval Loss: 1.2445, Accuracy: 0.5395, Precision: 0.6406, Recall: 0.5395, F1-Score: 0.5283
2025-01-13 19:07:26,169 - INFO - Epoch 54 - Train Loss: 1.0107, Accuracy: 0.6270, Precision: 0.6246, Recall: 0.6270, F1-Score: 0.6251
2025-01-13 19:07:28,423 - INFO - Epoch 54 - Eval Loss: 1.4676, Accuracy: 0.4566, Precision: 0.6101, Recall: 0.4566, F1-Score: 0.4472
2025-01-13 19:07:32,863 - INFO - Epoch 55 - Train Loss: 1.0090, Accuracy: 0.6290, Precision: 0.6252, Recall: 0.6290, F1-Score: 0.6256
2025-01-13 19:07:35,202 - INFO - Epoch 55 - Eval Loss: 2.8497, Accuracy: 0.2790, Precision: 0.4997, Recall: 0.2790, F1-Score: 0.2631
2025-01-13 19:07:39,416 - INFO - Epoch 56 - Train Loss: 1.0377, Accuracy: 0.6208, Precision: 0.6147, Recall: 0.6208, F1-Score: 0.6160
2025-01-13 19:07:41,598 - INFO - Epoch 56 - Eval Loss: 3.6241, Accuracy: 0.2787, Precision: 0.4665, Recall: 0.2787, F1-Score: 0.2504
2025-01-13 19:07:45,839 - INFO - Epoch 57 - Train Loss: 1.0377, Accuracy: 0.6196, Precision: 0.6161, Recall: 0.6196, F1-Score: 0.6170
2025-01-13 19:07:48,097 - INFO - Epoch 57 - Eval Loss: 2.2614, Accuracy: 0.3810, Precision: 0.5946, Recall: 0.3810, F1-Score: 0.3290
2025-01-13 19:07:52,271 - INFO - Epoch 58 - Train Loss: 1.0254, Accuracy: 0.6262, Precision: 0.6214, Recall: 0.6262, F1-Score: 0.6223
2025-01-13 19:07:54,438 - INFO - Epoch 58 - Eval Loss: 1.9320, Accuracy: 0.4101, Precision: 0.5862, Recall: 0.4101, F1-Score: 0.4035
2025-01-13 19:07:58,764 - INFO - Epoch 59 - Train Loss: 1.0012, Accuracy: 0.6336, Precision: 0.6309, Recall: 0.6336, F1-Score: 0.6314
2025-01-13 19:08:01,108 - INFO - Epoch 59 - Eval Loss: 1.5740, Accuracy: 0.4437, Precision: 0.5389, Recall: 0.4437, F1-Score: 0.4305
2025-01-13 19:08:05,410 - INFO - Epoch 60 - Train Loss: 1.0088, Accuracy: 0.6268, Precision: 0.6253, Recall: 0.6268, F1-Score: 0.6252
2025-01-13 19:08:07,733 - INFO - Epoch 60 - Eval Loss: 1.4180, Accuracy: 0.4830, Precision: 0.5879, Recall: 0.4830, F1-Score: 0.4718
2025-01-13 19:08:11,945 - INFO - Epoch 61 - Train Loss: 0.9808, Accuracy: 0.6510, Precision: 0.6488, Recall: 0.6510, F1-Score: 0.6488
2025-01-13 19:08:14,185 - INFO - Epoch 61 - Eval Loss: 1.2213, Accuracy: 0.5544, Precision: 0.6184, Recall: 0.5544, F1-Score: 0.5432
2025-01-13 19:08:18,448 - INFO - Epoch 62 - Train Loss: 0.9714, Accuracy: 0.6406, Precision: 0.6379, Recall: 0.6406, F1-Score: 0.6387
2025-01-13 19:08:20,708 - INFO - Epoch 62 - Eval Loss: 1.5498, Accuracy: 0.4626, Precision: 0.6053, Recall: 0.4626, F1-Score: 0.4252
2025-01-13 19:08:24,955 - INFO - Epoch 63 - Train Loss: 1.0062, Accuracy: 0.6348, Precision: 0.6321, Recall: 0.6348, F1-Score: 0.6321
2025-01-13 19:08:27,249 - INFO - Epoch 63 - Eval Loss: 1.6141, Accuracy: 0.4370, Precision: 0.5962, Recall: 0.4370, F1-Score: 0.4163
2025-01-13 19:08:31,540 - INFO - Epoch 64 - Train Loss: 1.0012, Accuracy: 0.6308, Precision: 0.6287, Recall: 0.6308, F1-Score: 0.6295
2025-01-13 19:08:33,837 - INFO - Epoch 64 - Eval Loss: 1.2987, Accuracy: 0.5629, Precision: 0.6018, Recall: 0.5629, F1-Score: 0.5616
2025-01-13 19:08:38,060 - INFO - Epoch 65 - Train Loss: 0.9745, Accuracy: 0.6408, Precision: 0.6374, Recall: 0.6408, F1-Score: 0.6382
2025-01-13 19:08:40,466 - INFO - Epoch 65 - Eval Loss: 2.1206, Accuracy: 0.3513, Precision: 0.5167, Recall: 0.3513, F1-Score: 0.2811
2025-01-13 19:08:45,088 - INFO - Epoch 66 - Train Loss: 0.9831, Accuracy: 0.6384, Precision: 0.6351, Recall: 0.6384, F1-Score: 0.6356
2025-01-13 19:08:47,361 - INFO - Epoch 66 - Eval Loss: 1.4478, Accuracy: 0.4863, Precision: 0.5908, Recall: 0.4863, F1-Score: 0.4544
2025-01-13 19:08:51,806 - INFO - Epoch 67 - Train Loss: 1.0024, Accuracy: 0.6334, Precision: 0.6289, Recall: 0.6334, F1-Score: 0.6301
2025-01-13 19:08:54,078 - INFO - Epoch 67 - Eval Loss: 1.6195, Accuracy: 0.4627, Precision: 0.5845, Recall: 0.4628, F1-Score: 0.4380
2025-01-13 19:08:58,401 - INFO - Epoch 68 - Train Loss: 0.9915, Accuracy: 0.6364, Precision: 0.6328, Recall: 0.6364, F1-Score: 0.6340
2025-01-13 19:09:00,725 - INFO - Epoch 68 - Eval Loss: 1.8821, Accuracy: 0.3961, Precision: 0.5780, Recall: 0.3961, F1-Score: 0.3645
2025-01-13 19:09:04,988 - INFO - Epoch 69 - Train Loss: 1.0010, Accuracy: 0.6336, Precision: 0.6298, Recall: 0.6336, F1-Score: 0.6309
2025-01-13 19:09:07,446 - INFO - Epoch 69 - Eval Loss: 2.0836, Accuracy: 0.3397, Precision: 0.5566, Recall: 0.3397, F1-Score: 0.2835
2025-01-13 19:09:11,708 - INFO - Epoch 70 - Train Loss: 0.9735, Accuracy: 0.6402, Precision: 0.6378, Recall: 0.6402, F1-Score: 0.6385
2025-01-13 19:09:14,038 - INFO - Epoch 70 - Eval Loss: 1.9226, Accuracy: 0.4049, Precision: 0.4812, Recall: 0.4049, F1-Score: 0.3488
2025-01-13 19:09:18,388 - INFO - Epoch 71 - Train Loss: 0.9530, Accuracy: 0.6500, Precision: 0.6477, Recall: 0.6500, F1-Score: 0.6476
2025-01-13 19:09:20,598 - INFO - Epoch 71 - Eval Loss: 1.5038, Accuracy: 0.4631, Precision: 0.5659, Recall: 0.4631, F1-Score: 0.4539
2025-01-13 19:09:24,861 - INFO - Epoch 72 - Train Loss: 0.9557, Accuracy: 0.6494, Precision: 0.6473, Recall: 0.6494, F1-Score: 0.6471
2025-01-13 19:09:27,134 - INFO - Epoch 72 - Eval Loss: 2.0006, Accuracy: 0.3764, Precision: 0.5944, Recall: 0.3764, F1-Score: 0.3542
2025-01-13 19:09:31,409 - INFO - Epoch 73 - Train Loss: 0.9444, Accuracy: 0.6568, Precision: 0.6536, Recall: 0.6568, F1-Score: 0.6549
2025-01-13 19:09:33,913 - INFO - Epoch 73 - Eval Loss: 1.3521, Accuracy: 0.5204, Precision: 0.6143, Recall: 0.5204, F1-Score: 0.5027
2025-01-13 19:09:38,233 - INFO - Epoch 74 - Train Loss: 0.9776, Accuracy: 0.6460, Precision: 0.6430, Recall: 0.6460, F1-Score: 0.6442
2025-01-13 19:09:40,458 - INFO - Epoch 74 - Eval Loss: 2.4182, Accuracy: 0.4166, Precision: 0.5568, Recall: 0.4166, F1-Score: 0.3735
2025-01-13 19:09:45,017 - INFO - Epoch 75 - Train Loss: 0.9411, Accuracy: 0.6588, Precision: 0.6572, Recall: 0.6588, F1-Score: 0.6570
2025-01-13 19:09:47,278 - INFO - Epoch 75 - Eval Loss: 1.5185, Accuracy: 0.4906, Precision: 0.5676, Recall: 0.4906, F1-Score: 0.4630
2025-01-13 19:09:51,545 - INFO - Epoch 76 - Train Loss: 0.9569, Accuracy: 0.6526, Precision: 0.6488, Recall: 0.6526, F1-Score: 0.6498
2025-01-13 19:09:53,787 - INFO - Epoch 76 - Eval Loss: 1.5235, Accuracy: 0.4825, Precision: 0.6115, Recall: 0.4825, F1-Score: 0.4580
2025-01-13 19:09:58,033 - INFO - Epoch 77 - Train Loss: 0.9292, Accuracy: 0.6664, Precision: 0.6624, Recall: 0.6664, F1-Score: 0.6636
2025-01-13 19:10:00,382 - INFO - Epoch 77 - Eval Loss: 1.7034, Accuracy: 0.4446, Precision: 0.5297, Recall: 0.4446, F1-Score: 0.4181
2025-01-13 19:10:04,915 - INFO - Epoch 78 - Train Loss: 0.9430, Accuracy: 0.6548, Precision: 0.6543, Recall: 0.6548, F1-Score: 0.6542
2025-01-13 19:10:07,255 - INFO - Epoch 78 - Eval Loss: 1.1775, Accuracy: 0.5830, Precision: 0.6406, Recall: 0.5830, F1-Score: 0.5670
2025-01-13 19:10:11,532 - INFO - Epoch 79 - Train Loss: 0.9611, Accuracy: 0.6462, Precision: 0.6450, Recall: 0.6462, F1-Score: 0.6452
2025-01-13 19:10:13,971 - INFO - Epoch 79 - Eval Loss: 1.2653, Accuracy: 0.5459, Precision: 0.6134, Recall: 0.5459, F1-Score: 0.5197
2025-01-13 19:10:18,422 - INFO - Epoch 80 - Train Loss: 0.9406, Accuracy: 0.6532, Precision: 0.6481, Recall: 0.6532, F1-Score: 0.6496
2025-01-13 19:10:20,698 - INFO - Epoch 80 - Eval Loss: 1.3348, Accuracy: 0.5245, Precision: 0.6036, Recall: 0.5245, F1-Score: 0.5156
2025-01-13 19:10:24,933 - INFO - Epoch 81 - Train Loss: 0.9339, Accuracy: 0.6590, Precision: 0.6580, Recall: 0.6590, F1-Score: 0.6573
2025-01-13 19:10:27,245 - INFO - Epoch 81 - Eval Loss: 2.2321, Accuracy: 0.4066, Precision: 0.5743, Recall: 0.4066, F1-Score: 0.3677
2025-01-13 19:10:31,500 - INFO - Epoch 82 - Train Loss: 0.9379, Accuracy: 0.6626, Precision: 0.6612, Recall: 0.6626, F1-Score: 0.6613
2025-01-13 19:10:33,884 - INFO - Epoch 82 - Eval Loss: 1.7025, Accuracy: 0.4456, Precision: 0.5687, Recall: 0.4456, F1-Score: 0.4240
2025-01-13 19:10:38,125 - INFO - Epoch 83 - Train Loss: 0.9409, Accuracy: 0.6534, Precision: 0.6502, Recall: 0.6534, F1-Score: 0.6512
2025-01-13 19:10:40,387 - INFO - Epoch 83 - Eval Loss: 1.5488, Accuracy: 0.4561, Precision: 0.6358, Recall: 0.4561, F1-Score: 0.4443
2025-01-13 19:10:44,625 - INFO - Epoch 84 - Train Loss: 0.9399, Accuracy: 0.6612, Precision: 0.6584, Recall: 0.6612, F1-Score: 0.6589
2025-01-13 19:10:46,890 - INFO - Epoch 84 - Eval Loss: 1.7251, Accuracy: 0.4336, Precision: 0.6577, Recall: 0.4336, F1-Score: 0.4013
2025-01-13 19:10:51,083 - INFO - Epoch 85 - Train Loss: 0.9227, Accuracy: 0.6620, Precision: 0.6606, Recall: 0.6620, F1-Score: 0.6608
2025-01-13 19:10:53,392 - INFO - Epoch 85 - Eval Loss: 1.6892, Accuracy: 0.4636, Precision: 0.5770, Recall: 0.4636, F1-Score: 0.4412
2025-01-13 19:10:57,600 - INFO - Epoch 86 - Train Loss: 0.9199, Accuracy: 0.6632, Precision: 0.6592, Recall: 0.6632, F1-Score: 0.6601
2025-01-13 19:10:59,936 - INFO - Epoch 86 - Eval Loss: 1.7203, Accuracy: 0.4439, Precision: 0.5883, Recall: 0.4439, F1-Score: 0.4314
2025-01-13 19:11:04,191 - INFO - Epoch 87 - Train Loss: 0.9362, Accuracy: 0.6572, Precision: 0.6551, Recall: 0.6572, F1-Score: 0.6557
2025-01-13 19:11:06,472 - INFO - Epoch 87 - Eval Loss: 1.5659, Accuracy: 0.4790, Precision: 0.5819, Recall: 0.4790, F1-Score: 0.4442
2025-01-13 19:11:10,957 - INFO - Epoch 88 - Train Loss: 0.9378, Accuracy: 0.6586, Precision: 0.6552, Recall: 0.6586, F1-Score: 0.6564
2025-01-13 19:11:13,266 - INFO - Epoch 88 - Eval Loss: 1.5265, Accuracy: 0.4901, Precision: 0.5604, Recall: 0.4901, F1-Score: 0.4878
2025-01-13 19:11:17,569 - INFO - Epoch 89 - Train Loss: 0.9344, Accuracy: 0.6570, Precision: 0.6551, Recall: 0.6570, F1-Score: 0.6556
2025-01-13 19:11:19,921 - INFO - Epoch 89 - Eval Loss: 1.3165, Accuracy: 0.5347, Precision: 0.5866, Recall: 0.5348, F1-Score: 0.5189
2025-01-13 19:11:24,222 - INFO - Epoch 90 - Train Loss: 0.9313, Accuracy: 0.6570, Precision: 0.6552, Recall: 0.6570, F1-Score: 0.6552
2025-01-13 19:11:26,799 - INFO - Epoch 90 - Eval Loss: 1.6081, Accuracy: 0.4579, Precision: 0.5724, Recall: 0.4579, F1-Score: 0.4069
2025-01-13 19:11:31,046 - INFO - Epoch 91 - Train Loss: 0.9309, Accuracy: 0.6612, Precision: 0.6596, Recall: 0.6612, F1-Score: 0.6602
2025-01-13 19:11:33,420 - INFO - Epoch 91 - Eval Loss: 1.3646, Accuracy: 0.4953, Precision: 0.5715, Recall: 0.4952, F1-Score: 0.4767
2025-01-13 19:11:37,813 - INFO - Epoch 92 - Train Loss: 0.9088, Accuracy: 0.6736, Precision: 0.6701, Recall: 0.6736, F1-Score: 0.6709
2025-01-13 19:11:40,038 - INFO - Epoch 92 - Eval Loss: 1.8437, Accuracy: 0.4434, Precision: 0.5940, Recall: 0.4434, F1-Score: 0.4095
2025-01-13 19:11:44,252 - INFO - Epoch 93 - Train Loss: 0.9014, Accuracy: 0.6654, Precision: 0.6633, Recall: 0.6654, F1-Score: 0.6641
2025-01-13 19:11:46,470 - INFO - Epoch 93 - Eval Loss: 2.5749, Accuracy: 0.2806, Precision: 0.5560, Recall: 0.2806, F1-Score: 0.2298
2025-01-13 19:11:50,815 - INFO - Epoch 94 - Train Loss: 0.9090, Accuracy: 0.6670, Precision: 0.6662, Recall: 0.6670, F1-Score: 0.6657
2025-01-13 19:11:53,400 - INFO - Epoch 94 - Eval Loss: 1.5416, Accuracy: 0.4665, Precision: 0.5977, Recall: 0.4665, F1-Score: 0.4394
2025-01-13 19:11:57,778 - INFO - Epoch 95 - Train Loss: 0.9400, Accuracy: 0.6588, Precision: 0.6554, Recall: 0.6588, F1-Score: 0.6565
2025-01-13 19:12:00,074 - INFO - Epoch 95 - Eval Loss: 1.4581, Accuracy: 0.4741, Precision: 0.5639, Recall: 0.4741, F1-Score: 0.4334
2025-01-13 19:12:04,492 - INFO - Epoch 96 - Train Loss: 0.9491, Accuracy: 0.6556, Precision: 0.6537, Recall: 0.6556, F1-Score: 0.6537
2025-01-13 19:12:06,802 - INFO - Epoch 96 - Eval Loss: 1.2202, Accuracy: 0.5680, Precision: 0.5945, Recall: 0.5680, F1-Score: 0.5606
2025-01-13 19:12:11,034 - INFO - Epoch 97 - Train Loss: 0.9814, Accuracy: 0.6396, Precision: 0.6377, Recall: 0.6396, F1-Score: 0.6376
2025-01-13 19:12:13,375 - INFO - Epoch 97 - Eval Loss: 2.2315, Accuracy: 0.3830, Precision: 0.5637, Recall: 0.3830, F1-Score: 0.3463
2025-01-13 19:12:17,741 - INFO - Epoch 98 - Train Loss: 0.9529, Accuracy: 0.6450, Precision: 0.6424, Recall: 0.6450, F1-Score: 0.6424
2025-01-13 19:12:20,124 - INFO - Epoch 98 - Eval Loss: 3.1233, Accuracy: 0.2931, Precision: 0.5346, Recall: 0.2931, F1-Score: 0.2500
2025-01-13 19:12:24,504 - INFO - Epoch 99 - Train Loss: 0.9451, Accuracy: 0.6552, Precision: 0.6523, Recall: 0.6552, F1-Score: 0.6528
2025-01-13 19:12:26,793 - INFO - Epoch 99 - Eval Loss: 1.4387, Accuracy: 0.5312, Precision: 0.5731, Recall: 0.5312, F1-Score: 0.5206
2025-01-13 19:12:26,793 - INFO - Training finished
