2025-01-13 18:12:45,745 - INFO - Log file created at log/lr/stl10_lr0.01_adam_wm1_20250113-181245.log
2025-01-13 18:12:45,794 - INFO - Using device cuda:1
2025-01-13 18:13:02,239 - INFO - Epoch 0 - Train Loss: 2.7439, Accuracy: 0.1578, Precision: 0.1597, Recall: 0.1578, F1-Score: 0.1527
2025-01-13 18:13:04,404 - INFO - Epoch 0 - Eval Loss: 3.6653, Accuracy: 0.1000, Precision: 0.0100, Recall: 0.1000, F1-Score: 0.0182
2025-01-13 18:13:08,556 - INFO - Epoch 1 - Train Loss: 1.7929, Accuracy: 0.2824, Precision: 0.2792, Recall: 0.2824, F1-Score: 0.2619
2025-01-13 18:13:10,715 - INFO - Epoch 1 - Eval Loss: 3.0707, Accuracy: 0.1817, Precision: 0.2480, Recall: 0.1817, F1-Score: 0.0861
2025-01-13 18:13:14,829 - INFO - Epoch 2 - Train Loss: 1.6568, Accuracy: 0.3354, Precision: 0.3341, Recall: 0.3354, F1-Score: 0.3283
2025-01-13 18:13:17,192 - INFO - Epoch 2 - Eval Loss: 2.6568, Accuracy: 0.1938, Precision: 0.2803, Recall: 0.1938, F1-Score: 0.1460
2025-01-13 18:13:21,489 - INFO - Epoch 3 - Train Loss: 1.5986, Accuracy: 0.3652, Precision: 0.3524, Recall: 0.3652, F1-Score: 0.3491
2025-01-13 18:13:23,622 - INFO - Epoch 3 - Eval Loss: 1.6510, Accuracy: 0.3382, Precision: 0.3701, Recall: 0.3382, F1-Score: 0.3147
2025-01-13 18:13:27,795 - INFO - Epoch 4 - Train Loss: 1.5357, Accuracy: 0.3928, Precision: 0.3847, Recall: 0.3928, F1-Score: 0.3739
2025-01-13 18:13:29,955 - INFO - Epoch 4 - Eval Loss: 1.5040, Accuracy: 0.4085, Precision: 0.4733, Recall: 0.4085, F1-Score: 0.4032
2025-01-13 18:13:34,212 - INFO - Epoch 5 - Train Loss: 1.4668, Accuracy: 0.4254, Precision: 0.4203, Recall: 0.4254, F1-Score: 0.4160
2025-01-13 18:13:36,404 - INFO - Epoch 5 - Eval Loss: 1.5426, Accuracy: 0.4016, Precision: 0.4470, Recall: 0.4016, F1-Score: 0.3748
2025-01-13 18:13:40,544 - INFO - Epoch 6 - Train Loss: 1.4107, Accuracy: 0.4480, Precision: 0.4434, Recall: 0.4480, F1-Score: 0.4425
2025-01-13 18:13:42,742 - INFO - Epoch 6 - Eval Loss: 1.4091, Accuracy: 0.4672, Precision: 0.4706, Recall: 0.4672, F1-Score: 0.4462
2025-01-13 18:13:46,978 - INFO - Epoch 7 - Train Loss: 1.3626, Accuracy: 0.4744, Precision: 0.4666, Recall: 0.4744, F1-Score: 0.4680
2025-01-13 18:13:49,142 - INFO - Epoch 7 - Eval Loss: 1.4899, Accuracy: 0.4387, Precision: 0.4751, Recall: 0.4388, F1-Score: 0.4263
2025-01-13 18:13:53,349 - INFO - Epoch 8 - Train Loss: 1.3135, Accuracy: 0.4996, Precision: 0.4904, Recall: 0.4996, F1-Score: 0.4923
2025-01-13 18:13:55,530 - INFO - Epoch 8 - Eval Loss: 1.5791, Accuracy: 0.3977, Precision: 0.4890, Recall: 0.3977, F1-Score: 0.3731
2025-01-13 18:13:59,677 - INFO - Epoch 9 - Train Loss: 1.2474, Accuracy: 0.5252, Precision: 0.5197, Recall: 0.5252, F1-Score: 0.5214
2025-01-13 18:14:01,911 - INFO - Epoch 9 - Eval Loss: 1.4128, Accuracy: 0.4724, Precision: 0.5332, Recall: 0.4724, F1-Score: 0.4678
2025-01-13 18:14:06,168 - INFO - Epoch 10 - Train Loss: 1.2001, Accuracy: 0.5490, Precision: 0.5455, Recall: 0.5490, F1-Score: 0.5458
2025-01-13 18:14:08,434 - INFO - Epoch 10 - Eval Loss: 1.2749, Accuracy: 0.5206, Precision: 0.5532, Recall: 0.5206, F1-Score: 0.5109
2025-01-13 18:14:12,590 - INFO - Epoch 11 - Train Loss: 1.1229, Accuracy: 0.5788, Precision: 0.5757, Recall: 0.5788, F1-Score: 0.5768
2025-01-13 18:14:14,744 - INFO - Epoch 11 - Eval Loss: 1.5325, Accuracy: 0.4650, Precision: 0.5746, Recall: 0.4650, F1-Score: 0.4463
2025-01-13 18:14:18,926 - INFO - Epoch 12 - Train Loss: 1.0630, Accuracy: 0.6062, Precision: 0.6046, Recall: 0.6062, F1-Score: 0.6036
2025-01-13 18:14:21,279 - INFO - Epoch 12 - Eval Loss: 1.3425, Accuracy: 0.5146, Precision: 0.5957, Recall: 0.5146, F1-Score: 0.5126
2025-01-13 18:14:25,495 - INFO - Epoch 13 - Train Loss: 0.9863, Accuracy: 0.6426, Precision: 0.6389, Recall: 0.6426, F1-Score: 0.6401
2025-01-13 18:14:27,701 - INFO - Epoch 13 - Eval Loss: 1.2084, Accuracy: 0.5711, Precision: 0.6092, Recall: 0.5711, F1-Score: 0.5749
2025-01-13 18:14:31,826 - INFO - Epoch 14 - Train Loss: 0.9646, Accuracy: 0.6414, Precision: 0.6392, Recall: 0.6414, F1-Score: 0.6397
2025-01-13 18:14:33,986 - INFO - Epoch 14 - Eval Loss: 1.0888, Accuracy: 0.6082, Precision: 0.6475, Recall: 0.6082, F1-Score: 0.6115
2025-01-13 18:14:38,135 - INFO - Epoch 15 - Train Loss: 0.9227, Accuracy: 0.6598, Precision: 0.6581, Recall: 0.6598, F1-Score: 0.6585
2025-01-13 18:14:40,402 - INFO - Epoch 15 - Eval Loss: 1.1913, Accuracy: 0.5781, Precision: 0.6223, Recall: 0.5781, F1-Score: 0.5721
2025-01-13 18:14:44,582 - INFO - Epoch 16 - Train Loss: 0.8907, Accuracy: 0.6798, Precision: 0.6789, Recall: 0.6798, F1-Score: 0.6789
2025-01-13 18:14:46,750 - INFO - Epoch 16 - Eval Loss: 1.2271, Accuracy: 0.5714, Precision: 0.6110, Recall: 0.5714, F1-Score: 0.5677
2025-01-13 18:14:50,938 - INFO - Epoch 17 - Train Loss: 0.8874, Accuracy: 0.6766, Precision: 0.6763, Recall: 0.6766, F1-Score: 0.6762
2025-01-13 18:14:53,303 - INFO - Epoch 17 - Eval Loss: 1.0903, Accuracy: 0.6080, Precision: 0.6464, Recall: 0.6080, F1-Score: 0.6137
2025-01-13 18:14:57,561 - INFO - Epoch 18 - Train Loss: 0.8260, Accuracy: 0.6956, Precision: 0.6937, Recall: 0.6956, F1-Score: 0.6944
2025-01-13 18:14:59,747 - INFO - Epoch 18 - Eval Loss: 1.0874, Accuracy: 0.6145, Precision: 0.6413, Recall: 0.6145, F1-Score: 0.6120
2025-01-13 18:15:03,832 - INFO - Epoch 19 - Train Loss: 0.8155, Accuracy: 0.7070, Precision: 0.7062, Recall: 0.7070, F1-Score: 0.7064
2025-01-13 18:15:06,162 - INFO - Epoch 19 - Eval Loss: 1.0367, Accuracy: 0.6351, Precision: 0.6487, Recall: 0.6351, F1-Score: 0.6283
2025-01-13 18:15:10,359 - INFO - Epoch 20 - Train Loss: 0.7788, Accuracy: 0.7200, Precision: 0.7181, Recall: 0.7200, F1-Score: 0.7187
2025-01-13 18:15:12,487 - INFO - Epoch 20 - Eval Loss: 1.1689, Accuracy: 0.5938, Precision: 0.6444, Recall: 0.5938, F1-Score: 0.5990
2025-01-13 18:15:16,601 - INFO - Epoch 21 - Train Loss: 0.7463, Accuracy: 0.7242, Precision: 0.7242, Recall: 0.7242, F1-Score: 0.7239
2025-01-13 18:15:18,728 - INFO - Epoch 21 - Eval Loss: 1.0521, Accuracy: 0.6352, Precision: 0.6884, Recall: 0.6353, F1-Score: 0.6456
2025-01-13 18:15:22,956 - INFO - Epoch 22 - Train Loss: 0.7321, Accuracy: 0.7282, Precision: 0.7281, Recall: 0.7282, F1-Score: 0.7278
2025-01-13 18:15:25,121 - INFO - Epoch 22 - Eval Loss: 0.9945, Accuracy: 0.6444, Precision: 0.6834, Recall: 0.6444, F1-Score: 0.6375
2025-01-13 18:15:29,227 - INFO - Epoch 23 - Train Loss: 0.7248, Accuracy: 0.7358, Precision: 0.7344, Recall: 0.7358, F1-Score: 0.7347
2025-01-13 18:15:31,461 - INFO - Epoch 23 - Eval Loss: 1.0521, Accuracy: 0.6511, Precision: 0.6868, Recall: 0.6511, F1-Score: 0.6532
2025-01-13 18:15:35,682 - INFO - Epoch 24 - Train Loss: 0.7087, Accuracy: 0.7374, Precision: 0.7365, Recall: 0.7374, F1-Score: 0.7368
2025-01-13 18:15:37,974 - INFO - Epoch 24 - Eval Loss: 0.9900, Accuracy: 0.6544, Precision: 0.6700, Recall: 0.6544, F1-Score: 0.6399
2025-01-13 18:15:42,064 - INFO - Epoch 25 - Train Loss: 0.6664, Accuracy: 0.7532, Precision: 0.7527, Recall: 0.7532, F1-Score: 0.7524
2025-01-13 18:15:44,356 - INFO - Epoch 25 - Eval Loss: 1.0651, Accuracy: 0.6348, Precision: 0.6776, Recall: 0.6348, F1-Score: 0.6326
2025-01-13 18:15:48,475 - INFO - Epoch 26 - Train Loss: 0.6530, Accuracy: 0.7632, Precision: 0.7628, Recall: 0.7632, F1-Score: 0.7627
2025-01-13 18:15:50,656 - INFO - Epoch 26 - Eval Loss: 0.9744, Accuracy: 0.6659, Precision: 0.6818, Recall: 0.6659, F1-Score: 0.6686
2025-01-13 18:15:54,860 - INFO - Epoch 27 - Train Loss: 0.6293, Accuracy: 0.7608, Precision: 0.7602, Recall: 0.7608, F1-Score: 0.7604
2025-01-13 18:15:57,043 - INFO - Epoch 27 - Eval Loss: 1.2474, Accuracy: 0.5907, Precision: 0.6587, Recall: 0.5908, F1-Score: 0.5949
2025-01-13 18:16:01,192 - INFO - Epoch 28 - Train Loss: 0.5840, Accuracy: 0.7886, Precision: 0.7890, Recall: 0.7886, F1-Score: 0.7887
2025-01-13 18:16:03,393 - INFO - Epoch 28 - Eval Loss: 1.2700, Accuracy: 0.5960, Precision: 0.6481, Recall: 0.5960, F1-Score: 0.5949
2025-01-13 18:16:07,526 - INFO - Epoch 29 - Train Loss: 0.5884, Accuracy: 0.7854, Precision: 0.7854, Recall: 0.7854, F1-Score: 0.7852
2025-01-13 18:16:09,651 - INFO - Epoch 29 - Eval Loss: 0.9702, Accuracy: 0.6686, Precision: 0.6922, Recall: 0.6686, F1-Score: 0.6716
2025-01-13 18:16:13,725 - INFO - Epoch 30 - Train Loss: 0.5424, Accuracy: 0.8056, Precision: 0.8050, Recall: 0.8056, F1-Score: 0.8053
2025-01-13 18:16:15,855 - INFO - Epoch 30 - Eval Loss: 0.9464, Accuracy: 0.6894, Precision: 0.7052, Recall: 0.6894, F1-Score: 0.6890
2025-01-13 18:16:20,005 - INFO - Epoch 31 - Train Loss: 0.5396, Accuracy: 0.8038, Precision: 0.8045, Recall: 0.8038, F1-Score: 0.8040
2025-01-13 18:16:22,268 - INFO - Epoch 31 - Eval Loss: 1.1955, Accuracy: 0.6019, Precision: 0.6605, Recall: 0.6019, F1-Score: 0.5895
2025-01-13 18:16:26,479 - INFO - Epoch 32 - Train Loss: 0.5772, Accuracy: 0.7878, Precision: 0.7870, Recall: 0.7878, F1-Score: 0.7870
2025-01-13 18:16:28,761 - INFO - Epoch 32 - Eval Loss: 0.9829, Accuracy: 0.6803, Precision: 0.7102, Recall: 0.6803, F1-Score: 0.6851
2025-01-13 18:16:32,910 - INFO - Epoch 33 - Train Loss: 0.5272, Accuracy: 0.8078, Precision: 0.8077, Recall: 0.8078, F1-Score: 0.8076
2025-01-13 18:16:35,043 - INFO - Epoch 33 - Eval Loss: 1.0570, Accuracy: 0.6685, Precision: 0.6997, Recall: 0.6685, F1-Score: 0.6683
2025-01-13 18:16:39,132 - INFO - Epoch 34 - Train Loss: 0.5172, Accuracy: 0.8136, Precision: 0.8137, Recall: 0.8136, F1-Score: 0.8135
2025-01-13 18:16:41,337 - INFO - Epoch 34 - Eval Loss: 0.9904, Accuracy: 0.6799, Precision: 0.6937, Recall: 0.6799, F1-Score: 0.6806
2025-01-13 18:16:45,506 - INFO - Epoch 35 - Train Loss: 0.4903, Accuracy: 0.8196, Precision: 0.8193, Recall: 0.8196, F1-Score: 0.8193
2025-01-13 18:16:47,684 - INFO - Epoch 35 - Eval Loss: 0.9812, Accuracy: 0.6874, Precision: 0.7127, Recall: 0.6874, F1-Score: 0.6862
2025-01-13 18:16:51,775 - INFO - Epoch 36 - Train Loss: 0.4714, Accuracy: 0.8310, Precision: 0.8318, Recall: 0.8310, F1-Score: 0.8312
2025-01-13 18:16:54,055 - INFO - Epoch 36 - Eval Loss: 0.9736, Accuracy: 0.6821, Precision: 0.7014, Recall: 0.6821, F1-Score: 0.6815
2025-01-13 18:16:58,117 - INFO - Epoch 37 - Train Loss: 0.4610, Accuracy: 0.8330, Precision: 0.8333, Recall: 0.8330, F1-Score: 0.8330
2025-01-13 18:17:00,437 - INFO - Epoch 37 - Eval Loss: 1.1399, Accuracy: 0.6529, Precision: 0.6918, Recall: 0.6529, F1-Score: 0.6411
2025-01-13 18:17:04,580 - INFO - Epoch 38 - Train Loss: 0.4907, Accuracy: 0.8208, Precision: 0.8214, Recall: 0.8208, F1-Score: 0.8208
2025-01-13 18:17:06,751 - INFO - Epoch 38 - Eval Loss: 1.0638, Accuracy: 0.6850, Precision: 0.7062, Recall: 0.6850, F1-Score: 0.6837
2025-01-13 18:17:10,928 - INFO - Epoch 39 - Train Loss: 0.4669, Accuracy: 0.8286, Precision: 0.8279, Recall: 0.8286, F1-Score: 0.8279
2025-01-13 18:17:13,139 - INFO - Epoch 39 - Eval Loss: 1.0523, Accuracy: 0.6756, Precision: 0.7083, Recall: 0.6756, F1-Score: 0.6725
2025-01-13 18:17:17,249 - INFO - Epoch 40 - Train Loss: 0.4343, Accuracy: 0.8422, Precision: 0.8437, Recall: 0.8422, F1-Score: 0.8427
2025-01-13 18:17:19,400 - INFO - Epoch 40 - Eval Loss: 1.3032, Accuracy: 0.6364, Precision: 0.6989, Recall: 0.6364, F1-Score: 0.6303
2025-01-13 18:17:23,557 - INFO - Epoch 41 - Train Loss: 0.4090, Accuracy: 0.8524, Precision: 0.8522, Recall: 0.8524, F1-Score: 0.8522
2025-01-13 18:17:25,785 - INFO - Epoch 41 - Eval Loss: 1.0978, Accuracy: 0.6599, Precision: 0.6956, Recall: 0.6599, F1-Score: 0.6617
2025-01-13 18:17:29,940 - INFO - Epoch 42 - Train Loss: 0.4255, Accuracy: 0.8500, Precision: 0.8500, Recall: 0.8500, F1-Score: 0.8499
2025-01-13 18:17:32,068 - INFO - Epoch 42 - Eval Loss: 0.9465, Accuracy: 0.7144, Precision: 0.7341, Recall: 0.7144, F1-Score: 0.7156
2025-01-13 18:17:36,135 - INFO - Epoch 43 - Train Loss: 0.3624, Accuracy: 0.8662, Precision: 0.8661, Recall: 0.8662, F1-Score: 0.8660
2025-01-13 18:17:38,424 - INFO - Epoch 43 - Eval Loss: 0.9743, Accuracy: 0.7053, Precision: 0.7371, Recall: 0.7053, F1-Score: 0.7064
2025-01-13 18:17:42,588 - INFO - Epoch 44 - Train Loss: 0.3365, Accuracy: 0.8786, Precision: 0.8788, Recall: 0.8786, F1-Score: 0.8786
2025-01-13 18:17:44,775 - INFO - Epoch 44 - Eval Loss: 0.9220, Accuracy: 0.7166, Precision: 0.7228, Recall: 0.7166, F1-Score: 0.7120
2025-01-13 18:17:48,935 - INFO - Epoch 45 - Train Loss: 0.3452, Accuracy: 0.8710, Precision: 0.8708, Recall: 0.8710, F1-Score: 0.8708
2025-01-13 18:17:51,043 - INFO - Epoch 45 - Eval Loss: 1.0662, Accuracy: 0.6940, Precision: 0.7284, Recall: 0.6940, F1-Score: 0.6998
2025-01-13 18:17:55,206 - INFO - Epoch 46 - Train Loss: 0.3640, Accuracy: 0.8696, Precision: 0.8703, Recall: 0.8696, F1-Score: 0.8696
2025-01-13 18:17:57,293 - INFO - Epoch 46 - Eval Loss: 1.0992, Accuracy: 0.6747, Precision: 0.7018, Recall: 0.6747, F1-Score: 0.6741
2025-01-13 18:18:01,508 - INFO - Epoch 47 - Train Loss: 0.3645, Accuracy: 0.8742, Precision: 0.8744, Recall: 0.8742, F1-Score: 0.8742
2025-01-13 18:18:03,825 - INFO - Epoch 47 - Eval Loss: 0.9659, Accuracy: 0.7194, Precision: 0.7379, Recall: 0.7194, F1-Score: 0.7208
2025-01-13 18:18:07,887 - INFO - Epoch 48 - Train Loss: 0.3366, Accuracy: 0.8850, Precision: 0.8848, Recall: 0.8850, F1-Score: 0.8849
2025-01-13 18:18:10,112 - INFO - Epoch 48 - Eval Loss: 0.8779, Accuracy: 0.7205, Precision: 0.7362, Recall: 0.7205, F1-Score: 0.7194
2025-01-13 18:18:14,291 - INFO - Epoch 49 - Train Loss: 0.3176, Accuracy: 0.8876, Precision: 0.8879, Recall: 0.8876, F1-Score: 0.8877
2025-01-13 18:18:16,507 - INFO - Epoch 49 - Eval Loss: 1.0870, Accuracy: 0.6981, Precision: 0.7268, Recall: 0.6981, F1-Score: 0.6972
2025-01-13 18:18:20,706 - INFO - Epoch 50 - Train Loss: 0.3432, Accuracy: 0.8752, Precision: 0.8752, Recall: 0.8752, F1-Score: 0.8751
2025-01-13 18:18:22,970 - INFO - Epoch 50 - Eval Loss: 1.1365, Accuracy: 0.6871, Precision: 0.7192, Recall: 0.6871, F1-Score: 0.6890
2025-01-13 18:18:27,188 - INFO - Epoch 51 - Train Loss: 0.3167, Accuracy: 0.8886, Precision: 0.8888, Recall: 0.8886, F1-Score: 0.8885
2025-01-13 18:18:29,474 - INFO - Epoch 51 - Eval Loss: 1.1164, Accuracy: 0.6919, Precision: 0.7293, Recall: 0.6919, F1-Score: 0.6873
2025-01-13 18:18:33,651 - INFO - Epoch 52 - Train Loss: 0.3156, Accuracy: 0.8850, Precision: 0.8852, Recall: 0.8850, F1-Score: 0.8849
2025-01-13 18:18:35,878 - INFO - Epoch 52 - Eval Loss: 1.1361, Accuracy: 0.6854, Precision: 0.7333, Recall: 0.6854, F1-Score: 0.6887
2025-01-13 18:18:40,094 - INFO - Epoch 53 - Train Loss: 0.3074, Accuracy: 0.8878, Precision: 0.8884, Recall: 0.8878, F1-Score: 0.8879
2025-01-13 18:18:42,380 - INFO - Epoch 53 - Eval Loss: 0.8766, Accuracy: 0.7314, Precision: 0.7446, Recall: 0.7314, F1-Score: 0.7325
2025-01-13 18:18:46,504 - INFO - Epoch 54 - Train Loss: 0.3038, Accuracy: 0.8896, Precision: 0.8899, Recall: 0.8896, F1-Score: 0.8897
2025-01-13 18:18:48,789 - INFO - Epoch 54 - Eval Loss: 1.0696, Accuracy: 0.7066, Precision: 0.7353, Recall: 0.7066, F1-Score: 0.7018
2025-01-13 18:18:53,045 - INFO - Epoch 55 - Train Loss: 0.2859, Accuracy: 0.9020, Precision: 0.9022, Recall: 0.9020, F1-Score: 0.9021
2025-01-13 18:18:55,253 - INFO - Epoch 55 - Eval Loss: 1.0431, Accuracy: 0.6967, Precision: 0.7094, Recall: 0.6967, F1-Score: 0.6943
2025-01-13 18:18:59,466 - INFO - Epoch 56 - Train Loss: 0.2690, Accuracy: 0.9038, Precision: 0.9040, Recall: 0.9038, F1-Score: 0.9039
2025-01-13 18:19:01,689 - INFO - Epoch 56 - Eval Loss: 1.4022, Accuracy: 0.6469, Precision: 0.7167, Recall: 0.6469, F1-Score: 0.6570
2025-01-13 18:19:05,846 - INFO - Epoch 57 - Train Loss: 0.2912, Accuracy: 0.8960, Precision: 0.8960, Recall: 0.8960, F1-Score: 0.8960
2025-01-13 18:19:08,161 - INFO - Epoch 57 - Eval Loss: 1.4175, Accuracy: 0.6750, Precision: 0.7390, Recall: 0.6750, F1-Score: 0.6764
2025-01-13 18:19:12,364 - INFO - Epoch 58 - Train Loss: 0.2601, Accuracy: 0.9086, Precision: 0.9086, Recall: 0.9086, F1-Score: 0.9086
2025-01-13 18:19:14,606 - INFO - Epoch 58 - Eval Loss: 0.9187, Accuracy: 0.7295, Precision: 0.7432, Recall: 0.7295, F1-Score: 0.7294
2025-01-13 18:19:18,873 - INFO - Epoch 59 - Train Loss: 0.2573, Accuracy: 0.9104, Precision: 0.9106, Recall: 0.9104, F1-Score: 0.9104
2025-01-13 18:19:21,214 - INFO - Epoch 59 - Eval Loss: 1.1057, Accuracy: 0.7013, Precision: 0.7235, Recall: 0.7013, F1-Score: 0.6990
2025-01-13 18:19:25,417 - INFO - Epoch 60 - Train Loss: 0.3099, Accuracy: 0.8942, Precision: 0.8941, Recall: 0.8942, F1-Score: 0.8939
2025-01-13 18:19:27,678 - INFO - Epoch 60 - Eval Loss: 1.2456, Accuracy: 0.6830, Precision: 0.7151, Recall: 0.6830, F1-Score: 0.6818
2025-01-13 18:19:31,853 - INFO - Epoch 61 - Train Loss: 0.3183, Accuracy: 0.8890, Precision: 0.8894, Recall: 0.8890, F1-Score: 0.8891
2025-01-13 18:19:34,034 - INFO - Epoch 61 - Eval Loss: 0.9561, Accuracy: 0.7310, Precision: 0.7391, Recall: 0.7310, F1-Score: 0.7321
2025-01-13 18:19:38,364 - INFO - Epoch 62 - Train Loss: 0.2652, Accuracy: 0.9054, Precision: 0.9058, Recall: 0.9054, F1-Score: 0.9054
2025-01-13 18:19:40,585 - INFO - Epoch 62 - Eval Loss: 0.9210, Accuracy: 0.7372, Precision: 0.7481, Recall: 0.7372, F1-Score: 0.7373
2025-01-13 18:19:44,897 - INFO - Epoch 63 - Train Loss: 0.2412, Accuracy: 0.9124, Precision: 0.9125, Recall: 0.9124, F1-Score: 0.9124
2025-01-13 18:19:47,331 - INFO - Epoch 63 - Eval Loss: 1.2055, Accuracy: 0.6847, Precision: 0.7105, Recall: 0.6847, F1-Score: 0.6808
2025-01-13 18:19:51,488 - INFO - Epoch 64 - Train Loss: 0.2670, Accuracy: 0.9086, Precision: 0.9088, Recall: 0.9086, F1-Score: 0.9087
2025-01-13 18:19:53,642 - INFO - Epoch 64 - Eval Loss: 1.2106, Accuracy: 0.6994, Precision: 0.7301, Recall: 0.6994, F1-Score: 0.7007
2025-01-13 18:19:57,929 - INFO - Epoch 65 - Train Loss: 0.2368, Accuracy: 0.9152, Precision: 0.9155, Recall: 0.9152, F1-Score: 0.9152
2025-01-13 18:20:00,161 - INFO - Epoch 65 - Eval Loss: 1.0946, Accuracy: 0.7186, Precision: 0.7506, Recall: 0.7186, F1-Score: 0.7199
2025-01-13 18:20:04,476 - INFO - Epoch 66 - Train Loss: 0.2629, Accuracy: 0.9096, Precision: 0.9099, Recall: 0.9096, F1-Score: 0.9096
2025-01-13 18:20:06,807 - INFO - Epoch 66 - Eval Loss: 1.0845, Accuracy: 0.7089, Precision: 0.7232, Recall: 0.7089, F1-Score: 0.7086
2025-01-13 18:20:11,035 - INFO - Epoch 67 - Train Loss: 0.2548, Accuracy: 0.9074, Precision: 0.9075, Recall: 0.9074, F1-Score: 0.9074
2025-01-13 18:20:13,369 - INFO - Epoch 67 - Eval Loss: 1.0740, Accuracy: 0.7264, Precision: 0.7413, Recall: 0.7264, F1-Score: 0.7230
2025-01-13 18:20:17,634 - INFO - Epoch 68 - Train Loss: 0.2186, Accuracy: 0.9252, Precision: 0.9252, Recall: 0.9252, F1-Score: 0.9252
2025-01-13 18:20:19,775 - INFO - Epoch 68 - Eval Loss: 0.9735, Accuracy: 0.7245, Precision: 0.7342, Recall: 0.7245, F1-Score: 0.7235
2025-01-13 18:20:23,976 - INFO - Epoch 69 - Train Loss: 0.2156, Accuracy: 0.9266, Precision: 0.9269, Recall: 0.9266, F1-Score: 0.9267
2025-01-13 18:20:26,217 - INFO - Epoch 69 - Eval Loss: 1.4083, Accuracy: 0.6472, Precision: 0.7037, Recall: 0.6472, F1-Score: 0.6447
2025-01-13 18:20:30,463 - INFO - Epoch 70 - Train Loss: 0.2110, Accuracy: 0.9254, Precision: 0.9257, Recall: 0.9254, F1-Score: 0.9254
2025-01-13 18:20:32,777 - INFO - Epoch 70 - Eval Loss: 1.0463, Accuracy: 0.7159, Precision: 0.7456, Recall: 0.7159, F1-Score: 0.7194
2025-01-13 18:20:36,930 - INFO - Epoch 71 - Train Loss: 0.2341, Accuracy: 0.9110, Precision: 0.9110, Recall: 0.9110, F1-Score: 0.9109
2025-01-13 18:20:39,099 - INFO - Epoch 71 - Eval Loss: 1.2447, Accuracy: 0.6820, Precision: 0.7210, Recall: 0.6820, F1-Score: 0.6806
2025-01-13 18:20:43,252 - INFO - Epoch 72 - Train Loss: 0.2242, Accuracy: 0.9212, Precision: 0.9214, Recall: 0.9212, F1-Score: 0.9212
2025-01-13 18:20:45,383 - INFO - Epoch 72 - Eval Loss: 1.3327, Accuracy: 0.6846, Precision: 0.7299, Recall: 0.6846, F1-Score: 0.6895
2025-01-13 18:20:49,632 - INFO - Epoch 73 - Train Loss: 0.2195, Accuracy: 0.9228, Precision: 0.9228, Recall: 0.9228, F1-Score: 0.9228
2025-01-13 18:20:51,732 - INFO - Epoch 73 - Eval Loss: 1.1129, Accuracy: 0.7180, Precision: 0.7401, Recall: 0.7180, F1-Score: 0.7234
2025-01-13 18:20:56,037 - INFO - Epoch 74 - Train Loss: 0.2133, Accuracy: 0.9256, Precision: 0.9257, Recall: 0.9256, F1-Score: 0.9256
2025-01-13 18:20:58,305 - INFO - Epoch 74 - Eval Loss: 1.0851, Accuracy: 0.7275, Precision: 0.7316, Recall: 0.7275, F1-Score: 0.7251
2025-01-13 18:21:02,518 - INFO - Epoch 75 - Train Loss: 0.2115, Accuracy: 0.9234, Precision: 0.9235, Recall: 0.9234, F1-Score: 0.9234
2025-01-13 18:21:04,830 - INFO - Epoch 75 - Eval Loss: 1.0092, Accuracy: 0.7349, Precision: 0.7472, Recall: 0.7349, F1-Score: 0.7365
2025-01-13 18:21:09,183 - INFO - Epoch 76 - Train Loss: 0.2054, Accuracy: 0.9286, Precision: 0.9287, Recall: 0.9286, F1-Score: 0.9286
2025-01-13 18:21:11,462 - INFO - Epoch 76 - Eval Loss: 1.2439, Accuracy: 0.7004, Precision: 0.7383, Recall: 0.7004, F1-Score: 0.7035
2025-01-13 18:21:15,789 - INFO - Epoch 77 - Train Loss: 0.2233, Accuracy: 0.9254, Precision: 0.9254, Recall: 0.9254, F1-Score: 0.9254
2025-01-13 18:21:17,954 - INFO - Epoch 77 - Eval Loss: 1.0897, Accuracy: 0.7170, Precision: 0.7292, Recall: 0.7170, F1-Score: 0.7170
2025-01-13 18:21:22,178 - INFO - Epoch 78 - Train Loss: 0.2494, Accuracy: 0.9148, Precision: 0.9148, Recall: 0.9148, F1-Score: 0.9148
2025-01-13 18:21:24,504 - INFO - Epoch 78 - Eval Loss: 1.0469, Accuracy: 0.7345, Precision: 0.7431, Recall: 0.7345, F1-Score: 0.7337
2025-01-13 18:21:28,705 - INFO - Epoch 79 - Train Loss: 0.2305, Accuracy: 0.9174, Precision: 0.9176, Recall: 0.9174, F1-Score: 0.9175
2025-01-13 18:21:31,059 - INFO - Epoch 79 - Eval Loss: 0.9762, Accuracy: 0.7428, Precision: 0.7615, Recall: 0.7428, F1-Score: 0.7455
2025-01-13 18:21:35,473 - INFO - Epoch 80 - Train Loss: 0.1943, Accuracy: 0.9332, Precision: 0.9332, Recall: 0.9332, F1-Score: 0.9331
2025-01-13 18:21:37,629 - INFO - Epoch 80 - Eval Loss: 1.1019, Accuracy: 0.7250, Precision: 0.7453, Recall: 0.7250, F1-Score: 0.7253
2025-01-13 18:21:41,928 - INFO - Epoch 81 - Train Loss: 0.2063, Accuracy: 0.9268, Precision: 0.9267, Recall: 0.9268, F1-Score: 0.9267
2025-01-13 18:21:44,138 - INFO - Epoch 81 - Eval Loss: 1.1284, Accuracy: 0.7235, Precision: 0.7424, Recall: 0.7235, F1-Score: 0.7185
2025-01-13 18:21:48,386 - INFO - Epoch 82 - Train Loss: 0.1793, Accuracy: 0.9334, Precision: 0.9337, Recall: 0.9334, F1-Score: 0.9335
2025-01-13 18:21:50,618 - INFO - Epoch 82 - Eval Loss: 1.0106, Accuracy: 0.7408, Precision: 0.7464, Recall: 0.7408, F1-Score: 0.7381
2025-01-13 18:21:54,849 - INFO - Epoch 83 - Train Loss: 0.1729, Accuracy: 0.9404, Precision: 0.9404, Recall: 0.9404, F1-Score: 0.9404
2025-01-13 18:21:57,196 - INFO - Epoch 83 - Eval Loss: 1.0639, Accuracy: 0.7249, Precision: 0.7436, Recall: 0.7249, F1-Score: 0.7284
2025-01-13 18:22:01,479 - INFO - Epoch 84 - Train Loss: 0.1895, Accuracy: 0.9334, Precision: 0.9334, Recall: 0.9334, F1-Score: 0.9334
2025-01-13 18:22:03,713 - INFO - Epoch 84 - Eval Loss: 1.1229, Accuracy: 0.7135, Precision: 0.7522, Recall: 0.7135, F1-Score: 0.7192
2025-01-13 18:22:07,945 - INFO - Epoch 85 - Train Loss: 0.1959, Accuracy: 0.9254, Precision: 0.9254, Recall: 0.9254, F1-Score: 0.9253
2025-01-13 18:22:10,217 - INFO - Epoch 85 - Eval Loss: 0.9940, Accuracy: 0.7368, Precision: 0.7536, Recall: 0.7368, F1-Score: 0.7353
2025-01-13 18:22:14,527 - INFO - Epoch 86 - Train Loss: 0.1947, Accuracy: 0.9334, Precision: 0.9334, Recall: 0.9334, F1-Score: 0.9333
2025-01-13 18:22:16,773 - INFO - Epoch 86 - Eval Loss: 1.0607, Accuracy: 0.7289, Precision: 0.7473, Recall: 0.7289, F1-Score: 0.7309
2025-01-13 18:22:21,008 - INFO - Epoch 87 - Train Loss: 0.1898, Accuracy: 0.9372, Precision: 0.9374, Recall: 0.9372, F1-Score: 0.9372
2025-01-13 18:22:23,230 - INFO - Epoch 87 - Eval Loss: 1.0346, Accuracy: 0.7298, Precision: 0.7316, Recall: 0.7297, F1-Score: 0.7246
2025-01-13 18:22:27,546 - INFO - Epoch 88 - Train Loss: 0.2013, Accuracy: 0.9288, Precision: 0.9287, Recall: 0.9288, F1-Score: 0.9287
2025-01-13 18:22:29,860 - INFO - Epoch 88 - Eval Loss: 1.0943, Accuracy: 0.7301, Precision: 0.7411, Recall: 0.7301, F1-Score: 0.7232
2025-01-13 18:22:34,076 - INFO - Epoch 89 - Train Loss: 0.1894, Accuracy: 0.9336, Precision: 0.9336, Recall: 0.9336, F1-Score: 0.9336
2025-01-13 18:22:36,348 - INFO - Epoch 89 - Eval Loss: 0.9936, Accuracy: 0.7410, Precision: 0.7483, Recall: 0.7410, F1-Score: 0.7371
2025-01-13 18:22:40,583 - INFO - Epoch 90 - Train Loss: 0.1637, Accuracy: 0.9464, Precision: 0.9468, Recall: 0.9464, F1-Score: 0.9465
2025-01-13 18:22:42,785 - INFO - Epoch 90 - Eval Loss: 1.0541, Accuracy: 0.7328, Precision: 0.7508, Recall: 0.7328, F1-Score: 0.7321
2025-01-13 18:22:47,031 - INFO - Epoch 91 - Train Loss: 0.1776, Accuracy: 0.9350, Precision: 0.9349, Recall: 0.9350, F1-Score: 0.9349
2025-01-13 18:22:49,345 - INFO - Epoch 91 - Eval Loss: 1.6397, Accuracy: 0.6890, Precision: 0.7394, Recall: 0.6890, F1-Score: 0.6927
2025-01-13 18:22:53,676 - INFO - Epoch 92 - Train Loss: 0.1966, Accuracy: 0.9334, Precision: 0.9333, Recall: 0.9334, F1-Score: 0.9333
2025-01-13 18:22:55,803 - INFO - Epoch 92 - Eval Loss: 1.0332, Accuracy: 0.7256, Precision: 0.7429, Recall: 0.7256, F1-Score: 0.7256
2025-01-13 18:23:00,028 - INFO - Epoch 93 - Train Loss: 0.1851, Accuracy: 0.9352, Precision: 0.9353, Recall: 0.9352, F1-Score: 0.9352
2025-01-13 18:23:02,356 - INFO - Epoch 93 - Eval Loss: 0.9124, Accuracy: 0.7450, Precision: 0.7575, Recall: 0.7450, F1-Score: 0.7475
2025-01-13 18:23:06,549 - INFO - Epoch 94 - Train Loss: 0.1643, Accuracy: 0.9426, Precision: 0.9427, Recall: 0.9426, F1-Score: 0.9426
2025-01-13 18:23:08,802 - INFO - Epoch 94 - Eval Loss: 1.1739, Accuracy: 0.7294, Precision: 0.7595, Recall: 0.7294, F1-Score: 0.7336
2025-01-13 18:23:13,110 - INFO - Epoch 95 - Train Loss: 0.1708, Accuracy: 0.9412, Precision: 0.9413, Recall: 0.9412, F1-Score: 0.9412
2025-01-13 18:23:15,304 - INFO - Epoch 95 - Eval Loss: 1.2046, Accuracy: 0.7177, Precision: 0.7543, Recall: 0.7177, F1-Score: 0.7203
2025-01-13 18:23:19,561 - INFO - Epoch 96 - Train Loss: 0.1954, Accuracy: 0.9338, Precision: 0.9337, Recall: 0.9338, F1-Score: 0.9337
2025-01-13 18:23:21,856 - INFO - Epoch 96 - Eval Loss: 1.0701, Accuracy: 0.7369, Precision: 0.7513, Recall: 0.7369, F1-Score: 0.7386
2025-01-13 18:23:26,152 - INFO - Epoch 97 - Train Loss: 0.2017, Accuracy: 0.9320, Precision: 0.9320, Recall: 0.9320, F1-Score: 0.9319
2025-01-13 18:23:28,488 - INFO - Epoch 97 - Eval Loss: 1.0344, Accuracy: 0.7378, Precision: 0.7454, Recall: 0.7377, F1-Score: 0.7350
2025-01-13 18:23:32,749 - INFO - Epoch 98 - Train Loss: 0.1887, Accuracy: 0.9316, Precision: 0.9315, Recall: 0.9316, F1-Score: 0.9315
2025-01-13 18:23:34,985 - INFO - Epoch 98 - Eval Loss: 1.0793, Accuracy: 0.7286, Precision: 0.7483, Recall: 0.7286, F1-Score: 0.7305
2025-01-13 18:23:39,253 - INFO - Epoch 99 - Train Loss: 0.1786, Accuracy: 0.9376, Precision: 0.9378, Recall: 0.9376, F1-Score: 0.9376
2025-01-13 18:23:41,593 - INFO - Epoch 99 - Eval Loss: 1.1121, Accuracy: 0.7364, Precision: 0.7489, Recall: 0.7364, F1-Score: 0.7388
2025-01-13 18:23:41,593 - INFO - Training finished
