2025-01-13 17:24:34,912 - INFO - Log file created at log/lr/stl10_lr0.001_adam_wm1_20250113-172434.log
2025-01-13 17:24:34,963 - INFO - Using device cuda:1
2025-01-13 17:24:51,609 - INFO - Epoch 0 - Train Loss: 2.0218, Accuracy: 0.2440, Precision: 0.2357, Recall: 0.2440, F1-Score: 0.2358
2025-01-13 17:24:53,734 - INFO - Epoch 0 - Eval Loss: 3.0060, Accuracy: 0.1165, Precision: 0.0234, Recall: 0.1165, F1-Score: 0.0356
2025-01-13 17:24:57,891 - INFO - Epoch 1 - Train Loss: 1.5807, Accuracy: 0.3844, Precision: 0.3789, Recall: 0.3844, F1-Score: 0.3776
2025-01-13 17:25:00,252 - INFO - Epoch 1 - Eval Loss: 3.3930, Accuracy: 0.1013, Precision: 0.0228, Recall: 0.1012, F1-Score: 0.0355
2025-01-13 17:25:04,403 - INFO - Epoch 2 - Train Loss: 1.4288, Accuracy: 0.4518, Precision: 0.4460, Recall: 0.4518, F1-Score: 0.4467
2025-01-13 17:25:06,518 - INFO - Epoch 2 - Eval Loss: 2.6123, Accuracy: 0.1600, Precision: 0.2269, Recall: 0.1600, F1-Score: 0.1027
2025-01-13 17:25:10,659 - INFO - Epoch 3 - Train Loss: 1.3252, Accuracy: 0.5032, Precision: 0.4987, Recall: 0.5032, F1-Score: 0.4991
2025-01-13 17:25:12,940 - INFO - Epoch 3 - Eval Loss: 1.6503, Accuracy: 0.3905, Precision: 0.4873, Recall: 0.3905, F1-Score: 0.3642
2025-01-13 17:25:17,107 - INFO - Epoch 4 - Train Loss: 1.2152, Accuracy: 0.5466, Precision: 0.5423, Recall: 0.5466, F1-Score: 0.5431
2025-01-13 17:25:19,384 - INFO - Epoch 4 - Eval Loss: 1.3227, Accuracy: 0.5209, Precision: 0.5493, Recall: 0.5209, F1-Score: 0.5233
2025-01-13 17:25:23,636 - INFO - Epoch 5 - Train Loss: 1.1239, Accuracy: 0.5878, Precision: 0.5840, Recall: 0.5878, F1-Score: 0.5854
2025-01-13 17:25:25,973 - INFO - Epoch 5 - Eval Loss: 1.2780, Accuracy: 0.5316, Precision: 0.5643, Recall: 0.5316, F1-Score: 0.5236
2025-01-13 17:25:30,158 - INFO - Epoch 6 - Train Loss: 1.0583, Accuracy: 0.6134, Precision: 0.6117, Recall: 0.6134, F1-Score: 0.6104
2025-01-13 17:25:32,428 - INFO - Epoch 6 - Eval Loss: 1.2081, Accuracy: 0.5625, Precision: 0.5677, Recall: 0.5625, F1-Score: 0.5457
2025-01-13 17:25:36,626 - INFO - Epoch 7 - Train Loss: 0.9629, Accuracy: 0.6476, Precision: 0.6458, Recall: 0.6476, F1-Score: 0.6463
2025-01-13 17:25:39,008 - INFO - Epoch 7 - Eval Loss: 1.2820, Accuracy: 0.5671, Precision: 0.5914, Recall: 0.5671, F1-Score: 0.5472
2025-01-13 17:25:43,244 - INFO - Epoch 8 - Train Loss: 0.9100, Accuracy: 0.6644, Precision: 0.6629, Recall: 0.6644, F1-Score: 0.6629
2025-01-13 17:25:45,465 - INFO - Epoch 8 - Eval Loss: 1.3340, Accuracy: 0.5567, Precision: 0.5996, Recall: 0.5568, F1-Score: 0.5239
2025-01-13 17:25:49,627 - INFO - Epoch 9 - Train Loss: 0.8501, Accuracy: 0.6932, Precision: 0.6910, Recall: 0.6932, F1-Score: 0.6915
2025-01-13 17:25:51,848 - INFO - Epoch 9 - Eval Loss: 1.2153, Accuracy: 0.5769, Precision: 0.6039, Recall: 0.5769, F1-Score: 0.5636
2025-01-13 17:25:56,114 - INFO - Epoch 10 - Train Loss: 0.7995, Accuracy: 0.7100, Precision: 0.7081, Recall: 0.7100, F1-Score: 0.7084
2025-01-13 17:25:58,239 - INFO - Epoch 10 - Eval Loss: 1.1177, Accuracy: 0.6204, Precision: 0.6367, Recall: 0.6204, F1-Score: 0.6166
2025-01-13 17:26:02,577 - INFO - Epoch 11 - Train Loss: 0.6989, Accuracy: 0.7496, Precision: 0.7490, Recall: 0.7496, F1-Score: 0.7489
2025-01-13 17:26:04,834 - INFO - Epoch 11 - Eval Loss: 1.1251, Accuracy: 0.6229, Precision: 0.6372, Recall: 0.6229, F1-Score: 0.6222
2025-01-13 17:26:09,178 - INFO - Epoch 12 - Train Loss: 0.6483, Accuracy: 0.7636, Precision: 0.7640, Recall: 0.7636, F1-Score: 0.7638
2025-01-13 17:26:11,389 - INFO - Epoch 12 - Eval Loss: 1.1691, Accuracy: 0.6240, Precision: 0.6486, Recall: 0.6240, F1-Score: 0.6204
2025-01-13 17:26:15,742 - INFO - Epoch 13 - Train Loss: 0.6016, Accuracy: 0.7772, Precision: 0.7765, Recall: 0.7772, F1-Score: 0.7763
2025-01-13 17:26:17,929 - INFO - Epoch 13 - Eval Loss: 1.2791, Accuracy: 0.5985, Precision: 0.6357, Recall: 0.5985, F1-Score: 0.5894
2025-01-13 17:26:22,135 - INFO - Epoch 14 - Train Loss: 0.5451, Accuracy: 0.8088, Precision: 0.8089, Recall: 0.8088, F1-Score: 0.8087
2025-01-13 17:26:24,381 - INFO - Epoch 14 - Eval Loss: 1.2717, Accuracy: 0.6135, Precision: 0.6505, Recall: 0.6135, F1-Score: 0.5982
2025-01-13 17:26:28,572 - INFO - Epoch 15 - Train Loss: 0.4989, Accuracy: 0.8278, Precision: 0.8279, Recall: 0.8278, F1-Score: 0.8277
2025-01-13 17:26:30,790 - INFO - Epoch 15 - Eval Loss: 1.2125, Accuracy: 0.6338, Precision: 0.6427, Recall: 0.6338, F1-Score: 0.6275
2025-01-13 17:26:35,021 - INFO - Epoch 16 - Train Loss: 0.4456, Accuracy: 0.8398, Precision: 0.8397, Recall: 0.8398, F1-Score: 0.8396
2025-01-13 17:26:37,246 - INFO - Epoch 16 - Eval Loss: 1.2158, Accuracy: 0.6369, Precision: 0.6488, Recall: 0.6369, F1-Score: 0.6344
2025-01-13 17:26:41,376 - INFO - Epoch 17 - Train Loss: 0.4120, Accuracy: 0.8524, Precision: 0.8525, Recall: 0.8524, F1-Score: 0.8524
2025-01-13 17:26:43,538 - INFO - Epoch 17 - Eval Loss: 1.2398, Accuracy: 0.6356, Precision: 0.6510, Recall: 0.6356, F1-Score: 0.6344
2025-01-13 17:26:47,734 - INFO - Epoch 18 - Train Loss: 0.3814, Accuracy: 0.8658, Precision: 0.8659, Recall: 0.8658, F1-Score: 0.8657
2025-01-13 17:26:49,924 - INFO - Epoch 18 - Eval Loss: 1.2296, Accuracy: 0.6465, Precision: 0.6550, Recall: 0.6465, F1-Score: 0.6420
2025-01-13 17:26:54,095 - INFO - Epoch 19 - Train Loss: 0.3676, Accuracy: 0.8724, Precision: 0.8729, Recall: 0.8724, F1-Score: 0.8726
2025-01-13 17:26:56,368 - INFO - Epoch 19 - Eval Loss: 1.2130, Accuracy: 0.6450, Precision: 0.6424, Recall: 0.6450, F1-Score: 0.6419
2025-01-13 17:27:00,499 - INFO - Epoch 20 - Train Loss: 0.3106, Accuracy: 0.8950, Precision: 0.8950, Recall: 0.8950, F1-Score: 0.8950
2025-01-13 17:27:02,881 - INFO - Epoch 20 - Eval Loss: 1.2674, Accuracy: 0.6481, Precision: 0.6611, Recall: 0.6481, F1-Score: 0.6512
2025-01-13 17:27:07,092 - INFO - Epoch 21 - Train Loss: 0.2831, Accuracy: 0.9014, Precision: 0.9014, Recall: 0.9014, F1-Score: 0.9014
2025-01-13 17:27:09,317 - INFO - Epoch 21 - Eval Loss: 1.4055, Accuracy: 0.6360, Precision: 0.6401, Recall: 0.6360, F1-Score: 0.6288
2025-01-13 17:27:13,664 - INFO - Epoch 22 - Train Loss: 0.2672, Accuracy: 0.9092, Precision: 0.9090, Recall: 0.9092, F1-Score: 0.9090
2025-01-13 17:27:15,842 - INFO - Epoch 22 - Eval Loss: 1.2539, Accuracy: 0.6538, Precision: 0.6638, Recall: 0.6538, F1-Score: 0.6523
2025-01-13 17:27:19,961 - INFO - Epoch 23 - Train Loss: 0.2294, Accuracy: 0.9260, Precision: 0.9263, Recall: 0.9260, F1-Score: 0.9261
2025-01-13 17:27:22,191 - INFO - Epoch 23 - Eval Loss: 1.3442, Accuracy: 0.6532, Precision: 0.6687, Recall: 0.6533, F1-Score: 0.6506
2025-01-13 17:27:26,506 - INFO - Epoch 24 - Train Loss: 0.2262, Accuracy: 0.9262, Precision: 0.9260, Recall: 0.9262, F1-Score: 0.9260
2025-01-13 17:27:28,585 - INFO - Epoch 24 - Eval Loss: 1.3127, Accuracy: 0.6514, Precision: 0.6799, Recall: 0.6514, F1-Score: 0.6550
2025-01-13 17:27:32,784 - INFO - Epoch 25 - Train Loss: 0.2092, Accuracy: 0.9298, Precision: 0.9299, Recall: 0.9298, F1-Score: 0.9298
2025-01-13 17:27:34,988 - INFO - Epoch 25 - Eval Loss: 1.2487, Accuracy: 0.6624, Precision: 0.6668, Recall: 0.6624, F1-Score: 0.6620
2025-01-13 17:27:39,155 - INFO - Epoch 26 - Train Loss: 0.1805, Accuracy: 0.9384, Precision: 0.9384, Recall: 0.9384, F1-Score: 0.9384
2025-01-13 17:27:41,445 - INFO - Epoch 26 - Eval Loss: 1.2667, Accuracy: 0.6663, Precision: 0.6719, Recall: 0.6663, F1-Score: 0.6662
2025-01-13 17:27:45,639 - INFO - Epoch 27 - Train Loss: 0.1783, Accuracy: 0.9396, Precision: 0.9397, Recall: 0.9396, F1-Score: 0.9396
2025-01-13 17:27:47,795 - INFO - Epoch 27 - Eval Loss: 1.3901, Accuracy: 0.6558, Precision: 0.6635, Recall: 0.6558, F1-Score: 0.6528
2025-01-13 17:27:51,983 - INFO - Epoch 28 - Train Loss: 0.1545, Accuracy: 0.9480, Precision: 0.9481, Recall: 0.9480, F1-Score: 0.9480
2025-01-13 17:27:54,144 - INFO - Epoch 28 - Eval Loss: 1.3352, Accuracy: 0.6701, Precision: 0.6789, Recall: 0.6701, F1-Score: 0.6696
2025-01-13 17:27:58,302 - INFO - Epoch 29 - Train Loss: 0.1437, Accuracy: 0.9510, Precision: 0.9511, Recall: 0.9510, F1-Score: 0.9510
2025-01-13 17:28:00,729 - INFO - Epoch 29 - Eval Loss: 1.3754, Accuracy: 0.6561, Precision: 0.6814, Recall: 0.6561, F1-Score: 0.6587
2025-01-13 17:28:04,854 - INFO - Epoch 30 - Train Loss: 0.1445, Accuracy: 0.9532, Precision: 0.9534, Recall: 0.9532, F1-Score: 0.9532
2025-01-13 17:28:07,049 - INFO - Epoch 30 - Eval Loss: 1.4197, Accuracy: 0.6486, Precision: 0.6760, Recall: 0.6486, F1-Score: 0.6516
2025-01-13 17:28:11,290 - INFO - Epoch 31 - Train Loss: 0.1253, Accuracy: 0.9582, Precision: 0.9583, Recall: 0.9582, F1-Score: 0.9582
2025-01-13 17:28:13,412 - INFO - Epoch 31 - Eval Loss: 1.3431, Accuracy: 0.6826, Precision: 0.6832, Recall: 0.6826, F1-Score: 0.6810
2025-01-13 17:28:17,574 - INFO - Epoch 32 - Train Loss: 0.1328, Accuracy: 0.9552, Precision: 0.9552, Recall: 0.9552, F1-Score: 0.9552
2025-01-13 17:28:19,892 - INFO - Epoch 32 - Eval Loss: 1.4152, Accuracy: 0.6671, Precision: 0.6861, Recall: 0.6671, F1-Score: 0.6690
2025-01-13 17:28:24,144 - INFO - Epoch 33 - Train Loss: 0.1324, Accuracy: 0.9554, Precision: 0.9554, Recall: 0.9554, F1-Score: 0.9554
2025-01-13 17:28:26,690 - INFO - Epoch 33 - Eval Loss: 1.2737, Accuracy: 0.6741, Precision: 0.6857, Recall: 0.6741, F1-Score: 0.6753
2025-01-13 17:28:30,879 - INFO - Epoch 34 - Train Loss: 0.1222, Accuracy: 0.9580, Precision: 0.9580, Recall: 0.9580, F1-Score: 0.9580
2025-01-13 17:28:33,038 - INFO - Epoch 34 - Eval Loss: 1.3978, Accuracy: 0.6649, Precision: 0.6740, Recall: 0.6649, F1-Score: 0.6636
2025-01-13 17:28:37,188 - INFO - Epoch 35 - Train Loss: 0.1008, Accuracy: 0.9670, Precision: 0.9671, Recall: 0.9670, F1-Score: 0.9670
2025-01-13 17:28:39,438 - INFO - Epoch 35 - Eval Loss: 1.3643, Accuracy: 0.6736, Precision: 0.6844, Recall: 0.6736, F1-Score: 0.6745
2025-01-13 17:28:43,663 - INFO - Epoch 36 - Train Loss: 0.0978, Accuracy: 0.9654, Precision: 0.9655, Recall: 0.9654, F1-Score: 0.9654
2025-01-13 17:28:45,894 - INFO - Epoch 36 - Eval Loss: 1.3888, Accuracy: 0.6727, Precision: 0.6791, Recall: 0.6727, F1-Score: 0.6738
2025-01-13 17:28:50,136 - INFO - Epoch 37 - Train Loss: 0.0922, Accuracy: 0.9682, Precision: 0.9682, Recall: 0.9682, F1-Score: 0.9682
2025-01-13 17:28:52,349 - INFO - Epoch 37 - Eval Loss: 1.4560, Accuracy: 0.6656, Precision: 0.6805, Recall: 0.6656, F1-Score: 0.6655
2025-01-13 17:28:56,499 - INFO - Epoch 38 - Train Loss: 0.0944, Accuracy: 0.9698, Precision: 0.9698, Recall: 0.9698, F1-Score: 0.9698
2025-01-13 17:28:58,710 - INFO - Epoch 38 - Eval Loss: 1.4576, Accuracy: 0.6605, Precision: 0.6852, Recall: 0.6605, F1-Score: 0.6638
2025-01-13 17:29:02,884 - INFO - Epoch 39 - Train Loss: 0.0897, Accuracy: 0.9694, Precision: 0.9694, Recall: 0.9694, F1-Score: 0.9694
2025-01-13 17:29:05,271 - INFO - Epoch 39 - Eval Loss: 1.3961, Accuracy: 0.6660, Precision: 0.6786, Recall: 0.6660, F1-Score: 0.6668
2025-01-13 17:29:09,443 - INFO - Epoch 40 - Train Loss: 0.0896, Accuracy: 0.9710, Precision: 0.9710, Recall: 0.9710, F1-Score: 0.9710
2025-01-13 17:29:11,697 - INFO - Epoch 40 - Eval Loss: 1.3758, Accuracy: 0.6833, Precision: 0.6878, Recall: 0.6832, F1-Score: 0.6819
2025-01-13 17:29:15,871 - INFO - Epoch 41 - Train Loss: 0.0904, Accuracy: 0.9688, Precision: 0.9690, Recall: 0.9688, F1-Score: 0.9689
2025-01-13 17:29:18,275 - INFO - Epoch 41 - Eval Loss: 1.4117, Accuracy: 0.6811, Precision: 0.6854, Recall: 0.6811, F1-Score: 0.6785
2025-01-13 17:29:22,517 - INFO - Epoch 42 - Train Loss: 0.0929, Accuracy: 0.9674, Precision: 0.9674, Recall: 0.9674, F1-Score: 0.9674
2025-01-13 17:29:24,865 - INFO - Epoch 42 - Eval Loss: 1.4782, Accuracy: 0.6697, Precision: 0.6732, Recall: 0.6697, F1-Score: 0.6676
2025-01-13 17:29:29,076 - INFO - Epoch 43 - Train Loss: 0.0796, Accuracy: 0.9730, Precision: 0.9731, Recall: 0.9730, F1-Score: 0.9730
2025-01-13 17:29:31,391 - INFO - Epoch 43 - Eval Loss: 1.3704, Accuracy: 0.6859, Precision: 0.6920, Recall: 0.6859, F1-Score: 0.6861
2025-01-13 17:29:35,558 - INFO - Epoch 44 - Train Loss: 0.0695, Accuracy: 0.9764, Precision: 0.9764, Recall: 0.9764, F1-Score: 0.9764
2025-01-13 17:29:37,770 - INFO - Epoch 44 - Eval Loss: 1.4627, Accuracy: 0.6755, Precision: 0.6929, Recall: 0.6755, F1-Score: 0.6786
2025-01-13 17:29:41,926 - INFO - Epoch 45 - Train Loss: 0.0757, Accuracy: 0.9728, Precision: 0.9728, Recall: 0.9728, F1-Score: 0.9728
2025-01-13 17:29:44,171 - INFO - Epoch 45 - Eval Loss: 1.5337, Accuracy: 0.6667, Precision: 0.6812, Recall: 0.6667, F1-Score: 0.6657
2025-01-13 17:29:48,496 - INFO - Epoch 46 - Train Loss: 0.0612, Accuracy: 0.9780, Precision: 0.9780, Recall: 0.9780, F1-Score: 0.9780
2025-01-13 17:29:51,017 - INFO - Epoch 46 - Eval Loss: 1.5726, Accuracy: 0.6720, Precision: 0.6834, Recall: 0.6720, F1-Score: 0.6684
2025-01-13 17:29:55,240 - INFO - Epoch 47 - Train Loss: 0.0747, Accuracy: 0.9752, Precision: 0.9752, Recall: 0.9752, F1-Score: 0.9752
2025-01-13 17:29:57,569 - INFO - Epoch 47 - Eval Loss: 1.5842, Accuracy: 0.6610, Precision: 0.6836, Recall: 0.6610, F1-Score: 0.6601
2025-01-13 17:30:01,838 - INFO - Epoch 48 - Train Loss: 0.0687, Accuracy: 0.9802, Precision: 0.9802, Recall: 0.9802, F1-Score: 0.9802
2025-01-13 17:30:04,021 - INFO - Epoch 48 - Eval Loss: 1.3938, Accuracy: 0.6809, Precision: 0.6867, Recall: 0.6809, F1-Score: 0.6793
2025-01-13 17:30:08,242 - INFO - Epoch 49 - Train Loss: 0.0664, Accuracy: 0.9774, Precision: 0.9775, Recall: 0.9774, F1-Score: 0.9774
2025-01-13 17:30:10,380 - INFO - Epoch 49 - Eval Loss: 1.3656, Accuracy: 0.6895, Precision: 0.7029, Recall: 0.6895, F1-Score: 0.6912
2025-01-13 17:30:14,537 - INFO - Epoch 50 - Train Loss: 0.0595, Accuracy: 0.9806, Precision: 0.9806, Recall: 0.9806, F1-Score: 0.9806
2025-01-13 17:30:16,717 - INFO - Epoch 50 - Eval Loss: 1.3891, Accuracy: 0.6943, Precision: 0.6994, Recall: 0.6943, F1-Score: 0.6941
2025-01-13 17:30:21,108 - INFO - Epoch 51 - Train Loss: 0.0574, Accuracy: 0.9804, Precision: 0.9804, Recall: 0.9804, F1-Score: 0.9804
2025-01-13 17:30:23,377 - INFO - Epoch 51 - Eval Loss: 1.4189, Accuracy: 0.6904, Precision: 0.6929, Recall: 0.6904, F1-Score: 0.6894
2025-01-13 17:30:27,630 - INFO - Epoch 52 - Train Loss: 0.0533, Accuracy: 0.9824, Precision: 0.9824, Recall: 0.9824, F1-Score: 0.9824
2025-01-13 17:30:29,937 - INFO - Epoch 52 - Eval Loss: 1.4516, Accuracy: 0.6811, Precision: 0.6874, Recall: 0.6811, F1-Score: 0.6810
2025-01-13 17:30:34,288 - INFO - Epoch 53 - Train Loss: 0.0558, Accuracy: 0.9794, Precision: 0.9794, Recall: 0.9794, F1-Score: 0.9794
2025-01-13 17:30:36,613 - INFO - Epoch 53 - Eval Loss: 1.4313, Accuracy: 0.6900, Precision: 0.6911, Recall: 0.6900, F1-Score: 0.6897
2025-01-13 17:30:41,025 - INFO - Epoch 54 - Train Loss: 0.0509, Accuracy: 0.9822, Precision: 0.9822, Recall: 0.9822, F1-Score: 0.9822
2025-01-13 17:30:43,206 - INFO - Epoch 54 - Eval Loss: 1.5922, Accuracy: 0.6699, Precision: 0.6804, Recall: 0.6699, F1-Score: 0.6670
2025-01-13 17:30:47,419 - INFO - Epoch 55 - Train Loss: 0.0582, Accuracy: 0.9814, Precision: 0.9814, Recall: 0.9814, F1-Score: 0.9814
2025-01-13 17:30:49,629 - INFO - Epoch 55 - Eval Loss: 1.5124, Accuracy: 0.6854, Precision: 0.6919, Recall: 0.6854, F1-Score: 0.6855
2025-01-13 17:30:53,859 - INFO - Epoch 56 - Train Loss: 0.0580, Accuracy: 0.9806, Precision: 0.9806, Recall: 0.9806, F1-Score: 0.9806
2025-01-13 17:30:56,225 - INFO - Epoch 56 - Eval Loss: 1.5551, Accuracy: 0.6763, Precision: 0.6932, Recall: 0.6763, F1-Score: 0.6778
2025-01-13 17:31:00,483 - INFO - Epoch 57 - Train Loss: 0.0527, Accuracy: 0.9824, Precision: 0.9824, Recall: 0.9824, F1-Score: 0.9824
2025-01-13 17:31:02,611 - INFO - Epoch 57 - Eval Loss: 1.4681, Accuracy: 0.6883, Precision: 0.6938, Recall: 0.6883, F1-Score: 0.6888
2025-01-13 17:31:06,868 - INFO - Epoch 58 - Train Loss: 0.0603, Accuracy: 0.9788, Precision: 0.9788, Recall: 0.9788, F1-Score: 0.9788
2025-01-13 17:31:09,233 - INFO - Epoch 58 - Eval Loss: 1.4679, Accuracy: 0.6784, Precision: 0.6825, Recall: 0.6784, F1-Score: 0.6778
2025-01-13 17:31:13,479 - INFO - Epoch 59 - Train Loss: 0.0607, Accuracy: 0.9784, Precision: 0.9785, Recall: 0.9784, F1-Score: 0.9784
2025-01-13 17:31:15,933 - INFO - Epoch 59 - Eval Loss: 1.5016, Accuracy: 0.6870, Precision: 0.7090, Recall: 0.6870, F1-Score: 0.6890
2025-01-13 17:31:20,257 - INFO - Epoch 60 - Train Loss: 0.0619, Accuracy: 0.9796, Precision: 0.9796, Recall: 0.9796, F1-Score: 0.9796
2025-01-13 17:31:22,511 - INFO - Epoch 60 - Eval Loss: 1.4867, Accuracy: 0.6780, Precision: 0.6915, Recall: 0.6780, F1-Score: 0.6803
2025-01-13 17:31:26,729 - INFO - Epoch 61 - Train Loss: 0.0566, Accuracy: 0.9810, Precision: 0.9811, Recall: 0.9810, F1-Score: 0.9810
2025-01-13 17:31:28,896 - INFO - Epoch 61 - Eval Loss: 1.4712, Accuracy: 0.6869, Precision: 0.6904, Recall: 0.6869, F1-Score: 0.6852
2025-01-13 17:31:33,185 - INFO - Epoch 62 - Train Loss: 0.0480, Accuracy: 0.9840, Precision: 0.9840, Recall: 0.9840, F1-Score: 0.9840
2025-01-13 17:31:35,394 - INFO - Epoch 62 - Eval Loss: 1.5413, Accuracy: 0.6887, Precision: 0.6937, Recall: 0.6887, F1-Score: 0.6872
2025-01-13 17:31:39,647 - INFO - Epoch 63 - Train Loss: 0.0537, Accuracy: 0.9834, Precision: 0.9834, Recall: 0.9834, F1-Score: 0.9834
2025-01-13 17:31:41,925 - INFO - Epoch 63 - Eval Loss: 1.4240, Accuracy: 0.6930, Precision: 0.6944, Recall: 0.6930, F1-Score: 0.6923
2025-01-13 17:31:46,090 - INFO - Epoch 64 - Train Loss: 0.0482, Accuracy: 0.9842, Precision: 0.9842, Recall: 0.9842, F1-Score: 0.9842
2025-01-13 17:31:48,367 - INFO - Epoch 64 - Eval Loss: 1.4660, Accuracy: 0.6881, Precision: 0.6903, Recall: 0.6881, F1-Score: 0.6859
2025-01-13 17:31:52,701 - INFO - Epoch 65 - Train Loss: 0.0502, Accuracy: 0.9820, Precision: 0.9820, Recall: 0.9820, F1-Score: 0.9820
2025-01-13 17:31:55,094 - INFO - Epoch 65 - Eval Loss: 1.4274, Accuracy: 0.6884, Precision: 0.6896, Recall: 0.6884, F1-Score: 0.6875
2025-01-13 17:31:59,354 - INFO - Epoch 66 - Train Loss: 0.0385, Accuracy: 0.9876, Precision: 0.9876, Recall: 0.9876, F1-Score: 0.9876
2025-01-13 17:32:01,584 - INFO - Epoch 66 - Eval Loss: 1.5561, Accuracy: 0.6803, Precision: 0.6900, Recall: 0.6803, F1-Score: 0.6808
2025-01-13 17:32:05,812 - INFO - Epoch 67 - Train Loss: 0.0430, Accuracy: 0.9870, Precision: 0.9870, Recall: 0.9870, F1-Score: 0.9870
2025-01-13 17:32:08,162 - INFO - Epoch 67 - Eval Loss: 1.5170, Accuracy: 0.6893, Precision: 0.6930, Recall: 0.6893, F1-Score: 0.6863
2025-01-13 17:32:12,470 - INFO - Epoch 68 - Train Loss: 0.0427, Accuracy: 0.9870, Precision: 0.9870, Recall: 0.9870, F1-Score: 0.9870
2025-01-13 17:32:14,776 - INFO - Epoch 68 - Eval Loss: 1.4665, Accuracy: 0.6927, Precision: 0.6969, Recall: 0.6927, F1-Score: 0.6915
2025-01-13 17:32:19,151 - INFO - Epoch 69 - Train Loss: 0.0389, Accuracy: 0.9868, Precision: 0.9868, Recall: 0.9868, F1-Score: 0.9868
2025-01-13 17:32:21,443 - INFO - Epoch 69 - Eval Loss: 1.5067, Accuracy: 0.6866, Precision: 0.6953, Recall: 0.6866, F1-Score: 0.6888
2025-01-13 17:32:25,724 - INFO - Epoch 70 - Train Loss: 0.0453, Accuracy: 0.9854, Precision: 0.9854, Recall: 0.9854, F1-Score: 0.9854
2025-01-13 17:32:27,919 - INFO - Epoch 70 - Eval Loss: 1.4921, Accuracy: 0.6887, Precision: 0.6987, Recall: 0.6887, F1-Score: 0.6896
2025-01-13 17:32:32,167 - INFO - Epoch 71 - Train Loss: 0.0449, Accuracy: 0.9844, Precision: 0.9844, Recall: 0.9844, F1-Score: 0.9844
2025-01-13 17:32:34,554 - INFO - Epoch 71 - Eval Loss: 1.5861, Accuracy: 0.6696, Precision: 0.6870, Recall: 0.6696, F1-Score: 0.6709
2025-01-13 17:32:38,958 - INFO - Epoch 72 - Train Loss: 0.0517, Accuracy: 0.9810, Precision: 0.9811, Recall: 0.9810, F1-Score: 0.9810
2025-01-13 17:32:41,116 - INFO - Epoch 72 - Eval Loss: 1.5033, Accuracy: 0.6893, Precision: 0.6968, Recall: 0.6893, F1-Score: 0.6886
2025-01-13 17:32:45,506 - INFO - Epoch 73 - Train Loss: 0.0385, Accuracy: 0.9876, Precision: 0.9876, Recall: 0.9876, F1-Score: 0.9876
2025-01-13 17:32:47,583 - INFO - Epoch 73 - Eval Loss: 1.5326, Accuracy: 0.6915, Precision: 0.6915, Recall: 0.6915, F1-Score: 0.6891
2025-01-13 17:32:51,947 - INFO - Epoch 74 - Train Loss: 0.0505, Accuracy: 0.9836, Precision: 0.9836, Recall: 0.9836, F1-Score: 0.9836
2025-01-13 17:32:54,245 - INFO - Epoch 74 - Eval Loss: 1.5644, Accuracy: 0.6794, Precision: 0.7083, Recall: 0.6794, F1-Score: 0.6849
2025-01-13 17:32:58,588 - INFO - Epoch 75 - Train Loss: 0.0416, Accuracy: 0.9850, Precision: 0.9850, Recall: 0.9850, F1-Score: 0.9850
2025-01-13 17:33:00,748 - INFO - Epoch 75 - Eval Loss: 1.4825, Accuracy: 0.6821, Precision: 0.6862, Recall: 0.6821, F1-Score: 0.6826
2025-01-13 17:33:05,035 - INFO - Epoch 76 - Train Loss: 0.0441, Accuracy: 0.9860, Precision: 0.9860, Recall: 0.9860, F1-Score: 0.9860
2025-01-13 17:33:07,227 - INFO - Epoch 76 - Eval Loss: 1.5746, Accuracy: 0.6787, Precision: 0.6890, Recall: 0.6788, F1-Score: 0.6776
2025-01-13 17:33:11,632 - INFO - Epoch 77 - Train Loss: 0.0385, Accuracy: 0.9864, Precision: 0.9864, Recall: 0.9864, F1-Score: 0.9864
2025-01-13 17:33:13,805 - INFO - Epoch 77 - Eval Loss: 1.5983, Accuracy: 0.6773, Precision: 0.6896, Recall: 0.6772, F1-Score: 0.6781
2025-01-13 17:33:18,235 - INFO - Epoch 78 - Train Loss: 0.0465, Accuracy: 0.9838, Precision: 0.9838, Recall: 0.9838, F1-Score: 0.9838
2025-01-13 17:33:20,577 - INFO - Epoch 78 - Eval Loss: 1.5783, Accuracy: 0.6830, Precision: 0.6876, Recall: 0.6830, F1-Score: 0.6802
2025-01-13 17:33:24,997 - INFO - Epoch 79 - Train Loss: 0.0384, Accuracy: 0.9880, Precision: 0.9880, Recall: 0.9880, F1-Score: 0.9880
2025-01-13 17:33:27,245 - INFO - Epoch 79 - Eval Loss: 1.4887, Accuracy: 0.6860, Precision: 0.6863, Recall: 0.6860, F1-Score: 0.6834
2025-01-13 17:33:31,649 - INFO - Epoch 80 - Train Loss: 0.0420, Accuracy: 0.9848, Precision: 0.9849, Recall: 0.9848, F1-Score: 0.9848
2025-01-13 17:33:33,818 - INFO - Epoch 80 - Eval Loss: 1.5468, Accuracy: 0.6731, Precision: 0.6901, Recall: 0.6731, F1-Score: 0.6744
2025-01-13 17:33:38,217 - INFO - Epoch 81 - Train Loss: 0.0481, Accuracy: 0.9836, Precision: 0.9836, Recall: 0.9836, F1-Score: 0.9836
2025-01-13 17:33:40,396 - INFO - Epoch 81 - Eval Loss: 1.6252, Accuracy: 0.6741, Precision: 0.6885, Recall: 0.6741, F1-Score: 0.6732
2025-01-13 17:33:44,776 - INFO - Epoch 82 - Train Loss: 0.0397, Accuracy: 0.9856, Precision: 0.9856, Recall: 0.9856, F1-Score: 0.9856
2025-01-13 17:33:46,975 - INFO - Epoch 82 - Eval Loss: 1.4809, Accuracy: 0.6901, Precision: 0.7030, Recall: 0.6901, F1-Score: 0.6920
2025-01-13 17:33:51,504 - INFO - Epoch 83 - Train Loss: 0.0388, Accuracy: 0.9868, Precision: 0.9868, Recall: 0.9868, F1-Score: 0.9868
2025-01-13 17:33:53,673 - INFO - Epoch 83 - Eval Loss: 1.4444, Accuracy: 0.6917, Precision: 0.6955, Recall: 0.6918, F1-Score: 0.6917
2025-01-13 17:33:58,168 - INFO - Epoch 84 - Train Loss: 0.0338, Accuracy: 0.9896, Precision: 0.9896, Recall: 0.9896, F1-Score: 0.9896
2025-01-13 17:34:00,455 - INFO - Epoch 84 - Eval Loss: 1.5584, Accuracy: 0.6866, Precision: 0.7007, Recall: 0.6866, F1-Score: 0.6870
2025-01-13 17:34:05,001 - INFO - Epoch 85 - Train Loss: 0.0321, Accuracy: 0.9888, Precision: 0.9888, Recall: 0.9888, F1-Score: 0.9888
2025-01-13 17:34:07,158 - INFO - Epoch 85 - Eval Loss: 1.5528, Accuracy: 0.6971, Precision: 0.6969, Recall: 0.6971, F1-Score: 0.6952
2025-01-13 17:34:11,596 - INFO - Epoch 86 - Train Loss: 0.0292, Accuracy: 0.9908, Precision: 0.9908, Recall: 0.9908, F1-Score: 0.9908
2025-01-13 17:34:13,837 - INFO - Epoch 86 - Eval Loss: 1.5946, Accuracy: 0.6881, Precision: 0.6953, Recall: 0.6881, F1-Score: 0.6893
2025-01-13 17:34:18,209 - INFO - Epoch 87 - Train Loss: 0.0310, Accuracy: 0.9904, Precision: 0.9905, Recall: 0.9904, F1-Score: 0.9904
2025-01-13 17:34:20,405 - INFO - Epoch 87 - Eval Loss: 1.6113, Accuracy: 0.6879, Precision: 0.6912, Recall: 0.6879, F1-Score: 0.6836
2025-01-13 17:34:24,955 - INFO - Epoch 88 - Train Loss: 0.0367, Accuracy: 0.9878, Precision: 0.9878, Recall: 0.9878, F1-Score: 0.9878
2025-01-13 17:34:27,126 - INFO - Epoch 88 - Eval Loss: 1.4883, Accuracy: 0.6966, Precision: 0.7037, Recall: 0.6966, F1-Score: 0.6977
2025-01-13 17:34:31,544 - INFO - Epoch 89 - Train Loss: 0.0309, Accuracy: 0.9898, Precision: 0.9898, Recall: 0.9898, F1-Score: 0.9898
2025-01-13 17:34:33,855 - INFO - Epoch 89 - Eval Loss: 1.4886, Accuracy: 0.6879, Precision: 0.6928, Recall: 0.6879, F1-Score: 0.6882
2025-01-13 17:34:38,216 - INFO - Epoch 90 - Train Loss: 0.0338, Accuracy: 0.9890, Precision: 0.9890, Recall: 0.9890, F1-Score: 0.9890
2025-01-13 17:34:40,399 - INFO - Epoch 90 - Eval Loss: 1.5481, Accuracy: 0.6926, Precision: 0.6924, Recall: 0.6926, F1-Score: 0.6910
2025-01-13 17:34:44,817 - INFO - Epoch 91 - Train Loss: 0.0337, Accuracy: 0.9884, Precision: 0.9884, Recall: 0.9884, F1-Score: 0.9884
2025-01-13 17:34:47,038 - INFO - Epoch 91 - Eval Loss: 1.6333, Accuracy: 0.6834, Precision: 0.6917, Recall: 0.6834, F1-Score: 0.6847
2025-01-13 17:34:51,549 - INFO - Epoch 92 - Train Loss: 0.0355, Accuracy: 0.9876, Precision: 0.9876, Recall: 0.9876, F1-Score: 0.9876
2025-01-13 17:34:53,785 - INFO - Epoch 92 - Eval Loss: 1.6452, Accuracy: 0.6883, Precision: 0.6928, Recall: 0.6882, F1-Score: 0.6867
2025-01-13 17:34:58,325 - INFO - Epoch 93 - Train Loss: 0.0381, Accuracy: 0.9862, Precision: 0.9862, Recall: 0.9862, F1-Score: 0.9862
2025-01-13 17:35:00,608 - INFO - Epoch 93 - Eval Loss: 1.5971, Accuracy: 0.6756, Precision: 0.6813, Recall: 0.6756, F1-Score: 0.6734
2025-01-13 17:35:05,033 - INFO - Epoch 94 - Train Loss: 0.0426, Accuracy: 0.9850, Precision: 0.9850, Recall: 0.9850, F1-Score: 0.9850
2025-01-13 17:35:07,222 - INFO - Epoch 94 - Eval Loss: 1.6635, Accuracy: 0.6691, Precision: 0.6851, Recall: 0.6691, F1-Score: 0.6680
2025-01-13 17:35:11,611 - INFO - Epoch 95 - Train Loss: 0.0546, Accuracy: 0.9836, Precision: 0.9836, Recall: 0.9836, F1-Score: 0.9836
2025-01-13 17:35:13,842 - INFO - Epoch 95 - Eval Loss: 1.5201, Accuracy: 0.6817, Precision: 0.6921, Recall: 0.6817, F1-Score: 0.6807
2025-01-13 17:35:18,338 - INFO - Epoch 96 - Train Loss: 0.0511, Accuracy: 0.9848, Precision: 0.9848, Recall: 0.9848, F1-Score: 0.9848
2025-01-13 17:35:20,590 - INFO - Epoch 96 - Eval Loss: 1.4626, Accuracy: 0.6777, Precision: 0.6897, Recall: 0.6777, F1-Score: 0.6784
2025-01-13 17:35:25,085 - INFO - Epoch 97 - Train Loss: 0.0415, Accuracy: 0.9866, Precision: 0.9866, Recall: 0.9866, F1-Score: 0.9866
2025-01-13 17:35:27,266 - INFO - Epoch 97 - Eval Loss: 1.5422, Accuracy: 0.6763, Precision: 0.6816, Recall: 0.6763, F1-Score: 0.6757
2025-01-13 17:35:31,538 - INFO - Epoch 98 - Train Loss: 0.0388, Accuracy: 0.9880, Precision: 0.9880, Recall: 0.9880, F1-Score: 0.9880
2025-01-13 17:35:33,784 - INFO - Epoch 98 - Eval Loss: 1.5469, Accuracy: 0.6873, Precision: 0.7017, Recall: 0.6873, F1-Score: 0.6901
2025-01-13 17:35:38,177 - INFO - Epoch 99 - Train Loss: 0.0415, Accuracy: 0.9848, Precision: 0.9848, Recall: 0.9848, F1-Score: 0.9848
2025-01-13 17:35:40,429 - INFO - Epoch 99 - Eval Loss: 1.4979, Accuracy: 0.6880, Precision: 0.6916, Recall: 0.6880, F1-Score: 0.6886
2025-01-13 17:35:40,429 - INFO - Training finished
