2025-01-13 18:37:07,980 - INFO - Log file created at log/lr/stl10_lr0.03_adam_wm1_20250113-183707.log
2025-01-13 18:37:08,027 - INFO - Using device cuda:1
2025-01-13 18:37:24,547 - INFO - Epoch 0 - Train Loss: 3.4059, Accuracy: 0.1206, Precision: 0.1189, Recall: 0.1206, F1-Score: 0.1145
2025-01-13 18:37:26,829 - INFO - Epoch 0 - Eval Loss: 14161.4158, Accuracy: 0.1000, Precision: 0.0100, Recall: 0.1000, F1-Score: 0.0182
2025-01-13 18:37:31,007 - INFO - Epoch 1 - Train Loss: 2.4457, Accuracy: 0.1944, Precision: 0.1990, Recall: 0.1944, F1-Score: 0.1885
2025-01-13 18:37:33,243 - INFO - Epoch 1 - Eval Loss: 875.1280, Accuracy: 0.1113, Precision: 0.0788, Recall: 0.1113, F1-Score: 0.0386
2025-01-13 18:37:37,420 - INFO - Epoch 2 - Train Loss: 2.0397, Accuracy: 0.2582, Precision: 0.2537, Recall: 0.2582, F1-Score: 0.2505
2025-01-13 18:37:39,703 - INFO - Epoch 2 - Eval Loss: 3.0333, Accuracy: 0.2221, Precision: 0.1353, Recall: 0.2221, F1-Score: 0.1346
2025-01-13 18:37:43,847 - INFO - Epoch 3 - Train Loss: 1.9036, Accuracy: 0.3132, Precision: 0.3009, Recall: 0.3132, F1-Score: 0.3016
2025-01-13 18:37:46,107 - INFO - Epoch 3 - Eval Loss: 2.1647, Accuracy: 0.2554, Precision: 0.2691, Recall: 0.2554, F1-Score: 0.1914
2025-01-13 18:37:50,217 - INFO - Epoch 4 - Train Loss: 1.8261, Accuracy: 0.3376, Precision: 0.3273, Recall: 0.3376, F1-Score: 0.3285
2025-01-13 18:37:52,588 - INFO - Epoch 4 - Eval Loss: 1.9625, Accuracy: 0.2351, Precision: 0.2820, Recall: 0.2351, F1-Score: 0.1825
2025-01-13 18:37:56,722 - INFO - Epoch 5 - Train Loss: 1.7150, Accuracy: 0.3644, Precision: 0.3563, Recall: 0.3644, F1-Score: 0.3569
2025-01-13 18:37:59,003 - INFO - Epoch 5 - Eval Loss: 1.9487, Accuracy: 0.2535, Precision: 0.3580, Recall: 0.2535, F1-Score: 0.1942
2025-01-13 18:38:03,202 - INFO - Epoch 6 - Train Loss: 1.6327, Accuracy: 0.3958, Precision: 0.3868, Recall: 0.3958, F1-Score: 0.3844
2025-01-13 18:38:05,419 - INFO - Epoch 6 - Eval Loss: 1.8342, Accuracy: 0.2880, Precision: 0.4072, Recall: 0.2880, F1-Score: 0.2032
2025-01-13 18:38:09,595 - INFO - Epoch 7 - Train Loss: 1.6318, Accuracy: 0.4022, Precision: 0.3919, Recall: 0.4022, F1-Score: 0.3894
2025-01-13 18:38:11,965 - INFO - Epoch 7 - Eval Loss: 1.9413, Accuracy: 0.2700, Precision: 0.3874, Recall: 0.2700, F1-Score: 0.2228
2025-01-13 18:38:16,108 - INFO - Epoch 8 - Train Loss: 1.5872, Accuracy: 0.4042, Precision: 0.4010, Recall: 0.4042, F1-Score: 0.3981
2025-01-13 18:38:18,353 - INFO - Epoch 8 - Eval Loss: 1.8050, Accuracy: 0.3215, Precision: 0.4210, Recall: 0.3215, F1-Score: 0.2673
2025-01-13 18:38:22,545 - INFO - Epoch 9 - Train Loss: 1.5606, Accuracy: 0.4360, Precision: 0.4265, Recall: 0.4360, F1-Score: 0.4257
2025-01-13 18:38:24,832 - INFO - Epoch 9 - Eval Loss: 1.9647, Accuracy: 0.2454, Precision: 0.4360, Recall: 0.2454, F1-Score: 0.1951
2025-01-13 18:38:29,031 - INFO - Epoch 10 - Train Loss: 1.5829, Accuracy: 0.4424, Precision: 0.4355, Recall: 0.4424, F1-Score: 0.4358
2025-01-13 18:38:31,317 - INFO - Epoch 10 - Eval Loss: 1.8466, Accuracy: 0.3094, Precision: 0.3874, Recall: 0.3094, F1-Score: 0.2845
2025-01-13 18:38:35,609 - INFO - Epoch 11 - Train Loss: 1.4984, Accuracy: 0.4388, Precision: 0.4326, Recall: 0.4388, F1-Score: 0.4322
2025-01-13 18:38:37,904 - INFO - Epoch 11 - Eval Loss: 1.7989, Accuracy: 0.2984, Precision: 0.4564, Recall: 0.2984, F1-Score: 0.2581
2025-01-13 18:38:42,156 - INFO - Epoch 12 - Train Loss: 1.4397, Accuracy: 0.4534, Precision: 0.4494, Recall: 0.4534, F1-Score: 0.4483
2025-01-13 18:38:44,517 - INFO - Epoch 12 - Eval Loss: 1.9007, Accuracy: 0.2944, Precision: 0.4536, Recall: 0.2944, F1-Score: 0.2735
2025-01-13 18:38:48,774 - INFO - Epoch 13 - Train Loss: 1.4165, Accuracy: 0.4828, Precision: 0.4782, Recall: 0.4828, F1-Score: 0.4775
2025-01-13 18:38:51,177 - INFO - Epoch 13 - Eval Loss: 1.6968, Accuracy: 0.3621, Precision: 0.4737, Recall: 0.3621, F1-Score: 0.3538
2025-01-13 18:38:55,390 - INFO - Epoch 14 - Train Loss: 1.4128, Accuracy: 0.4912, Precision: 0.4852, Recall: 0.4912, F1-Score: 0.4863
2025-01-13 18:38:57,590 - INFO - Epoch 14 - Eval Loss: 1.6678, Accuracy: 0.3585, Precision: 0.4428, Recall: 0.3585, F1-Score: 0.3185
2025-01-13 18:39:01,780 - INFO - Epoch 15 - Train Loss: 1.3891, Accuracy: 0.4956, Precision: 0.4911, Recall: 0.4956, F1-Score: 0.4917
2025-01-13 18:39:04,037 - INFO - Epoch 15 - Eval Loss: 1.6843, Accuracy: 0.3934, Precision: 0.4933, Recall: 0.3934, F1-Score: 0.3879
2025-01-13 18:39:08,248 - INFO - Epoch 16 - Train Loss: 1.3523, Accuracy: 0.5038, Precision: 0.5006, Recall: 0.5038, F1-Score: 0.4977
2025-01-13 18:39:10,645 - INFO - Epoch 16 - Eval Loss: 1.6664, Accuracy: 0.4213, Precision: 0.4857, Recall: 0.4213, F1-Score: 0.4088
2025-01-13 18:39:14,840 - INFO - Epoch 17 - Train Loss: 1.2789, Accuracy: 0.5208, Precision: 0.5165, Recall: 0.5208, F1-Score: 0.5174
2025-01-13 18:39:17,201 - INFO - Epoch 17 - Eval Loss: 1.5225, Accuracy: 0.4890, Precision: 0.5249, Recall: 0.4890, F1-Score: 0.4839
2025-01-13 18:39:21,420 - INFO - Epoch 18 - Train Loss: 1.2564, Accuracy: 0.5398, Precision: 0.5353, Recall: 0.5398, F1-Score: 0.5358
2025-01-13 18:39:23,716 - INFO - Epoch 18 - Eval Loss: 1.4568, Accuracy: 0.4614, Precision: 0.5415, Recall: 0.4614, F1-Score: 0.4573
2025-01-13 18:39:28,074 - INFO - Epoch 19 - Train Loss: 1.2330, Accuracy: 0.5446, Precision: 0.5431, Recall: 0.5446, F1-Score: 0.5430
2025-01-13 18:39:30,281 - INFO - Epoch 19 - Eval Loss: 1.3932, Accuracy: 0.4864, Precision: 0.5258, Recall: 0.4864, F1-Score: 0.4797
2025-01-13 18:39:34,515 - INFO - Epoch 20 - Train Loss: 1.2145, Accuracy: 0.5574, Precision: 0.5540, Recall: 0.5574, F1-Score: 0.5543
2025-01-13 18:39:36,760 - INFO - Epoch 20 - Eval Loss: 1.6754, Accuracy: 0.3809, Precision: 0.5120, Recall: 0.3809, F1-Score: 0.3670
2025-01-13 18:39:41,134 - INFO - Epoch 21 - Train Loss: 1.2089, Accuracy: 0.5586, Precision: 0.5547, Recall: 0.5586, F1-Score: 0.5533
2025-01-13 18:39:43,553 - INFO - Epoch 21 - Eval Loss: 1.5947, Accuracy: 0.4286, Precision: 0.5358, Recall: 0.4286, F1-Score: 0.4215
2025-01-13 18:39:48,037 - INFO - Epoch 22 - Train Loss: 1.1908, Accuracy: 0.5626, Precision: 0.5573, Recall: 0.5626, F1-Score: 0.5587
2025-01-13 18:39:50,385 - INFO - Epoch 22 - Eval Loss: 1.5044, Accuracy: 0.4601, Precision: 0.5389, Recall: 0.4601, F1-Score: 0.4573
2025-01-13 18:39:54,869 - INFO - Epoch 23 - Train Loss: 1.1618, Accuracy: 0.5798, Precision: 0.5760, Recall: 0.5798, F1-Score: 0.5773
2025-01-13 18:39:57,204 - INFO - Epoch 23 - Eval Loss: 1.3264, Accuracy: 0.5095, Precision: 0.5769, Recall: 0.5095, F1-Score: 0.5021
2025-01-13 18:40:01,636 - INFO - Epoch 24 - Train Loss: 1.1580, Accuracy: 0.5814, Precision: 0.5778, Recall: 0.5814, F1-Score: 0.5787
2025-01-13 18:40:03,925 - INFO - Epoch 24 - Eval Loss: 1.6615, Accuracy: 0.4306, Precision: 0.5467, Recall: 0.4306, F1-Score: 0.4092
2025-01-13 18:40:08,394 - INFO - Epoch 25 - Train Loss: 1.1482, Accuracy: 0.5892, Precision: 0.5873, Recall: 0.5892, F1-Score: 0.5862
2025-01-13 18:40:10,795 - INFO - Epoch 25 - Eval Loss: 1.5186, Accuracy: 0.4303, Precision: 0.5616, Recall: 0.4302, F1-Score: 0.4140
2025-01-13 18:40:15,206 - INFO - Epoch 26 - Train Loss: 1.1203, Accuracy: 0.5972, Precision: 0.5937, Recall: 0.5972, F1-Score: 0.5939
2025-01-13 18:40:17,592 - INFO - Epoch 26 - Eval Loss: 1.3020, Accuracy: 0.5209, Precision: 0.6101, Recall: 0.5209, F1-Score: 0.5198
2025-01-13 18:40:22,024 - INFO - Epoch 27 - Train Loss: 1.0848, Accuracy: 0.6130, Precision: 0.6113, Recall: 0.6130, F1-Score: 0.6118
2025-01-13 18:40:24,339 - INFO - Epoch 27 - Eval Loss: 1.5651, Accuracy: 0.4361, Precision: 0.5512, Recall: 0.4361, F1-Score: 0.4117
2025-01-13 18:40:28,487 - INFO - Epoch 28 - Train Loss: 1.0618, Accuracy: 0.6082, Precision: 0.6028, Recall: 0.6082, F1-Score: 0.6036
2025-01-13 18:40:30,747 - INFO - Epoch 28 - Eval Loss: 1.8051, Accuracy: 0.3619, Precision: 0.5453, Recall: 0.3619, F1-Score: 0.3195
2025-01-13 18:40:35,188 - INFO - Epoch 29 - Train Loss: 1.0252, Accuracy: 0.6208, Precision: 0.6178, Recall: 0.6208, F1-Score: 0.6183
2025-01-13 18:40:37,475 - INFO - Epoch 29 - Eval Loss: 1.4468, Accuracy: 0.4860, Precision: 0.5821, Recall: 0.4860, F1-Score: 0.4742
2025-01-13 18:40:41,881 - INFO - Epoch 30 - Train Loss: 1.0119, Accuracy: 0.6268, Precision: 0.6242, Recall: 0.6268, F1-Score: 0.6243
2025-01-13 18:40:44,191 - INFO - Epoch 30 - Eval Loss: 1.5106, Accuracy: 0.5030, Precision: 0.6112, Recall: 0.5030, F1-Score: 0.4918
2025-01-13 18:40:48,717 - INFO - Epoch 31 - Train Loss: 0.9766, Accuracy: 0.6406, Precision: 0.6391, Recall: 0.6406, F1-Score: 0.6393
2025-01-13 18:40:51,032 - INFO - Epoch 31 - Eval Loss: 1.4094, Accuracy: 0.4979, Precision: 0.6367, Recall: 0.4979, F1-Score: 0.4926
2025-01-13 18:40:55,548 - INFO - Epoch 32 - Train Loss: 0.9806, Accuracy: 0.6402, Precision: 0.6364, Recall: 0.6402, F1-Score: 0.6375
2025-01-13 18:40:57,988 - INFO - Epoch 32 - Eval Loss: 1.1323, Accuracy: 0.5890, Precision: 0.6188, Recall: 0.5890, F1-Score: 0.5831
2025-01-13 18:41:02,445 - INFO - Epoch 33 - Train Loss: 0.9396, Accuracy: 0.6578, Precision: 0.6577, Recall: 0.6578, F1-Score: 0.6574
2025-01-13 18:41:04,893 - INFO - Epoch 33 - Eval Loss: 1.2995, Accuracy: 0.5129, Precision: 0.6064, Recall: 0.5129, F1-Score: 0.5030
2025-01-13 18:41:09,400 - INFO - Epoch 34 - Train Loss: 0.9325, Accuracy: 0.6570, Precision: 0.6556, Recall: 0.6570, F1-Score: 0.6559
2025-01-13 18:41:11,648 - INFO - Epoch 34 - Eval Loss: 1.1364, Accuracy: 0.5741, Precision: 0.6125, Recall: 0.5741, F1-Score: 0.5679
2025-01-13 18:41:16,233 - INFO - Epoch 35 - Train Loss: 0.9419, Accuracy: 0.6462, Precision: 0.6429, Recall: 0.6462, F1-Score: 0.6434
2025-01-13 18:41:18,496 - INFO - Epoch 35 - Eval Loss: 1.3231, Accuracy: 0.5325, Precision: 0.6213, Recall: 0.5325, F1-Score: 0.5208
2025-01-13 18:41:22,845 - INFO - Epoch 36 - Train Loss: 0.8982, Accuracy: 0.6766, Precision: 0.6760, Recall: 0.6766, F1-Score: 0.6760
2025-01-13 18:41:25,150 - INFO - Epoch 36 - Eval Loss: 1.0796, Accuracy: 0.6108, Precision: 0.6438, Recall: 0.6108, F1-Score: 0.6127
2025-01-13 18:41:29,517 - INFO - Epoch 37 - Train Loss: 0.8969, Accuracy: 0.6726, Precision: 0.6702, Recall: 0.6726, F1-Score: 0.6710
2025-01-13 18:41:31,802 - INFO - Epoch 37 - Eval Loss: 1.3917, Accuracy: 0.5334, Precision: 0.5513, Recall: 0.5334, F1-Score: 0.5040
2025-01-13 18:41:36,227 - INFO - Epoch 38 - Train Loss: 0.9019, Accuracy: 0.6624, Precision: 0.6587, Recall: 0.6624, F1-Score: 0.6596
2025-01-13 18:41:38,525 - INFO - Epoch 38 - Eval Loss: 1.2719, Accuracy: 0.5278, Precision: 0.6332, Recall: 0.5277, F1-Score: 0.5300
2025-01-13 18:41:43,048 - INFO - Epoch 39 - Train Loss: 0.8945, Accuracy: 0.6712, Precision: 0.6704, Recall: 0.6712, F1-Score: 0.6707
2025-01-13 18:41:45,345 - INFO - Epoch 39 - Eval Loss: 1.0719, Accuracy: 0.6169, Precision: 0.6546, Recall: 0.6169, F1-Score: 0.6118
2025-01-13 18:41:49,724 - INFO - Epoch 40 - Train Loss: 0.8570, Accuracy: 0.6852, Precision: 0.6836, Recall: 0.6852, F1-Score: 0.6836
2025-01-13 18:41:51,982 - INFO - Epoch 40 - Eval Loss: 1.2123, Accuracy: 0.5643, Precision: 0.6159, Recall: 0.5643, F1-Score: 0.5434
2025-01-13 18:41:56,462 - INFO - Epoch 41 - Train Loss: 0.8957, Accuracy: 0.6700, Precision: 0.6690, Recall: 0.6700, F1-Score: 0.6693
2025-01-13 18:41:58,714 - INFO - Epoch 41 - Eval Loss: 1.0801, Accuracy: 0.6058, Precision: 0.6300, Recall: 0.6057, F1-Score: 0.6059
2025-01-13 18:42:03,135 - INFO - Epoch 42 - Train Loss: 0.8863, Accuracy: 0.6766, Precision: 0.6751, Recall: 0.6766, F1-Score: 0.6753
2025-01-13 18:42:05,471 - INFO - Epoch 42 - Eval Loss: 1.2607, Accuracy: 0.5686, Precision: 0.6528, Recall: 0.5686, F1-Score: 0.5673
2025-01-13 18:42:09,977 - INFO - Epoch 43 - Train Loss: 0.8411, Accuracy: 0.6836, Precision: 0.6815, Recall: 0.6836, F1-Score: 0.6822
2025-01-13 18:42:12,276 - INFO - Epoch 43 - Eval Loss: 1.0398, Accuracy: 0.6258, Precision: 0.6390, Recall: 0.6257, F1-Score: 0.6206
2025-01-13 18:42:16,546 - INFO - Epoch 44 - Train Loss: 0.8350, Accuracy: 0.6986, Precision: 0.6977, Recall: 0.6986, F1-Score: 0.6978
2025-01-13 18:42:18,832 - INFO - Epoch 44 - Eval Loss: 1.2333, Accuracy: 0.5670, Precision: 0.6227, Recall: 0.5670, F1-Score: 0.5416
2025-01-13 18:42:22,969 - INFO - Epoch 45 - Train Loss: 0.8308, Accuracy: 0.6996, Precision: 0.6994, Recall: 0.6996, F1-Score: 0.6992
2025-01-13 18:42:25,210 - INFO - Epoch 45 - Eval Loss: 1.4324, Accuracy: 0.5191, Precision: 0.6194, Recall: 0.5191, F1-Score: 0.5022
2025-01-13 18:42:29,356 - INFO - Epoch 46 - Train Loss: 0.8423, Accuracy: 0.6920, Precision: 0.6904, Recall: 0.6920, F1-Score: 0.6901
2025-01-13 18:42:31,542 - INFO - Epoch 46 - Eval Loss: 1.4758, Accuracy: 0.5216, Precision: 0.6534, Recall: 0.5216, F1-Score: 0.5141
2025-01-13 18:42:35,656 - INFO - Epoch 47 - Train Loss: 0.8383, Accuracy: 0.6910, Precision: 0.6920, Recall: 0.6910, F1-Score: 0.6912
2025-01-13 18:42:37,924 - INFO - Epoch 47 - Eval Loss: 1.2342, Accuracy: 0.5923, Precision: 0.6177, Recall: 0.5923, F1-Score: 0.5766
2025-01-13 18:42:42,029 - INFO - Epoch 48 - Train Loss: 0.8050, Accuracy: 0.7056, Precision: 0.7029, Recall: 0.7056, F1-Score: 0.7035
2025-01-13 18:42:44,187 - INFO - Epoch 48 - Eval Loss: 1.2949, Accuracy: 0.5799, Precision: 0.6198, Recall: 0.5799, F1-Score: 0.5773
2025-01-13 18:42:48,435 - INFO - Epoch 49 - Train Loss: 0.8030, Accuracy: 0.7042, Precision: 0.7036, Recall: 0.7042, F1-Score: 0.7038
2025-01-13 18:42:50,668 - INFO - Epoch 49 - Eval Loss: 1.0357, Accuracy: 0.6458, Precision: 0.6603, Recall: 0.6457, F1-Score: 0.6370
2025-01-13 18:42:54,892 - INFO - Epoch 50 - Train Loss: 0.7547, Accuracy: 0.7240, Precision: 0.7228, Recall: 0.7240, F1-Score: 0.7233
2025-01-13 18:42:57,291 - INFO - Epoch 50 - Eval Loss: 1.3936, Accuracy: 0.5529, Precision: 0.6401, Recall: 0.5529, F1-Score: 0.5403
2025-01-13 18:43:01,422 - INFO - Epoch 51 - Train Loss: 0.7646, Accuracy: 0.7214, Precision: 0.7205, Recall: 0.7214, F1-Score: 0.7207
2025-01-13 18:43:03,653 - INFO - Epoch 51 - Eval Loss: 1.2329, Accuracy: 0.6001, Precision: 0.6382, Recall: 0.6001, F1-Score: 0.5897
2025-01-13 18:43:07,828 - INFO - Epoch 52 - Train Loss: 0.7905, Accuracy: 0.7110, Precision: 0.7104, Recall: 0.7110, F1-Score: 0.7102
2025-01-13 18:43:10,184 - INFO - Epoch 52 - Eval Loss: 1.1867, Accuracy: 0.6056, Precision: 0.6287, Recall: 0.6056, F1-Score: 0.5904
2025-01-13 18:43:14,475 - INFO - Epoch 53 - Train Loss: 0.7646, Accuracy: 0.7184, Precision: 0.7166, Recall: 0.7184, F1-Score: 0.7172
2025-01-13 18:43:16,660 - INFO - Epoch 53 - Eval Loss: 1.1971, Accuracy: 0.5960, Precision: 0.6485, Recall: 0.5960, F1-Score: 0.5925
2025-01-13 18:43:20,792 - INFO - Epoch 54 - Train Loss: 0.7218, Accuracy: 0.7322, Precision: 0.7331, Recall: 0.7322, F1-Score: 0.7322
2025-01-13 18:43:23,071 - INFO - Epoch 54 - Eval Loss: 1.0784, Accuracy: 0.6186, Precision: 0.6596, Recall: 0.6186, F1-Score: 0.6201
2025-01-13 18:43:27,190 - INFO - Epoch 55 - Train Loss: 0.7217, Accuracy: 0.7322, Precision: 0.7302, Recall: 0.7322, F1-Score: 0.7309
2025-01-13 18:43:29,447 - INFO - Epoch 55 - Eval Loss: 1.0130, Accuracy: 0.6391, Precision: 0.6565, Recall: 0.6391, F1-Score: 0.6372
2025-01-13 18:43:33,614 - INFO - Epoch 56 - Train Loss: 0.7218, Accuracy: 0.7356, Precision: 0.7351, Recall: 0.7356, F1-Score: 0.7352
2025-01-13 18:43:35,793 - INFO - Epoch 56 - Eval Loss: 1.0500, Accuracy: 0.6454, Precision: 0.6576, Recall: 0.6454, F1-Score: 0.6415
2025-01-13 18:43:40,051 - INFO - Epoch 57 - Train Loss: 0.7308, Accuracy: 0.7316, Precision: 0.7314, Recall: 0.7316, F1-Score: 0.7314
2025-01-13 18:43:42,391 - INFO - Epoch 57 - Eval Loss: 1.1803, Accuracy: 0.5866, Precision: 0.6580, Recall: 0.5866, F1-Score: 0.5925
2025-01-13 18:43:46,554 - INFO - Epoch 58 - Train Loss: 0.7497, Accuracy: 0.7242, Precision: 0.7218, Recall: 0.7242, F1-Score: 0.7227
2025-01-13 18:43:48,817 - INFO - Epoch 58 - Eval Loss: 1.0193, Accuracy: 0.6400, Precision: 0.6737, Recall: 0.6400, F1-Score: 0.6255
2025-01-13 18:43:53,041 - INFO - Epoch 59 - Train Loss: 0.7431, Accuracy: 0.7208, Precision: 0.7203, Recall: 0.7208, F1-Score: 0.7204
2025-01-13 18:43:55,317 - INFO - Epoch 59 - Eval Loss: 1.1964, Accuracy: 0.6049, Precision: 0.6366, Recall: 0.6049, F1-Score: 0.6008
2025-01-13 18:43:59,445 - INFO - Epoch 60 - Train Loss: 0.7352, Accuracy: 0.7252, Precision: 0.7237, Recall: 0.7252, F1-Score: 0.7239
2025-01-13 18:44:01,727 - INFO - Epoch 60 - Eval Loss: 1.0648, Accuracy: 0.6326, Precision: 0.6572, Recall: 0.6326, F1-Score: 0.6315
2025-01-13 18:44:05,857 - INFO - Epoch 61 - Train Loss: 0.7415, Accuracy: 0.7312, Precision: 0.7304, Recall: 0.7312, F1-Score: 0.7307
2025-01-13 18:44:08,030 - INFO - Epoch 61 - Eval Loss: 1.0974, Accuracy: 0.6432, Precision: 0.6670, Recall: 0.6432, F1-Score: 0.6394
2025-01-13 18:44:12,125 - INFO - Epoch 62 - Train Loss: 0.7206, Accuracy: 0.7366, Precision: 0.7377, Recall: 0.7366, F1-Score: 0.7371
2025-01-13 18:44:14,462 - INFO - Epoch 62 - Eval Loss: 1.2319, Accuracy: 0.6080, Precision: 0.6085, Recall: 0.6080, F1-Score: 0.5853
2025-01-13 18:44:18,625 - INFO - Epoch 63 - Train Loss: 0.6905, Accuracy: 0.7476, Precision: 0.7464, Recall: 0.7476, F1-Score: 0.7467
2025-01-13 18:44:20,904 - INFO - Epoch 63 - Eval Loss: 1.1191, Accuracy: 0.6306, Precision: 0.6631, Recall: 0.6306, F1-Score: 0.6214
2025-01-13 18:44:25,080 - INFO - Epoch 64 - Train Loss: 0.7076, Accuracy: 0.7412, Precision: 0.7427, Recall: 0.7412, F1-Score: 0.7415
2025-01-13 18:44:27,495 - INFO - Epoch 64 - Eval Loss: 1.0974, Accuracy: 0.6270, Precision: 0.6544, Recall: 0.6270, F1-Score: 0.6175
2025-01-13 18:44:31,687 - INFO - Epoch 65 - Train Loss: 0.6648, Accuracy: 0.7540, Precision: 0.7529, Recall: 0.7540, F1-Score: 0.7531
2025-01-13 18:44:34,066 - INFO - Epoch 65 - Eval Loss: 0.9841, Accuracy: 0.6534, Precision: 0.6804, Recall: 0.6534, F1-Score: 0.6562
2025-01-13 18:44:38,222 - INFO - Epoch 66 - Train Loss: 0.6888, Accuracy: 0.7486, Precision: 0.7496, Recall: 0.7486, F1-Score: 0.7489
2025-01-13 18:44:40,512 - INFO - Epoch 66 - Eval Loss: 1.0110, Accuracy: 0.6525, Precision: 0.6699, Recall: 0.6525, F1-Score: 0.6509
2025-01-13 18:44:44,664 - INFO - Epoch 67 - Train Loss: 0.6744, Accuracy: 0.7528, Precision: 0.7529, Recall: 0.7528, F1-Score: 0.7527
2025-01-13 18:44:46,954 - INFO - Epoch 67 - Eval Loss: 1.1318, Accuracy: 0.6132, Precision: 0.6754, Recall: 0.6132, F1-Score: 0.6074
2025-01-13 18:44:51,101 - INFO - Epoch 68 - Train Loss: 0.6697, Accuracy: 0.7580, Precision: 0.7563, Recall: 0.7580, F1-Score: 0.7568
2025-01-13 18:44:53,382 - INFO - Epoch 68 - Eval Loss: 1.0684, Accuracy: 0.6502, Precision: 0.7006, Recall: 0.6502, F1-Score: 0.6522
2025-01-13 18:44:57,556 - INFO - Epoch 69 - Train Loss: 0.6702, Accuracy: 0.7470, Precision: 0.7457, Recall: 0.7470, F1-Score: 0.7458
2025-01-13 18:44:59,812 - INFO - Epoch 69 - Eval Loss: 1.2268, Accuracy: 0.6108, Precision: 0.6534, Recall: 0.6108, F1-Score: 0.6079
2025-01-13 18:45:03,992 - INFO - Epoch 70 - Train Loss: 0.6883, Accuracy: 0.7422, Precision: 0.7436, Recall: 0.7422, F1-Score: 0.7428
2025-01-13 18:45:06,149 - INFO - Epoch 70 - Eval Loss: 1.0717, Accuracy: 0.6299, Precision: 0.6621, Recall: 0.6299, F1-Score: 0.6262
2025-01-13 18:45:10,347 - INFO - Epoch 71 - Train Loss: 0.6875, Accuracy: 0.7466, Precision: 0.7463, Recall: 0.7466, F1-Score: 0.7459
2025-01-13 18:45:12,716 - INFO - Epoch 71 - Eval Loss: 1.0945, Accuracy: 0.6464, Precision: 0.6607, Recall: 0.6464, F1-Score: 0.6441
2025-01-13 18:45:16,913 - INFO - Epoch 72 - Train Loss: 0.6770, Accuracy: 0.7608, Precision: 0.7594, Recall: 0.7608, F1-Score: 0.7599
2025-01-13 18:45:19,172 - INFO - Epoch 72 - Eval Loss: 1.0823, Accuracy: 0.6358, Precision: 0.6889, Recall: 0.6358, F1-Score: 0.6448
2025-01-13 18:45:23,331 - INFO - Epoch 73 - Train Loss: 0.6292, Accuracy: 0.7664, Precision: 0.7651, Recall: 0.7664, F1-Score: 0.7656
2025-01-13 18:45:25,690 - INFO - Epoch 73 - Eval Loss: 0.9758, Accuracy: 0.6686, Precision: 0.6953, Recall: 0.6686, F1-Score: 0.6713
2025-01-13 18:45:29,924 - INFO - Epoch 74 - Train Loss: 0.6202, Accuracy: 0.7778, Precision: 0.7781, Recall: 0.7778, F1-Score: 0.7779
2025-01-13 18:45:32,206 - INFO - Epoch 74 - Eval Loss: 1.0247, Accuracy: 0.6606, Precision: 0.6759, Recall: 0.6606, F1-Score: 0.6610
2025-01-13 18:45:36,364 - INFO - Epoch 75 - Train Loss: 0.5908, Accuracy: 0.7920, Precision: 0.7922, Recall: 0.7920, F1-Score: 0.7918
2025-01-13 18:45:38,751 - INFO - Epoch 75 - Eval Loss: 1.0204, Accuracy: 0.6538, Precision: 0.6826, Recall: 0.6537, F1-Score: 0.6571
2025-01-13 18:45:42,860 - INFO - Epoch 76 - Train Loss: 0.6498, Accuracy: 0.7640, Precision: 0.7640, Recall: 0.7640, F1-Score: 0.7638
2025-01-13 18:45:45,132 - INFO - Epoch 76 - Eval Loss: 1.3193, Accuracy: 0.6031, Precision: 0.6638, Recall: 0.6031, F1-Score: 0.5881
2025-01-13 18:45:49,337 - INFO - Epoch 77 - Train Loss: 0.6301, Accuracy: 0.7626, Precision: 0.7620, Recall: 0.7626, F1-Score: 0.7620
2025-01-13 18:45:51,568 - INFO - Epoch 77 - Eval Loss: 1.0972, Accuracy: 0.6341, Precision: 0.6851, Recall: 0.6341, F1-Score: 0.6329
2025-01-13 18:45:55,720 - INFO - Epoch 78 - Train Loss: 0.6000, Accuracy: 0.7850, Precision: 0.7862, Recall: 0.7850, F1-Score: 0.7855
2025-01-13 18:45:57,992 - INFO - Epoch 78 - Eval Loss: 1.5495, Accuracy: 0.5550, Precision: 0.6626, Recall: 0.5550, F1-Score: 0.5354
2025-01-13 18:46:02,196 - INFO - Epoch 79 - Train Loss: 0.6087, Accuracy: 0.7722, Precision: 0.7710, Recall: 0.7722, F1-Score: 0.7714
2025-01-13 18:46:04,412 - INFO - Epoch 79 - Eval Loss: 1.2233, Accuracy: 0.6301, Precision: 0.6653, Recall: 0.6301, F1-Score: 0.6227
2025-01-13 18:46:08,588 - INFO - Epoch 80 - Train Loss: 0.6179, Accuracy: 0.7732, Precision: 0.7742, Recall: 0.7732, F1-Score: 0.7736
2025-01-13 18:46:10,795 - INFO - Epoch 80 - Eval Loss: 1.0781, Accuracy: 0.6545, Precision: 0.6750, Recall: 0.6545, F1-Score: 0.6480
2025-01-13 18:46:14,926 - INFO - Epoch 81 - Train Loss: 0.5922, Accuracy: 0.7864, Precision: 0.7860, Recall: 0.7864, F1-Score: 0.7861
2025-01-13 18:46:17,264 - INFO - Epoch 81 - Eval Loss: 1.2960, Accuracy: 0.5984, Precision: 0.6429, Recall: 0.5984, F1-Score: 0.5780
2025-01-13 18:46:21,410 - INFO - Epoch 82 - Train Loss: 0.5963, Accuracy: 0.7888, Precision: 0.7882, Recall: 0.7888, F1-Score: 0.7883
2025-01-13 18:46:23,916 - INFO - Epoch 82 - Eval Loss: 1.0646, Accuracy: 0.6530, Precision: 0.6672, Recall: 0.6530, F1-Score: 0.6413
2025-01-13 18:46:28,060 - INFO - Epoch 83 - Train Loss: 0.5935, Accuracy: 0.7830, Precision: 0.7851, Recall: 0.7830, F1-Score: 0.7838
2025-01-13 18:46:30,295 - INFO - Epoch 83 - Eval Loss: 1.1140, Accuracy: 0.6284, Precision: 0.6716, Recall: 0.6284, F1-Score: 0.6251
2025-01-13 18:46:34,423 - INFO - Epoch 84 - Train Loss: 0.5695, Accuracy: 0.7914, Precision: 0.7905, Recall: 0.7914, F1-Score: 0.7908
2025-01-13 18:46:36,803 - INFO - Epoch 84 - Eval Loss: 1.1003, Accuracy: 0.6405, Precision: 0.6824, Recall: 0.6405, F1-Score: 0.6452
2025-01-13 18:46:41,006 - INFO - Epoch 85 - Train Loss: 0.5477, Accuracy: 0.8030, Precision: 0.8021, Recall: 0.8030, F1-Score: 0.8022
2025-01-13 18:46:43,151 - INFO - Epoch 85 - Eval Loss: 1.0203, Accuracy: 0.6538, Precision: 0.6817, Recall: 0.6537, F1-Score: 0.6459
2025-01-13 18:46:47,263 - INFO - Epoch 86 - Train Loss: 0.5312, Accuracy: 0.8086, Precision: 0.8088, Recall: 0.8086, F1-Score: 0.8085
2025-01-13 18:46:49,543 - INFO - Epoch 86 - Eval Loss: 1.3771, Accuracy: 0.6059, Precision: 0.6752, Recall: 0.6059, F1-Score: 0.5965
2025-01-13 18:46:53,713 - INFO - Epoch 87 - Train Loss: 0.5140, Accuracy: 0.8140, Precision: 0.8140, Recall: 0.8140, F1-Score: 0.8139
2025-01-13 18:46:56,013 - INFO - Epoch 87 - Eval Loss: 1.2270, Accuracy: 0.6421, Precision: 0.6875, Recall: 0.6421, F1-Score: 0.6511
2025-01-13 18:47:00,250 - INFO - Epoch 88 - Train Loss: 0.5454, Accuracy: 0.7980, Precision: 0.7978, Recall: 0.7980, F1-Score: 0.7978
2025-01-13 18:47:02,572 - INFO - Epoch 88 - Eval Loss: 1.5287, Accuracy: 0.5938, Precision: 0.6623, Recall: 0.5938, F1-Score: 0.5777
2025-01-13 18:47:06,716 - INFO - Epoch 89 - Train Loss: 0.5225, Accuracy: 0.8074, Precision: 0.8073, Recall: 0.8074, F1-Score: 0.8072
2025-01-13 18:47:08,905 - INFO - Epoch 89 - Eval Loss: 1.2536, Accuracy: 0.6175, Precision: 0.6989, Recall: 0.6175, F1-Score: 0.6228
2025-01-13 18:47:13,060 - INFO - Epoch 90 - Train Loss: 0.5398, Accuracy: 0.8020, Precision: 0.8009, Recall: 0.8020, F1-Score: 0.8012
2025-01-13 18:47:15,292 - INFO - Epoch 90 - Eval Loss: 1.2966, Accuracy: 0.6035, Precision: 0.6306, Recall: 0.6035, F1-Score: 0.5957
2025-01-13 18:47:19,542 - INFO - Epoch 91 - Train Loss: 0.5476, Accuracy: 0.8018, Precision: 0.8022, Recall: 0.8018, F1-Score: 0.8019
2025-01-13 18:47:21,956 - INFO - Epoch 91 - Eval Loss: 1.0145, Accuracy: 0.6835, Precision: 0.7108, Recall: 0.6835, F1-Score: 0.6873
2025-01-13 18:47:26,188 - INFO - Epoch 92 - Train Loss: 0.5514, Accuracy: 0.7980, Precision: 0.7996, Recall: 0.7980, F1-Score: 0.7986
2025-01-13 18:47:28,489 - INFO - Epoch 92 - Eval Loss: 1.2313, Accuracy: 0.6354, Precision: 0.6693, Recall: 0.6354, F1-Score: 0.6297
2025-01-13 18:47:32,841 - INFO - Epoch 93 - Train Loss: 0.5340, Accuracy: 0.8056, Precision: 0.8058, Recall: 0.8056, F1-Score: 0.8055
2025-01-13 18:47:35,054 - INFO - Epoch 93 - Eval Loss: 1.1585, Accuracy: 0.6394, Precision: 0.6855, Recall: 0.6394, F1-Score: 0.6347
2025-01-13 18:47:39,306 - INFO - Epoch 94 - Train Loss: 0.5312, Accuracy: 0.8004, Precision: 0.8000, Recall: 0.8004, F1-Score: 0.8001
2025-01-13 18:47:41,464 - INFO - Epoch 94 - Eval Loss: 1.2788, Accuracy: 0.6158, Precision: 0.6507, Recall: 0.6158, F1-Score: 0.6020
2025-01-13 18:47:45,667 - INFO - Epoch 95 - Train Loss: 0.5065, Accuracy: 0.8128, Precision: 0.8128, Recall: 0.8128, F1-Score: 0.8126
2025-01-13 18:47:47,990 - INFO - Epoch 95 - Eval Loss: 1.0469, Accuracy: 0.6740, Precision: 0.6841, Recall: 0.6740, F1-Score: 0.6680
2025-01-13 18:47:52,173 - INFO - Epoch 96 - Train Loss: 0.4844, Accuracy: 0.8224, Precision: 0.8224, Recall: 0.8224, F1-Score: 0.8223
2025-01-13 18:47:54,429 - INFO - Epoch 96 - Eval Loss: 1.0986, Accuracy: 0.6737, Precision: 0.6910, Recall: 0.6737, F1-Score: 0.6718
2025-01-13 18:47:58,618 - INFO - Epoch 97 - Train Loss: 0.4982, Accuracy: 0.8204, Precision: 0.8203, Recall: 0.8204, F1-Score: 0.8202
2025-01-13 18:48:00,915 - INFO - Epoch 97 - Eval Loss: 1.2891, Accuracy: 0.6291, Precision: 0.6603, Recall: 0.6291, F1-Score: 0.6195
2025-01-13 18:48:05,122 - INFO - Epoch 98 - Train Loss: 0.4991, Accuracy: 0.8174, Precision: 0.8173, Recall: 0.8174, F1-Score: 0.8171
2025-01-13 18:48:07,437 - INFO - Epoch 98 - Eval Loss: 1.0501, Accuracy: 0.6603, Precision: 0.6854, Recall: 0.6603, F1-Score: 0.6594
2025-01-13 18:48:11,692 - INFO - Epoch 99 - Train Loss: 0.4711, Accuracy: 0.8292, Precision: 0.8303, Recall: 0.8292, F1-Score: 0.8296
2025-01-13 18:48:13,844 - INFO - Epoch 99 - Eval Loss: 1.0926, Accuracy: 0.6428, Precision: 0.6892, Recall: 0.6428, F1-Score: 0.6434
2025-01-13 18:48:13,844 - INFO - Training finished
