2025-01-13 17:53:35,046 - INFO - Log file created at log/width_multiplier/cifar10_lr0.001_adam_wm1.0_20250113-175335.log
2025-01-13 17:53:35,092 - INFO - Using device cuda:2
2025-01-13 17:53:46,440 - INFO - Epoch 0 - Train Loss: 1.7656, Accuracy: 0.3577, Precision: 0.3528, Recall: 0.3577, F1-Score: 0.3537
2025-01-13 17:53:47,599 - INFO - Epoch 0 - Eval Loss: 1.4122, Accuracy: 0.4866, Precision: 0.4935, Recall: 0.4866, F1-Score: 0.4662
2025-01-13 17:53:54,377 - INFO - Epoch 1 - Train Loss: 1.3394, Accuracy: 0.5155, Precision: 0.5102, Recall: 0.5155, F1-Score: 0.5121
2025-01-13 17:53:55,423 - INFO - Epoch 1 - Eval Loss: 1.1434, Accuracy: 0.5979, Precision: 0.6017, Recall: 0.5979, F1-Score: 0.5960
2025-01-13 17:54:02,093 - INFO - Epoch 2 - Train Loss: 1.1498, Accuracy: 0.5859, Precision: 0.5821, Recall: 0.5859, F1-Score: 0.5837
2025-01-13 17:54:03,279 - INFO - Epoch 2 - Eval Loss: 1.0238, Accuracy: 0.6353, Precision: 0.6421, Recall: 0.6353, F1-Score: 0.6279
2025-01-13 17:54:10,127 - INFO - Epoch 3 - Train Loss: 1.0119, Accuracy: 0.6384, Precision: 0.6357, Recall: 0.6384, F1-Score: 0.6369
2025-01-13 17:54:11,293 - INFO - Epoch 3 - Eval Loss: 0.9081, Accuracy: 0.6808, Precision: 0.6881, Recall: 0.6808, F1-Score: 0.6793
2025-01-13 17:54:18,179 - INFO - Epoch 4 - Train Loss: 0.9086, Accuracy: 0.6789, Precision: 0.6770, Recall: 0.6789, F1-Score: 0.6778
2025-01-13 17:54:19,402 - INFO - Epoch 4 - Eval Loss: 0.8100, Accuracy: 0.7160, Precision: 0.7221, Recall: 0.7160, F1-Score: 0.7160
2025-01-13 17:54:26,337 - INFO - Epoch 5 - Train Loss: 0.8346, Accuracy: 0.7045, Precision: 0.7032, Recall: 0.7045, F1-Score: 0.7037
2025-01-13 17:54:27,408 - INFO - Epoch 5 - Eval Loss: 0.7567, Accuracy: 0.7395, Precision: 0.7438, Recall: 0.7395, F1-Score: 0.7358
2025-01-13 17:54:34,176 - INFO - Epoch 6 - Train Loss: 0.7868, Accuracy: 0.7225, Precision: 0.7212, Recall: 0.7225, F1-Score: 0.7218
2025-01-13 17:54:35,361 - INFO - Epoch 6 - Eval Loss: 0.7365, Accuracy: 0.7437, Precision: 0.7562, Recall: 0.7437, F1-Score: 0.7436
2025-01-13 17:54:42,312 - INFO - Epoch 7 - Train Loss: 0.7439, Accuracy: 0.7366, Precision: 0.7357, Recall: 0.7366, F1-Score: 0.7361
2025-01-13 17:54:43,521 - INFO - Epoch 7 - Eval Loss: 0.7345, Accuracy: 0.7479, Precision: 0.7482, Recall: 0.7479, F1-Score: 0.7436
2025-01-13 17:54:50,357 - INFO - Epoch 8 - Train Loss: 0.7017, Accuracy: 0.7527, Precision: 0.7517, Recall: 0.7527, F1-Score: 0.7521
2025-01-13 17:54:51,510 - INFO - Epoch 8 - Eval Loss: 0.6575, Accuracy: 0.7743, Precision: 0.7754, Recall: 0.7743, F1-Score: 0.7733
2025-01-13 17:54:58,288 - INFO - Epoch 9 - Train Loss: 0.6773, Accuracy: 0.7617, Precision: 0.7607, Recall: 0.7617, F1-Score: 0.7611
2025-01-13 17:54:59,389 - INFO - Epoch 9 - Eval Loss: 0.6356, Accuracy: 0.7830, Precision: 0.7828, Recall: 0.7830, F1-Score: 0.7813
2025-01-13 17:55:06,167 - INFO - Epoch 10 - Train Loss: 0.6436, Accuracy: 0.7739, Precision: 0.7733, Recall: 0.7739, F1-Score: 0.7735
2025-01-13 17:55:07,366 - INFO - Epoch 10 - Eval Loss: 0.6180, Accuracy: 0.7878, Precision: 0.7896, Recall: 0.7878, F1-Score: 0.7872
2025-01-13 17:55:14,186 - INFO - Epoch 11 - Train Loss: 0.6235, Accuracy: 0.7817, Precision: 0.7811, Recall: 0.7817, F1-Score: 0.7813
2025-01-13 17:55:15,381 - INFO - Epoch 11 - Eval Loss: 0.6092, Accuracy: 0.7910, Precision: 0.7933, Recall: 0.7910, F1-Score: 0.7905
2025-01-13 17:55:22,205 - INFO - Epoch 12 - Train Loss: 0.6079, Accuracy: 0.7873, Precision: 0.7870, Recall: 0.7873, F1-Score: 0.7871
2025-01-13 17:55:23,343 - INFO - Epoch 12 - Eval Loss: 0.5806, Accuracy: 0.7976, Precision: 0.7982, Recall: 0.7976, F1-Score: 0.7960
2025-01-13 17:55:30,114 - INFO - Epoch 13 - Train Loss: 0.5817, Accuracy: 0.7956, Precision: 0.7954, Recall: 0.7956, F1-Score: 0.7954
2025-01-13 17:55:31,279 - INFO - Epoch 13 - Eval Loss: 0.5661, Accuracy: 0.8070, Precision: 0.8067, Recall: 0.8070, F1-Score: 0.8065
2025-01-13 17:55:38,201 - INFO - Epoch 14 - Train Loss: 0.5705, Accuracy: 0.8018, Precision: 0.8015, Recall: 0.8018, F1-Score: 0.8016
2025-01-13 17:55:39,446 - INFO - Epoch 14 - Eval Loss: 0.5721, Accuracy: 0.8023, Precision: 0.8037, Recall: 0.8023, F1-Score: 0.8003
2025-01-13 17:55:46,270 - INFO - Epoch 15 - Train Loss: 0.5471, Accuracy: 0.8083, Precision: 0.8079, Recall: 0.8083, F1-Score: 0.8080
2025-01-13 17:55:47,462 - INFO - Epoch 15 - Eval Loss: 0.5586, Accuracy: 0.8047, Precision: 0.8150, Recall: 0.8047, F1-Score: 0.8072
2025-01-13 17:55:54,309 - INFO - Epoch 16 - Train Loss: 0.5355, Accuracy: 0.8124, Precision: 0.8119, Recall: 0.8124, F1-Score: 0.8121
2025-01-13 17:55:55,505 - INFO - Epoch 16 - Eval Loss: 0.5800, Accuracy: 0.7975, Precision: 0.8061, Recall: 0.7975, F1-Score: 0.7979
2025-01-13 17:56:02,320 - INFO - Epoch 17 - Train Loss: 0.5223, Accuracy: 0.8166, Precision: 0.8162, Recall: 0.8166, F1-Score: 0.8163
2025-01-13 17:56:03,478 - INFO - Epoch 17 - Eval Loss: 0.5517, Accuracy: 0.8120, Precision: 0.8138, Recall: 0.8120, F1-Score: 0.8091
2025-01-13 17:56:10,483 - INFO - Epoch 18 - Train Loss: 0.5085, Accuracy: 0.8212, Precision: 0.8209, Recall: 0.8212, F1-Score: 0.8210
2025-01-13 17:56:11,768 - INFO - Epoch 18 - Eval Loss: 0.5462, Accuracy: 0.8141, Precision: 0.8188, Recall: 0.8141, F1-Score: 0.8121
2025-01-13 17:56:18,738 - INFO - Epoch 19 - Train Loss: 0.4922, Accuracy: 0.8275, Precision: 0.8272, Recall: 0.8275, F1-Score: 0.8273
2025-01-13 17:56:19,906 - INFO - Epoch 19 - Eval Loss: 0.5364, Accuracy: 0.8195, Precision: 0.8211, Recall: 0.8195, F1-Score: 0.8179
2025-01-13 17:56:26,726 - INFO - Epoch 20 - Train Loss: 0.4858, Accuracy: 0.8293, Precision: 0.8289, Recall: 0.8293, F1-Score: 0.8291
2025-01-13 17:56:27,937 - INFO - Epoch 20 - Eval Loss: 0.5003, Accuracy: 0.8282, Precision: 0.8313, Recall: 0.8282, F1-Score: 0.8280
2025-01-13 17:56:34,771 - INFO - Epoch 21 - Train Loss: 0.4703, Accuracy: 0.8341, Precision: 0.8339, Recall: 0.8341, F1-Score: 0.8339
2025-01-13 17:56:35,983 - INFO - Epoch 21 - Eval Loss: 0.5270, Accuracy: 0.8202, Precision: 0.8233, Recall: 0.8202, F1-Score: 0.8186
2025-01-13 17:56:43,011 - INFO - Epoch 22 - Train Loss: 0.4648, Accuracy: 0.8372, Precision: 0.8368, Recall: 0.8372, F1-Score: 0.8370
2025-01-13 17:56:44,123 - INFO - Epoch 22 - Eval Loss: 0.5025, Accuracy: 0.8270, Precision: 0.8328, Recall: 0.8270, F1-Score: 0.8286
2025-01-13 17:56:50,966 - INFO - Epoch 23 - Train Loss: 0.4535, Accuracy: 0.8401, Precision: 0.8400, Recall: 0.8401, F1-Score: 0.8399
2025-01-13 17:56:52,245 - INFO - Epoch 23 - Eval Loss: 0.5168, Accuracy: 0.8226, Precision: 0.8240, Recall: 0.8226, F1-Score: 0.8215
2025-01-13 17:56:59,143 - INFO - Epoch 24 - Train Loss: 0.4418, Accuracy: 0.8457, Precision: 0.8455, Recall: 0.8457, F1-Score: 0.8456
2025-01-13 17:57:00,382 - INFO - Epoch 24 - Eval Loss: 0.4947, Accuracy: 0.8306, Precision: 0.8318, Recall: 0.8306, F1-Score: 0.8296
2025-01-13 17:57:07,248 - INFO - Epoch 25 - Train Loss: 0.4377, Accuracy: 0.8478, Precision: 0.8476, Recall: 0.8478, F1-Score: 0.8477
2025-01-13 17:57:08,569 - INFO - Epoch 25 - Eval Loss: 0.4939, Accuracy: 0.8313, Precision: 0.8354, Recall: 0.8313, F1-Score: 0.8309
2025-01-13 17:57:15,537 - INFO - Epoch 26 - Train Loss: 0.4247, Accuracy: 0.8514, Precision: 0.8513, Recall: 0.8514, F1-Score: 0.8513
2025-01-13 17:57:16,741 - INFO - Epoch 26 - Eval Loss: 0.4772, Accuracy: 0.8383, Precision: 0.8404, Recall: 0.8383, F1-Score: 0.8385
2025-01-13 17:57:23,754 - INFO - Epoch 27 - Train Loss: 0.4210, Accuracy: 0.8529, Precision: 0.8528, Recall: 0.8529, F1-Score: 0.8528
2025-01-13 17:57:24,953 - INFO - Epoch 27 - Eval Loss: 0.4626, Accuracy: 0.8424, Precision: 0.8449, Recall: 0.8424, F1-Score: 0.8426
2025-01-13 17:57:31,943 - INFO - Epoch 28 - Train Loss: 0.4048, Accuracy: 0.8597, Precision: 0.8596, Recall: 0.8597, F1-Score: 0.8596
2025-01-13 17:57:33,117 - INFO - Epoch 28 - Eval Loss: 0.4689, Accuracy: 0.8410, Precision: 0.8441, Recall: 0.8410, F1-Score: 0.8407
2025-01-13 17:57:39,951 - INFO - Epoch 29 - Train Loss: 0.4017, Accuracy: 0.8591, Precision: 0.8589, Recall: 0.8591, F1-Score: 0.8589
2025-01-13 17:57:41,095 - INFO - Epoch 29 - Eval Loss: 0.4852, Accuracy: 0.8378, Precision: 0.8409, Recall: 0.8378, F1-Score: 0.8376
2025-01-13 17:57:47,977 - INFO - Epoch 30 - Train Loss: 0.3983, Accuracy: 0.8589, Precision: 0.8588, Recall: 0.8589, F1-Score: 0.8588
2025-01-13 17:57:49,303 - INFO - Epoch 30 - Eval Loss: 0.4674, Accuracy: 0.8408, Precision: 0.8423, Recall: 0.8408, F1-Score: 0.8408
2025-01-13 17:57:56,221 - INFO - Epoch 31 - Train Loss: 0.3874, Accuracy: 0.8642, Precision: 0.8640, Recall: 0.8642, F1-Score: 0.8641
2025-01-13 17:57:57,403 - INFO - Epoch 31 - Eval Loss: 0.4574, Accuracy: 0.8412, Precision: 0.8405, Recall: 0.8412, F1-Score: 0.8395
2025-01-13 17:58:04,321 - INFO - Epoch 32 - Train Loss: 0.3810, Accuracy: 0.8680, Precision: 0.8680, Recall: 0.8680, F1-Score: 0.8679
2025-01-13 17:58:05,436 - INFO - Epoch 32 - Eval Loss: 0.4564, Accuracy: 0.8466, Precision: 0.8479, Recall: 0.8466, F1-Score: 0.8465
2025-01-13 17:58:12,276 - INFO - Epoch 33 - Train Loss: 0.3761, Accuracy: 0.8688, Precision: 0.8687, Recall: 0.8688, F1-Score: 0.8687
2025-01-13 17:58:13,456 - INFO - Epoch 33 - Eval Loss: 0.4412, Accuracy: 0.8523, Precision: 0.8521, Recall: 0.8523, F1-Score: 0.8519
2025-01-13 17:58:20,338 - INFO - Epoch 34 - Train Loss: 0.3681, Accuracy: 0.8725, Precision: 0.8725, Recall: 0.8725, F1-Score: 0.8724
2025-01-13 17:58:21,572 - INFO - Epoch 34 - Eval Loss: 0.4474, Accuracy: 0.8522, Precision: 0.8517, Recall: 0.8522, F1-Score: 0.8511
2025-01-13 17:58:28,449 - INFO - Epoch 35 - Train Loss: 0.3631, Accuracy: 0.8743, Precision: 0.8743, Recall: 0.8743, F1-Score: 0.8742
2025-01-13 17:58:29,639 - INFO - Epoch 35 - Eval Loss: 0.4409, Accuracy: 0.8537, Precision: 0.8537, Recall: 0.8537, F1-Score: 0.8530
2025-01-13 17:58:36,511 - INFO - Epoch 36 - Train Loss: 0.3590, Accuracy: 0.8740, Precision: 0.8740, Recall: 0.8740, F1-Score: 0.8739
2025-01-13 17:58:37,728 - INFO - Epoch 36 - Eval Loss: 0.4428, Accuracy: 0.8481, Precision: 0.8517, Recall: 0.8481, F1-Score: 0.8485
2025-01-13 17:58:44,535 - INFO - Epoch 37 - Train Loss: 0.3533, Accuracy: 0.8774, Precision: 0.8772, Recall: 0.8774, F1-Score: 0.8773
2025-01-13 17:58:45,685 - INFO - Epoch 37 - Eval Loss: 0.4659, Accuracy: 0.8463, Precision: 0.8492, Recall: 0.8463, F1-Score: 0.8462
2025-01-13 17:58:52,672 - INFO - Epoch 38 - Train Loss: 0.3505, Accuracy: 0.8773, Precision: 0.8772, Recall: 0.8773, F1-Score: 0.8772
2025-01-13 17:58:53,826 - INFO - Epoch 38 - Eval Loss: 0.4213, Accuracy: 0.8602, Precision: 0.8610, Recall: 0.8602, F1-Score: 0.8598
2025-01-13 17:59:00,671 - INFO - Epoch 39 - Train Loss: 0.3402, Accuracy: 0.8816, Precision: 0.8815, Recall: 0.8816, F1-Score: 0.8815
2025-01-13 17:59:01,871 - INFO - Epoch 39 - Eval Loss: 0.4261, Accuracy: 0.8563, Precision: 0.8581, Recall: 0.8563, F1-Score: 0.8560
2025-01-13 17:59:08,680 - INFO - Epoch 40 - Train Loss: 0.3389, Accuracy: 0.8815, Precision: 0.8813, Recall: 0.8815, F1-Score: 0.8814
2025-01-13 17:59:09,918 - INFO - Epoch 40 - Eval Loss: 0.4531, Accuracy: 0.8486, Precision: 0.8523, Recall: 0.8486, F1-Score: 0.8486
2025-01-13 17:59:16,670 - INFO - Epoch 41 - Train Loss: 0.3337, Accuracy: 0.8831, Precision: 0.8832, Recall: 0.8831, F1-Score: 0.8831
2025-01-13 17:59:17,847 - INFO - Epoch 41 - Eval Loss: 0.4349, Accuracy: 0.8545, Precision: 0.8584, Recall: 0.8545, F1-Score: 0.8545
2025-01-13 17:59:24,778 - INFO - Epoch 42 - Train Loss: 0.3204, Accuracy: 0.8888, Precision: 0.8886, Recall: 0.8888, F1-Score: 0.8887
2025-01-13 17:59:26,022 - INFO - Epoch 42 - Eval Loss: 0.4273, Accuracy: 0.8584, Precision: 0.8588, Recall: 0.8584, F1-Score: 0.8584
2025-01-13 17:59:32,863 - INFO - Epoch 43 - Train Loss: 0.3286, Accuracy: 0.8859, Precision: 0.8858, Recall: 0.8859, F1-Score: 0.8858
2025-01-13 17:59:34,106 - INFO - Epoch 43 - Eval Loss: 0.4307, Accuracy: 0.8574, Precision: 0.8576, Recall: 0.8574, F1-Score: 0.8571
2025-01-13 17:59:40,902 - INFO - Epoch 44 - Train Loss: 0.3171, Accuracy: 0.8886, Precision: 0.8885, Recall: 0.8886, F1-Score: 0.8885
2025-01-13 17:59:42,031 - INFO - Epoch 44 - Eval Loss: 0.4339, Accuracy: 0.8542, Precision: 0.8565, Recall: 0.8542, F1-Score: 0.8544
2025-01-13 17:59:48,947 - INFO - Epoch 45 - Train Loss: 0.3120, Accuracy: 0.8920, Precision: 0.8921, Recall: 0.8920, F1-Score: 0.8920
2025-01-13 17:59:50,120 - INFO - Epoch 45 - Eval Loss: 0.4291, Accuracy: 0.8575, Precision: 0.8581, Recall: 0.8575, F1-Score: 0.8562
2025-01-13 17:59:57,032 - INFO - Epoch 46 - Train Loss: 0.3090, Accuracy: 0.8903, Precision: 0.8902, Recall: 0.8903, F1-Score: 0.8902
2025-01-13 17:59:58,220 - INFO - Epoch 46 - Eval Loss: 0.4151, Accuracy: 0.8617, Precision: 0.8627, Recall: 0.8617, F1-Score: 0.8617
2025-01-13 18:00:05,178 - INFO - Epoch 47 - Train Loss: 0.3053, Accuracy: 0.8934, Precision: 0.8934, Recall: 0.8934, F1-Score: 0.8934
2025-01-13 18:00:06,379 - INFO - Epoch 47 - Eval Loss: 0.4156, Accuracy: 0.8580, Precision: 0.8584, Recall: 0.8580, F1-Score: 0.8576
2025-01-13 18:00:13,281 - INFO - Epoch 48 - Train Loss: 0.2999, Accuracy: 0.8941, Precision: 0.8941, Recall: 0.8941, F1-Score: 0.8941
2025-01-13 18:00:14,432 - INFO - Epoch 48 - Eval Loss: 0.4404, Accuracy: 0.8553, Precision: 0.8602, Recall: 0.8553, F1-Score: 0.8560
2025-01-13 18:00:21,366 - INFO - Epoch 49 - Train Loss: 0.2999, Accuracy: 0.8939, Precision: 0.8939, Recall: 0.8939, F1-Score: 0.8939
2025-01-13 18:00:22,587 - INFO - Epoch 49 - Eval Loss: 0.4227, Accuracy: 0.8602, Precision: 0.8613, Recall: 0.8602, F1-Score: 0.8599
2025-01-13 18:00:29,569 - INFO - Epoch 50 - Train Loss: 0.2947, Accuracy: 0.8980, Precision: 0.8980, Recall: 0.8980, F1-Score: 0.8980
2025-01-13 18:00:30,872 - INFO - Epoch 50 - Eval Loss: 0.4227, Accuracy: 0.8625, Precision: 0.8617, Recall: 0.8625, F1-Score: 0.8610
2025-01-13 18:00:37,900 - INFO - Epoch 51 - Train Loss: 0.2853, Accuracy: 0.8997, Precision: 0.8996, Recall: 0.8997, F1-Score: 0.8996
2025-01-13 18:00:39,071 - INFO - Epoch 51 - Eval Loss: 0.4443, Accuracy: 0.8509, Precision: 0.8551, Recall: 0.8509, F1-Score: 0.8502
2025-01-13 18:00:46,032 - INFO - Epoch 52 - Train Loss: 0.2816, Accuracy: 0.9017, Precision: 0.9018, Recall: 0.9017, F1-Score: 0.9017
2025-01-13 18:00:47,274 - INFO - Epoch 52 - Eval Loss: 0.4116, Accuracy: 0.8649, Precision: 0.8650, Recall: 0.8649, F1-Score: 0.8644
2025-01-13 18:00:54,130 - INFO - Epoch 53 - Train Loss: 0.2806, Accuracy: 0.9000, Precision: 0.9001, Recall: 0.9000, F1-Score: 0.9000
2025-01-13 18:00:55,315 - INFO - Epoch 53 - Eval Loss: 0.4295, Accuracy: 0.8612, Precision: 0.8624, Recall: 0.8612, F1-Score: 0.8610
2025-01-13 18:01:02,346 - INFO - Epoch 54 - Train Loss: 0.2765, Accuracy: 0.9040, Precision: 0.9041, Recall: 0.9040, F1-Score: 0.9040
2025-01-13 18:01:03,574 - INFO - Epoch 54 - Eval Loss: 0.3965, Accuracy: 0.8715, Precision: 0.8718, Recall: 0.8715, F1-Score: 0.8710
2025-01-13 18:01:10,444 - INFO - Epoch 55 - Train Loss: 0.2736, Accuracy: 0.9037, Precision: 0.9038, Recall: 0.9037, F1-Score: 0.9037
2025-01-13 18:01:11,541 - INFO - Epoch 55 - Eval Loss: 0.4023, Accuracy: 0.8660, Precision: 0.8664, Recall: 0.8660, F1-Score: 0.8659
2025-01-13 18:01:18,490 - INFO - Epoch 56 - Train Loss: 0.2700, Accuracy: 0.9044, Precision: 0.9044, Recall: 0.9044, F1-Score: 0.9044
2025-01-13 18:01:19,636 - INFO - Epoch 56 - Eval Loss: 0.4103, Accuracy: 0.8629, Precision: 0.8643, Recall: 0.8629, F1-Score: 0.8628
2025-01-13 18:01:26,573 - INFO - Epoch 57 - Train Loss: 0.2660, Accuracy: 0.9065, Precision: 0.9065, Recall: 0.9065, F1-Score: 0.9064
2025-01-13 18:01:27,624 - INFO - Epoch 57 - Eval Loss: 0.4261, Accuracy: 0.8623, Precision: 0.8633, Recall: 0.8623, F1-Score: 0.8622
2025-01-13 18:01:34,557 - INFO - Epoch 58 - Train Loss: 0.2638, Accuracy: 0.9072, Precision: 0.9072, Recall: 0.9072, F1-Score: 0.9072
2025-01-13 18:01:35,700 - INFO - Epoch 58 - Eval Loss: 0.4352, Accuracy: 0.8614, Precision: 0.8617, Recall: 0.8614, F1-Score: 0.8606
2025-01-13 18:01:42,733 - INFO - Epoch 59 - Train Loss: 0.2567, Accuracy: 0.9095, Precision: 0.9094, Recall: 0.9095, F1-Score: 0.9094
2025-01-13 18:01:44,095 - INFO - Epoch 59 - Eval Loss: 0.4132, Accuracy: 0.8692, Precision: 0.8692, Recall: 0.8692, F1-Score: 0.8686
2025-01-13 18:01:50,962 - INFO - Epoch 60 - Train Loss: 0.2600, Accuracy: 0.9083, Precision: 0.9083, Recall: 0.9083, F1-Score: 0.9083
2025-01-13 18:01:52,156 - INFO - Epoch 60 - Eval Loss: 0.4050, Accuracy: 0.8687, Precision: 0.8686, Recall: 0.8687, F1-Score: 0.8680
2025-01-13 18:01:59,070 - INFO - Epoch 61 - Train Loss: 0.2519, Accuracy: 0.9111, Precision: 0.9111, Recall: 0.9111, F1-Score: 0.9111
2025-01-13 18:02:00,315 - INFO - Epoch 61 - Eval Loss: 0.4226, Accuracy: 0.8641, Precision: 0.8657, Recall: 0.8641, F1-Score: 0.8639
2025-01-13 18:02:07,292 - INFO - Epoch 62 - Train Loss: 0.2565, Accuracy: 0.9104, Precision: 0.9104, Recall: 0.9104, F1-Score: 0.9104
2025-01-13 18:02:08,455 - INFO - Epoch 62 - Eval Loss: 0.4155, Accuracy: 0.8704, Precision: 0.8714, Recall: 0.8704, F1-Score: 0.8698
2025-01-13 18:02:15,409 - INFO - Epoch 63 - Train Loss: 0.2441, Accuracy: 0.9143, Precision: 0.9142, Recall: 0.9143, F1-Score: 0.9142
2025-01-13 18:02:16,640 - INFO - Epoch 63 - Eval Loss: 0.4044, Accuracy: 0.8740, Precision: 0.8748, Recall: 0.8740, F1-Score: 0.8741
2025-01-13 18:02:23,558 - INFO - Epoch 64 - Train Loss: 0.2421, Accuracy: 0.9156, Precision: 0.9155, Recall: 0.9156, F1-Score: 0.9155
2025-01-13 18:02:24,812 - INFO - Epoch 64 - Eval Loss: 0.3941, Accuracy: 0.8738, Precision: 0.8733, Recall: 0.8738, F1-Score: 0.8730
2025-01-13 18:02:31,686 - INFO - Epoch 65 - Train Loss: 0.2437, Accuracy: 0.9138, Precision: 0.9137, Recall: 0.9138, F1-Score: 0.9138
2025-01-13 18:02:32,932 - INFO - Epoch 65 - Eval Loss: 0.4029, Accuracy: 0.8709, Precision: 0.8718, Recall: 0.8709, F1-Score: 0.8707
2025-01-13 18:02:39,924 - INFO - Epoch 66 - Train Loss: 0.2405, Accuracy: 0.9160, Precision: 0.9160, Recall: 0.9160, F1-Score: 0.9160
2025-01-13 18:02:41,135 - INFO - Epoch 66 - Eval Loss: 0.4067, Accuracy: 0.8712, Precision: 0.8730, Recall: 0.8712, F1-Score: 0.8713
2025-01-13 18:02:47,972 - INFO - Epoch 67 - Train Loss: 0.2381, Accuracy: 0.9163, Precision: 0.9163, Recall: 0.9163, F1-Score: 0.9163
2025-01-13 18:02:49,067 - INFO - Epoch 67 - Eval Loss: 0.4370, Accuracy: 0.8606, Precision: 0.8643, Recall: 0.8606, F1-Score: 0.8612
2025-01-13 18:02:55,931 - INFO - Epoch 68 - Train Loss: 0.2343, Accuracy: 0.9178, Precision: 0.9179, Recall: 0.9178, F1-Score: 0.9178
2025-01-13 18:02:57,059 - INFO - Epoch 68 - Eval Loss: 0.4054, Accuracy: 0.8711, Precision: 0.8714, Recall: 0.8711, F1-Score: 0.8709
2025-01-13 18:03:03,937 - INFO - Epoch 69 - Train Loss: 0.2337, Accuracy: 0.9167, Precision: 0.9167, Recall: 0.9167, F1-Score: 0.9167
2025-01-13 18:03:05,111 - INFO - Epoch 69 - Eval Loss: 0.4181, Accuracy: 0.8692, Precision: 0.8707, Recall: 0.8692, F1-Score: 0.8690
2025-01-13 18:03:12,061 - INFO - Epoch 70 - Train Loss: 0.2280, Accuracy: 0.9203, Precision: 0.9203, Recall: 0.9203, F1-Score: 0.9203
2025-01-13 18:03:13,277 - INFO - Epoch 70 - Eval Loss: 0.4402, Accuracy: 0.8600, Precision: 0.8650, Recall: 0.8600, F1-Score: 0.8599
2025-01-13 18:03:20,076 - INFO - Epoch 71 - Train Loss: 0.2279, Accuracy: 0.9193, Precision: 0.9193, Recall: 0.9193, F1-Score: 0.9193
2025-01-13 18:03:21,320 - INFO - Epoch 71 - Eval Loss: 0.4049, Accuracy: 0.8688, Precision: 0.8700, Recall: 0.8688, F1-Score: 0.8692
2025-01-13 18:03:28,301 - INFO - Epoch 72 - Train Loss: 0.2223, Accuracy: 0.9227, Precision: 0.9227, Recall: 0.9227, F1-Score: 0.9226
2025-01-13 18:03:29,521 - INFO - Epoch 72 - Eval Loss: 0.4190, Accuracy: 0.8668, Precision: 0.8694, Recall: 0.8668, F1-Score: 0.8669
2025-01-13 18:03:36,463 - INFO - Epoch 73 - Train Loss: 0.2191, Accuracy: 0.9231, Precision: 0.9231, Recall: 0.9231, F1-Score: 0.9231
2025-01-13 18:03:37,580 - INFO - Epoch 73 - Eval Loss: 0.4521, Accuracy: 0.8626, Precision: 0.8649, Recall: 0.8626, F1-Score: 0.8620
2025-01-13 18:03:44,485 - INFO - Epoch 74 - Train Loss: 0.2174, Accuracy: 0.9232, Precision: 0.9233, Recall: 0.9232, F1-Score: 0.9232
2025-01-13 18:03:45,677 - INFO - Epoch 74 - Eval Loss: 0.3952, Accuracy: 0.8749, Precision: 0.8749, Recall: 0.8749, F1-Score: 0.8742
2025-01-13 18:03:52,666 - INFO - Epoch 75 - Train Loss: 0.2164, Accuracy: 0.9215, Precision: 0.9215, Recall: 0.9215, F1-Score: 0.9215
2025-01-13 18:03:53,856 - INFO - Epoch 75 - Eval Loss: 0.4141, Accuracy: 0.8707, Precision: 0.8707, Recall: 0.8707, F1-Score: 0.8703
2025-01-13 18:04:00,839 - INFO - Epoch 76 - Train Loss: 0.2083, Accuracy: 0.9262, Precision: 0.9263, Recall: 0.9262, F1-Score: 0.9263
2025-01-13 18:04:01,986 - INFO - Epoch 76 - Eval Loss: 0.3897, Accuracy: 0.8781, Precision: 0.8777, Recall: 0.8781, F1-Score: 0.8776
2025-01-13 18:04:08,953 - INFO - Epoch 77 - Train Loss: 0.2095, Accuracy: 0.9264, Precision: 0.9264, Recall: 0.9264, F1-Score: 0.9264
2025-01-13 18:04:10,199 - INFO - Epoch 77 - Eval Loss: 0.4490, Accuracy: 0.8674, Precision: 0.8705, Recall: 0.8674, F1-Score: 0.8668
2025-01-13 18:04:17,047 - INFO - Epoch 78 - Train Loss: 0.2133, Accuracy: 0.9240, Precision: 0.9240, Recall: 0.9240, F1-Score: 0.9240
2025-01-13 18:04:18,214 - INFO - Epoch 78 - Eval Loss: 0.4208, Accuracy: 0.8706, Precision: 0.8723, Recall: 0.8706, F1-Score: 0.8705
2025-01-13 18:04:25,028 - INFO - Epoch 79 - Train Loss: 0.2125, Accuracy: 0.9247, Precision: 0.9247, Recall: 0.9247, F1-Score: 0.9247
2025-01-13 18:04:26,195 - INFO - Epoch 79 - Eval Loss: 0.4169, Accuracy: 0.8674, Precision: 0.8711, Recall: 0.8674, F1-Score: 0.8680
2025-01-13 18:04:33,094 - INFO - Epoch 80 - Train Loss: 0.2058, Accuracy: 0.9278, Precision: 0.9279, Recall: 0.9278, F1-Score: 0.9278
2025-01-13 18:04:34,292 - INFO - Epoch 80 - Eval Loss: 0.4389, Accuracy: 0.8659, Precision: 0.8673, Recall: 0.8659, F1-Score: 0.8639
2025-01-13 18:04:41,219 - INFO - Epoch 81 - Train Loss: 0.2029, Accuracy: 0.9290, Precision: 0.9289, Recall: 0.9290, F1-Score: 0.9289
2025-01-13 18:04:42,438 - INFO - Epoch 81 - Eval Loss: 0.4067, Accuracy: 0.8753, Precision: 0.8767, Recall: 0.8753, F1-Score: 0.8755
2025-01-13 18:04:49,318 - INFO - Epoch 82 - Train Loss: 0.2063, Accuracy: 0.9265, Precision: 0.9265, Recall: 0.9265, F1-Score: 0.9265
2025-01-13 18:04:50,540 - INFO - Epoch 82 - Eval Loss: 0.3889, Accuracy: 0.8784, Precision: 0.8790, Recall: 0.8784, F1-Score: 0.8785
2025-01-13 18:04:57,577 - INFO - Epoch 83 - Train Loss: 0.2022, Accuracy: 0.9296, Precision: 0.9295, Recall: 0.9296, F1-Score: 0.9295
2025-01-13 18:04:58,805 - INFO - Epoch 83 - Eval Loss: 0.4223, Accuracy: 0.8725, Precision: 0.8744, Recall: 0.8725, F1-Score: 0.8722
2025-01-13 18:05:05,681 - INFO - Epoch 84 - Train Loss: 0.1981, Accuracy: 0.9294, Precision: 0.9294, Recall: 0.9294, F1-Score: 0.9294
2025-01-13 18:05:06,867 - INFO - Epoch 84 - Eval Loss: 0.4124, Accuracy: 0.8737, Precision: 0.8750, Recall: 0.8737, F1-Score: 0.8737
2025-01-13 18:05:13,842 - INFO - Epoch 85 - Train Loss: 0.1928, Accuracy: 0.9315, Precision: 0.9315, Recall: 0.9315, F1-Score: 0.9315
2025-01-13 18:05:15,009 - INFO - Epoch 85 - Eval Loss: 0.4062, Accuracy: 0.8730, Precision: 0.8762, Recall: 0.8730, F1-Score: 0.8738
2025-01-13 18:05:21,995 - INFO - Epoch 86 - Train Loss: 0.1986, Accuracy: 0.9292, Precision: 0.9292, Recall: 0.9292, F1-Score: 0.9292
2025-01-13 18:05:23,314 - INFO - Epoch 86 - Eval Loss: 0.4138, Accuracy: 0.8730, Precision: 0.8752, Recall: 0.8730, F1-Score: 0.8733
2025-01-13 18:05:30,234 - INFO - Epoch 87 - Train Loss: 0.1932, Accuracy: 0.9301, Precision: 0.9301, Recall: 0.9301, F1-Score: 0.9300
2025-01-13 18:05:31,366 - INFO - Epoch 87 - Eval Loss: 0.3999, Accuracy: 0.8797, Precision: 0.8834, Recall: 0.8797, F1-Score: 0.8805
2025-01-13 18:05:38,271 - INFO - Epoch 88 - Train Loss: 0.1882, Accuracy: 0.9336, Precision: 0.9336, Recall: 0.9336, F1-Score: 0.9336
2025-01-13 18:05:39,494 - INFO - Epoch 88 - Eval Loss: 0.4159, Accuracy: 0.8693, Precision: 0.8693, Recall: 0.8693, F1-Score: 0.8683
2025-01-13 18:05:46,476 - INFO - Epoch 89 - Train Loss: 0.1920, Accuracy: 0.9312, Precision: 0.9312, Recall: 0.9312, F1-Score: 0.9312
2025-01-13 18:05:47,664 - INFO - Epoch 89 - Eval Loss: 0.4116, Accuracy: 0.8773, Precision: 0.8795, Recall: 0.8773, F1-Score: 0.8773
2025-01-13 18:05:54,583 - INFO - Epoch 90 - Train Loss: 0.1841, Accuracy: 0.9358, Precision: 0.9357, Recall: 0.9358, F1-Score: 0.9358
2025-01-13 18:05:55,757 - INFO - Epoch 90 - Eval Loss: 0.4322, Accuracy: 0.8697, Precision: 0.8736, Recall: 0.8697, F1-Score: 0.8707
2025-01-13 18:06:02,678 - INFO - Epoch 91 - Train Loss: 0.1874, Accuracy: 0.9341, Precision: 0.9340, Recall: 0.9341, F1-Score: 0.9340
2025-01-13 18:06:03,870 - INFO - Epoch 91 - Eval Loss: 0.4041, Accuracy: 0.8787, Precision: 0.8796, Recall: 0.8787, F1-Score: 0.8790
2025-01-13 18:06:10,857 - INFO - Epoch 92 - Train Loss: 0.1847, Accuracy: 0.9346, Precision: 0.9346, Recall: 0.9346, F1-Score: 0.9345
2025-01-13 18:06:12,160 - INFO - Epoch 92 - Eval Loss: 0.4479, Accuracy: 0.8696, Precision: 0.8724, Recall: 0.8696, F1-Score: 0.8699
2025-01-13 18:06:19,044 - INFO - Epoch 93 - Train Loss: 0.1820, Accuracy: 0.9356, Precision: 0.9356, Recall: 0.9356, F1-Score: 0.9356
2025-01-13 18:06:20,234 - INFO - Epoch 93 - Eval Loss: 0.4127, Accuracy: 0.8745, Precision: 0.8747, Recall: 0.8745, F1-Score: 0.8744
2025-01-13 18:06:27,141 - INFO - Epoch 94 - Train Loss: 0.1810, Accuracy: 0.9371, Precision: 0.9371, Recall: 0.9371, F1-Score: 0.9371
2025-01-13 18:06:28,310 - INFO - Epoch 94 - Eval Loss: 0.3997, Accuracy: 0.8768, Precision: 0.8774, Recall: 0.8768, F1-Score: 0.8765
2025-01-13 18:06:35,185 - INFO - Epoch 95 - Train Loss: 0.1732, Accuracy: 0.9392, Precision: 0.9393, Recall: 0.9392, F1-Score: 0.9392
2025-01-13 18:06:36,261 - INFO - Epoch 95 - Eval Loss: 0.4031, Accuracy: 0.8761, Precision: 0.8765, Recall: 0.8761, F1-Score: 0.8758
2025-01-13 18:06:43,110 - INFO - Epoch 96 - Train Loss: 0.1810, Accuracy: 0.9360, Precision: 0.9361, Recall: 0.9360, F1-Score: 0.9360
2025-01-13 18:06:44,275 - INFO - Epoch 96 - Eval Loss: 0.4423, Accuracy: 0.8666, Precision: 0.8705, Recall: 0.8666, F1-Score: 0.8656
2025-01-13 18:06:51,154 - INFO - Epoch 97 - Train Loss: 0.1744, Accuracy: 0.9363, Precision: 0.9363, Recall: 0.9363, F1-Score: 0.9363
2025-01-13 18:06:52,409 - INFO - Epoch 97 - Eval Loss: 0.4217, Accuracy: 0.8732, Precision: 0.8740, Recall: 0.8732, F1-Score: 0.8725
2025-01-13 18:06:59,460 - INFO - Epoch 98 - Train Loss: 0.1737, Accuracy: 0.9376, Precision: 0.9376, Recall: 0.9376, F1-Score: 0.9376
2025-01-13 18:07:00,708 - INFO - Epoch 98 - Eval Loss: 0.4213, Accuracy: 0.8751, Precision: 0.8769, Recall: 0.8751, F1-Score: 0.8749
2025-01-13 18:07:07,628 - INFO - Epoch 99 - Train Loss: 0.1729, Accuracy: 0.9392, Precision: 0.9393, Recall: 0.9392, F1-Score: 0.9393
2025-01-13 18:07:08,852 - INFO - Epoch 99 - Eval Loss: 0.4196, Accuracy: 0.8750, Precision: 0.8763, Recall: 0.8750, F1-Score: 0.8747
2025-01-13 18:07:08,852 - INFO - Training finished
