2025-01-13 18:18:38,266 - INFO - Log file created at log/width_multiplier/cifar10_lr0.001_adam_wm1.25_20250113-181838.log
2025-01-13 18:18:38,315 - INFO - Using device cuda:2
2025-01-13 18:18:51,866 - INFO - Epoch 0 - Train Loss: 1.7313, Accuracy: 0.3733, Precision: 0.3677, Recall: 0.3733, F1-Score: 0.3692
2025-01-13 18:18:53,400 - INFO - Epoch 0 - Eval Loss: 1.3110, Accuracy: 0.5317, Precision: 0.5343, Recall: 0.5317, F1-Score: 0.5257
2025-01-13 18:19:02,548 - INFO - Epoch 1 - Train Loss: 1.2888, Accuracy: 0.5351, Precision: 0.5306, Recall: 0.5351, F1-Score: 0.5323
2025-01-13 18:19:03,920 - INFO - Epoch 1 - Eval Loss: 1.1156, Accuracy: 0.6065, Precision: 0.6139, Recall: 0.6065, F1-Score: 0.6012
2025-01-13 18:19:12,884 - INFO - Epoch 2 - Train Loss: 1.0926, Accuracy: 0.6118, Precision: 0.6089, Recall: 0.6118, F1-Score: 0.6101
2025-01-13 18:19:14,386 - INFO - Epoch 2 - Eval Loss: 0.9469, Accuracy: 0.6702, Precision: 0.6671, Recall: 0.6702, F1-Score: 0.6650
2025-01-13 18:19:23,392 - INFO - Epoch 3 - Train Loss: 0.9680, Accuracy: 0.6549, Precision: 0.6533, Recall: 0.6549, F1-Score: 0.6539
2025-01-13 18:19:24,841 - INFO - Epoch 3 - Eval Loss: 0.8648, Accuracy: 0.6989, Precision: 0.7018, Recall: 0.6989, F1-Score: 0.6961
2025-01-13 18:19:33,758 - INFO - Epoch 4 - Train Loss: 0.8680, Accuracy: 0.6923, Precision: 0.6910, Recall: 0.6923, F1-Score: 0.6915
2025-01-13 18:19:35,208 - INFO - Epoch 4 - Eval Loss: 0.7814, Accuracy: 0.7263, Precision: 0.7280, Recall: 0.7263, F1-Score: 0.7243
2025-01-13 18:19:44,007 - INFO - Epoch 5 - Train Loss: 0.8038, Accuracy: 0.7168, Precision: 0.7159, Recall: 0.7168, F1-Score: 0.7162
2025-01-13 18:19:45,432 - INFO - Epoch 5 - Eval Loss: 0.7348, Accuracy: 0.7450, Precision: 0.7491, Recall: 0.7450, F1-Score: 0.7442
2025-01-13 18:19:54,361 - INFO - Epoch 6 - Train Loss: 0.7523, Accuracy: 0.7348, Precision: 0.7341, Recall: 0.7348, F1-Score: 0.7343
2025-01-13 18:19:55,904 - INFO - Epoch 6 - Eval Loss: 0.6885, Accuracy: 0.7619, Precision: 0.7631, Recall: 0.7619, F1-Score: 0.7602
2025-01-13 18:20:04,761 - INFO - Epoch 7 - Train Loss: 0.7066, Accuracy: 0.7546, Precision: 0.7541, Recall: 0.7546, F1-Score: 0.7542
2025-01-13 18:20:06,336 - INFO - Epoch 7 - Eval Loss: 0.6780, Accuracy: 0.7655, Precision: 0.7657, Recall: 0.7655, F1-Score: 0.7638
2025-01-13 18:20:15,277 - INFO - Epoch 8 - Train Loss: 0.6727, Accuracy: 0.7636, Precision: 0.7630, Recall: 0.7636, F1-Score: 0.7631
2025-01-13 18:20:16,773 - INFO - Epoch 8 - Eval Loss: 0.6401, Accuracy: 0.7792, Precision: 0.7790, Recall: 0.7792, F1-Score: 0.7759
2025-01-13 18:20:25,607 - INFO - Epoch 9 - Train Loss: 0.6395, Accuracy: 0.7763, Precision: 0.7759, Recall: 0.7763, F1-Score: 0.7760
2025-01-13 18:20:27,123 - INFO - Epoch 9 - Eval Loss: 0.6129, Accuracy: 0.7893, Precision: 0.7927, Recall: 0.7893, F1-Score: 0.7898
2025-01-13 18:20:35,986 - INFO - Epoch 10 - Train Loss: 0.6151, Accuracy: 0.7847, Precision: 0.7845, Recall: 0.7847, F1-Score: 0.7845
2025-01-13 18:20:37,507 - INFO - Epoch 10 - Eval Loss: 0.5775, Accuracy: 0.8020, Precision: 0.8033, Recall: 0.8020, F1-Score: 0.8016
2025-01-13 18:20:46,485 - INFO - Epoch 11 - Train Loss: 0.5909, Accuracy: 0.7942, Precision: 0.7940, Recall: 0.7942, F1-Score: 0.7940
2025-01-13 18:20:47,941 - INFO - Epoch 11 - Eval Loss: 0.5782, Accuracy: 0.8007, Precision: 0.8046, Recall: 0.8007, F1-Score: 0.7994
2025-01-13 18:20:56,873 - INFO - Epoch 12 - Train Loss: 0.5752, Accuracy: 0.7999, Precision: 0.7998, Recall: 0.7999, F1-Score: 0.7998
2025-01-13 18:20:58,271 - INFO - Epoch 12 - Eval Loss: 0.5914, Accuracy: 0.7998, Precision: 0.8003, Recall: 0.7998, F1-Score: 0.7961
2025-01-13 18:21:07,095 - INFO - Epoch 13 - Train Loss: 0.5471, Accuracy: 0.8109, Precision: 0.8105, Recall: 0.8109, F1-Score: 0.8106
2025-01-13 18:21:08,633 - INFO - Epoch 13 - Eval Loss: 0.5512, Accuracy: 0.8074, Precision: 0.8105, Recall: 0.8074, F1-Score: 0.8053
2025-01-13 18:21:17,573 - INFO - Epoch 14 - Train Loss: 0.5367, Accuracy: 0.8135, Precision: 0.8136, Recall: 0.8135, F1-Score: 0.8135
2025-01-13 18:21:19,044 - INFO - Epoch 14 - Eval Loss: 0.5827, Accuracy: 0.8040, Precision: 0.8037, Recall: 0.8040, F1-Score: 0.7998
2025-01-13 18:21:27,756 - INFO - Epoch 15 - Train Loss: 0.5194, Accuracy: 0.8196, Precision: 0.8195, Recall: 0.8196, F1-Score: 0.8195
2025-01-13 18:21:29,174 - INFO - Epoch 15 - Eval Loss: 0.5437, Accuracy: 0.8130, Precision: 0.8161, Recall: 0.8130, F1-Score: 0.8121
2025-01-13 18:21:38,137 - INFO - Epoch 16 - Train Loss: 0.5086, Accuracy: 0.8227, Precision: 0.8225, Recall: 0.8227, F1-Score: 0.8226
2025-01-13 18:21:39,653 - INFO - Epoch 16 - Eval Loss: 0.5401, Accuracy: 0.8151, Precision: 0.8178, Recall: 0.8151, F1-Score: 0.8144
2025-01-13 18:21:48,511 - INFO - Epoch 17 - Train Loss: 0.4903, Accuracy: 0.8293, Precision: 0.8293, Recall: 0.8293, F1-Score: 0.8292
2025-01-13 18:21:50,055 - INFO - Epoch 17 - Eval Loss: 0.4990, Accuracy: 0.8301, Precision: 0.8300, Recall: 0.8301, F1-Score: 0.8287
2025-01-13 18:21:58,918 - INFO - Epoch 18 - Train Loss: 0.4728, Accuracy: 0.8357, Precision: 0.8355, Recall: 0.8357, F1-Score: 0.8355
2025-01-13 18:22:00,340 - INFO - Epoch 18 - Eval Loss: 0.5138, Accuracy: 0.8301, Precision: 0.8346, Recall: 0.8301, F1-Score: 0.8295
2025-01-13 18:22:09,169 - INFO - Epoch 19 - Train Loss: 0.4607, Accuracy: 0.8408, Precision: 0.8407, Recall: 0.8408, F1-Score: 0.8407
2025-01-13 18:22:10,676 - INFO - Epoch 19 - Eval Loss: 0.5171, Accuracy: 0.8277, Precision: 0.8319, Recall: 0.8277, F1-Score: 0.8285
2025-01-13 18:22:19,565 - INFO - Epoch 20 - Train Loss: 0.4534, Accuracy: 0.8429, Precision: 0.8427, Recall: 0.8429, F1-Score: 0.8428
2025-01-13 18:22:20,959 - INFO - Epoch 20 - Eval Loss: 0.5038, Accuracy: 0.8281, Precision: 0.8300, Recall: 0.8281, F1-Score: 0.8280
2025-01-13 18:22:29,918 - INFO - Epoch 21 - Train Loss: 0.4436, Accuracy: 0.8443, Precision: 0.8443, Recall: 0.8443, F1-Score: 0.8442
2025-01-13 18:22:31,322 - INFO - Epoch 21 - Eval Loss: 0.4657, Accuracy: 0.8399, Precision: 0.8422, Recall: 0.8399, F1-Score: 0.8403
2025-01-13 18:22:40,131 - INFO - Epoch 22 - Train Loss: 0.4305, Accuracy: 0.8505, Precision: 0.8503, Recall: 0.8505, F1-Score: 0.8503
2025-01-13 18:22:41,599 - INFO - Epoch 22 - Eval Loss: 0.4761, Accuracy: 0.8357, Precision: 0.8387, Recall: 0.8357, F1-Score: 0.8343
2025-01-13 18:22:50,444 - INFO - Epoch 23 - Train Loss: 0.4243, Accuracy: 0.8523, Precision: 0.8522, Recall: 0.8523, F1-Score: 0.8522
2025-01-13 18:22:51,869 - INFO - Epoch 23 - Eval Loss: 0.4740, Accuracy: 0.8407, Precision: 0.8424, Recall: 0.8407, F1-Score: 0.8397
2025-01-13 18:23:00,721 - INFO - Epoch 24 - Train Loss: 0.4121, Accuracy: 0.8560, Precision: 0.8558, Recall: 0.8560, F1-Score: 0.8558
2025-01-13 18:23:02,168 - INFO - Epoch 24 - Eval Loss: 0.4654, Accuracy: 0.8386, Precision: 0.8421, Recall: 0.8386, F1-Score: 0.8381
2025-01-13 18:23:11,035 - INFO - Epoch 25 - Train Loss: 0.4121, Accuracy: 0.8560, Precision: 0.8558, Recall: 0.8560, F1-Score: 0.8558
2025-01-13 18:23:12,499 - INFO - Epoch 25 - Eval Loss: 0.5023, Accuracy: 0.8290, Precision: 0.8330, Recall: 0.8290, F1-Score: 0.8282
2025-01-13 18:23:21,456 - INFO - Epoch 26 - Train Loss: 0.3955, Accuracy: 0.8627, Precision: 0.8627, Recall: 0.8627, F1-Score: 0.8626
2025-01-13 18:23:22,934 - INFO - Epoch 26 - Eval Loss: 0.4497, Accuracy: 0.8470, Precision: 0.8486, Recall: 0.8470, F1-Score: 0.8465
2025-01-13 18:23:31,745 - INFO - Epoch 27 - Train Loss: 0.3904, Accuracy: 0.8630, Precision: 0.8630, Recall: 0.8630, F1-Score: 0.8629
2025-01-13 18:23:33,199 - INFO - Epoch 27 - Eval Loss: 0.4385, Accuracy: 0.8526, Precision: 0.8525, Recall: 0.8526, F1-Score: 0.8518
2025-01-13 18:23:42,075 - INFO - Epoch 28 - Train Loss: 0.3804, Accuracy: 0.8672, Precision: 0.8671, Recall: 0.8672, F1-Score: 0.8671
2025-01-13 18:23:43,603 - INFO - Epoch 28 - Eval Loss: 0.4287, Accuracy: 0.8542, Precision: 0.8544, Recall: 0.8542, F1-Score: 0.8541
2025-01-13 18:23:52,510 - INFO - Epoch 29 - Train Loss: 0.3750, Accuracy: 0.8703, Precision: 0.8701, Recall: 0.8703, F1-Score: 0.8702
2025-01-13 18:23:53,989 - INFO - Epoch 29 - Eval Loss: 0.4485, Accuracy: 0.8477, Precision: 0.8483, Recall: 0.8477, F1-Score: 0.8471
2025-01-13 18:24:02,720 - INFO - Epoch 30 - Train Loss: 0.3704, Accuracy: 0.8713, Precision: 0.8714, Recall: 0.8713, F1-Score: 0.8713
2025-01-13 18:24:04,226 - INFO - Epoch 30 - Eval Loss: 0.4339, Accuracy: 0.8536, Precision: 0.8540, Recall: 0.8536, F1-Score: 0.8531
2025-01-13 18:24:13,083 - INFO - Epoch 31 - Train Loss: 0.3641, Accuracy: 0.8734, Precision: 0.8733, Recall: 0.8734, F1-Score: 0.8733
2025-01-13 18:24:14,810 - INFO - Epoch 31 - Eval Loss: 0.4356, Accuracy: 0.8529, Precision: 0.8545, Recall: 0.8529, F1-Score: 0.8529
2025-01-13 18:24:23,702 - INFO - Epoch 32 - Train Loss: 0.3581, Accuracy: 0.8744, Precision: 0.8744, Recall: 0.8744, F1-Score: 0.8744
2025-01-13 18:24:25,165 - INFO - Epoch 32 - Eval Loss: 0.4448, Accuracy: 0.8562, Precision: 0.8566, Recall: 0.8562, F1-Score: 0.8556
2025-01-13 18:24:34,010 - INFO - Epoch 33 - Train Loss: 0.3495, Accuracy: 0.8775, Precision: 0.8775, Recall: 0.8775, F1-Score: 0.8775
2025-01-13 18:24:35,412 - INFO - Epoch 33 - Eval Loss: 0.4300, Accuracy: 0.8544, Precision: 0.8566, Recall: 0.8544, F1-Score: 0.8541
2025-01-13 18:24:44,267 - INFO - Epoch 34 - Train Loss: 0.3426, Accuracy: 0.8813, Precision: 0.8813, Recall: 0.8813, F1-Score: 0.8812
2025-01-13 18:24:45,735 - INFO - Epoch 34 - Eval Loss: 0.4186, Accuracy: 0.8555, Precision: 0.8568, Recall: 0.8555, F1-Score: 0.8558
2025-01-13 18:24:54,737 - INFO - Epoch 35 - Train Loss: 0.3368, Accuracy: 0.8826, Precision: 0.8826, Recall: 0.8826, F1-Score: 0.8826
2025-01-13 18:24:56,288 - INFO - Epoch 35 - Eval Loss: 0.4202, Accuracy: 0.8596, Precision: 0.8601, Recall: 0.8596, F1-Score: 0.8592
2025-01-13 18:25:05,114 - INFO - Epoch 36 - Train Loss: 0.3356, Accuracy: 0.8838, Precision: 0.8838, Recall: 0.8838, F1-Score: 0.8837
2025-01-13 18:25:06,589 - INFO - Epoch 36 - Eval Loss: 0.4325, Accuracy: 0.8569, Precision: 0.8590, Recall: 0.8569, F1-Score: 0.8562
2025-01-13 18:25:15,428 - INFO - Epoch 37 - Train Loss: 0.3234, Accuracy: 0.8888, Precision: 0.8887, Recall: 0.8888, F1-Score: 0.8887
2025-01-13 18:25:16,922 - INFO - Epoch 37 - Eval Loss: 0.4305, Accuracy: 0.8557, Precision: 0.8580, Recall: 0.8557, F1-Score: 0.8561
2025-01-13 18:25:25,983 - INFO - Epoch 38 - Train Loss: 0.3174, Accuracy: 0.8882, Precision: 0.8882, Recall: 0.8882, F1-Score: 0.8882
2025-01-13 18:25:27,469 - INFO - Epoch 38 - Eval Loss: 0.4276, Accuracy: 0.8601, Precision: 0.8620, Recall: 0.8601, F1-Score: 0.8602
2025-01-13 18:25:36,393 - INFO - Epoch 39 - Train Loss: 0.3142, Accuracy: 0.8889, Precision: 0.8888, Recall: 0.8889, F1-Score: 0.8888
2025-01-13 18:25:37,864 - INFO - Epoch 39 - Eval Loss: 0.4070, Accuracy: 0.8620, Precision: 0.8662, Recall: 0.8620, F1-Score: 0.8628
2025-01-13 18:25:46,708 - INFO - Epoch 40 - Train Loss: 0.3108, Accuracy: 0.8918, Precision: 0.8918, Recall: 0.8918, F1-Score: 0.8918
2025-01-13 18:25:48,134 - INFO - Epoch 40 - Eval Loss: 0.4263, Accuracy: 0.8592, Precision: 0.8641, Recall: 0.8592, F1-Score: 0.8599
2025-01-13 18:25:57,001 - INFO - Epoch 41 - Train Loss: 0.3145, Accuracy: 0.8901, Precision: 0.8901, Recall: 0.8901, F1-Score: 0.8901
2025-01-13 18:25:58,553 - INFO - Epoch 41 - Eval Loss: 0.4271, Accuracy: 0.8565, Precision: 0.8570, Recall: 0.8565, F1-Score: 0.8556
2025-01-13 18:26:07,389 - INFO - Epoch 42 - Train Loss: 0.3068, Accuracy: 0.8916, Precision: 0.8916, Recall: 0.8916, F1-Score: 0.8916
2025-01-13 18:26:08,829 - INFO - Epoch 42 - Eval Loss: 0.4307, Accuracy: 0.8594, Precision: 0.8642, Recall: 0.8594, F1-Score: 0.8599
2025-01-13 18:26:17,685 - INFO - Epoch 43 - Train Loss: 0.2939, Accuracy: 0.8983, Precision: 0.8984, Recall: 0.8983, F1-Score: 0.8983
2025-01-13 18:26:19,179 - INFO - Epoch 43 - Eval Loss: 0.4330, Accuracy: 0.8591, Precision: 0.8610, Recall: 0.8591, F1-Score: 0.8592
2025-01-13 18:26:28,254 - INFO - Epoch 44 - Train Loss: 0.2967, Accuracy: 0.8960, Precision: 0.8959, Recall: 0.8960, F1-Score: 0.8959
2025-01-13 18:26:29,832 - INFO - Epoch 44 - Eval Loss: 0.4411, Accuracy: 0.8537, Precision: 0.8584, Recall: 0.8537, F1-Score: 0.8528
2025-01-13 18:26:38,682 - INFO - Epoch 45 - Train Loss: 0.2920, Accuracy: 0.8979, Precision: 0.8978, Recall: 0.8979, F1-Score: 0.8978
2025-01-13 18:26:40,170 - INFO - Epoch 45 - Eval Loss: 0.4284, Accuracy: 0.8611, Precision: 0.8624, Recall: 0.8611, F1-Score: 0.8603
2025-01-13 18:26:49,090 - INFO - Epoch 46 - Train Loss: 0.2872, Accuracy: 0.8983, Precision: 0.8984, Recall: 0.8983, F1-Score: 0.8983
2025-01-13 18:26:50,607 - INFO - Epoch 46 - Eval Loss: 0.4346, Accuracy: 0.8595, Precision: 0.8585, Recall: 0.8595, F1-Score: 0.8579
2025-01-13 18:26:59,525 - INFO - Epoch 47 - Train Loss: 0.2824, Accuracy: 0.8997, Precision: 0.8997, Recall: 0.8997, F1-Score: 0.8997
2025-01-13 18:27:01,239 - INFO - Epoch 47 - Eval Loss: 0.4212, Accuracy: 0.8634, Precision: 0.8652, Recall: 0.8634, F1-Score: 0.8632
2025-01-13 18:27:10,179 - INFO - Epoch 48 - Train Loss: 0.2706, Accuracy: 0.9059, Precision: 0.9058, Recall: 0.9059, F1-Score: 0.9058
2025-01-13 18:27:11,761 - INFO - Epoch 48 - Eval Loss: 0.4026, Accuracy: 0.8662, Precision: 0.8679, Recall: 0.8662, F1-Score: 0.8663
2025-01-13 18:27:20,599 - INFO - Epoch 49 - Train Loss: 0.2770, Accuracy: 0.9015, Precision: 0.9015, Recall: 0.9015, F1-Score: 0.9015
2025-01-13 18:27:22,006 - INFO - Epoch 49 - Eval Loss: 0.4076, Accuracy: 0.8714, Precision: 0.8720, Recall: 0.8714, F1-Score: 0.8714
2025-01-13 18:27:30,894 - INFO - Epoch 50 - Train Loss: 0.2735, Accuracy: 0.9048, Precision: 0.9048, Recall: 0.9048, F1-Score: 0.9048
2025-01-13 18:27:32,388 - INFO - Epoch 50 - Eval Loss: 0.3992, Accuracy: 0.8705, Precision: 0.8710, Recall: 0.8705, F1-Score: 0.8703
2025-01-13 18:27:41,370 - INFO - Epoch 51 - Train Loss: 0.2655, Accuracy: 0.9067, Precision: 0.9066, Recall: 0.9067, F1-Score: 0.9066
2025-01-13 18:27:42,835 - INFO - Epoch 51 - Eval Loss: 0.4203, Accuracy: 0.8653, Precision: 0.8698, Recall: 0.8653, F1-Score: 0.8656
2025-01-13 18:27:51,666 - INFO - Epoch 52 - Train Loss: 0.2624, Accuracy: 0.9085, Precision: 0.9086, Recall: 0.9085, F1-Score: 0.9085
2025-01-13 18:27:53,078 - INFO - Epoch 52 - Eval Loss: 0.4282, Accuracy: 0.8595, Precision: 0.8639, Recall: 0.8595, F1-Score: 0.8586
2025-01-13 18:28:01,973 - INFO - Epoch 53 - Train Loss: 0.2598, Accuracy: 0.9082, Precision: 0.9081, Recall: 0.9082, F1-Score: 0.9082
2025-01-13 18:28:03,492 - INFO - Epoch 53 - Eval Loss: 0.4109, Accuracy: 0.8698, Precision: 0.8701, Recall: 0.8698, F1-Score: 0.8685
2025-01-13 18:28:12,512 - INFO - Epoch 54 - Train Loss: 0.2577, Accuracy: 0.9096, Precision: 0.9096, Recall: 0.9096, F1-Score: 0.9096
2025-01-13 18:28:14,022 - INFO - Epoch 54 - Eval Loss: 0.3944, Accuracy: 0.8726, Precision: 0.8732, Recall: 0.8726, F1-Score: 0.8719
2025-01-13 18:28:22,882 - INFO - Epoch 55 - Train Loss: 0.2519, Accuracy: 0.9124, Precision: 0.9124, Recall: 0.9124, F1-Score: 0.9124
2025-01-13 18:28:24,338 - INFO - Epoch 55 - Eval Loss: 0.4073, Accuracy: 0.8684, Precision: 0.8695, Recall: 0.8684, F1-Score: 0.8683
2025-01-13 18:28:33,284 - INFO - Epoch 56 - Train Loss: 0.2439, Accuracy: 0.9139, Precision: 0.9138, Recall: 0.9139, F1-Score: 0.9138
2025-01-13 18:28:34,728 - INFO - Epoch 56 - Eval Loss: 0.4174, Accuracy: 0.8678, Precision: 0.8706, Recall: 0.8678, F1-Score: 0.8686
2025-01-13 18:28:43,586 - INFO - Epoch 57 - Train Loss: 0.2478, Accuracy: 0.9128, Precision: 0.9127, Recall: 0.9128, F1-Score: 0.9127
2025-01-13 18:28:45,125 - INFO - Epoch 57 - Eval Loss: 0.4151, Accuracy: 0.8670, Precision: 0.8678, Recall: 0.8670, F1-Score: 0.8668
2025-01-13 18:28:54,021 - INFO - Epoch 58 - Train Loss: 0.2421, Accuracy: 0.9149, Precision: 0.9149, Recall: 0.9149, F1-Score: 0.9149
2025-01-13 18:28:55,539 - INFO - Epoch 58 - Eval Loss: 0.4162, Accuracy: 0.8684, Precision: 0.8698, Recall: 0.8684, F1-Score: 0.8666
2025-01-13 18:29:04,399 - INFO - Epoch 59 - Train Loss: 0.2425, Accuracy: 0.9147, Precision: 0.9147, Recall: 0.9147, F1-Score: 0.9147
2025-01-13 18:29:05,825 - INFO - Epoch 59 - Eval Loss: 0.4150, Accuracy: 0.8662, Precision: 0.8694, Recall: 0.8662, F1-Score: 0.8663
2025-01-13 18:29:14,773 - INFO - Epoch 60 - Train Loss: 0.2410, Accuracy: 0.9149, Precision: 0.9149, Recall: 0.9149, F1-Score: 0.9149
2025-01-13 18:29:16,206 - INFO - Epoch 60 - Eval Loss: 0.4154, Accuracy: 0.8677, Precision: 0.8688, Recall: 0.8677, F1-Score: 0.8670
2025-01-13 18:29:25,142 - INFO - Epoch 61 - Train Loss: 0.2336, Accuracy: 0.9177, Precision: 0.9177, Recall: 0.9177, F1-Score: 0.9177
2025-01-13 18:29:26,512 - INFO - Epoch 61 - Eval Loss: 0.4000, Accuracy: 0.8706, Precision: 0.8748, Recall: 0.8706, F1-Score: 0.8709
2025-01-13 18:29:35,417 - INFO - Epoch 62 - Train Loss: 0.2347, Accuracy: 0.9182, Precision: 0.9182, Recall: 0.9182, F1-Score: 0.9182
2025-01-13 18:29:36,927 - INFO - Epoch 62 - Eval Loss: 0.3909, Accuracy: 0.8769, Precision: 0.8781, Recall: 0.8769, F1-Score: 0.8773
2025-01-13 18:29:45,742 - INFO - Epoch 63 - Train Loss: 0.2275, Accuracy: 0.9195, Precision: 0.9195, Recall: 0.9195, F1-Score: 0.9195
2025-01-13 18:29:47,307 - INFO - Epoch 63 - Eval Loss: 0.3996, Accuracy: 0.8700, Precision: 0.8723, Recall: 0.8700, F1-Score: 0.8700
2025-01-13 18:29:56,315 - INFO - Epoch 64 - Train Loss: 0.2177, Accuracy: 0.9246, Precision: 0.9246, Recall: 0.9246, F1-Score: 0.9246
2025-01-13 18:29:57,812 - INFO - Epoch 64 - Eval Loss: 0.4195, Accuracy: 0.8682, Precision: 0.8731, Recall: 0.8682, F1-Score: 0.8693
2025-01-13 18:30:06,744 - INFO - Epoch 65 - Train Loss: 0.2211, Accuracy: 0.9224, Precision: 0.9225, Recall: 0.9224, F1-Score: 0.9224
2025-01-13 18:30:08,222 - INFO - Epoch 65 - Eval Loss: 0.4127, Accuracy: 0.8728, Precision: 0.8726, Recall: 0.8728, F1-Score: 0.8718
2025-01-13 18:30:17,149 - INFO - Epoch 66 - Train Loss: 0.2224, Accuracy: 0.9213, Precision: 0.9213, Recall: 0.9213, F1-Score: 0.9213
2025-01-13 18:30:18,591 - INFO - Epoch 66 - Eval Loss: 0.3870, Accuracy: 0.8766, Precision: 0.8762, Recall: 0.8766, F1-Score: 0.8761
2025-01-13 18:30:27,530 - INFO - Epoch 67 - Train Loss: 0.2197, Accuracy: 0.9236, Precision: 0.9236, Recall: 0.9236, F1-Score: 0.9236
2025-01-13 18:30:29,067 - INFO - Epoch 67 - Eval Loss: 0.4197, Accuracy: 0.8678, Precision: 0.8685, Recall: 0.8678, F1-Score: 0.8673
2025-01-13 18:30:37,932 - INFO - Epoch 68 - Train Loss: 0.2145, Accuracy: 0.9243, Precision: 0.9244, Recall: 0.9243, F1-Score: 0.9243
2025-01-13 18:30:39,416 - INFO - Epoch 68 - Eval Loss: 0.4074, Accuracy: 0.8774, Precision: 0.8776, Recall: 0.8774, F1-Score: 0.8769
2025-01-13 18:30:48,435 - INFO - Epoch 69 - Train Loss: 0.2160, Accuracy: 0.9234, Precision: 0.9234, Recall: 0.9234, F1-Score: 0.9234
2025-01-13 18:30:49,917 - INFO - Epoch 69 - Eval Loss: 0.4022, Accuracy: 0.8743, Precision: 0.8750, Recall: 0.8743, F1-Score: 0.8734
2025-01-13 18:30:58,913 - INFO - Epoch 70 - Train Loss: 0.2105, Accuracy: 0.9261, Precision: 0.9261, Recall: 0.9261, F1-Score: 0.9261
2025-01-13 18:31:00,451 - INFO - Epoch 70 - Eval Loss: 0.4168, Accuracy: 0.8707, Precision: 0.8752, Recall: 0.8707, F1-Score: 0.8701
2025-01-13 18:31:09,341 - INFO - Epoch 71 - Train Loss: 0.2085, Accuracy: 0.9280, Precision: 0.9280, Recall: 0.9280, F1-Score: 0.9280
2025-01-13 18:31:10,858 - INFO - Epoch 71 - Eval Loss: 0.4141, Accuracy: 0.8737, Precision: 0.8752, Recall: 0.8737, F1-Score: 0.8729
2025-01-13 18:31:19,768 - INFO - Epoch 72 - Train Loss: 0.2040, Accuracy: 0.9291, Precision: 0.9291, Recall: 0.9291, F1-Score: 0.9291
2025-01-13 18:31:21,328 - INFO - Epoch 72 - Eval Loss: 0.4500, Accuracy: 0.8641, Precision: 0.8670, Recall: 0.8641, F1-Score: 0.8634
2025-01-13 18:31:30,250 - INFO - Epoch 73 - Train Loss: 0.2027, Accuracy: 0.9275, Precision: 0.9275, Recall: 0.9275, F1-Score: 0.9275
2025-01-13 18:31:31,771 - INFO - Epoch 73 - Eval Loss: 0.4025, Accuracy: 0.8762, Precision: 0.8784, Recall: 0.8762, F1-Score: 0.8765
2025-01-13 18:31:40,662 - INFO - Epoch 74 - Train Loss: 0.2037, Accuracy: 0.9285, Precision: 0.9285, Recall: 0.9285, F1-Score: 0.9285
2025-01-13 18:31:42,095 - INFO - Epoch 74 - Eval Loss: 0.3918, Accuracy: 0.8764, Precision: 0.8771, Recall: 0.8764, F1-Score: 0.8761
2025-01-13 18:31:51,031 - INFO - Epoch 75 - Train Loss: 0.1988, Accuracy: 0.9305, Precision: 0.9305, Recall: 0.9305, F1-Score: 0.9305
2025-01-13 18:31:52,502 - INFO - Epoch 75 - Eval Loss: 0.4230, Accuracy: 0.8744, Precision: 0.8755, Recall: 0.8744, F1-Score: 0.8736
2025-01-13 18:32:01,444 - INFO - Epoch 76 - Train Loss: 0.2035, Accuracy: 0.9286, Precision: 0.9286, Recall: 0.9286, F1-Score: 0.9286
2025-01-13 18:32:03,007 - INFO - Epoch 76 - Eval Loss: 0.3942, Accuracy: 0.8798, Precision: 0.8824, Recall: 0.8798, F1-Score: 0.8805
2025-01-13 18:32:11,932 - INFO - Epoch 77 - Train Loss: 0.1945, Accuracy: 0.9329, Precision: 0.9329, Recall: 0.9329, F1-Score: 0.9329
2025-01-13 18:32:13,417 - INFO - Epoch 77 - Eval Loss: 0.3894, Accuracy: 0.8781, Precision: 0.8777, Recall: 0.8781, F1-Score: 0.8773
2025-01-13 18:32:22,331 - INFO - Epoch 78 - Train Loss: 0.1902, Accuracy: 0.9323, Precision: 0.9324, Recall: 0.9323, F1-Score: 0.9324
2025-01-13 18:32:23,830 - INFO - Epoch 78 - Eval Loss: 0.3979, Accuracy: 0.8803, Precision: 0.8817, Recall: 0.8803, F1-Score: 0.8802
2025-01-13 18:32:32,665 - INFO - Epoch 79 - Train Loss: 0.1932, Accuracy: 0.9324, Precision: 0.9323, Recall: 0.9324, F1-Score: 0.9323
2025-01-13 18:32:34,240 - INFO - Epoch 79 - Eval Loss: 0.3967, Accuracy: 0.8788, Precision: 0.8788, Recall: 0.8788, F1-Score: 0.8782
2025-01-13 18:32:43,209 - INFO - Epoch 80 - Train Loss: 0.1917, Accuracy: 0.9325, Precision: 0.9325, Recall: 0.9325, F1-Score: 0.9325
2025-01-13 18:32:44,707 - INFO - Epoch 80 - Eval Loss: 0.4119, Accuracy: 0.8759, Precision: 0.8796, Recall: 0.8759, F1-Score: 0.8759
2025-01-13 18:32:53,633 - INFO - Epoch 81 - Train Loss: 0.1871, Accuracy: 0.9339, Precision: 0.9339, Recall: 0.9339, F1-Score: 0.9339
2025-01-13 18:32:55,076 - INFO - Epoch 81 - Eval Loss: 0.3961, Accuracy: 0.8757, Precision: 0.8766, Recall: 0.8757, F1-Score: 0.8751
2025-01-13 18:33:03,948 - INFO - Epoch 82 - Train Loss: 0.1873, Accuracy: 0.9338, Precision: 0.9338, Recall: 0.9338, F1-Score: 0.9338
2025-01-13 18:33:05,474 - INFO - Epoch 82 - Eval Loss: 0.3900, Accuracy: 0.8770, Precision: 0.8785, Recall: 0.8770, F1-Score: 0.8771
2025-01-13 18:33:14,499 - INFO - Epoch 83 - Train Loss: 0.1865, Accuracy: 0.9347, Precision: 0.9347, Recall: 0.9347, F1-Score: 0.9347
2025-01-13 18:33:16,050 - INFO - Epoch 83 - Eval Loss: 0.4108, Accuracy: 0.8795, Precision: 0.8827, Recall: 0.8795, F1-Score: 0.8801
2025-01-13 18:33:24,903 - INFO - Epoch 84 - Train Loss: 0.1823, Accuracy: 0.9354, Precision: 0.9354, Recall: 0.9354, F1-Score: 0.9354
2025-01-13 18:33:26,378 - INFO - Epoch 84 - Eval Loss: 0.4045, Accuracy: 0.8792, Precision: 0.8805, Recall: 0.8792, F1-Score: 0.8790
2025-01-13 18:33:35,356 - INFO - Epoch 85 - Train Loss: 0.1828, Accuracy: 0.9346, Precision: 0.9346, Recall: 0.9346, F1-Score: 0.9346
2025-01-13 18:33:36,852 - INFO - Epoch 85 - Eval Loss: 0.3946, Accuracy: 0.8752, Precision: 0.8768, Recall: 0.8752, F1-Score: 0.8753
2025-01-13 18:33:45,762 - INFO - Epoch 86 - Train Loss: 0.1791, Accuracy: 0.9366, Precision: 0.9366, Recall: 0.9366, F1-Score: 0.9366
2025-01-13 18:33:47,297 - INFO - Epoch 86 - Eval Loss: 0.4067, Accuracy: 0.8744, Precision: 0.8737, Recall: 0.8744, F1-Score: 0.8730
2025-01-13 18:33:56,278 - INFO - Epoch 87 - Train Loss: 0.1805, Accuracy: 0.9367, Precision: 0.9367, Recall: 0.9367, F1-Score: 0.9367
2025-01-13 18:33:57,677 - INFO - Epoch 87 - Eval Loss: 0.3958, Accuracy: 0.8821, Precision: 0.8826, Recall: 0.8821, F1-Score: 0.8820
2025-01-13 18:34:06,578 - INFO - Epoch 88 - Train Loss: 0.1771, Accuracy: 0.9382, Precision: 0.9382, Recall: 0.9382, F1-Score: 0.9382
2025-01-13 18:34:08,158 - INFO - Epoch 88 - Eval Loss: 0.4174, Accuracy: 0.8740, Precision: 0.8769, Recall: 0.8740, F1-Score: 0.8739
2025-01-13 18:34:17,102 - INFO - Epoch 89 - Train Loss: 0.1747, Accuracy: 0.9384, Precision: 0.9384, Recall: 0.9384, F1-Score: 0.9384
2025-01-13 18:34:18,617 - INFO - Epoch 89 - Eval Loss: 0.4441, Accuracy: 0.8684, Precision: 0.8734, Recall: 0.8684, F1-Score: 0.8683
2025-01-13 18:34:27,479 - INFO - Epoch 90 - Train Loss: 0.1717, Accuracy: 0.9398, Precision: 0.9398, Recall: 0.9398, F1-Score: 0.9398
2025-01-13 18:34:29,013 - INFO - Epoch 90 - Eval Loss: 0.3929, Accuracy: 0.8815, Precision: 0.8824, Recall: 0.8815, F1-Score: 0.8813
2025-01-13 18:34:37,911 - INFO - Epoch 91 - Train Loss: 0.1748, Accuracy: 0.9390, Precision: 0.9390, Recall: 0.9390, F1-Score: 0.9390
2025-01-13 18:34:39,376 - INFO - Epoch 91 - Eval Loss: 0.4354, Accuracy: 0.8712, Precision: 0.8745, Recall: 0.8712, F1-Score: 0.8705
2025-01-13 18:34:48,261 - INFO - Epoch 92 - Train Loss: 0.1743, Accuracy: 0.9388, Precision: 0.9388, Recall: 0.9388, F1-Score: 0.9388
2025-01-13 18:34:49,839 - INFO - Epoch 92 - Eval Loss: 0.4042, Accuracy: 0.8774, Precision: 0.8792, Recall: 0.8774, F1-Score: 0.8771
2025-01-13 18:34:58,686 - INFO - Epoch 93 - Train Loss: 0.1712, Accuracy: 0.9404, Precision: 0.9404, Recall: 0.9404, F1-Score: 0.9404
2025-01-13 18:35:00,099 - INFO - Epoch 93 - Eval Loss: 0.4193, Accuracy: 0.8777, Precision: 0.8799, Recall: 0.8777, F1-Score: 0.8774
2025-01-13 18:35:09,000 - INFO - Epoch 94 - Train Loss: 0.1684, Accuracy: 0.9411, Precision: 0.9411, Recall: 0.9411, F1-Score: 0.9411
2025-01-13 18:35:10,532 - INFO - Epoch 94 - Eval Loss: 0.4111, Accuracy: 0.8772, Precision: 0.8783, Recall: 0.8772, F1-Score: 0.8763
2025-01-13 18:35:19,364 - INFO - Epoch 95 - Train Loss: 0.1713, Accuracy: 0.9400, Precision: 0.9400, Recall: 0.9400, F1-Score: 0.9400
2025-01-13 18:35:20,917 - INFO - Epoch 95 - Eval Loss: 0.3981, Accuracy: 0.8830, Precision: 0.8832, Recall: 0.8830, F1-Score: 0.8827
2025-01-13 18:35:29,819 - INFO - Epoch 96 - Train Loss: 0.1667, Accuracy: 0.9412, Precision: 0.9412, Recall: 0.9412, F1-Score: 0.9412
2025-01-13 18:35:31,293 - INFO - Epoch 96 - Eval Loss: 0.4019, Accuracy: 0.8772, Precision: 0.8804, Recall: 0.8772, F1-Score: 0.8778
2025-01-13 18:35:40,206 - INFO - Epoch 97 - Train Loss: 0.1588, Accuracy: 0.9441, Precision: 0.9441, Recall: 0.9441, F1-Score: 0.9441
2025-01-13 18:35:41,645 - INFO - Epoch 97 - Eval Loss: 0.3756, Accuracy: 0.8871, Precision: 0.8880, Recall: 0.8871, F1-Score: 0.8872
2025-01-13 18:35:50,545 - INFO - Epoch 98 - Train Loss: 0.1574, Accuracy: 0.9450, Precision: 0.9450, Recall: 0.9450, F1-Score: 0.9450
2025-01-13 18:35:52,110 - INFO - Epoch 98 - Eval Loss: 0.4079, Accuracy: 0.8813, Precision: 0.8818, Recall: 0.8813, F1-Score: 0.8812
2025-01-13 18:36:01,027 - INFO - Epoch 99 - Train Loss: 0.1580, Accuracy: 0.9459, Precision: 0.9459, Recall: 0.9459, F1-Score: 0.9459
2025-01-13 18:36:02,571 - INFO - Epoch 99 - Eval Loss: 0.4098, Accuracy: 0.8810, Precision: 0.8809, Recall: 0.8810, F1-Score: 0.8806
2025-01-13 18:36:02,572 - INFO - Training finished
