2025-01-13 17:12:07,133 - INFO - Log file created at log/width_multiplier/cifar10_lr0.001_adam_wm0.5_20250113-171207.log
2025-01-13 17:12:07,179 - INFO - Using device cuda:2
2025-01-13 17:12:17,309 - INFO - Epoch 0 - Train Loss: 1.8488, Accuracy: 0.3194, Precision: 0.3135, Recall: 0.3194, F1-Score: 0.3143
2025-01-13 17:12:18,067 - INFO - Epoch 0 - Eval Loss: 1.5114, Accuracy: 0.4438, Precision: 0.4632, Recall: 0.4438, F1-Score: 0.4360
2025-01-13 17:12:23,962 - INFO - Epoch 1 - Train Loss: 1.5097, Accuracy: 0.4451, Precision: 0.4394, Recall: 0.4451, F1-Score: 0.4405
2025-01-13 17:12:24,706 - INFO - Epoch 1 - Eval Loss: 1.3247, Accuracy: 0.5108, Precision: 0.5181, Recall: 0.5108, F1-Score: 0.4965
2025-01-13 17:12:30,612 - INFO - Epoch 2 - Train Loss: 1.3438, Accuracy: 0.5100, Precision: 0.5051, Recall: 0.5100, F1-Score: 0.5068
2025-01-13 17:12:31,382 - INFO - Epoch 2 - Eval Loss: 1.1840, Accuracy: 0.5706, Precision: 0.5690, Recall: 0.5706, F1-Score: 0.5659
2025-01-13 17:12:37,237 - INFO - Epoch 3 - Train Loss: 1.2256, Accuracy: 0.5571, Precision: 0.5533, Recall: 0.5571, F1-Score: 0.5548
2025-01-13 17:12:38,020 - INFO - Epoch 3 - Eval Loss: 1.0932, Accuracy: 0.6122, Precision: 0.6110, Recall: 0.6122, F1-Score: 0.6076
2025-01-13 17:12:43,629 - INFO - Epoch 4 - Train Loss: 1.1355, Accuracy: 0.5926, Precision: 0.5889, Recall: 0.5926, F1-Score: 0.5904
2025-01-13 17:12:44,424 - INFO - Epoch 4 - Eval Loss: 1.0023, Accuracy: 0.6395, Precision: 0.6345, Recall: 0.6395, F1-Score: 0.6335
2025-01-13 17:12:50,176 - INFO - Epoch 5 - Train Loss: 1.0647, Accuracy: 0.6188, Precision: 0.6165, Recall: 0.6188, F1-Score: 0.6174
2025-01-13 17:12:50,985 - INFO - Epoch 5 - Eval Loss: 0.9708, Accuracy: 0.6555, Precision: 0.6554, Recall: 0.6555, F1-Score: 0.6491
2025-01-13 17:12:56,911 - INFO - Epoch 6 - Train Loss: 1.0025, Accuracy: 0.6422, Precision: 0.6400, Recall: 0.6422, F1-Score: 0.6409
2025-01-13 17:12:57,683 - INFO - Epoch 6 - Eval Loss: 0.9169, Accuracy: 0.6763, Precision: 0.6787, Recall: 0.6763, F1-Score: 0.6715
2025-01-13 17:13:03,423 - INFO - Epoch 7 - Train Loss: 0.9510, Accuracy: 0.6623, Precision: 0.6600, Recall: 0.6623, F1-Score: 0.6610
2025-01-13 17:13:04,175 - INFO - Epoch 7 - Eval Loss: 0.8619, Accuracy: 0.7018, Precision: 0.6983, Recall: 0.7018, F1-Score: 0.6956
2025-01-13 17:13:09,981 - INFO - Epoch 8 - Train Loss: 0.9033, Accuracy: 0.6779, Precision: 0.6758, Recall: 0.6779, F1-Score: 0.6766
2025-01-13 17:13:10,814 - INFO - Epoch 8 - Eval Loss: 0.8236, Accuracy: 0.7129, Precision: 0.7078, Recall: 0.7129, F1-Score: 0.7081
2025-01-13 17:13:16,814 - INFO - Epoch 9 - Train Loss: 0.8658, Accuracy: 0.6924, Precision: 0.6911, Recall: 0.6924, F1-Score: 0.6916
2025-01-13 17:13:17,575 - INFO - Epoch 9 - Eval Loss: 0.7753, Accuracy: 0.7305, Precision: 0.7309, Recall: 0.7305, F1-Score: 0.7275
2025-01-13 17:13:23,300 - INFO - Epoch 10 - Train Loss: 0.8273, Accuracy: 0.7070, Precision: 0.7055, Recall: 0.7070, F1-Score: 0.7061
2025-01-13 17:13:24,005 - INFO - Epoch 10 - Eval Loss: 0.7724, Accuracy: 0.7273, Precision: 0.7308, Recall: 0.7273, F1-Score: 0.7277
2025-01-13 17:13:29,763 - INFO - Epoch 11 - Train Loss: 0.8000, Accuracy: 0.7163, Precision: 0.7152, Recall: 0.7163, F1-Score: 0.7156
2025-01-13 17:13:30,541 - INFO - Epoch 11 - Eval Loss: 0.7396, Accuracy: 0.7374, Precision: 0.7385, Recall: 0.7374, F1-Score: 0.7359
2025-01-13 17:13:36,318 - INFO - Epoch 12 - Train Loss: 0.7721, Accuracy: 0.7246, Precision: 0.7233, Recall: 0.7246, F1-Score: 0.7238
2025-01-13 17:13:37,078 - INFO - Epoch 12 - Eval Loss: 0.7110, Accuracy: 0.7550, Precision: 0.7569, Recall: 0.7550, F1-Score: 0.7540
2025-01-13 17:13:42,626 - INFO - Epoch 13 - Train Loss: 0.7493, Accuracy: 0.7375, Precision: 0.7366, Recall: 0.7375, F1-Score: 0.7369
2025-01-13 17:13:43,420 - INFO - Epoch 13 - Eval Loss: 0.7051, Accuracy: 0.7547, Precision: 0.7526, Recall: 0.7547, F1-Score: 0.7505
2025-01-13 17:13:49,270 - INFO - Epoch 14 - Train Loss: 0.7277, Accuracy: 0.7422, Precision: 0.7412, Recall: 0.7422, F1-Score: 0.7415
2025-01-13 17:13:50,027 - INFO - Epoch 14 - Eval Loss: 0.6941, Accuracy: 0.7584, Precision: 0.7608, Recall: 0.7584, F1-Score: 0.7581
2025-01-13 17:13:55,887 - INFO - Epoch 15 - Train Loss: 0.7065, Accuracy: 0.7526, Precision: 0.7518, Recall: 0.7526, F1-Score: 0.7521
2025-01-13 17:13:56,725 - INFO - Epoch 15 - Eval Loss: 0.6737, Accuracy: 0.7650, Precision: 0.7651, Recall: 0.7650, F1-Score: 0.7633
2025-01-13 17:14:02,591 - INFO - Epoch 16 - Train Loss: 0.6910, Accuracy: 0.7568, Precision: 0.7559, Recall: 0.7568, F1-Score: 0.7562
2025-01-13 17:14:03,386 - INFO - Epoch 16 - Eval Loss: 0.6486, Accuracy: 0.7704, Precision: 0.7711, Recall: 0.7704, F1-Score: 0.7693
2025-01-13 17:14:09,053 - INFO - Epoch 17 - Train Loss: 0.6702, Accuracy: 0.7643, Precision: 0.7634, Recall: 0.7643, F1-Score: 0.7637
2025-01-13 17:14:09,783 - INFO - Epoch 17 - Eval Loss: 0.6616, Accuracy: 0.7675, Precision: 0.7658, Recall: 0.7675, F1-Score: 0.7653
2025-01-13 17:14:15,736 - INFO - Epoch 18 - Train Loss: 0.6623, Accuracy: 0.7669, Precision: 0.7661, Recall: 0.7669, F1-Score: 0.7664
2025-01-13 17:14:16,474 - INFO - Epoch 18 - Eval Loss: 0.6515, Accuracy: 0.7732, Precision: 0.7740, Recall: 0.7732, F1-Score: 0.7714
2025-01-13 17:14:22,165 - INFO - Epoch 19 - Train Loss: 0.6481, Accuracy: 0.7727, Precision: 0.7717, Recall: 0.7727, F1-Score: 0.7721
2025-01-13 17:14:22,978 - INFO - Epoch 19 - Eval Loss: 0.6379, Accuracy: 0.7771, Precision: 0.7795, Recall: 0.7771, F1-Score: 0.7771
2025-01-13 17:14:28,905 - INFO - Epoch 20 - Train Loss: 0.6325, Accuracy: 0.7766, Precision: 0.7758, Recall: 0.7766, F1-Score: 0.7761
2025-01-13 17:14:29,807 - INFO - Epoch 20 - Eval Loss: 0.6264, Accuracy: 0.7822, Precision: 0.7824, Recall: 0.7822, F1-Score: 0.7814
2025-01-13 17:14:35,655 - INFO - Epoch 21 - Train Loss: 0.6236, Accuracy: 0.7785, Precision: 0.7777, Recall: 0.7785, F1-Score: 0.7780
2025-01-13 17:14:36,434 - INFO - Epoch 21 - Eval Loss: 0.6082, Accuracy: 0.7911, Precision: 0.7971, Recall: 0.7911, F1-Score: 0.7922
2025-01-13 17:14:42,089 - INFO - Epoch 22 - Train Loss: 0.6132, Accuracy: 0.7851, Precision: 0.7845, Recall: 0.7851, F1-Score: 0.7847
2025-01-13 17:14:42,873 - INFO - Epoch 22 - Eval Loss: 0.6047, Accuracy: 0.7909, Precision: 0.7922, Recall: 0.7909, F1-Score: 0.7899
2025-01-13 17:14:48,561 - INFO - Epoch 23 - Train Loss: 0.5972, Accuracy: 0.7919, Precision: 0.7914, Recall: 0.7919, F1-Score: 0.7916
2025-01-13 17:14:49,312 - INFO - Epoch 23 - Eval Loss: 0.6214, Accuracy: 0.7864, Precision: 0.7890, Recall: 0.7864, F1-Score: 0.7838
2025-01-13 17:14:55,037 - INFO - Epoch 24 - Train Loss: 0.5870, Accuracy: 0.7941, Precision: 0.7936, Recall: 0.7941, F1-Score: 0.7938
2025-01-13 17:14:55,808 - INFO - Epoch 24 - Eval Loss: 0.6035, Accuracy: 0.7929, Precision: 0.7959, Recall: 0.7929, F1-Score: 0.7922
2025-01-13 17:15:01,815 - INFO - Epoch 25 - Train Loss: 0.5839, Accuracy: 0.7956, Precision: 0.7950, Recall: 0.7956, F1-Score: 0.7953
2025-01-13 17:15:02,573 - INFO - Epoch 25 - Eval Loss: 0.6091, Accuracy: 0.7892, Precision: 0.7933, Recall: 0.7892, F1-Score: 0.7873
2025-01-13 17:15:08,640 - INFO - Epoch 26 - Train Loss: 0.5739, Accuracy: 0.7988, Precision: 0.7982, Recall: 0.7988, F1-Score: 0.7985
2025-01-13 17:15:09,396 - INFO - Epoch 26 - Eval Loss: 0.5724, Accuracy: 0.8048, Precision: 0.8047, Recall: 0.8048, F1-Score: 0.8038
2025-01-13 17:15:15,495 - INFO - Epoch 27 - Train Loss: 0.5657, Accuracy: 0.8007, Precision: 0.8001, Recall: 0.8007, F1-Score: 0.8003
2025-01-13 17:15:16,271 - INFO - Epoch 27 - Eval Loss: 0.5719, Accuracy: 0.8042, Precision: 0.8034, Recall: 0.8042, F1-Score: 0.8033
2025-01-13 17:15:22,219 - INFO - Epoch 28 - Train Loss: 0.5550, Accuracy: 0.8051, Precision: 0.8049, Recall: 0.8051, F1-Score: 0.8049
2025-01-13 17:15:22,957 - INFO - Epoch 28 - Eval Loss: 0.5852, Accuracy: 0.8015, Precision: 0.8029, Recall: 0.8015, F1-Score: 0.7990
2025-01-13 17:15:28,753 - INFO - Epoch 29 - Train Loss: 0.5443, Accuracy: 0.8095, Precision: 0.8091, Recall: 0.8095, F1-Score: 0.8093
2025-01-13 17:15:29,522 - INFO - Epoch 29 - Eval Loss: 0.5712, Accuracy: 0.8035, Precision: 0.8040, Recall: 0.8035, F1-Score: 0.8025
2025-01-13 17:15:35,458 - INFO - Epoch 30 - Train Loss: 0.5394, Accuracy: 0.8114, Precision: 0.8108, Recall: 0.8114, F1-Score: 0.8110
2025-01-13 17:15:36,196 - INFO - Epoch 30 - Eval Loss: 0.5862, Accuracy: 0.8038, Precision: 0.8051, Recall: 0.8038, F1-Score: 0.8010
2025-01-13 17:15:41,967 - INFO - Epoch 31 - Train Loss: 0.5318, Accuracy: 0.8133, Precision: 0.8128, Recall: 0.8133, F1-Score: 0.8129
2025-01-13 17:15:42,724 - INFO - Epoch 31 - Eval Loss: 0.5874, Accuracy: 0.7982, Precision: 0.8046, Recall: 0.7982, F1-Score: 0.7996
2025-01-13 17:15:48,566 - INFO - Epoch 32 - Train Loss: 0.5256, Accuracy: 0.8146, Precision: 0.8143, Recall: 0.8146, F1-Score: 0.8144
2025-01-13 17:15:49,345 - INFO - Epoch 32 - Eval Loss: 0.5689, Accuracy: 0.8069, Precision: 0.8086, Recall: 0.8069, F1-Score: 0.8047
2025-01-13 17:15:55,335 - INFO - Epoch 33 - Train Loss: 0.5159, Accuracy: 0.8201, Precision: 0.8197, Recall: 0.8201, F1-Score: 0.8199
2025-01-13 17:15:56,098 - INFO - Epoch 33 - Eval Loss: 0.5618, Accuracy: 0.8113, Precision: 0.8152, Recall: 0.8113, F1-Score: 0.8101
2025-01-13 17:16:02,037 - INFO - Epoch 34 - Train Loss: 0.5167, Accuracy: 0.8180, Precision: 0.8176, Recall: 0.8180, F1-Score: 0.8177
2025-01-13 17:16:02,769 - INFO - Epoch 34 - Eval Loss: 0.5448, Accuracy: 0.8144, Precision: 0.8178, Recall: 0.8144, F1-Score: 0.8152
2025-01-13 17:16:08,573 - INFO - Epoch 35 - Train Loss: 0.5008, Accuracy: 0.8242, Precision: 0.8237, Recall: 0.8242, F1-Score: 0.8239
2025-01-13 17:16:09,323 - INFO - Epoch 35 - Eval Loss: 0.5605, Accuracy: 0.8133, Precision: 0.8147, Recall: 0.8133, F1-Score: 0.8128
2025-01-13 17:16:14,956 - INFO - Epoch 36 - Train Loss: 0.4964, Accuracy: 0.8265, Precision: 0.8261, Recall: 0.8265, F1-Score: 0.8263
2025-01-13 17:16:15,722 - INFO - Epoch 36 - Eval Loss: 0.5378, Accuracy: 0.8152, Precision: 0.8180, Recall: 0.8152, F1-Score: 0.8153
2025-01-13 17:16:21,743 - INFO - Epoch 37 - Train Loss: 0.4919, Accuracy: 0.8274, Precision: 0.8273, Recall: 0.8274, F1-Score: 0.8273
2025-01-13 17:16:22,465 - INFO - Epoch 37 - Eval Loss: 0.5252, Accuracy: 0.8203, Precision: 0.8213, Recall: 0.8203, F1-Score: 0.8205
2025-01-13 17:16:28,397 - INFO - Epoch 38 - Train Loss: 0.4884, Accuracy: 0.8284, Precision: 0.8281, Recall: 0.8284, F1-Score: 0.8282
2025-01-13 17:16:29,121 - INFO - Epoch 38 - Eval Loss: 0.5199, Accuracy: 0.8244, Precision: 0.8246, Recall: 0.8244, F1-Score: 0.8242
2025-01-13 17:16:35,006 - INFO - Epoch 39 - Train Loss: 0.4760, Accuracy: 0.8306, Precision: 0.8302, Recall: 0.8306, F1-Score: 0.8304
2025-01-13 17:16:35,774 - INFO - Epoch 39 - Eval Loss: 0.5414, Accuracy: 0.8143, Precision: 0.8148, Recall: 0.8143, F1-Score: 0.8136
2025-01-13 17:16:41,499 - INFO - Epoch 40 - Train Loss: 0.4725, Accuracy: 0.8340, Precision: 0.8336, Recall: 0.8340, F1-Score: 0.8338
2025-01-13 17:16:42,295 - INFO - Epoch 40 - Eval Loss: 0.5262, Accuracy: 0.8214, Precision: 0.8214, Recall: 0.8214, F1-Score: 0.8209
2025-01-13 17:16:47,899 - INFO - Epoch 41 - Train Loss: 0.4644, Accuracy: 0.8369, Precision: 0.8366, Recall: 0.8369, F1-Score: 0.8367
2025-01-13 17:16:48,637 - INFO - Epoch 41 - Eval Loss: 0.5238, Accuracy: 0.8237, Precision: 0.8243, Recall: 0.8237, F1-Score: 0.8222
2025-01-13 17:16:54,467 - INFO - Epoch 42 - Train Loss: 0.4627, Accuracy: 0.8382, Precision: 0.8379, Recall: 0.8382, F1-Score: 0.8380
2025-01-13 17:16:55,247 - INFO - Epoch 42 - Eval Loss: 0.5252, Accuracy: 0.8218, Precision: 0.8240, Recall: 0.8218, F1-Score: 0.8218
2025-01-13 17:17:01,069 - INFO - Epoch 43 - Train Loss: 0.4559, Accuracy: 0.8398, Precision: 0.8394, Recall: 0.8398, F1-Score: 0.8396
2025-01-13 17:17:01,830 - INFO - Epoch 43 - Eval Loss: 0.5409, Accuracy: 0.8149, Precision: 0.8178, Recall: 0.8149, F1-Score: 0.8132
2025-01-13 17:17:07,775 - INFO - Epoch 44 - Train Loss: 0.4461, Accuracy: 0.8396, Precision: 0.8392, Recall: 0.8396, F1-Score: 0.8393
2025-01-13 17:17:08,485 - INFO - Epoch 44 - Eval Loss: 0.5160, Accuracy: 0.8281, Precision: 0.8285, Recall: 0.8281, F1-Score: 0.8274
2025-01-13 17:17:14,281 - INFO - Epoch 45 - Train Loss: 0.4504, Accuracy: 0.8404, Precision: 0.8402, Recall: 0.8404, F1-Score: 0.8403
2025-01-13 17:17:15,037 - INFO - Epoch 45 - Eval Loss: 0.5258, Accuracy: 0.8217, Precision: 0.8224, Recall: 0.8217, F1-Score: 0.8213
2025-01-13 17:17:20,779 - INFO - Epoch 46 - Train Loss: 0.4423, Accuracy: 0.8443, Precision: 0.8440, Recall: 0.8443, F1-Score: 0.8441
2025-01-13 17:17:21,501 - INFO - Epoch 46 - Eval Loss: 0.5259, Accuracy: 0.8208, Precision: 0.8222, Recall: 0.8208, F1-Score: 0.8201
2025-01-13 17:17:27,217 - INFO - Epoch 47 - Train Loss: 0.4393, Accuracy: 0.8441, Precision: 0.8438, Recall: 0.8441, F1-Score: 0.8440
2025-01-13 17:17:27,994 - INFO - Epoch 47 - Eval Loss: 0.5224, Accuracy: 0.8214, Precision: 0.8233, Recall: 0.8214, F1-Score: 0.8216
2025-01-13 17:17:33,915 - INFO - Epoch 48 - Train Loss: 0.4364, Accuracy: 0.8453, Precision: 0.8454, Recall: 0.8453, F1-Score: 0.8453
2025-01-13 17:17:34,690 - INFO - Epoch 48 - Eval Loss: 0.5419, Accuracy: 0.8185, Precision: 0.8178, Recall: 0.8185, F1-Score: 0.8158
2025-01-13 17:17:40,422 - INFO - Epoch 49 - Train Loss: 0.4318, Accuracy: 0.8475, Precision: 0.8472, Recall: 0.8475, F1-Score: 0.8473
2025-01-13 17:17:41,185 - INFO - Epoch 49 - Eval Loss: 0.5157, Accuracy: 0.8280, Precision: 0.8323, Recall: 0.8280, F1-Score: 0.8280
2025-01-13 17:17:47,187 - INFO - Epoch 50 - Train Loss: 0.4259, Accuracy: 0.8510, Precision: 0.8508, Recall: 0.8510, F1-Score: 0.8508
2025-01-13 17:17:47,968 - INFO - Epoch 50 - Eval Loss: 0.5038, Accuracy: 0.8326, Precision: 0.8326, Recall: 0.8326, F1-Score: 0.8312
2025-01-13 17:17:53,847 - INFO - Epoch 51 - Train Loss: 0.4193, Accuracy: 0.8532, Precision: 0.8530, Recall: 0.8532, F1-Score: 0.8530
2025-01-13 17:17:54,654 - INFO - Epoch 51 - Eval Loss: 0.5071, Accuracy: 0.8300, Precision: 0.8294, Recall: 0.8300, F1-Score: 0.8290
2025-01-13 17:18:00,423 - INFO - Epoch 52 - Train Loss: 0.4211, Accuracy: 0.8496, Precision: 0.8494, Recall: 0.8496, F1-Score: 0.8495
2025-01-13 17:18:01,233 - INFO - Epoch 52 - Eval Loss: 0.5008, Accuracy: 0.8329, Precision: 0.8351, Recall: 0.8329, F1-Score: 0.8328
2025-01-13 17:18:06,975 - INFO - Epoch 53 - Train Loss: 0.4115, Accuracy: 0.8548, Precision: 0.8547, Recall: 0.8548, F1-Score: 0.8547
2025-01-13 17:18:07,687 - INFO - Epoch 53 - Eval Loss: 0.5273, Accuracy: 0.8262, Precision: 0.8304, Recall: 0.8262, F1-Score: 0.8265
2025-01-13 17:18:13,419 - INFO - Epoch 54 - Train Loss: 0.4102, Accuracy: 0.8551, Precision: 0.8549, Recall: 0.8551, F1-Score: 0.8550
2025-01-13 17:18:14,191 - INFO - Epoch 54 - Eval Loss: 0.5019, Accuracy: 0.8356, Precision: 0.8352, Recall: 0.8356, F1-Score: 0.8342
2025-01-13 17:18:19,944 - INFO - Epoch 55 - Train Loss: 0.4049, Accuracy: 0.8589, Precision: 0.8586, Recall: 0.8589, F1-Score: 0.8587
2025-01-13 17:18:20,701 - INFO - Epoch 55 - Eval Loss: 0.4956, Accuracy: 0.8355, Precision: 0.8362, Recall: 0.8355, F1-Score: 0.8349
2025-01-13 17:18:26,377 - INFO - Epoch 56 - Train Loss: 0.3997, Accuracy: 0.8583, Precision: 0.8580, Recall: 0.8583, F1-Score: 0.8581
2025-01-13 17:18:27,116 - INFO - Epoch 56 - Eval Loss: 0.4973, Accuracy: 0.8346, Precision: 0.8357, Recall: 0.8346, F1-Score: 0.8346
2025-01-13 17:18:32,875 - INFO - Epoch 57 - Train Loss: 0.3977, Accuracy: 0.8593, Precision: 0.8592, Recall: 0.8593, F1-Score: 0.8592
2025-01-13 17:18:33,565 - INFO - Epoch 57 - Eval Loss: 0.5081, Accuracy: 0.8312, Precision: 0.8347, Recall: 0.8312, F1-Score: 0.8318
2025-01-13 17:18:39,169 - INFO - Epoch 58 - Train Loss: 0.3934, Accuracy: 0.8602, Precision: 0.8600, Recall: 0.8602, F1-Score: 0.8601
2025-01-13 17:18:39,905 - INFO - Epoch 58 - Eval Loss: 0.4907, Accuracy: 0.8371, Precision: 0.8380, Recall: 0.8371, F1-Score: 0.8369
2025-01-13 17:18:45,678 - INFO - Epoch 59 - Train Loss: 0.3913, Accuracy: 0.8630, Precision: 0.8628, Recall: 0.8630, F1-Score: 0.8628
2025-01-13 17:18:46,453 - INFO - Epoch 59 - Eval Loss: 0.5063, Accuracy: 0.8313, Precision: 0.8368, Recall: 0.8313, F1-Score: 0.8331
2025-01-13 17:18:52,157 - INFO - Epoch 60 - Train Loss: 0.3878, Accuracy: 0.8630, Precision: 0.8628, Recall: 0.8630, F1-Score: 0.8629
2025-01-13 17:18:52,914 - INFO - Epoch 60 - Eval Loss: 0.4846, Accuracy: 0.8399, Precision: 0.8422, Recall: 0.8399, F1-Score: 0.8405
2025-01-13 17:18:58,575 - INFO - Epoch 61 - Train Loss: 0.3826, Accuracy: 0.8641, Precision: 0.8641, Recall: 0.8641, F1-Score: 0.8641
2025-01-13 17:18:59,314 - INFO - Epoch 61 - Eval Loss: 0.5028, Accuracy: 0.8341, Precision: 0.8355, Recall: 0.8341, F1-Score: 0.8339
2025-01-13 17:19:05,113 - INFO - Epoch 62 - Train Loss: 0.3833, Accuracy: 0.8647, Precision: 0.8644, Recall: 0.8647, F1-Score: 0.8645
2025-01-13 17:19:05,939 - INFO - Epoch 62 - Eval Loss: 0.4943, Accuracy: 0.8381, Precision: 0.8393, Recall: 0.8381, F1-Score: 0.8380
2025-01-13 17:19:11,719 - INFO - Epoch 63 - Train Loss: 0.3770, Accuracy: 0.8658, Precision: 0.8656, Recall: 0.8658, F1-Score: 0.8656
2025-01-13 17:19:12,500 - INFO - Epoch 63 - Eval Loss: 0.5103, Accuracy: 0.8348, Precision: 0.8362, Recall: 0.8348, F1-Score: 0.8348
2025-01-13 17:19:18,190 - INFO - Epoch 64 - Train Loss: 0.3767, Accuracy: 0.8672, Precision: 0.8670, Recall: 0.8672, F1-Score: 0.8671
2025-01-13 17:19:19,008 - INFO - Epoch 64 - Eval Loss: 0.4778, Accuracy: 0.8411, Precision: 0.8414, Recall: 0.8411, F1-Score: 0.8411
2025-01-13 17:19:24,812 - INFO - Epoch 65 - Train Loss: 0.3693, Accuracy: 0.8692, Precision: 0.8689, Recall: 0.8692, F1-Score: 0.8690
2025-01-13 17:19:25,539 - INFO - Epoch 65 - Eval Loss: 0.5036, Accuracy: 0.8387, Precision: 0.8392, Recall: 0.8387, F1-Score: 0.8374
2025-01-13 17:19:31,190 - INFO - Epoch 66 - Train Loss: 0.3611, Accuracy: 0.8722, Precision: 0.8721, Recall: 0.8722, F1-Score: 0.8721
2025-01-13 17:19:31,983 - INFO - Epoch 66 - Eval Loss: 0.4956, Accuracy: 0.8438, Precision: 0.8448, Recall: 0.8438, F1-Score: 0.8434
2025-01-13 17:19:37,762 - INFO - Epoch 67 - Train Loss: 0.3664, Accuracy: 0.8694, Precision: 0.8692, Recall: 0.8694, F1-Score: 0.8693
2025-01-13 17:19:38,572 - INFO - Epoch 67 - Eval Loss: 0.4999, Accuracy: 0.8383, Precision: 0.8409, Recall: 0.8383, F1-Score: 0.8390
2025-01-13 17:19:44,419 - INFO - Epoch 68 - Train Loss: 0.3695, Accuracy: 0.8684, Precision: 0.8682, Recall: 0.8684, F1-Score: 0.8683
2025-01-13 17:19:45,249 - INFO - Epoch 68 - Eval Loss: 0.4922, Accuracy: 0.8389, Precision: 0.8391, Recall: 0.8389, F1-Score: 0.8380
2025-01-13 17:19:50,825 - INFO - Epoch 69 - Train Loss: 0.3629, Accuracy: 0.8707, Precision: 0.8706, Recall: 0.8707, F1-Score: 0.8706
2025-01-13 17:19:51,639 - INFO - Epoch 69 - Eval Loss: 0.4980, Accuracy: 0.8345, Precision: 0.8369, Recall: 0.8345, F1-Score: 0.8343
2025-01-13 17:19:57,434 - INFO - Epoch 70 - Train Loss: 0.3505, Accuracy: 0.8760, Precision: 0.8758, Recall: 0.8760, F1-Score: 0.8759
2025-01-13 17:19:58,251 - INFO - Epoch 70 - Eval Loss: 0.4789, Accuracy: 0.8435, Precision: 0.8441, Recall: 0.8435, F1-Score: 0.8433
2025-01-13 17:20:03,986 - INFO - Epoch 71 - Train Loss: 0.3533, Accuracy: 0.8736, Precision: 0.8735, Recall: 0.8736, F1-Score: 0.8735
2025-01-13 17:20:04,704 - INFO - Epoch 71 - Eval Loss: 0.4909, Accuracy: 0.8388, Precision: 0.8399, Recall: 0.8388, F1-Score: 0.8387
2025-01-13 17:20:10,515 - INFO - Epoch 72 - Train Loss: 0.3430, Accuracy: 0.8787, Precision: 0.8786, Recall: 0.8787, F1-Score: 0.8786
2025-01-13 17:20:11,225 - INFO - Epoch 72 - Eval Loss: 0.4771, Accuracy: 0.8463, Precision: 0.8462, Recall: 0.8463, F1-Score: 0.8457
2025-01-13 17:20:16,954 - INFO - Epoch 73 - Train Loss: 0.3448, Accuracy: 0.8796, Precision: 0.8793, Recall: 0.8796, F1-Score: 0.8794
2025-01-13 17:20:17,767 - INFO - Epoch 73 - Eval Loss: 0.4779, Accuracy: 0.8438, Precision: 0.8454, Recall: 0.8438, F1-Score: 0.8440
2025-01-13 17:20:23,486 - INFO - Epoch 74 - Train Loss: 0.3458, Accuracy: 0.8789, Precision: 0.8789, Recall: 0.8789, F1-Score: 0.8789
2025-01-13 17:20:24,285 - INFO - Epoch 74 - Eval Loss: 0.4876, Accuracy: 0.8402, Precision: 0.8406, Recall: 0.8402, F1-Score: 0.8396
2025-01-13 17:20:30,029 - INFO - Epoch 75 - Train Loss: 0.3440, Accuracy: 0.8791, Precision: 0.8790, Recall: 0.8791, F1-Score: 0.8791
2025-01-13 17:20:30,813 - INFO - Epoch 75 - Eval Loss: 0.4693, Accuracy: 0.8519, Precision: 0.8512, Recall: 0.8519, F1-Score: 0.8505
2025-01-13 17:20:36,617 - INFO - Epoch 76 - Train Loss: 0.3354, Accuracy: 0.8808, Precision: 0.8807, Recall: 0.8808, F1-Score: 0.8807
2025-01-13 17:20:37,352 - INFO - Epoch 76 - Eval Loss: 0.4817, Accuracy: 0.8443, Precision: 0.8462, Recall: 0.8443, F1-Score: 0.8447
2025-01-13 17:20:43,117 - INFO - Epoch 77 - Train Loss: 0.3353, Accuracy: 0.8814, Precision: 0.8812, Recall: 0.8814, F1-Score: 0.8813
2025-01-13 17:20:43,834 - INFO - Epoch 77 - Eval Loss: 0.4826, Accuracy: 0.8447, Precision: 0.8437, Recall: 0.8447, F1-Score: 0.8436
2025-01-13 17:20:49,495 - INFO - Epoch 78 - Train Loss: 0.3325, Accuracy: 0.8814, Precision: 0.8813, Recall: 0.8814, F1-Score: 0.8813
2025-01-13 17:20:50,233 - INFO - Epoch 78 - Eval Loss: 0.4667, Accuracy: 0.8504, Precision: 0.8505, Recall: 0.8504, F1-Score: 0.8499
2025-01-13 17:20:55,949 - INFO - Epoch 79 - Train Loss: 0.3334, Accuracy: 0.8815, Precision: 0.8814, Recall: 0.8815, F1-Score: 0.8815
2025-01-13 17:20:56,677 - INFO - Epoch 79 - Eval Loss: 0.4994, Accuracy: 0.8429, Precision: 0.8451, Recall: 0.8429, F1-Score: 0.8427
2025-01-13 17:21:02,338 - INFO - Epoch 80 - Train Loss: 0.3375, Accuracy: 0.8799, Precision: 0.8799, Recall: 0.8799, F1-Score: 0.8799
2025-01-13 17:21:03,085 - INFO - Epoch 80 - Eval Loss: 0.4820, Accuracy: 0.8448, Precision: 0.8453, Recall: 0.8448, F1-Score: 0.8438
2025-01-13 17:21:08,679 - INFO - Epoch 81 - Train Loss: 0.3280, Accuracy: 0.8827, Precision: 0.8826, Recall: 0.8827, F1-Score: 0.8826
2025-01-13 17:21:09,418 - INFO - Epoch 81 - Eval Loss: 0.4705, Accuracy: 0.8454, Precision: 0.8453, Recall: 0.8454, F1-Score: 0.8444
2025-01-13 17:21:15,291 - INFO - Epoch 82 - Train Loss: 0.3194, Accuracy: 0.8857, Precision: 0.8856, Recall: 0.8857, F1-Score: 0.8856
2025-01-13 17:21:16,059 - INFO - Epoch 82 - Eval Loss: 0.4742, Accuracy: 0.8476, Precision: 0.8484, Recall: 0.8476, F1-Score: 0.8471
2025-01-13 17:21:21,840 - INFO - Epoch 83 - Train Loss: 0.3212, Accuracy: 0.8860, Precision: 0.8859, Recall: 0.8860, F1-Score: 0.8859
2025-01-13 17:21:22,605 - INFO - Epoch 83 - Eval Loss: 0.4633, Accuracy: 0.8502, Precision: 0.8511, Recall: 0.8502, F1-Score: 0.8505
2025-01-13 17:21:28,224 - INFO - Epoch 84 - Train Loss: 0.3198, Accuracy: 0.8861, Precision: 0.8860, Recall: 0.8861, F1-Score: 0.8860
2025-01-13 17:21:28,943 - INFO - Epoch 84 - Eval Loss: 0.4746, Accuracy: 0.8488, Precision: 0.8491, Recall: 0.8488, F1-Score: 0.8481
2025-01-13 17:21:34,586 - INFO - Epoch 85 - Train Loss: 0.3166, Accuracy: 0.8869, Precision: 0.8868, Recall: 0.8869, F1-Score: 0.8868
2025-01-13 17:21:35,392 - INFO - Epoch 85 - Eval Loss: 0.4759, Accuracy: 0.8494, Precision: 0.8492, Recall: 0.8494, F1-Score: 0.8490
2025-01-13 17:21:41,252 - INFO - Epoch 86 - Train Loss: 0.3106, Accuracy: 0.8890, Precision: 0.8889, Recall: 0.8890, F1-Score: 0.8889
2025-01-13 17:21:42,062 - INFO - Epoch 86 - Eval Loss: 0.4811, Accuracy: 0.8465, Precision: 0.8462, Recall: 0.8465, F1-Score: 0.8455
2025-01-13 17:21:47,836 - INFO - Epoch 87 - Train Loss: 0.3119, Accuracy: 0.8904, Precision: 0.8903, Recall: 0.8904, F1-Score: 0.8903
2025-01-13 17:21:48,621 - INFO - Epoch 87 - Eval Loss: 0.4891, Accuracy: 0.8452, Precision: 0.8447, Recall: 0.8452, F1-Score: 0.8438
2025-01-13 17:21:54,650 - INFO - Epoch 88 - Train Loss: 0.3085, Accuracy: 0.8901, Precision: 0.8901, Recall: 0.8901, F1-Score: 0.8901
2025-01-13 17:21:55,458 - INFO - Epoch 88 - Eval Loss: 0.4841, Accuracy: 0.8469, Precision: 0.8479, Recall: 0.8469, F1-Score: 0.8470
2025-01-13 17:22:01,297 - INFO - Epoch 89 - Train Loss: 0.3057, Accuracy: 0.8925, Precision: 0.8924, Recall: 0.8925, F1-Score: 0.8924
2025-01-13 17:22:02,033 - INFO - Epoch 89 - Eval Loss: 0.4730, Accuracy: 0.8507, Precision: 0.8499, Recall: 0.8507, F1-Score: 0.8501
2025-01-13 17:22:07,741 - INFO - Epoch 90 - Train Loss: 0.3056, Accuracy: 0.8895, Precision: 0.8895, Recall: 0.8895, F1-Score: 0.8895
2025-01-13 17:22:08,491 - INFO - Epoch 90 - Eval Loss: 0.4922, Accuracy: 0.8437, Precision: 0.8458, Recall: 0.8437, F1-Score: 0.8430
2025-01-13 17:22:14,347 - INFO - Epoch 91 - Train Loss: 0.3078, Accuracy: 0.8899, Precision: 0.8899, Recall: 0.8899, F1-Score: 0.8899
2025-01-13 17:22:15,137 - INFO - Epoch 91 - Eval Loss: 0.4684, Accuracy: 0.8512, Precision: 0.8521, Recall: 0.8512, F1-Score: 0.8510
2025-01-13 17:22:21,005 - INFO - Epoch 92 - Train Loss: 0.3025, Accuracy: 0.8929, Precision: 0.8928, Recall: 0.8929, F1-Score: 0.8928
2025-01-13 17:22:21,725 - INFO - Epoch 92 - Eval Loss: 0.4872, Accuracy: 0.8504, Precision: 0.8513, Recall: 0.8504, F1-Score: 0.8498
2025-01-13 17:22:27,461 - INFO - Epoch 93 - Train Loss: 0.3017, Accuracy: 0.8933, Precision: 0.8932, Recall: 0.8933, F1-Score: 0.8932
2025-01-13 17:22:28,211 - INFO - Epoch 93 - Eval Loss: 0.4713, Accuracy: 0.8513, Precision: 0.8521, Recall: 0.8513, F1-Score: 0.8513
2025-01-13 17:22:33,857 - INFO - Epoch 94 - Train Loss: 0.2960, Accuracy: 0.8941, Precision: 0.8939, Recall: 0.8941, F1-Score: 0.8940
2025-01-13 17:22:34,586 - INFO - Epoch 94 - Eval Loss: 0.4789, Accuracy: 0.8474, Precision: 0.8479, Recall: 0.8474, F1-Score: 0.8471
2025-01-13 17:22:40,574 - INFO - Epoch 95 - Train Loss: 0.2990, Accuracy: 0.8925, Precision: 0.8924, Recall: 0.8925, F1-Score: 0.8924
2025-01-13 17:22:41,346 - INFO - Epoch 95 - Eval Loss: 0.4766, Accuracy: 0.8510, Precision: 0.8528, Recall: 0.8510, F1-Score: 0.8507
2025-01-13 17:22:47,026 - INFO - Epoch 96 - Train Loss: 0.2988, Accuracy: 0.8923, Precision: 0.8923, Recall: 0.8923, F1-Score: 0.8922
2025-01-13 17:22:47,833 - INFO - Epoch 96 - Eval Loss: 0.4905, Accuracy: 0.8456, Precision: 0.8467, Recall: 0.8456, F1-Score: 0.8448
2025-01-13 17:22:53,539 - INFO - Epoch 97 - Train Loss: 0.2936, Accuracy: 0.8951, Precision: 0.8949, Recall: 0.8951, F1-Score: 0.8950
2025-01-13 17:22:54,350 - INFO - Epoch 97 - Eval Loss: 0.4785, Accuracy: 0.8473, Precision: 0.8487, Recall: 0.8473, F1-Score: 0.8468
2025-01-13 17:23:00,281 - INFO - Epoch 98 - Train Loss: 0.2961, Accuracy: 0.8949, Precision: 0.8947, Recall: 0.8949, F1-Score: 0.8948
2025-01-13 17:23:01,054 - INFO - Epoch 98 - Eval Loss: 0.4794, Accuracy: 0.8461, Precision: 0.8474, Recall: 0.8461, F1-Score: 0.8459
2025-01-13 17:23:07,037 - INFO - Epoch 99 - Train Loss: 0.2878, Accuracy: 0.8968, Precision: 0.8969, Recall: 0.8968, F1-Score: 0.8968
2025-01-13 17:23:07,795 - INFO - Epoch 99 - Eval Loss: 0.4730, Accuracy: 0.8536, Precision: 0.8545, Recall: 0.8536, F1-Score: 0.8532
2025-01-13 17:23:07,795 - INFO - Training finished
