2025-01-13 17:31:00,040 - INFO - Log file created at log/width_multiplier/cifar10_lr0.001_adam_wm0.75_20250113-173100.log
2025-01-13 17:31:00,091 - INFO - Using device cuda:2
2025-01-13 17:31:11,159 - INFO - Epoch 0 - Train Loss: 1.7925, Accuracy: 0.3454, Precision: 0.3406, Recall: 0.3454, F1-Score: 0.3410
2025-01-13 17:31:12,477 - INFO - Epoch 0 - Eval Loss: 1.4178, Accuracy: 0.4805, Precision: 0.4896, Recall: 0.4805, F1-Score: 0.4727
2025-01-13 17:31:19,276 - INFO - Epoch 1 - Train Loss: 1.4314, Accuracy: 0.4806, Precision: 0.4758, Recall: 0.4806, F1-Score: 0.4770
2025-01-13 17:31:20,569 - INFO - Epoch 1 - Eval Loss: 1.2522, Accuracy: 0.5391, Precision: 0.5353, Recall: 0.5391, F1-Score: 0.5249
2025-01-13 17:31:27,475 - INFO - Epoch 2 - Train Loss: 1.2811, Accuracy: 0.5360, Precision: 0.5317, Recall: 0.5360, F1-Score: 0.5332
2025-01-13 17:31:28,605 - INFO - Epoch 2 - Eval Loss: 1.1188, Accuracy: 0.5935, Precision: 0.6032, Recall: 0.5935, F1-Score: 0.5905
2025-01-13 17:31:35,303 - INFO - Epoch 3 - Train Loss: 1.1669, Accuracy: 0.5816, Precision: 0.5789, Recall: 0.5816, F1-Score: 0.5800
2025-01-13 17:31:36,501 - INFO - Epoch 3 - Eval Loss: 1.0336, Accuracy: 0.6316, Precision: 0.6345, Recall: 0.6316, F1-Score: 0.6266
2025-01-13 17:31:43,189 - INFO - Epoch 4 - Train Loss: 1.0759, Accuracy: 0.6178, Precision: 0.6151, Recall: 0.6178, F1-Score: 0.6163
2025-01-13 17:31:44,382 - INFO - Epoch 4 - Eval Loss: 0.9660, Accuracy: 0.6597, Precision: 0.6641, Recall: 0.6597, F1-Score: 0.6552
2025-01-13 17:31:51,185 - INFO - Epoch 5 - Train Loss: 0.9967, Accuracy: 0.6440, Precision: 0.6416, Recall: 0.6440, F1-Score: 0.6426
2025-01-13 17:31:52,435 - INFO - Epoch 5 - Eval Loss: 0.8806, Accuracy: 0.6889, Precision: 0.6875, Recall: 0.6889, F1-Score: 0.6843
2025-01-13 17:31:59,198 - INFO - Epoch 6 - Train Loss: 0.9202, Accuracy: 0.6727, Precision: 0.6707, Recall: 0.6727, F1-Score: 0.6716
2025-01-13 17:32:00,559 - INFO - Epoch 6 - Eval Loss: 0.8386, Accuracy: 0.7058, Precision: 0.7195, Recall: 0.7058, F1-Score: 0.7090
2025-01-13 17:32:07,266 - INFO - Epoch 7 - Train Loss: 0.8740, Accuracy: 0.6910, Precision: 0.6895, Recall: 0.6910, F1-Score: 0.6901
2025-01-13 17:32:08,517 - INFO - Epoch 7 - Eval Loss: 0.8019, Accuracy: 0.7211, Precision: 0.7271, Recall: 0.7211, F1-Score: 0.7208
2025-01-13 17:32:15,155 - INFO - Epoch 8 - Train Loss: 0.8128, Accuracy: 0.7114, Precision: 0.7101, Recall: 0.7114, F1-Score: 0.7107
2025-01-13 17:32:16,434 - INFO - Epoch 8 - Eval Loss: 0.7406, Accuracy: 0.7404, Precision: 0.7427, Recall: 0.7404, F1-Score: 0.7402
2025-01-13 17:32:23,000 - INFO - Epoch 9 - Train Loss: 0.7800, Accuracy: 0.7231, Precision: 0.7220, Recall: 0.7231, F1-Score: 0.7224
2025-01-13 17:32:24,157 - INFO - Epoch 9 - Eval Loss: 0.7284, Accuracy: 0.7462, Precision: 0.7445, Recall: 0.7462, F1-Score: 0.7430
2025-01-13 17:32:30,880 - INFO - Epoch 10 - Train Loss: 0.7472, Accuracy: 0.7379, Precision: 0.7373, Recall: 0.7379, F1-Score: 0.7375
2025-01-13 17:32:32,190 - INFO - Epoch 10 - Eval Loss: 0.7332, Accuracy: 0.7474, Precision: 0.7506, Recall: 0.7474, F1-Score: 0.7446
2025-01-13 17:32:39,024 - INFO - Epoch 11 - Train Loss: 0.7171, Accuracy: 0.7486, Precision: 0.7474, Recall: 0.7486, F1-Score: 0.7479
2025-01-13 17:32:40,404 - INFO - Epoch 11 - Eval Loss: 0.6635, Accuracy: 0.7751, Precision: 0.7757, Recall: 0.7751, F1-Score: 0.7740
2025-01-13 17:32:47,120 - INFO - Epoch 12 - Train Loss: 0.6984, Accuracy: 0.7532, Precision: 0.7525, Recall: 0.7532, F1-Score: 0.7527
2025-01-13 17:32:48,262 - INFO - Epoch 12 - Eval Loss: 0.6496, Accuracy: 0.7777, Precision: 0.7788, Recall: 0.7777, F1-Score: 0.7773
2025-01-13 17:32:55,003 - INFO - Epoch 13 - Train Loss: 0.6702, Accuracy: 0.7647, Precision: 0.7643, Recall: 0.7647, F1-Score: 0.7644
2025-01-13 17:32:56,257 - INFO - Epoch 13 - Eval Loss: 0.6442, Accuracy: 0.7765, Precision: 0.7769, Recall: 0.7765, F1-Score: 0.7753
2025-01-13 17:33:03,057 - INFO - Epoch 14 - Train Loss: 0.6605, Accuracy: 0.7680, Precision: 0.7672, Recall: 0.7680, F1-Score: 0.7675
2025-01-13 17:33:04,121 - INFO - Epoch 14 - Eval Loss: 0.6224, Accuracy: 0.7877, Precision: 0.7912, Recall: 0.7877, F1-Score: 0.7885
2025-01-13 17:33:10,722 - INFO - Epoch 15 - Train Loss: 0.6344, Accuracy: 0.7768, Precision: 0.7764, Recall: 0.7768, F1-Score: 0.7765
2025-01-13 17:33:11,950 - INFO - Epoch 15 - Eval Loss: 0.6230, Accuracy: 0.7863, Precision: 0.7845, Recall: 0.7863, F1-Score: 0.7827
2025-01-13 17:33:18,681 - INFO - Epoch 16 - Train Loss: 0.6193, Accuracy: 0.7822, Precision: 0.7817, Recall: 0.7822, F1-Score: 0.7819
2025-01-13 17:33:19,834 - INFO - Epoch 16 - Eval Loss: 0.5961, Accuracy: 0.7925, Precision: 0.7958, Recall: 0.7925, F1-Score: 0.7914
2025-01-13 17:33:26,523 - INFO - Epoch 17 - Train Loss: 0.5973, Accuracy: 0.7912, Precision: 0.7906, Recall: 0.7912, F1-Score: 0.7908
2025-01-13 17:33:27,805 - INFO - Epoch 17 - Eval Loss: 0.6040, Accuracy: 0.7977, Precision: 0.7984, Recall: 0.7977, F1-Score: 0.7970
2025-01-13 17:33:34,465 - INFO - Epoch 18 - Train Loss: 0.5825, Accuracy: 0.7957, Precision: 0.7954, Recall: 0.7957, F1-Score: 0.7955
2025-01-13 17:33:35,645 - INFO - Epoch 18 - Eval Loss: 0.5789, Accuracy: 0.8028, Precision: 0.8028, Recall: 0.8028, F1-Score: 0.8022
2025-01-13 17:33:42,222 - INFO - Epoch 19 - Train Loss: 0.5780, Accuracy: 0.7984, Precision: 0.7981, Recall: 0.7984, F1-Score: 0.7982
2025-01-13 17:33:43,452 - INFO - Epoch 19 - Eval Loss: 0.5592, Accuracy: 0.8082, Precision: 0.8077, Recall: 0.8082, F1-Score: 0.8069
2025-01-13 17:33:50,096 - INFO - Epoch 20 - Train Loss: 0.5630, Accuracy: 0.8039, Precision: 0.8034, Recall: 0.8039, F1-Score: 0.8036
2025-01-13 17:33:51,158 - INFO - Epoch 20 - Eval Loss: 0.5799, Accuracy: 0.7974, Precision: 0.8042, Recall: 0.7974, F1-Score: 0.7978
2025-01-13 17:33:57,919 - INFO - Epoch 21 - Train Loss: 0.5489, Accuracy: 0.8074, Precision: 0.8070, Recall: 0.8074, F1-Score: 0.8071
2025-01-13 17:33:59,174 - INFO - Epoch 21 - Eval Loss: 0.5470, Accuracy: 0.8142, Precision: 0.8143, Recall: 0.8142, F1-Score: 0.8134
2025-01-13 17:34:05,935 - INFO - Epoch 22 - Train Loss: 0.5327, Accuracy: 0.8128, Precision: 0.8125, Recall: 0.8128, F1-Score: 0.8126
2025-01-13 17:34:07,205 - INFO - Epoch 22 - Eval Loss: 0.5587, Accuracy: 0.8084, Precision: 0.8090, Recall: 0.8084, F1-Score: 0.8075
2025-01-13 17:34:13,985 - INFO - Epoch 23 - Train Loss: 0.5276, Accuracy: 0.8148, Precision: 0.8145, Recall: 0.8148, F1-Score: 0.8146
2025-01-13 17:34:15,201 - INFO - Epoch 23 - Eval Loss: 0.5625, Accuracy: 0.8048, Precision: 0.8068, Recall: 0.8048, F1-Score: 0.8034
2025-01-13 17:34:21,948 - INFO - Epoch 24 - Train Loss: 0.5139, Accuracy: 0.8198, Precision: 0.8198, Recall: 0.8198, F1-Score: 0.8197
2025-01-13 17:34:23,201 - INFO - Epoch 24 - Eval Loss: 0.5564, Accuracy: 0.8132, Precision: 0.8195, Recall: 0.8132, F1-Score: 0.8130
2025-01-13 17:34:29,834 - INFO - Epoch 25 - Train Loss: 0.5075, Accuracy: 0.8218, Precision: 0.8215, Recall: 0.8218, F1-Score: 0.8216
2025-01-13 17:34:31,042 - INFO - Epoch 25 - Eval Loss: 0.5331, Accuracy: 0.8180, Precision: 0.8208, Recall: 0.8180, F1-Score: 0.8181
2025-01-13 17:34:37,765 - INFO - Epoch 26 - Train Loss: 0.4946, Accuracy: 0.8268, Precision: 0.8266, Recall: 0.8268, F1-Score: 0.8266
2025-01-13 17:34:39,039 - INFO - Epoch 26 - Eval Loss: 0.5211, Accuracy: 0.8233, Precision: 0.8225, Recall: 0.8233, F1-Score: 0.8220
2025-01-13 17:34:45,673 - INFO - Epoch 27 - Train Loss: 0.4917, Accuracy: 0.8273, Precision: 0.8272, Recall: 0.8273, F1-Score: 0.8272
2025-01-13 17:34:46,739 - INFO - Epoch 27 - Eval Loss: 0.5068, Accuracy: 0.8232, Precision: 0.8224, Recall: 0.8232, F1-Score: 0.8213
2025-01-13 17:34:53,593 - INFO - Epoch 28 - Train Loss: 0.4752, Accuracy: 0.8328, Precision: 0.8323, Recall: 0.8328, F1-Score: 0.8325
2025-01-13 17:34:54,902 - INFO - Epoch 28 - Eval Loss: 0.5109, Accuracy: 0.8271, Precision: 0.8254, Recall: 0.8271, F1-Score: 0.8251
2025-01-13 17:35:01,486 - INFO - Epoch 29 - Train Loss: 0.4655, Accuracy: 0.8363, Precision: 0.8361, Recall: 0.8363, F1-Score: 0.8361
2025-01-13 17:35:02,676 - INFO - Epoch 29 - Eval Loss: 0.5366, Accuracy: 0.8188, Precision: 0.8271, Recall: 0.8188, F1-Score: 0.8206
2025-01-13 17:35:09,334 - INFO - Epoch 30 - Train Loss: 0.4663, Accuracy: 0.8354, Precision: 0.8351, Recall: 0.8354, F1-Score: 0.8352
2025-01-13 17:35:10,543 - INFO - Epoch 30 - Eval Loss: 0.5172, Accuracy: 0.8237, Precision: 0.8293, Recall: 0.8237, F1-Score: 0.8252
2025-01-13 17:35:17,163 - INFO - Epoch 31 - Train Loss: 0.4529, Accuracy: 0.8400, Precision: 0.8399, Recall: 0.8400, F1-Score: 0.8399
2025-01-13 17:35:18,428 - INFO - Epoch 31 - Eval Loss: 0.5046, Accuracy: 0.8315, Precision: 0.8328, Recall: 0.8315, F1-Score: 0.8312
2025-01-13 17:35:25,263 - INFO - Epoch 32 - Train Loss: 0.4422, Accuracy: 0.8433, Precision: 0.8433, Recall: 0.8433, F1-Score: 0.8432
2025-01-13 17:35:26,553 - INFO - Epoch 32 - Eval Loss: 0.5132, Accuracy: 0.8270, Precision: 0.8294, Recall: 0.8270, F1-Score: 0.8259
2025-01-13 17:35:33,264 - INFO - Epoch 33 - Train Loss: 0.4421, Accuracy: 0.8441, Precision: 0.8439, Recall: 0.8441, F1-Score: 0.8439
2025-01-13 17:35:34,519 - INFO - Epoch 33 - Eval Loss: 0.5139, Accuracy: 0.8280, Precision: 0.8285, Recall: 0.8280, F1-Score: 0.8268
2025-01-13 17:35:40,999 - INFO - Epoch 34 - Train Loss: 0.4357, Accuracy: 0.8460, Precision: 0.8459, Recall: 0.8460, F1-Score: 0.8459
2025-01-13 17:35:42,161 - INFO - Epoch 34 - Eval Loss: 0.5172, Accuracy: 0.8256, Precision: 0.8299, Recall: 0.8256, F1-Score: 0.8261
2025-01-13 17:35:48,849 - INFO - Epoch 35 - Train Loss: 0.4264, Accuracy: 0.8491, Precision: 0.8489, Recall: 0.8491, F1-Score: 0.8489
2025-01-13 17:35:50,107 - INFO - Epoch 35 - Eval Loss: 0.4977, Accuracy: 0.8325, Precision: 0.8346, Recall: 0.8325, F1-Score: 0.8327
2025-01-13 17:35:56,827 - INFO - Epoch 36 - Train Loss: 0.4257, Accuracy: 0.8516, Precision: 0.8515, Recall: 0.8516, F1-Score: 0.8515
2025-01-13 17:35:57,983 - INFO - Epoch 36 - Eval Loss: 0.5310, Accuracy: 0.8226, Precision: 0.8233, Recall: 0.8226, F1-Score: 0.8205
2025-01-13 17:36:04,893 - INFO - Epoch 37 - Train Loss: 0.4234, Accuracy: 0.8510, Precision: 0.8509, Recall: 0.8510, F1-Score: 0.8509
2025-01-13 17:36:06,143 - INFO - Epoch 37 - Eval Loss: 0.4980, Accuracy: 0.8328, Precision: 0.8380, Recall: 0.8328, F1-Score: 0.8327
2025-01-13 17:36:12,941 - INFO - Epoch 38 - Train Loss: 0.4072, Accuracy: 0.8581, Precision: 0.8579, Recall: 0.8581, F1-Score: 0.8579
2025-01-13 17:36:14,162 - INFO - Epoch 38 - Eval Loss: 0.4754, Accuracy: 0.8389, Precision: 0.8410, Recall: 0.8389, F1-Score: 0.8393
2025-01-13 17:36:20,924 - INFO - Epoch 39 - Train Loss: 0.4069, Accuracy: 0.8571, Precision: 0.8572, Recall: 0.8571, F1-Score: 0.8571
2025-01-13 17:36:22,181 - INFO - Epoch 39 - Eval Loss: 0.4979, Accuracy: 0.8320, Precision: 0.8332, Recall: 0.8320, F1-Score: 0.8316
2025-01-13 17:36:29,078 - INFO - Epoch 40 - Train Loss: 0.4032, Accuracy: 0.8573, Precision: 0.8571, Recall: 0.8573, F1-Score: 0.8572
2025-01-13 17:36:30,380 - INFO - Epoch 40 - Eval Loss: 0.4948, Accuracy: 0.8323, Precision: 0.8322, Recall: 0.8323, F1-Score: 0.8308
2025-01-13 17:36:37,124 - INFO - Epoch 41 - Train Loss: 0.3910, Accuracy: 0.8616, Precision: 0.8614, Recall: 0.8616, F1-Score: 0.8615
2025-01-13 17:36:38,378 - INFO - Epoch 41 - Eval Loss: 0.4801, Accuracy: 0.8359, Precision: 0.8368, Recall: 0.8359, F1-Score: 0.8356
2025-01-13 17:36:45,185 - INFO - Epoch 42 - Train Loss: 0.3884, Accuracy: 0.8621, Precision: 0.8620, Recall: 0.8621, F1-Score: 0.8620
2025-01-13 17:36:46,637 - INFO - Epoch 42 - Eval Loss: 0.4797, Accuracy: 0.8412, Precision: 0.8417, Recall: 0.8412, F1-Score: 0.8406
2025-01-13 17:36:53,262 - INFO - Epoch 43 - Train Loss: 0.3807, Accuracy: 0.8673, Precision: 0.8672, Recall: 0.8673, F1-Score: 0.8672
2025-01-13 17:36:54,513 - INFO - Epoch 43 - Eval Loss: 0.4609, Accuracy: 0.8479, Precision: 0.8480, Recall: 0.8479, F1-Score: 0.8476
2025-01-13 17:37:01,086 - INFO - Epoch 44 - Train Loss: 0.3785, Accuracy: 0.8658, Precision: 0.8657, Recall: 0.8658, F1-Score: 0.8657
2025-01-13 17:37:02,299 - INFO - Epoch 44 - Eval Loss: 0.4743, Accuracy: 0.8424, Precision: 0.8448, Recall: 0.8424, F1-Score: 0.8429
2025-01-13 17:37:08,960 - INFO - Epoch 45 - Train Loss: 0.3792, Accuracy: 0.8666, Precision: 0.8664, Recall: 0.8666, F1-Score: 0.8665
2025-01-13 17:37:10,261 - INFO - Epoch 45 - Eval Loss: 0.4627, Accuracy: 0.8454, Precision: 0.8471, Recall: 0.8454, F1-Score: 0.8453
2025-01-13 17:37:17,008 - INFO - Epoch 46 - Train Loss: 0.3703, Accuracy: 0.8704, Precision: 0.8703, Recall: 0.8704, F1-Score: 0.8703
2025-01-13 17:37:18,207 - INFO - Epoch 46 - Eval Loss: 0.4828, Accuracy: 0.8415, Precision: 0.8431, Recall: 0.8415, F1-Score: 0.8404
2025-01-13 17:37:24,908 - INFO - Epoch 47 - Train Loss: 0.3682, Accuracy: 0.8707, Precision: 0.8704, Recall: 0.8707, F1-Score: 0.8705
2025-01-13 17:37:26,222 - INFO - Epoch 47 - Eval Loss: 0.4737, Accuracy: 0.8440, Precision: 0.8490, Recall: 0.8440, F1-Score: 0.8452
2025-01-13 17:37:32,975 - INFO - Epoch 48 - Train Loss: 0.3627, Accuracy: 0.8721, Precision: 0.8720, Recall: 0.8721, F1-Score: 0.8720
2025-01-13 17:37:34,266 - INFO - Epoch 48 - Eval Loss: 0.4668, Accuracy: 0.8476, Precision: 0.8476, Recall: 0.8476, F1-Score: 0.8465
2025-01-13 17:37:40,883 - INFO - Epoch 49 - Train Loss: 0.3586, Accuracy: 0.8727, Precision: 0.8727, Recall: 0.8727, F1-Score: 0.8726
2025-01-13 17:37:42,222 - INFO - Epoch 49 - Eval Loss: 0.4511, Accuracy: 0.8526, Precision: 0.8516, Recall: 0.8526, F1-Score: 0.8512
2025-01-13 17:37:48,959 - INFO - Epoch 50 - Train Loss: 0.3487, Accuracy: 0.8769, Precision: 0.8770, Recall: 0.8769, F1-Score: 0.8769
2025-01-13 17:37:50,410 - INFO - Epoch 50 - Eval Loss: 0.4721, Accuracy: 0.8457, Precision: 0.8452, Recall: 0.8457, F1-Score: 0.8448
2025-01-13 17:37:57,153 - INFO - Epoch 51 - Train Loss: 0.3480, Accuracy: 0.8769, Precision: 0.8767, Recall: 0.8769, F1-Score: 0.8768
2025-01-13 17:37:58,415 - INFO - Epoch 51 - Eval Loss: 0.4624, Accuracy: 0.8480, Precision: 0.8502, Recall: 0.8480, F1-Score: 0.8472
2025-01-13 17:38:05,009 - INFO - Epoch 52 - Train Loss: 0.3435, Accuracy: 0.8783, Precision: 0.8783, Recall: 0.8783, F1-Score: 0.8783
2025-01-13 17:38:06,264 - INFO - Epoch 52 - Eval Loss: 0.4477, Accuracy: 0.8482, Precision: 0.8496, Recall: 0.8482, F1-Score: 0.8479
2025-01-13 17:38:12,932 - INFO - Epoch 53 - Train Loss: 0.3384, Accuracy: 0.8808, Precision: 0.8807, Recall: 0.8808, F1-Score: 0.8807
2025-01-13 17:38:14,203 - INFO - Epoch 53 - Eval Loss: 0.4587, Accuracy: 0.8517, Precision: 0.8519, Recall: 0.8517, F1-Score: 0.8513
2025-01-13 17:38:20,754 - INFO - Epoch 54 - Train Loss: 0.3339, Accuracy: 0.8818, Precision: 0.8817, Recall: 0.8818, F1-Score: 0.8817
2025-01-13 17:38:21,945 - INFO - Epoch 54 - Eval Loss: 0.4627, Accuracy: 0.8503, Precision: 0.8516, Recall: 0.8503, F1-Score: 0.8503
2025-01-13 17:38:28,509 - INFO - Epoch 55 - Train Loss: 0.3347, Accuracy: 0.8811, Precision: 0.8809, Recall: 0.8811, F1-Score: 0.8810
2025-01-13 17:38:29,762 - INFO - Epoch 55 - Eval Loss: 0.4544, Accuracy: 0.8520, Precision: 0.8524, Recall: 0.8520, F1-Score: 0.8517
2025-01-13 17:38:36,570 - INFO - Epoch 56 - Train Loss: 0.3315, Accuracy: 0.8843, Precision: 0.8843, Recall: 0.8843, F1-Score: 0.8842
2025-01-13 17:38:37,928 - INFO - Epoch 56 - Eval Loss: 0.4729, Accuracy: 0.8449, Precision: 0.8471, Recall: 0.8449, F1-Score: 0.8447
2025-01-13 17:38:44,861 - INFO - Epoch 57 - Train Loss: 0.3256, Accuracy: 0.8848, Precision: 0.8848, Recall: 0.8848, F1-Score: 0.8848
2025-01-13 17:38:46,162 - INFO - Epoch 57 - Eval Loss: 0.4700, Accuracy: 0.8449, Precision: 0.8474, Recall: 0.8449, F1-Score: 0.8427
2025-01-13 17:38:52,918 - INFO - Epoch 58 - Train Loss: 0.3276, Accuracy: 0.8844, Precision: 0.8843, Recall: 0.8844, F1-Score: 0.8843
2025-01-13 17:38:54,222 - INFO - Epoch 58 - Eval Loss: 0.4756, Accuracy: 0.8442, Precision: 0.8456, Recall: 0.8442, F1-Score: 0.8409
2025-01-13 17:39:00,986 - INFO - Epoch 59 - Train Loss: 0.3201, Accuracy: 0.8865, Precision: 0.8864, Recall: 0.8865, F1-Score: 0.8864
2025-01-13 17:39:02,332 - INFO - Epoch 59 - Eval Loss: 0.4585, Accuracy: 0.8497, Precision: 0.8495, Recall: 0.8497, F1-Score: 0.8493
2025-01-13 17:39:09,079 - INFO - Epoch 60 - Train Loss: 0.3115, Accuracy: 0.8909, Precision: 0.8908, Recall: 0.8909, F1-Score: 0.8909
2025-01-13 17:39:10,303 - INFO - Epoch 60 - Eval Loss: 0.4541, Accuracy: 0.8525, Precision: 0.8515, Recall: 0.8525, F1-Score: 0.8518
2025-01-13 17:39:17,075 - INFO - Epoch 61 - Train Loss: 0.3161, Accuracy: 0.8897, Precision: 0.8897, Recall: 0.8897, F1-Score: 0.8897
2025-01-13 17:39:18,342 - INFO - Epoch 61 - Eval Loss: 0.4557, Accuracy: 0.8562, Precision: 0.8600, Recall: 0.8562, F1-Score: 0.8566
2025-01-13 17:39:25,030 - INFO - Epoch 62 - Train Loss: 0.3097, Accuracy: 0.8892, Precision: 0.8892, Recall: 0.8892, F1-Score: 0.8892
2025-01-13 17:39:26,358 - INFO - Epoch 62 - Eval Loss: 0.4526, Accuracy: 0.8530, Precision: 0.8545, Recall: 0.8530, F1-Score: 0.8534
2025-01-13 17:39:33,082 - INFO - Epoch 63 - Train Loss: 0.3062, Accuracy: 0.8928, Precision: 0.8927, Recall: 0.8928, F1-Score: 0.8927
2025-01-13 17:39:34,290 - INFO - Epoch 63 - Eval Loss: 0.4532, Accuracy: 0.8539, Precision: 0.8556, Recall: 0.8539, F1-Score: 0.8538
2025-01-13 17:39:40,913 - INFO - Epoch 64 - Train Loss: 0.3037, Accuracy: 0.8931, Precision: 0.8931, Recall: 0.8931, F1-Score: 0.8931
2025-01-13 17:39:42,199 - INFO - Epoch 64 - Eval Loss: 0.4497, Accuracy: 0.8572, Precision: 0.8573, Recall: 0.8572, F1-Score: 0.8560
2025-01-13 17:39:48,882 - INFO - Epoch 65 - Train Loss: 0.2986, Accuracy: 0.8935, Precision: 0.8935, Recall: 0.8935, F1-Score: 0.8935
2025-01-13 17:39:49,998 - INFO - Epoch 65 - Eval Loss: 0.4623, Accuracy: 0.8507, Precision: 0.8517, Recall: 0.8507, F1-Score: 0.8505
2025-01-13 17:39:56,591 - INFO - Epoch 66 - Train Loss: 0.2995, Accuracy: 0.8947, Precision: 0.8946, Recall: 0.8947, F1-Score: 0.8946
2025-01-13 17:39:57,825 - INFO - Epoch 66 - Eval Loss: 0.4547, Accuracy: 0.8550, Precision: 0.8542, Recall: 0.8550, F1-Score: 0.8538
2025-01-13 17:40:04,457 - INFO - Epoch 67 - Train Loss: 0.2894, Accuracy: 0.8976, Precision: 0.8975, Recall: 0.8976, F1-Score: 0.8975
2025-01-13 17:40:05,728 - INFO - Epoch 67 - Eval Loss: 0.4614, Accuracy: 0.8552, Precision: 0.8568, Recall: 0.8552, F1-Score: 0.8556
2025-01-13 17:40:12,422 - INFO - Epoch 68 - Train Loss: 0.2943, Accuracy: 0.8949, Precision: 0.8950, Recall: 0.8949, F1-Score: 0.8949
2025-01-13 17:40:13,733 - INFO - Epoch 68 - Eval Loss: 0.4461, Accuracy: 0.8579, Precision: 0.8580, Recall: 0.8579, F1-Score: 0.8571
2025-01-13 17:40:20,305 - INFO - Epoch 69 - Train Loss: 0.2854, Accuracy: 0.9000, Precision: 0.9000, Recall: 0.9000, F1-Score: 0.9000
2025-01-13 17:40:21,626 - INFO - Epoch 69 - Eval Loss: 0.4639, Accuracy: 0.8517, Precision: 0.8556, Recall: 0.8517, F1-Score: 0.8524
2025-01-13 17:40:28,273 - INFO - Epoch 70 - Train Loss: 0.2880, Accuracy: 0.8979, Precision: 0.8979, Recall: 0.8979, F1-Score: 0.8978
2025-01-13 17:40:29,464 - INFO - Epoch 70 - Eval Loss: 0.4310, Accuracy: 0.8626, Precision: 0.8627, Recall: 0.8626, F1-Score: 0.8624
2025-01-13 17:40:36,228 - INFO - Epoch 71 - Train Loss: 0.2855, Accuracy: 0.8974, Precision: 0.8974, Recall: 0.8974, F1-Score: 0.8974
2025-01-13 17:40:37,575 - INFO - Epoch 71 - Eval Loss: 0.4523, Accuracy: 0.8542, Precision: 0.8553, Recall: 0.8542, F1-Score: 0.8534
2025-01-13 17:40:44,392 - INFO - Epoch 72 - Train Loss: 0.2830, Accuracy: 0.8989, Precision: 0.8990, Recall: 0.8989, F1-Score: 0.8989
2025-01-13 17:40:45,769 - INFO - Epoch 72 - Eval Loss: 0.4348, Accuracy: 0.8616, Precision: 0.8611, Recall: 0.8616, F1-Score: 0.8610
2025-01-13 17:40:52,576 - INFO - Epoch 73 - Train Loss: 0.2754, Accuracy: 0.9021, Precision: 0.9020, Recall: 0.9021, F1-Score: 0.9021
2025-01-13 17:40:53,762 - INFO - Epoch 73 - Eval Loss: 0.4347, Accuracy: 0.8609, Precision: 0.8625, Recall: 0.8609, F1-Score: 0.8613
2025-01-13 17:41:00,370 - INFO - Epoch 74 - Train Loss: 0.2783, Accuracy: 0.9017, Precision: 0.9017, Recall: 0.9017, F1-Score: 0.9017
2025-01-13 17:41:01,594 - INFO - Epoch 74 - Eval Loss: 0.4634, Accuracy: 0.8566, Precision: 0.8596, Recall: 0.8566, F1-Score: 0.8572
2025-01-13 17:41:08,274 - INFO - Epoch 75 - Train Loss: 0.2708, Accuracy: 0.9033, Precision: 0.9032, Recall: 0.9033, F1-Score: 0.9032
2025-01-13 17:41:09,494 - INFO - Epoch 75 - Eval Loss: 0.4403, Accuracy: 0.8610, Precision: 0.8617, Recall: 0.8610, F1-Score: 0.8611
2025-01-13 17:41:16,181 - INFO - Epoch 76 - Train Loss: 0.2666, Accuracy: 0.9048, Precision: 0.9047, Recall: 0.9048, F1-Score: 0.9048
2025-01-13 17:41:17,453 - INFO - Epoch 76 - Eval Loss: 0.4598, Accuracy: 0.8530, Precision: 0.8550, Recall: 0.8530, F1-Score: 0.8532
2025-01-13 17:41:24,107 - INFO - Epoch 77 - Train Loss: 0.2699, Accuracy: 0.9050, Precision: 0.9052, Recall: 0.9050, F1-Score: 0.9051
2025-01-13 17:41:25,374 - INFO - Epoch 77 - Eval Loss: 0.4623, Accuracy: 0.8593, Precision: 0.8593, Recall: 0.8593, F1-Score: 0.8581
2025-01-13 17:41:32,046 - INFO - Epoch 78 - Train Loss: 0.2607, Accuracy: 0.9080, Precision: 0.9080, Recall: 0.9080, F1-Score: 0.9079
2025-01-13 17:41:33,305 - INFO - Epoch 78 - Eval Loss: 0.4813, Accuracy: 0.8531, Precision: 0.8537, Recall: 0.8531, F1-Score: 0.8515
2025-01-13 17:41:40,031 - INFO - Epoch 79 - Train Loss: 0.2698, Accuracy: 0.9036, Precision: 0.9036, Recall: 0.9036, F1-Score: 0.9035
2025-01-13 17:41:41,359 - INFO - Epoch 79 - Eval Loss: 0.4380, Accuracy: 0.8626, Precision: 0.8629, Recall: 0.8626, F1-Score: 0.8621
2025-01-13 17:41:48,277 - INFO - Epoch 80 - Train Loss: 0.2621, Accuracy: 0.9072, Precision: 0.9072, Recall: 0.9072, F1-Score: 0.9072
2025-01-13 17:41:49,506 - INFO - Epoch 80 - Eval Loss: 0.4318, Accuracy: 0.8618, Precision: 0.8620, Recall: 0.8618, F1-Score: 0.8614
2025-01-13 17:41:56,223 - INFO - Epoch 81 - Train Loss: 0.2587, Accuracy: 0.9088, Precision: 0.9089, Recall: 0.9088, F1-Score: 0.9088
2025-01-13 17:41:57,525 - INFO - Epoch 81 - Eval Loss: 0.4719, Accuracy: 0.8546, Precision: 0.8566, Recall: 0.8546, F1-Score: 0.8536
2025-01-13 17:42:04,327 - INFO - Epoch 82 - Train Loss: 0.2588, Accuracy: 0.9073, Precision: 0.9073, Recall: 0.9073, F1-Score: 0.9073
2025-01-13 17:42:05,591 - INFO - Epoch 82 - Eval Loss: 0.4492, Accuracy: 0.8589, Precision: 0.8601, Recall: 0.8589, F1-Score: 0.8579
2025-01-13 17:42:12,390 - INFO - Epoch 83 - Train Loss: 0.2546, Accuracy: 0.9100, Precision: 0.9100, Recall: 0.9100, F1-Score: 0.9100
2025-01-13 17:42:13,549 - INFO - Epoch 83 - Eval Loss: 0.4576, Accuracy: 0.8605, Precision: 0.8611, Recall: 0.8605, F1-Score: 0.8600
2025-01-13 17:42:20,293 - INFO - Epoch 84 - Train Loss: 0.2527, Accuracy: 0.9105, Precision: 0.9105, Recall: 0.9105, F1-Score: 0.9105
2025-01-13 17:42:21,498 - INFO - Epoch 84 - Eval Loss: 0.4547, Accuracy: 0.8570, Precision: 0.8590, Recall: 0.8570, F1-Score: 0.8573
2025-01-13 17:42:28,183 - INFO - Epoch 85 - Train Loss: 0.2485, Accuracy: 0.9117, Precision: 0.9117, Recall: 0.9117, F1-Score: 0.9117
2025-01-13 17:42:29,403 - INFO - Epoch 85 - Eval Loss: 0.4646, Accuracy: 0.8599, Precision: 0.8608, Recall: 0.8599, F1-Score: 0.8590
2025-01-13 17:42:36,039 - INFO - Epoch 86 - Train Loss: 0.2519, Accuracy: 0.9100, Precision: 0.9099, Recall: 0.9100, F1-Score: 0.9099
2025-01-13 17:42:37,285 - INFO - Epoch 86 - Eval Loss: 0.4459, Accuracy: 0.8631, Precision: 0.8638, Recall: 0.8631, F1-Score: 0.8632
2025-01-13 17:42:44,141 - INFO - Epoch 87 - Train Loss: 0.2485, Accuracy: 0.9116, Precision: 0.9115, Recall: 0.9116, F1-Score: 0.9115
2025-01-13 17:42:45,347 - INFO - Epoch 87 - Eval Loss: 0.4667, Accuracy: 0.8531, Precision: 0.8602, Recall: 0.8531, F1-Score: 0.8549
2025-01-13 17:42:52,028 - INFO - Epoch 88 - Train Loss: 0.2389, Accuracy: 0.9153, Precision: 0.9153, Recall: 0.9153, F1-Score: 0.9153
2025-01-13 17:42:53,255 - INFO - Epoch 88 - Eval Loss: 0.4404, Accuracy: 0.8668, Precision: 0.8688, Recall: 0.8668, F1-Score: 0.8668
2025-01-13 17:42:59,969 - INFO - Epoch 89 - Train Loss: 0.2440, Accuracy: 0.9125, Precision: 0.9125, Recall: 0.9125, F1-Score: 0.9125
2025-01-13 17:43:01,235 - INFO - Epoch 89 - Eval Loss: 0.4472, Accuracy: 0.8607, Precision: 0.8612, Recall: 0.8607, F1-Score: 0.8604
2025-01-13 17:43:07,851 - INFO - Epoch 90 - Train Loss: 0.2377, Accuracy: 0.9162, Precision: 0.9162, Recall: 0.9162, F1-Score: 0.9162
2025-01-13 17:43:09,149 - INFO - Epoch 90 - Eval Loss: 0.4697, Accuracy: 0.8597, Precision: 0.8612, Recall: 0.8597, F1-Score: 0.8590
2025-01-13 17:43:15,824 - INFO - Epoch 91 - Train Loss: 0.2357, Accuracy: 0.9157, Precision: 0.9157, Recall: 0.9157, F1-Score: 0.9156
2025-01-13 17:43:17,124 - INFO - Epoch 91 - Eval Loss: 0.4824, Accuracy: 0.8534, Precision: 0.8560, Recall: 0.8534, F1-Score: 0.8508
2025-01-13 17:43:23,726 - INFO - Epoch 92 - Train Loss: 0.2329, Accuracy: 0.9173, Precision: 0.9173, Recall: 0.9173, F1-Score: 0.9173
2025-01-13 17:43:25,000 - INFO - Epoch 92 - Eval Loss: 0.4368, Accuracy: 0.8646, Precision: 0.8643, Recall: 0.8646, F1-Score: 0.8643
2025-01-13 17:43:31,720 - INFO - Epoch 93 - Train Loss: 0.2353, Accuracy: 0.9153, Precision: 0.9153, Recall: 0.9153, F1-Score: 0.9152
2025-01-13 17:43:32,938 - INFO - Epoch 93 - Eval Loss: 0.4580, Accuracy: 0.8579, Precision: 0.8594, Recall: 0.8579, F1-Score: 0.8580
2025-01-13 17:43:39,612 - INFO - Epoch 94 - Train Loss: 0.2336, Accuracy: 0.9165, Precision: 0.9164, Recall: 0.9165, F1-Score: 0.9164
2025-01-13 17:43:40,944 - INFO - Epoch 94 - Eval Loss: 0.4444, Accuracy: 0.8595, Precision: 0.8603, Recall: 0.8595, F1-Score: 0.8594
2025-01-13 17:43:47,702 - INFO - Epoch 95 - Train Loss: 0.2236, Accuracy: 0.9204, Precision: 0.9204, Recall: 0.9204, F1-Score: 0.9204
2025-01-13 17:43:48,932 - INFO - Epoch 95 - Eval Loss: 0.4434, Accuracy: 0.8625, Precision: 0.8625, Recall: 0.8625, F1-Score: 0.8622
2025-01-13 17:43:55,533 - INFO - Epoch 96 - Train Loss: 0.2300, Accuracy: 0.9182, Precision: 0.9181, Recall: 0.9182, F1-Score: 0.9181
2025-01-13 17:43:56,751 - INFO - Epoch 96 - Eval Loss: 0.4721, Accuracy: 0.8528, Precision: 0.8551, Recall: 0.8528, F1-Score: 0.8522
2025-01-13 17:44:03,382 - INFO - Epoch 97 - Train Loss: 0.2252, Accuracy: 0.9187, Precision: 0.9186, Recall: 0.9187, F1-Score: 0.9186
2025-01-13 17:44:04,658 - INFO - Epoch 97 - Eval Loss: 0.4508, Accuracy: 0.8619, Precision: 0.8615, Recall: 0.8619, F1-Score: 0.8613
2025-01-13 17:44:11,395 - INFO - Epoch 98 - Train Loss: 0.2210, Accuracy: 0.9224, Precision: 0.9224, Recall: 0.9224, F1-Score: 0.9224
2025-01-13 17:44:12,666 - INFO - Epoch 98 - Eval Loss: 0.4790, Accuracy: 0.8544, Precision: 0.8578, Recall: 0.8544, F1-Score: 0.8534
2025-01-13 17:44:19,302 - INFO - Epoch 99 - Train Loss: 0.2211, Accuracy: 0.9209, Precision: 0.9210, Recall: 0.9209, F1-Score: 0.9209
2025-01-13 17:44:20,551 - INFO - Epoch 99 - Eval Loss: 0.4510, Accuracy: 0.8623, Precision: 0.8640, Recall: 0.8623, F1-Score: 0.8616
2025-01-13 17:44:20,552 - INFO - Training finished
