2025-01-13 18:50:03,276 - INFO - Log file created at log/width_multiplier/cifar10_lr0.001_adam_wm1.5_20250113-185003.log
2025-01-13 18:50:03,328 - INFO - Using device cuda:2
2025-01-13 18:50:16,534 - INFO - Epoch 0 - Train Loss: 1.7441, Accuracy: 0.3783, Precision: 0.3723, Recall: 0.3783, F1-Score: 0.3736
2025-01-13 18:50:17,724 - INFO - Epoch 0 - Eval Loss: 1.3480, Accuracy: 0.5104, Precision: 0.5141, Recall: 0.5104, F1-Score: 0.4975
2025-01-13 18:50:26,720 - INFO - Epoch 1 - Train Loss: 1.2914, Accuracy: 0.5364, Precision: 0.5325, Recall: 0.5364, F1-Score: 0.5341
2025-01-13 18:50:27,849 - INFO - Epoch 1 - Eval Loss: 1.0960, Accuracy: 0.6067, Precision: 0.6066, Recall: 0.6067, F1-Score: 0.5992
2025-01-13 18:50:36,797 - INFO - Epoch 2 - Train Loss: 1.0767, Accuracy: 0.6145, Precision: 0.6122, Recall: 0.6145, F1-Score: 0.6132
2025-01-13 18:50:38,059 - INFO - Epoch 2 - Eval Loss: 0.9329, Accuracy: 0.6651, Precision: 0.6726, Recall: 0.6651, F1-Score: 0.6600
2025-01-13 18:50:46,990 - INFO - Epoch 3 - Train Loss: 0.9413, Accuracy: 0.6633, Precision: 0.6615, Recall: 0.6633, F1-Score: 0.6623
2025-01-13 18:50:48,164 - INFO - Epoch 3 - Eval Loss: 0.8580, Accuracy: 0.7014, Precision: 0.7079, Recall: 0.7014, F1-Score: 0.6966
2025-01-13 18:50:57,142 - INFO - Epoch 4 - Train Loss: 0.8523, Accuracy: 0.6985, Precision: 0.6973, Recall: 0.6985, F1-Score: 0.6978
2025-01-13 18:50:58,288 - INFO - Epoch 4 - Eval Loss: 0.7725, Accuracy: 0.7326, Precision: 0.7383, Recall: 0.7326, F1-Score: 0.7326
2025-01-13 18:51:07,156 - INFO - Epoch 5 - Train Loss: 0.7815, Accuracy: 0.7239, Precision: 0.7232, Recall: 0.7239, F1-Score: 0.7234
2025-01-13 18:51:08,296 - INFO - Epoch 5 - Eval Loss: 0.7528, Accuracy: 0.7428, Precision: 0.7479, Recall: 0.7428, F1-Score: 0.7394
2025-01-13 18:51:17,112 - INFO - Epoch 6 - Train Loss: 0.7243, Accuracy: 0.7464, Precision: 0.7455, Recall: 0.7464, F1-Score: 0.7458
2025-01-13 18:51:18,197 - INFO - Epoch 6 - Eval Loss: 0.6748, Accuracy: 0.7627, Precision: 0.7651, Recall: 0.7627, F1-Score: 0.7626
2025-01-13 18:51:27,066 - INFO - Epoch 7 - Train Loss: 0.6854, Accuracy: 0.7600, Precision: 0.7594, Recall: 0.7600, F1-Score: 0.7596
2025-01-13 18:51:28,184 - INFO - Epoch 7 - Eval Loss: 0.6421, Accuracy: 0.7771, Precision: 0.7823, Recall: 0.7771, F1-Score: 0.7747
2025-01-13 18:51:37,049 - INFO - Epoch 8 - Train Loss: 0.6427, Accuracy: 0.7746, Precision: 0.7743, Recall: 0.7746, F1-Score: 0.7744
2025-01-13 18:51:38,208 - INFO - Epoch 8 - Eval Loss: 0.6136, Accuracy: 0.7876, Precision: 0.7915, Recall: 0.7876, F1-Score: 0.7827
2025-01-13 18:51:47,083 - INFO - Epoch 9 - Train Loss: 0.6106, Accuracy: 0.7865, Precision: 0.7859, Recall: 0.7865, F1-Score: 0.7861
2025-01-13 18:51:48,245 - INFO - Epoch 9 - Eval Loss: 0.5728, Accuracy: 0.8028, Precision: 0.8019, Recall: 0.8028, F1-Score: 0.8019
2025-01-13 18:51:57,171 - INFO - Epoch 10 - Train Loss: 0.5833, Accuracy: 0.7943, Precision: 0.7939, Recall: 0.7943, F1-Score: 0.7940
2025-01-13 18:51:58,314 - INFO - Epoch 10 - Eval Loss: 0.5804, Accuracy: 0.7992, Precision: 0.7997, Recall: 0.7992, F1-Score: 0.7953
2025-01-13 18:52:07,141 - INFO - Epoch 11 - Train Loss: 0.5682, Accuracy: 0.8017, Precision: 0.8012, Recall: 0.8017, F1-Score: 0.8014
2025-01-13 18:52:08,272 - INFO - Epoch 11 - Eval Loss: 0.5452, Accuracy: 0.8108, Precision: 0.8114, Recall: 0.8108, F1-Score: 0.8097
2025-01-13 18:52:17,180 - INFO - Epoch 12 - Train Loss: 0.5447, Accuracy: 0.8104, Precision: 0.8100, Recall: 0.8104, F1-Score: 0.8101
2025-01-13 18:52:18,271 - INFO - Epoch 12 - Eval Loss: 0.5506, Accuracy: 0.8081, Precision: 0.8071, Recall: 0.8081, F1-Score: 0.8055
2025-01-13 18:52:27,085 - INFO - Epoch 13 - Train Loss: 0.5244, Accuracy: 0.8171, Precision: 0.8168, Recall: 0.8171, F1-Score: 0.8169
2025-01-13 18:52:28,188 - INFO - Epoch 13 - Eval Loss: 0.5096, Accuracy: 0.8231, Precision: 0.8235, Recall: 0.8231, F1-Score: 0.8216
2025-01-13 18:52:37,196 - INFO - Epoch 14 - Train Loss: 0.5079, Accuracy: 0.8229, Precision: 0.8227, Recall: 0.8229, F1-Score: 0.8227
2025-01-13 18:52:38,302 - INFO - Epoch 14 - Eval Loss: 0.5695, Accuracy: 0.8049, Precision: 0.8161, Recall: 0.8049, F1-Score: 0.8027
2025-01-13 18:52:47,117 - INFO - Epoch 15 - Train Loss: 0.4844, Accuracy: 0.8312, Precision: 0.8311, Recall: 0.8312, F1-Score: 0.8311
2025-01-13 18:52:48,276 - INFO - Epoch 15 - Eval Loss: 0.5270, Accuracy: 0.8227, Precision: 0.8258, Recall: 0.8227, F1-Score: 0.8213
2025-01-13 18:52:57,144 - INFO - Epoch 16 - Train Loss: 0.4735, Accuracy: 0.8347, Precision: 0.8345, Recall: 0.8347, F1-Score: 0.8346
2025-01-13 18:52:58,282 - INFO - Epoch 16 - Eval Loss: 0.4844, Accuracy: 0.8347, Precision: 0.8367, Recall: 0.8347, F1-Score: 0.8349
2025-01-13 18:53:07,145 - INFO - Epoch 17 - Train Loss: 0.4639, Accuracy: 0.8366, Precision: 0.8365, Recall: 0.8366, F1-Score: 0.8365
2025-01-13 18:53:08,271 - INFO - Epoch 17 - Eval Loss: 0.4926, Accuracy: 0.8363, Precision: 0.8351, Recall: 0.8363, F1-Score: 0.8334
2025-01-13 18:53:17,161 - INFO - Epoch 18 - Train Loss: 0.4509, Accuracy: 0.8434, Precision: 0.8432, Recall: 0.8434, F1-Score: 0.8432
2025-01-13 18:53:18,292 - INFO - Epoch 18 - Eval Loss: 0.5067, Accuracy: 0.8316, Precision: 0.8309, Recall: 0.8316, F1-Score: 0.8300
2025-01-13 18:53:27,175 - INFO - Epoch 19 - Train Loss: 0.4395, Accuracy: 0.8482, Precision: 0.8480, Recall: 0.8482, F1-Score: 0.8480
2025-01-13 18:53:28,285 - INFO - Epoch 19 - Eval Loss: 0.4908, Accuracy: 0.8317, Precision: 0.8360, Recall: 0.8317, F1-Score: 0.8323
2025-01-13 18:53:37,143 - INFO - Epoch 20 - Train Loss: 0.4268, Accuracy: 0.8503, Precision: 0.8501, Recall: 0.8503, F1-Score: 0.8502
2025-01-13 18:53:38,310 - INFO - Epoch 20 - Eval Loss: 0.4632, Accuracy: 0.8435, Precision: 0.8445, Recall: 0.8435, F1-Score: 0.8432
2025-01-13 18:53:47,171 - INFO - Epoch 21 - Train Loss: 0.4175, Accuracy: 0.8547, Precision: 0.8545, Recall: 0.8547, F1-Score: 0.8545
2025-01-13 18:53:48,301 - INFO - Epoch 21 - Eval Loss: 0.4879, Accuracy: 0.8346, Precision: 0.8392, Recall: 0.8346, F1-Score: 0.8344
2025-01-13 18:53:57,144 - INFO - Epoch 22 - Train Loss: 0.4099, Accuracy: 0.8567, Precision: 0.8570, Recall: 0.8567, F1-Score: 0.8568
2025-01-13 18:53:58,279 - INFO - Epoch 22 - Eval Loss: 0.4925, Accuracy: 0.8305, Precision: 0.8339, Recall: 0.8305, F1-Score: 0.8294
2025-01-13 18:54:07,081 - INFO - Epoch 23 - Train Loss: 0.3984, Accuracy: 0.8609, Precision: 0.8607, Recall: 0.8609, F1-Score: 0.8608
2025-01-13 18:54:08,192 - INFO - Epoch 23 - Eval Loss: 0.4607, Accuracy: 0.8475, Precision: 0.8479, Recall: 0.8475, F1-Score: 0.8466
2025-01-13 18:54:17,009 - INFO - Epoch 24 - Train Loss: 0.3856, Accuracy: 0.8658, Precision: 0.8658, Recall: 0.8658, F1-Score: 0.8658
2025-01-13 18:54:18,165 - INFO - Epoch 24 - Eval Loss: 0.4360, Accuracy: 0.8561, Precision: 0.8547, Recall: 0.8561, F1-Score: 0.8549
2025-01-13 18:54:27,027 - INFO - Epoch 25 - Train Loss: 0.3826, Accuracy: 0.8661, Precision: 0.8660, Recall: 0.8661, F1-Score: 0.8660
2025-01-13 18:54:28,169 - INFO - Epoch 25 - Eval Loss: 0.4859, Accuracy: 0.8349, Precision: 0.8397, Recall: 0.8349, F1-Score: 0.8330
2025-01-13 18:54:36,989 - INFO - Epoch 26 - Train Loss: 0.3748, Accuracy: 0.8690, Precision: 0.8689, Recall: 0.8690, F1-Score: 0.8690
2025-01-13 18:54:38,167 - INFO - Epoch 26 - Eval Loss: 0.4390, Accuracy: 0.8553, Precision: 0.8559, Recall: 0.8553, F1-Score: 0.8545
2025-01-13 18:54:46,950 - INFO - Epoch 27 - Train Loss: 0.3684, Accuracy: 0.8713, Precision: 0.8714, Recall: 0.8713, F1-Score: 0.8713
2025-01-13 18:54:48,089 - INFO - Epoch 27 - Eval Loss: 0.4423, Accuracy: 0.8529, Precision: 0.8541, Recall: 0.8529, F1-Score: 0.8525
2025-01-13 18:54:56,948 - INFO - Epoch 28 - Train Loss: 0.3591, Accuracy: 0.8757, Precision: 0.8757, Recall: 0.8757, F1-Score: 0.8756
2025-01-13 18:54:58,082 - INFO - Epoch 28 - Eval Loss: 0.4507, Accuracy: 0.8478, Precision: 0.8506, Recall: 0.8478, F1-Score: 0.8481
2025-01-13 18:55:06,882 - INFO - Epoch 29 - Train Loss: 0.3468, Accuracy: 0.8791, Precision: 0.8792, Recall: 0.8791, F1-Score: 0.8791
2025-01-13 18:55:08,024 - INFO - Epoch 29 - Eval Loss: 0.4580, Accuracy: 0.8487, Precision: 0.8504, Recall: 0.8487, F1-Score: 0.8473
2025-01-13 18:55:16,890 - INFO - Epoch 30 - Train Loss: 0.3425, Accuracy: 0.8808, Precision: 0.8808, Recall: 0.8808, F1-Score: 0.8808
2025-01-13 18:55:18,023 - INFO - Epoch 30 - Eval Loss: 0.4523, Accuracy: 0.8492, Precision: 0.8568, Recall: 0.8492, F1-Score: 0.8499
2025-01-13 18:55:26,893 - INFO - Epoch 31 - Train Loss: 0.3392, Accuracy: 0.8819, Precision: 0.8819, Recall: 0.8819, F1-Score: 0.8819
2025-01-13 18:55:28,039 - INFO - Epoch 31 - Eval Loss: 0.4464, Accuracy: 0.8520, Precision: 0.8537, Recall: 0.8520, F1-Score: 0.8511
2025-01-13 18:55:36,905 - INFO - Epoch 32 - Train Loss: 0.3370, Accuracy: 0.8839, Precision: 0.8837, Recall: 0.8839, F1-Score: 0.8838
2025-01-13 18:55:38,055 - INFO - Epoch 32 - Eval Loss: 0.4337, Accuracy: 0.8559, Precision: 0.8580, Recall: 0.8559, F1-Score: 0.8556
2025-01-13 18:55:46,911 - INFO - Epoch 33 - Train Loss: 0.3304, Accuracy: 0.8838, Precision: 0.8838, Recall: 0.8838, F1-Score: 0.8837
2025-01-13 18:55:48,072 - INFO - Epoch 33 - Eval Loss: 0.4178, Accuracy: 0.8650, Precision: 0.8662, Recall: 0.8650, F1-Score: 0.8642
2025-01-13 18:55:56,959 - INFO - Epoch 34 - Train Loss: 0.3234, Accuracy: 0.8860, Precision: 0.8859, Recall: 0.8860, F1-Score: 0.8859
2025-01-13 18:55:58,108 - INFO - Epoch 34 - Eval Loss: 0.4271, Accuracy: 0.8597, Precision: 0.8600, Recall: 0.8597, F1-Score: 0.8584
2025-01-13 18:56:06,889 - INFO - Epoch 35 - Train Loss: 0.3145, Accuracy: 0.8911, Precision: 0.8912, Recall: 0.8911, F1-Score: 0.8911
2025-01-13 18:56:08,032 - INFO - Epoch 35 - Eval Loss: 0.4187, Accuracy: 0.8650, Precision: 0.8666, Recall: 0.8650, F1-Score: 0.8647
2025-01-13 18:56:16,834 - INFO - Epoch 36 - Train Loss: 0.3112, Accuracy: 0.8917, Precision: 0.8917, Recall: 0.8917, F1-Score: 0.8917
2025-01-13 18:56:17,950 - INFO - Epoch 36 - Eval Loss: 0.4375, Accuracy: 0.8595, Precision: 0.8606, Recall: 0.8595, F1-Score: 0.8584
2025-01-13 18:56:26,778 - INFO - Epoch 37 - Train Loss: 0.3081, Accuracy: 0.8931, Precision: 0.8930, Recall: 0.8931, F1-Score: 0.8930
2025-01-13 18:56:27,949 - INFO - Epoch 37 - Eval Loss: 0.4050, Accuracy: 0.8653, Precision: 0.8682, Recall: 0.8653, F1-Score: 0.8654
2025-01-13 18:56:36,814 - INFO - Epoch 38 - Train Loss: 0.3047, Accuracy: 0.8932, Precision: 0.8931, Recall: 0.8932, F1-Score: 0.8931
2025-01-13 18:56:37,924 - INFO - Epoch 38 - Eval Loss: 0.4032, Accuracy: 0.8692, Precision: 0.8720, Recall: 0.8692, F1-Score: 0.8682
2025-01-13 18:56:46,737 - INFO - Epoch 39 - Train Loss: 0.2950, Accuracy: 0.8975, Precision: 0.8975, Recall: 0.8975, F1-Score: 0.8975
2025-01-13 18:56:47,869 - INFO - Epoch 39 - Eval Loss: 0.4376, Accuracy: 0.8565, Precision: 0.8618, Recall: 0.8565, F1-Score: 0.8563
2025-01-13 18:56:56,675 - INFO - Epoch 40 - Train Loss: 0.2975, Accuracy: 0.8968, Precision: 0.8967, Recall: 0.8968, F1-Score: 0.8967
2025-01-13 18:56:57,772 - INFO - Epoch 40 - Eval Loss: 0.4071, Accuracy: 0.8706, Precision: 0.8716, Recall: 0.8706, F1-Score: 0.8697
2025-01-13 18:57:06,579 - INFO - Epoch 41 - Train Loss: 0.2908, Accuracy: 0.8976, Precision: 0.8975, Recall: 0.8976, F1-Score: 0.8975
2025-01-13 18:57:07,696 - INFO - Epoch 41 - Eval Loss: 0.4051, Accuracy: 0.8690, Precision: 0.8698, Recall: 0.8690, F1-Score: 0.8682
2025-01-13 18:57:16,504 - INFO - Epoch 42 - Train Loss: 0.2796, Accuracy: 0.9032, Precision: 0.9033, Recall: 0.9032, F1-Score: 0.9033
2025-01-13 18:57:17,650 - INFO - Epoch 42 - Eval Loss: 0.4128, Accuracy: 0.8668, Precision: 0.8693, Recall: 0.8668, F1-Score: 0.8659
2025-01-13 18:57:26,459 - INFO - Epoch 43 - Train Loss: 0.2770, Accuracy: 0.9026, Precision: 0.9027, Recall: 0.9026, F1-Score: 0.9026
2025-01-13 18:57:27,579 - INFO - Epoch 43 - Eval Loss: 0.4081, Accuracy: 0.8691, Precision: 0.8715, Recall: 0.8691, F1-Score: 0.8694
2025-01-13 18:57:36,357 - INFO - Epoch 44 - Train Loss: 0.2773, Accuracy: 0.9040, Precision: 0.9040, Recall: 0.9040, F1-Score: 0.9040
2025-01-13 18:57:37,447 - INFO - Epoch 44 - Eval Loss: 0.3997, Accuracy: 0.8725, Precision: 0.8737, Recall: 0.8725, F1-Score: 0.8719
2025-01-13 18:57:46,270 - INFO - Epoch 45 - Train Loss: 0.2688, Accuracy: 0.9054, Precision: 0.9054, Recall: 0.9054, F1-Score: 0.9053
2025-01-13 18:57:47,392 - INFO - Epoch 45 - Eval Loss: 0.4356, Accuracy: 0.8588, Precision: 0.8631, Recall: 0.8588, F1-Score: 0.8578
2025-01-13 18:57:56,205 - INFO - Epoch 46 - Train Loss: 0.2674, Accuracy: 0.9068, Precision: 0.9069, Recall: 0.9068, F1-Score: 0.9069
2025-01-13 18:57:57,317 - INFO - Epoch 46 - Eval Loss: 0.4040, Accuracy: 0.8703, Precision: 0.8699, Recall: 0.8703, F1-Score: 0.8696
2025-01-13 18:58:06,073 - INFO - Epoch 47 - Train Loss: 0.2677, Accuracy: 0.9063, Precision: 0.9063, Recall: 0.9063, F1-Score: 0.9063
2025-01-13 18:58:07,186 - INFO - Epoch 47 - Eval Loss: 0.3952, Accuracy: 0.8706, Precision: 0.8738, Recall: 0.8706, F1-Score: 0.8712
2025-01-13 18:58:16,067 - INFO - Epoch 48 - Train Loss: 0.2607, Accuracy: 0.9093, Precision: 0.9093, Recall: 0.9093, F1-Score: 0.9093
2025-01-13 18:58:17,208 - INFO - Epoch 48 - Eval Loss: 0.3983, Accuracy: 0.8723, Precision: 0.8743, Recall: 0.8723, F1-Score: 0.8717
2025-01-13 18:58:26,072 - INFO - Epoch 49 - Train Loss: 0.2571, Accuracy: 0.9103, Precision: 0.9103, Recall: 0.9103, F1-Score: 0.9103
2025-01-13 18:58:27,169 - INFO - Epoch 49 - Eval Loss: 0.4116, Accuracy: 0.8703, Precision: 0.8711, Recall: 0.8703, F1-Score: 0.8701
2025-01-13 18:58:36,010 - INFO - Epoch 50 - Train Loss: 0.2513, Accuracy: 0.9125, Precision: 0.9125, Recall: 0.9125, F1-Score: 0.9125
2025-01-13 18:58:37,110 - INFO - Epoch 50 - Eval Loss: 0.3999, Accuracy: 0.8708, Precision: 0.8713, Recall: 0.8708, F1-Score: 0.8701
2025-01-13 18:58:45,927 - INFO - Epoch 51 - Train Loss: 0.2516, Accuracy: 0.9135, Precision: 0.9135, Recall: 0.9135, F1-Score: 0.9135
2025-01-13 18:58:47,004 - INFO - Epoch 51 - Eval Loss: 0.4055, Accuracy: 0.8704, Precision: 0.8746, Recall: 0.8704, F1-Score: 0.8705
2025-01-13 18:58:55,835 - INFO - Epoch 52 - Train Loss: 0.2457, Accuracy: 0.9145, Precision: 0.9145, Recall: 0.9145, F1-Score: 0.9145
2025-01-13 18:58:56,954 - INFO - Epoch 52 - Eval Loss: 0.4209, Accuracy: 0.8681, Precision: 0.8734, Recall: 0.8681, F1-Score: 0.8688
2025-01-13 18:59:05,764 - INFO - Epoch 53 - Train Loss: 0.2434, Accuracy: 0.9155, Precision: 0.9154, Recall: 0.9155, F1-Score: 0.9154
2025-01-13 18:59:06,839 - INFO - Epoch 53 - Eval Loss: 0.4153, Accuracy: 0.8679, Precision: 0.8733, Recall: 0.8679, F1-Score: 0.8671
2025-01-13 18:59:15,665 - INFO - Epoch 54 - Train Loss: 0.2405, Accuracy: 0.9157, Precision: 0.9156, Recall: 0.9157, F1-Score: 0.9156
2025-01-13 18:59:16,775 - INFO - Epoch 54 - Eval Loss: 0.3956, Accuracy: 0.8759, Precision: 0.8760, Recall: 0.8759, F1-Score: 0.8752
2025-01-13 18:59:25,677 - INFO - Epoch 55 - Train Loss: 0.2366, Accuracy: 0.9175, Precision: 0.9175, Recall: 0.9175, F1-Score: 0.9175
2025-01-13 18:59:26,829 - INFO - Epoch 55 - Eval Loss: 0.4030, Accuracy: 0.8684, Precision: 0.8734, Recall: 0.8684, F1-Score: 0.8697
2025-01-13 18:59:35,741 - INFO - Epoch 56 - Train Loss: 0.2337, Accuracy: 0.9189, Precision: 0.9189, Recall: 0.9189, F1-Score: 0.9189
2025-01-13 18:59:36,844 - INFO - Epoch 56 - Eval Loss: 0.4302, Accuracy: 0.8624, Precision: 0.8668, Recall: 0.8624, F1-Score: 0.8620
2025-01-13 18:59:45,766 - INFO - Epoch 57 - Train Loss: 0.2299, Accuracy: 0.9189, Precision: 0.9189, Recall: 0.9189, F1-Score: 0.9189
2025-01-13 18:59:46,864 - INFO - Epoch 57 - Eval Loss: 0.3886, Accuracy: 0.8722, Precision: 0.8786, Recall: 0.8722, F1-Score: 0.8732
2025-01-13 18:59:55,581 - INFO - Epoch 58 - Train Loss: 0.2278, Accuracy: 0.9216, Precision: 0.9216, Recall: 0.9216, F1-Score: 0.9216
2025-01-13 18:59:56,709 - INFO - Epoch 58 - Eval Loss: 0.3940, Accuracy: 0.8742, Precision: 0.8782, Recall: 0.8742, F1-Score: 0.8745
2025-01-13 19:00:05,550 - INFO - Epoch 59 - Train Loss: 0.2215, Accuracy: 0.9232, Precision: 0.9233, Recall: 0.9232, F1-Score: 0.9232
2025-01-13 19:00:06,675 - INFO - Epoch 59 - Eval Loss: 0.3930, Accuracy: 0.8777, Precision: 0.8792, Recall: 0.8777, F1-Score: 0.8778
2025-01-13 19:00:15,515 - INFO - Epoch 60 - Train Loss: 0.2243, Accuracy: 0.9223, Precision: 0.9224, Recall: 0.9223, F1-Score: 0.9223
2025-01-13 19:00:16,608 - INFO - Epoch 60 - Eval Loss: 0.3836, Accuracy: 0.8793, Precision: 0.8804, Recall: 0.8793, F1-Score: 0.8793
2025-01-13 19:00:25,405 - INFO - Epoch 61 - Train Loss: 0.2211, Accuracy: 0.9225, Precision: 0.9225, Recall: 0.9225, F1-Score: 0.9225
2025-01-13 19:00:26,567 - INFO - Epoch 61 - Eval Loss: 0.4112, Accuracy: 0.8748, Precision: 0.8756, Recall: 0.8748, F1-Score: 0.8746
2025-01-13 19:00:35,361 - INFO - Epoch 62 - Train Loss: 0.2178, Accuracy: 0.9236, Precision: 0.9235, Recall: 0.9236, F1-Score: 0.9236
2025-01-13 19:00:36,462 - INFO - Epoch 62 - Eval Loss: 0.3769, Accuracy: 0.8823, Precision: 0.8830, Recall: 0.8823, F1-Score: 0.8821
2025-01-13 19:00:45,311 - INFO - Epoch 63 - Train Loss: 0.2093, Accuracy: 0.9267, Precision: 0.9268, Recall: 0.9267, F1-Score: 0.9268
2025-01-13 19:00:46,446 - INFO - Epoch 63 - Eval Loss: 0.3990, Accuracy: 0.8757, Precision: 0.8772, Recall: 0.8757, F1-Score: 0.8755
2025-01-13 19:00:55,238 - INFO - Epoch 64 - Train Loss: 0.2129, Accuracy: 0.9252, Precision: 0.9252, Recall: 0.9252, F1-Score: 0.9251
2025-01-13 19:00:56,406 - INFO - Epoch 64 - Eval Loss: 0.3931, Accuracy: 0.8792, Precision: 0.8823, Recall: 0.8792, F1-Score: 0.8792
2025-01-13 19:01:05,245 - INFO - Epoch 65 - Train Loss: 0.2057, Accuracy: 0.9287, Precision: 0.9287, Recall: 0.9287, F1-Score: 0.9287
2025-01-13 19:01:06,378 - INFO - Epoch 65 - Eval Loss: 0.3954, Accuracy: 0.8736, Precision: 0.8771, Recall: 0.8736, F1-Score: 0.8738
2025-01-13 19:01:15,121 - INFO - Epoch 66 - Train Loss: 0.2070, Accuracy: 0.9285, Precision: 0.9284, Recall: 0.9285, F1-Score: 0.9284
2025-01-13 19:01:16,246 - INFO - Epoch 66 - Eval Loss: 0.4028, Accuracy: 0.8768, Precision: 0.8780, Recall: 0.8768, F1-Score: 0.8762
2025-01-13 19:01:25,109 - INFO - Epoch 67 - Train Loss: 0.2047, Accuracy: 0.9286, Precision: 0.9286, Recall: 0.9286, F1-Score: 0.9286
2025-01-13 19:01:26,224 - INFO - Epoch 67 - Eval Loss: 0.3889, Accuracy: 0.8780, Precision: 0.8797, Recall: 0.8780, F1-Score: 0.8783
2025-01-13 19:01:35,011 - INFO - Epoch 68 - Train Loss: 0.2021, Accuracy: 0.9288, Precision: 0.9288, Recall: 0.9288, F1-Score: 0.9287
2025-01-13 19:01:36,178 - INFO - Epoch 68 - Eval Loss: 0.3872, Accuracy: 0.8772, Precision: 0.8810, Recall: 0.8772, F1-Score: 0.8775
2025-01-13 19:01:45,089 - INFO - Epoch 69 - Train Loss: 0.1975, Accuracy: 0.9315, Precision: 0.9315, Recall: 0.9315, F1-Score: 0.9315
2025-01-13 19:01:46,254 - INFO - Epoch 69 - Eval Loss: 0.3875, Accuracy: 0.8805, Precision: 0.8801, Recall: 0.8805, F1-Score: 0.8800
2025-01-13 19:01:55,145 - INFO - Epoch 70 - Train Loss: 0.2035, Accuracy: 0.9280, Precision: 0.9280, Recall: 0.9280, F1-Score: 0.9280
2025-01-13 19:01:56,269 - INFO - Epoch 70 - Eval Loss: 0.4058, Accuracy: 0.8758, Precision: 0.8783, Recall: 0.8758, F1-Score: 0.8755
2025-01-13 19:02:05,085 - INFO - Epoch 71 - Train Loss: 0.2015, Accuracy: 0.9292, Precision: 0.9292, Recall: 0.9292, F1-Score: 0.9292
2025-01-13 19:02:06,374 - INFO - Epoch 71 - Eval Loss: 0.3886, Accuracy: 0.8775, Precision: 0.8807, Recall: 0.8775, F1-Score: 0.8781
2025-01-13 19:02:15,294 - INFO - Epoch 72 - Train Loss: 0.1902, Accuracy: 0.9338, Precision: 0.9338, Recall: 0.9338, F1-Score: 0.9338
2025-01-13 19:02:16,484 - INFO - Epoch 72 - Eval Loss: 0.4064, Accuracy: 0.8745, Precision: 0.8769, Recall: 0.8745, F1-Score: 0.8740
2025-01-13 19:02:25,352 - INFO - Epoch 73 - Train Loss: 0.1950, Accuracy: 0.9321, Precision: 0.9321, Recall: 0.9321, F1-Score: 0.9321
2025-01-13 19:02:26,593 - INFO - Epoch 73 - Eval Loss: 0.4033, Accuracy: 0.8822, Precision: 0.8831, Recall: 0.8822, F1-Score: 0.8812
2025-01-13 19:02:35,436 - INFO - Epoch 74 - Train Loss: 0.1900, Accuracy: 0.9325, Precision: 0.9324, Recall: 0.9325, F1-Score: 0.9324
2025-01-13 19:02:36,562 - INFO - Epoch 74 - Eval Loss: 0.3890, Accuracy: 0.8784, Precision: 0.8811, Recall: 0.8784, F1-Score: 0.8788
2025-01-13 19:02:45,364 - INFO - Epoch 75 - Train Loss: 0.1883, Accuracy: 0.9343, Precision: 0.9344, Recall: 0.9343, F1-Score: 0.9343
2025-01-13 19:02:46,474 - INFO - Epoch 75 - Eval Loss: 0.3949, Accuracy: 0.8775, Precision: 0.8812, Recall: 0.8775, F1-Score: 0.8779
2025-01-13 19:02:55,337 - INFO - Epoch 76 - Train Loss: 0.1823, Accuracy: 0.9358, Precision: 0.9358, Recall: 0.9358, F1-Score: 0.9358
2025-01-13 19:02:56,416 - INFO - Epoch 76 - Eval Loss: 0.3763, Accuracy: 0.8823, Precision: 0.8829, Recall: 0.8823, F1-Score: 0.8815
2025-01-13 19:03:05,189 - INFO - Epoch 77 - Train Loss: 0.1840, Accuracy: 0.9358, Precision: 0.9357, Recall: 0.9358, F1-Score: 0.9357
2025-01-13 19:03:06,309 - INFO - Epoch 77 - Eval Loss: 0.3906, Accuracy: 0.8799, Precision: 0.8840, Recall: 0.8799, F1-Score: 0.8809
2025-01-13 19:03:15,184 - INFO - Epoch 78 - Train Loss: 0.1796, Accuracy: 0.9374, Precision: 0.9375, Recall: 0.9374, F1-Score: 0.9374
2025-01-13 19:03:16,316 - INFO - Epoch 78 - Eval Loss: 0.3895, Accuracy: 0.8791, Precision: 0.8796, Recall: 0.8791, F1-Score: 0.8790
2025-01-13 19:03:25,163 - INFO - Epoch 79 - Train Loss: 0.1798, Accuracy: 0.9379, Precision: 0.9379, Recall: 0.9379, F1-Score: 0.9379
2025-01-13 19:03:26,261 - INFO - Epoch 79 - Eval Loss: 0.3804, Accuracy: 0.8835, Precision: 0.8862, Recall: 0.8835, F1-Score: 0.8838
2025-01-13 19:03:35,221 - INFO - Epoch 80 - Train Loss: 0.1740, Accuracy: 0.9393, Precision: 0.9393, Recall: 0.9393, F1-Score: 0.9393
2025-01-13 19:03:36,368 - INFO - Epoch 80 - Eval Loss: 0.3799, Accuracy: 0.8842, Precision: 0.8875, Recall: 0.8842, F1-Score: 0.8852
2025-01-13 19:03:45,322 - INFO - Epoch 81 - Train Loss: 0.1727, Accuracy: 0.9397, Precision: 0.9398, Recall: 0.9397, F1-Score: 0.9397
2025-01-13 19:03:46,550 - INFO - Epoch 81 - Eval Loss: 0.4239, Accuracy: 0.8721, Precision: 0.8763, Recall: 0.8721, F1-Score: 0.8731
2025-01-13 19:03:55,427 - INFO - Epoch 82 - Train Loss: 0.1767, Accuracy: 0.9371, Precision: 0.9370, Recall: 0.9371, F1-Score: 0.9370
2025-01-13 19:03:56,540 - INFO - Epoch 82 - Eval Loss: 0.4042, Accuracy: 0.8781, Precision: 0.8807, Recall: 0.8781, F1-Score: 0.8788
2025-01-13 19:04:05,496 - INFO - Epoch 83 - Train Loss: 0.1728, Accuracy: 0.9389, Precision: 0.9389, Recall: 0.9389, F1-Score: 0.9389
2025-01-13 19:04:06,699 - INFO - Epoch 83 - Eval Loss: 0.3955, Accuracy: 0.8817, Precision: 0.8831, Recall: 0.8817, F1-Score: 0.8818
2025-01-13 19:04:15,560 - INFO - Epoch 84 - Train Loss: 0.1746, Accuracy: 0.9383, Precision: 0.9383, Recall: 0.9383, F1-Score: 0.9383
2025-01-13 19:04:16,780 - INFO - Epoch 84 - Eval Loss: 0.4011, Accuracy: 0.8788, Precision: 0.8835, Recall: 0.8788, F1-Score: 0.8797
2025-01-13 19:04:25,716 - INFO - Epoch 85 - Train Loss: 0.1685, Accuracy: 0.9411, Precision: 0.9411, Recall: 0.9411, F1-Score: 0.9411
2025-01-13 19:04:27,017 - INFO - Epoch 85 - Eval Loss: 0.3842, Accuracy: 0.8870, Precision: 0.8873, Recall: 0.8870, F1-Score: 0.8862
2025-01-13 19:04:35,985 - INFO - Epoch 86 - Train Loss: 0.1664, Accuracy: 0.9415, Precision: 0.9415, Recall: 0.9415, F1-Score: 0.9415
2025-01-13 19:04:37,196 - INFO - Epoch 86 - Eval Loss: 0.3759, Accuracy: 0.8878, Precision: 0.8884, Recall: 0.8878, F1-Score: 0.8878
2025-01-13 19:04:46,161 - INFO - Epoch 87 - Train Loss: 0.1694, Accuracy: 0.9409, Precision: 0.9409, Recall: 0.9409, F1-Score: 0.9409
2025-01-13 19:04:47,474 - INFO - Epoch 87 - Eval Loss: 0.3965, Accuracy: 0.8821, Precision: 0.8844, Recall: 0.8821, F1-Score: 0.8826
2025-01-13 19:04:56,495 - INFO - Epoch 88 - Train Loss: 0.1720, Accuracy: 0.9389, Precision: 0.9389, Recall: 0.9389, F1-Score: 0.9389
2025-01-13 19:04:57,784 - INFO - Epoch 88 - Eval Loss: 0.3913, Accuracy: 0.8794, Precision: 0.8810, Recall: 0.8794, F1-Score: 0.8796
2025-01-13 19:05:06,785 - INFO - Epoch 89 - Train Loss: 0.1661, Accuracy: 0.9419, Precision: 0.9419, Recall: 0.9419, F1-Score: 0.9419
2025-01-13 19:05:08,046 - INFO - Epoch 89 - Eval Loss: 0.3958, Accuracy: 0.8826, Precision: 0.8848, Recall: 0.8826, F1-Score: 0.8830
2025-01-13 19:05:16,995 - INFO - Epoch 90 - Train Loss: 0.1621, Accuracy: 0.9435, Precision: 0.9434, Recall: 0.9435, F1-Score: 0.9435
2025-01-13 19:05:18,254 - INFO - Epoch 90 - Eval Loss: 0.3741, Accuracy: 0.8853, Precision: 0.8866, Recall: 0.8853, F1-Score: 0.8855
2025-01-13 19:05:27,235 - INFO - Epoch 91 - Train Loss: 0.1620, Accuracy: 0.9432, Precision: 0.9432, Recall: 0.9432, F1-Score: 0.9432
2025-01-13 19:05:28,492 - INFO - Epoch 91 - Eval Loss: 0.4060, Accuracy: 0.8773, Precision: 0.8806, Recall: 0.8773, F1-Score: 0.8776
2025-01-13 19:05:37,466 - INFO - Epoch 92 - Train Loss: 0.1593, Accuracy: 0.9425, Precision: 0.9424, Recall: 0.9425, F1-Score: 0.9425
2025-01-13 19:05:38,760 - INFO - Epoch 92 - Eval Loss: 0.3728, Accuracy: 0.8866, Precision: 0.8898, Recall: 0.8866, F1-Score: 0.8873
2025-01-13 19:05:47,738 - INFO - Epoch 93 - Train Loss: 0.1600, Accuracy: 0.9441, Precision: 0.9441, Recall: 0.9441, F1-Score: 0.9441
2025-01-13 19:05:49,084 - INFO - Epoch 93 - Eval Loss: 0.3681, Accuracy: 0.8908, Precision: 0.8910, Recall: 0.8908, F1-Score: 0.8906
2025-01-13 19:05:58,049 - INFO - Epoch 94 - Train Loss: 0.1563, Accuracy: 0.9453, Precision: 0.9453, Recall: 0.9453, F1-Score: 0.9453
2025-01-13 19:05:59,346 - INFO - Epoch 94 - Eval Loss: 0.3832, Accuracy: 0.8850, Precision: 0.8868, Recall: 0.8850, F1-Score: 0.8849
2025-01-13 19:06:08,325 - INFO - Epoch 95 - Train Loss: 0.1580, Accuracy: 0.9441, Precision: 0.9441, Recall: 0.9441, F1-Score: 0.9441
2025-01-13 19:06:09,590 - INFO - Epoch 95 - Eval Loss: 0.3784, Accuracy: 0.8853, Precision: 0.8868, Recall: 0.8853, F1-Score: 0.8855
2025-01-13 19:06:18,531 - INFO - Epoch 96 - Train Loss: 0.1534, Accuracy: 0.9465, Precision: 0.9466, Recall: 0.9465, F1-Score: 0.9465
2025-01-13 19:06:19,813 - INFO - Epoch 96 - Eval Loss: 0.4157, Accuracy: 0.8779, Precision: 0.8827, Recall: 0.8779, F1-Score: 0.8790
2025-01-13 19:06:28,829 - INFO - Epoch 97 - Train Loss: 0.1540, Accuracy: 0.9458, Precision: 0.9458, Recall: 0.9458, F1-Score: 0.9458
2025-01-13 19:06:30,076 - INFO - Epoch 97 - Eval Loss: 0.3841, Accuracy: 0.8883, Precision: 0.8899, Recall: 0.8883, F1-Score: 0.8880
2025-01-13 19:06:38,957 - INFO - Epoch 98 - Train Loss: 0.1605, Accuracy: 0.9433, Precision: 0.9434, Recall: 0.9433, F1-Score: 0.9433
2025-01-13 19:06:40,222 - INFO - Epoch 98 - Eval Loss: 0.3647, Accuracy: 0.8896, Precision: 0.8920, Recall: 0.8896, F1-Score: 0.8893
2025-01-13 19:06:49,203 - INFO - Epoch 99 - Train Loss: 0.1517, Accuracy: 0.9474, Precision: 0.9473, Recall: 0.9474, F1-Score: 0.9473
2025-01-13 19:06:50,414 - INFO - Epoch 99 - Eval Loss: 0.4047, Accuracy: 0.8820, Precision: 0.8891, Recall: 0.8820, F1-Score: 0.8831
2025-01-13 19:06:50,415 - INFO - Training finished
